Invoking command in '/home/toby/ros2OnLaptop_ws/build/turtlebot3_bringup': AMENT_PREFIX_PATH=/home/toby/ros2OnLaptop_ws/install/turtlebot3_node:/home/toby/ros2OnLaptop_ws/install/turtlebot3_msgs:/home/toby/ros2OnLaptop_ws/install/turtlebot3_description:/home/toby/ros2OnLaptop_ws/install/hls_lfcd_lds_driver:/home/toby/ros2OnLaptop_ws/install/dynamixel_sdk:${AMENT_PREFIX_PATH} CMAKE_PREFIX_PATH=/home/toby/ros2OnLaptop_ws/install/turtlebot3_node:/home/toby/ThirdYearProject/ros2TurtleBot3_ws/install/turtlebot3_teleop:/home/toby/turtlebot3_ws/install/turtlebot3_teleop:/opt/ros/dashing:/home/toby/ros2OnLaptop_ws/install/turtlebot3_msgs:/home/toby/ros2OnLaptop_ws/install/turtlebot3_description:/home/toby/ros2OnLaptop_ws/install/hls_lfcd_lds_driver:/home/toby/ros2OnLaptop_ws/install/dynamixel_sdk:${CMAKE_PREFIX_PATH} LD_LIBRARY_PATH=/home/toby/ros2OnLaptop_ws/install/turtlebot3_msgs/lib:/home/toby/ros2OnLaptop_ws/install/dynamixel_sdk/lib:${LD_LIBRARY_PATH} PYTHONPATH=/home/toby/ros2OnLaptop_ws/install/turtlebot3_msgs/lib/python3.6/site-packages:${PYTHONPATH} /usr/bin/cmake --build /home/toby/ros2OnLaptop_ws/build/turtlebot3_bringup -- -j4 -l4
Invoked command in '/home/toby/ros2OnLaptop_ws/build/turtlebot3_bringup' returned '0': AMENT_PREFIX_PATH=/home/toby/ros2OnLaptop_ws/install/turtlebot3_node:/home/toby/ros2OnLaptop_ws/install/turtlebot3_msgs:/home/toby/ros2OnLaptop_ws/install/turtlebot3_description:/home/toby/ros2OnLaptop_ws/install/hls_lfcd_lds_driver:/home/toby/ros2OnLaptop_ws/install/dynamixel_sdk:${AMENT_PREFIX_PATH} CMAKE_PREFIX_PATH=/home/toby/ros2OnLaptop_ws/install/turtlebot3_node:/home/toby/ThirdYearProject/ros2TurtleBot3_ws/install/turtlebot3_teleop:/home/toby/turtlebot3_ws/install/turtlebot3_teleop:/opt/ros/dashing:/home/toby/ros2OnLaptop_ws/install/turtlebot3_msgs:/home/toby/ros2OnLaptop_ws/install/turtlebot3_description:/home/toby/ros2OnLaptop_ws/install/hls_lfcd_lds_driver:/home/toby/ros2OnLaptop_ws/install/dynamixel_sdk:${CMAKE_PREFIX_PATH} LD_LIBRARY_PATH=/home/toby/ros2OnLaptop_ws/install/turtlebot3_msgs/lib:/home/toby/ros2OnLaptop_ws/install/dynamixel_sdk/lib:${LD_LIBRARY_PATH} PYTHONPATH=/home/toby/ros2OnLaptop_ws/install/turtlebot3_msgs/lib/python3.6/site-packages:${PYTHONPATH} /usr/bin/cmake --build /home/toby/ros2OnLaptop_ws/build/turtlebot3_bringup -- -j4 -l4
Invoking command in '/home/toby/ros2OnLaptop_ws/build/turtlebot3_bringup': AMENT_PREFIX_PATH=/home/toby/ros2OnLaptop_ws/install/turtlebot3_node:/home/toby/ros2OnLaptop_ws/install/turtlebot3_msgs:/home/toby/ros2OnLaptop_ws/install/turtlebot3_description:/home/toby/ros2OnLaptop_ws/install/hls_lfcd_lds_driver:/home/toby/ros2OnLaptop_ws/install/dynamixel_sdk:${AMENT_PREFIX_PATH} CMAKE_PREFIX_PATH=/home/toby/ros2OnLaptop_ws/install/turtlebot3_node:/home/toby/ThirdYearProject/ros2TurtleBot3_ws/install/turtlebot3_teleop:/home/toby/turtlebot3_ws/install/turtlebot3_teleop:/opt/ros/dashing:/home/toby/ros2OnLaptop_ws/install/turtlebot3_msgs:/home/toby/ros2OnLaptop_ws/install/turtlebot3_description:/home/toby/ros2OnLaptop_ws/install/hls_lfcd_lds_driver:/home/toby/ros2OnLaptop_ws/install/dynamixel_sdk:${CMAKE_PREFIX_PATH} LD_LIBRARY_PATH=/home/toby/ros2OnLaptop_ws/install/turtlebot3_msgs/lib:/home/toby/ros2OnLaptop_ws/install/dynamixel_sdk/lib:${LD_LIBRARY_PATH} PYTHONPATH=/home/toby/ros2OnLaptop_ws/install/turtlebot3_msgs/lib/python3.6/site-packages:${PYTHONPATH} /usr/bin/cmake --build /home/toby/ros2OnLaptop_ws/build/turtlebot3_bringup --target install -- -j4 -l4
[36mInstall the project...[0m
-- Install configuration: ""
-- Execute custom install script
-- Up-to-date symlink: /home/toby/ros2OnLaptop_ws/install/turtlebot3_bringup/share/turtlebot3_bringup/launch/robot.launch.py
-- Up-to-date symlink: /home/toby/ros2OnLaptop_ws/install/turtlebot3_bringup/share/turtlebot3_bringup/launch/rviz2.launch.py
-- Up-to-date symlink: /home/toby/ros2OnLaptop_ws/install/turtlebot3_bringup/share/turtlebot3_bringup/launch/turtlebot3_state_publisher.launch.py
-- Up-to-date symlink: /home/toby/ros2OnLaptop_ws/install/turtlebot3_bringup/share/turtlebot3_bringup/param/burger.yaml
-- Up-to-date symlink: /home/toby/ros2OnLaptop_ws/install/turtlebot3_bringup/share/turtlebot3_bringup/param/waffle.yaml
-- Up-to-date symlink: /home/toby/ros2OnLaptop_ws/install/turtlebot3_bringup/share/turtlebot3_bringup/param/waffle_pi.yaml
-- Up-to-date symlink: /home/toby/ros2OnLaptop_ws/install/turtlebot3_bringup/share/ament_index/resource_index/package_run_dependencies/turtlebot3_bringup
-- Up-to-date symlink: /home/toby/ros2OnLaptop_ws/install/turtlebot3_bringup/share/ament_index/resource_index/parent_prefix_path/turtlebot3_bringup
-- Up-to-date symlink: /home/toby/ros2OnLaptop_ws/install/turtlebot3_bringup/share/turtlebot3_bringup/environment/ament_prefix_path.sh
-- Up-to-date symlink: /home/toby/ros2OnLaptop_ws/install/turtlebot3_bringup/share/turtlebot3_bringup/environment/path.sh
-- Up-to-date symlink: /home/toby/ros2OnLaptop_ws/install/turtlebot3_bringup/share/turtlebot3_bringup/local_setup.bash
-- Up-to-date symlink: /home/toby/ros2OnLaptop_ws/install/turtlebot3_bringup/share/turtlebot3_bringup/local_setup.sh
-- Up-to-date symlink: /home/toby/ros2OnLaptop_ws/install/turtlebot3_bringup/share/turtlebot3_bringup/local_setup.zsh
-- Up-to-date symlink: /home/toby/ros2OnLaptop_ws/install/turtlebot3_bringup/share/ament_index/resource_index/packages/turtlebot3_bringup
-- Up-to-date symlink: /home/toby/ros2OnLaptop_ws/install/turtlebot3_bringup/share/turtlebot3_bringup/cmake/turtlebot3_bringupConfig.cmake
-- Up-to-date symlink: /home/toby/ros2OnLaptop_ws/install/turtlebot3_bringup/share/turtlebot3_bringup/cmake/turtlebot3_bringupConfig-version.cmake
-- Up-to-date symlink: /home/toby/ros2OnLaptop_ws/install/turtlebot3_bringup/share/turtlebot3_bringup/package.xml
Invoked command in '/home/toby/ros2OnLaptop_ws/build/turtlebot3_bringup' returned '0': AMENT_PREFIX_PATH=/home/toby/ros2OnLaptop_ws/install/turtlebot3_node:/home/toby/ros2OnLaptop_ws/install/turtlebot3_msgs:/home/toby/ros2OnLaptop_ws/install/turtlebot3_description:/home/toby/ros2OnLaptop_ws/install/hls_lfcd_lds_driver:/home/toby/ros2OnLaptop_ws/install/dynamixel_sdk:${AMENT_PREFIX_PATH} CMAKE_PREFIX_PATH=/home/toby/ros2OnLaptop_ws/install/turtlebot3_node:/home/toby/ThirdYearProject/ros2TurtleBot3_ws/install/turtlebot3_teleop:/home/toby/turtlebot3_ws/install/turtlebot3_teleop:/opt/ros/dashing:/home/toby/ros2OnLaptop_ws/install/turtlebot3_msgs:/home/toby/ros2OnLaptop_ws/install/turtlebot3_description:/home/toby/ros2OnLaptop_ws/install/hls_lfcd_lds_driver:/home/toby/ros2OnLaptop_ws/install/dynamixel_sdk:${CMAKE_PREFIX_PATH} LD_LIBRARY_PATH=/home/toby/ros2OnLaptop_ws/install/turtlebot3_msgs/lib:/home/toby/ros2OnLaptop_ws/install/dynamixel_sdk/lib:${LD_LIBRARY_PATH} PYTHONPATH=/home/toby/ros2OnLaptop_ws/install/turtlebot3_msgs/lib/python3.6/site-packages:${PYTHONPATH} /usr/bin/cmake --build /home/toby/ros2OnLaptop_ws/build/turtlebot3_bringup --target install -- -j4 -l4
