Invoking command in '/home/toby/ThirdYearProject/ros2TurtleBot3_ws/build/square_move': AMENT_PREFIX_PATH=/home/toby/ThirdYearProject/ros2TurtleBot3_ws/install/turtlebot3_node:/home/toby/ThirdYearProject/ros2TurtleBot3_ws/install/turtlebot3_msgs:/home/toby/ThirdYearProject/ros2TurtleBot3_ws/install/dynamixel_sdk:${AMENT_PREFIX_PATH} CMAKE_PREFIX_PATH=/home/toby/ThirdYearProject/ros2TurtleBot3_ws/install/turtlebot3_node:/opt/ros/dashing:/home/toby/ThirdYearProject/ros2TurtleBot3_ws/install/turtlebot3_msgs:/home/toby/ThirdYearProject/ros2TurtleBot3_ws/install/dynamixel_sdk LD_LIBRARY_PATH=/home/toby/ThirdYearProject/ros2TurtleBot3_ws/install/turtlebot3_msgs/lib:/home/toby/ThirdYearProject/ros2TurtleBot3_ws/install/dynamixel_sdk/lib PYTHONPATH=/home/toby/ThirdYearProject/ros2TurtleBot3_ws/install/turtlebot3_msgs/lib/python3.6/site-packages /usr/bin/cmake --build /home/toby/ThirdYearProject/ros2TurtleBot3_ws/build/square_move -- -j4 -l4
[35m[1mScanning dependencies of target mover[0m
[ 50%] [32mBuilding CXX object CMakeFiles/mover.dir/src/mover.cpp.o[0m
[100%] [32m[1mLinking CXX executable mover[0m
[100%] Built target mover
Invoked command in '/home/toby/ThirdYearProject/ros2TurtleBot3_ws/build/square_move' returned '0': AMENT_PREFIX_PATH=/home/toby/ThirdYearProject/ros2TurtleBot3_ws/install/turtlebot3_node:/home/toby/ThirdYearProject/ros2TurtleBot3_ws/install/turtlebot3_msgs:/home/toby/ThirdYearProject/ros2TurtleBot3_ws/install/dynamixel_sdk:${AMENT_PREFIX_PATH} CMAKE_PREFIX_PATH=/home/toby/ThirdYearProject/ros2TurtleBot3_ws/install/turtlebot3_node:/opt/ros/dashing:/home/toby/ThirdYearProject/ros2TurtleBot3_ws/install/turtlebot3_msgs:/home/toby/ThirdYearProject/ros2TurtleBot3_ws/install/dynamixel_sdk LD_LIBRARY_PATH=/home/toby/ThirdYearProject/ros2TurtleBot3_ws/install/turtlebot3_msgs/lib:/home/toby/ThirdYearProject/ros2TurtleBot3_ws/install/dynamixel_sdk/lib PYTHONPATH=/home/toby/ThirdYearProject/ros2TurtleBot3_ws/install/turtlebot3_msgs/lib/python3.6/site-packages /usr/bin/cmake --build /home/toby/ThirdYearProject/ros2TurtleBot3_ws/build/square_move -- -j4 -l4
Invoking command in '/home/toby/ThirdYearProject/ros2TurtleBot3_ws/build/square_move': AMENT_PREFIX_PATH=/home/toby/ThirdYearProject/ros2TurtleBot3_ws/install/turtlebot3_node:/home/toby/ThirdYearProject/ros2TurtleBot3_ws/install/turtlebot3_msgs:/home/toby/ThirdYearProject/ros2TurtleBot3_ws/install/dynamixel_sdk:${AMENT_PREFIX_PATH} CMAKE_PREFIX_PATH=/home/toby/ThirdYearProject/ros2TurtleBot3_ws/install/turtlebot3_node:/opt/ros/dashing:/home/toby/ThirdYearProject/ros2TurtleBot3_ws/install/turtlebot3_msgs:/home/toby/ThirdYearProject/ros2TurtleBot3_ws/install/dynamixel_sdk LD_LIBRARY_PATH=/home/toby/ThirdYearProject/ros2TurtleBot3_ws/install/turtlebot3_msgs/lib:/home/toby/ThirdYearProject/ros2TurtleBot3_ws/install/dynamixel_sdk/lib PYTHONPATH=/home/toby/ThirdYearProject/ros2TurtleBot3_ws/install/turtlebot3_msgs/lib/python3.6/site-packages /usr/bin/cmake --build /home/toby/ThirdYearProject/ros2TurtleBot3_ws/build/square_move --target install -- -j4 -l4
[100%] Built target mover
[36mInstall the project...[0m
-- Install configuration: ""
-- Execute custom install script
-- Up-to-date symlink: /home/toby/ThirdYearProject/ros2TurtleBot3_ws/install/square_move/share/ament_index/resource_index/package_run_dependencies/square_move
-- Up-to-date symlink: /home/toby/ThirdYearProject/ros2TurtleBot3_ws/install/square_move/share/ament_index/resource_index/parent_prefix_path/square_move
-- Up-to-date symlink: /home/toby/ThirdYearProject/ros2TurtleBot3_ws/install/square_move/share/square_move/environment/ament_prefix_path.sh
-- Up-to-date symlink: /home/toby/ThirdYearProject/ros2TurtleBot3_ws/install/square_move/share/square_move/environment/path.sh
-- Up-to-date symlink: /home/toby/ThirdYearProject/ros2TurtleBot3_ws/install/square_move/share/square_move/local_setup.bash
-- Up-to-date symlink: /home/toby/ThirdYearProject/ros2TurtleBot3_ws/install/square_move/share/square_move/local_setup.sh
-- Up-to-date symlink: /home/toby/ThirdYearProject/ros2TurtleBot3_ws/install/square_move/share/square_move/local_setup.zsh
-- Up-to-date symlink: /home/toby/ThirdYearProject/ros2TurtleBot3_ws/install/square_move/share/ament_index/resource_index/packages/square_move
-- Up-to-date symlink: /home/toby/ThirdYearProject/ros2TurtleBot3_ws/install/square_move/share/square_move/cmake/square_moveConfig.cmake
-- Up-to-date symlink: /home/toby/ThirdYearProject/ros2TurtleBot3_ws/install/square_move/share/square_move/cmake/square_moveConfig-version.cmake
-- Up-to-date symlink: /home/toby/ThirdYearProject/ros2TurtleBot3_ws/install/square_move/share/square_move/package.xml
-- Installing: /home/toby/ThirdYearProject/ros2TurtleBot3_ws/install/square_move/lib/square_move/mover
-- Set runtime path of "/home/toby/ThirdYearProject/ros2TurtleBot3_ws/install/square_move/lib/square_move/mover" to ""
Invoked command in '/home/toby/ThirdYearProject/ros2TurtleBot3_ws/build/square_move' returned '0': AMENT_PREFIX_PATH=/home/toby/ThirdYearProject/ros2TurtleBot3_ws/install/turtlebot3_node:/home/toby/ThirdYearProject/ros2TurtleBot3_ws/install/turtlebot3_msgs:/home/toby/ThirdYearProject/ros2TurtleBot3_ws/install/dynamixel_sdk:${AMENT_PREFIX_PATH} CMAKE_PREFIX_PATH=/home/toby/ThirdYearProject/ros2TurtleBot3_ws/install/turtlebot3_node:/opt/ros/dashing:/home/toby/ThirdYearProject/ros2TurtleBot3_ws/install/turtlebot3_msgs:/home/toby/ThirdYearProject/ros2TurtleBot3_ws/install/dynamixel_sdk LD_LIBRARY_PATH=/home/toby/ThirdYearProject/ros2TurtleBot3_ws/install/turtlebot3_msgs/lib:/home/toby/ThirdYearProject/ros2TurtleBot3_ws/install/dynamixel_sdk/lib PYTHONPATH=/home/toby/ThirdYearProject/ros2TurtleBot3_ws/install/turtlebot3_msgs/lib/python3.6/site-packages /usr/bin/cmake --build /home/toby/ThirdYearProject/ros2TurtleBot3_ws/build/square_move --target install -- -j4 -l4
