[ 50%] Built target image_publisher
[100%] Built target image_publisher_node
[ 50%] Built target image_publisher
[100%] Built target image_publisher_node
[36mInstall the project...[0m
-- Install configuration: ""
-- Execute custom install script
-- Up-to-date symlink: /home/toby/ros2OnLaptop_ws/install/image_publisher/lib/image_publisher/image_publisher_node
-- Up-to-date symlink: /home/toby/ros2OnLaptop_ws/install/image_publisher/lib/image_publisher/libimage_publisher.so
-- Up-to-date symlink: /home/toby/ros2OnLaptop_ws/install/image_publisher/bin/libimage_publisher.so
-- Up-to-date symlink: /home/toby/ros2OnLaptop_ws/install/image_publisher/share/image_publisher//launch/image_publisher_file.launch.py
-- Up-to-date symlink: /home/toby/ros2OnLaptop_ws/install/image_publisher/share/image_publisher//launch/image_publisher_mono.launch.py
-- Up-to-date symlink: /home/toby/ros2OnLaptop_ws/install/image_publisher/share/image_publisher//launch/image_publisher_stereo.launch.py
-- Up-to-date symlink: /home/toby/ros2OnLaptop_ws/install/image_publisher/share/image_publisher//launch/splash.png
-- Up-to-date symlink: /home/toby/ros2OnLaptop_ws/install/image_publisher/share/ament_index/resource_index/package_run_dependencies/image_publisher
-- Up-to-date symlink: /home/toby/ros2OnLaptop_ws/install/image_publisher/share/ament_index/resource_index/parent_prefix_path/image_publisher
-- Up-to-date symlink: /home/toby/ros2OnLaptop_ws/install/image_publisher/share/image_publisher/environment/ament_prefix_path.sh
-- Up-to-date symlink: /home/toby/ros2OnLaptop_ws/install/image_publisher/share/image_publisher/environment/path.sh
-- Up-to-date symlink: /home/toby/ros2OnLaptop_ws/install/image_publisher/share/image_publisher/local_setup.bash
-- Up-to-date symlink: /home/toby/ros2OnLaptop_ws/install/image_publisher/share/image_publisher/local_setup.sh
-- Up-to-date symlink: /home/toby/ros2OnLaptop_ws/install/image_publisher/share/image_publisher/local_setup.zsh
-- Up-to-date symlink: /home/toby/ros2OnLaptop_ws/install/image_publisher/share/ament_index/resource_index/packages/image_publisher
-- Up-to-date symlink: /home/toby/ros2OnLaptop_ws/install/image_publisher/share/ament_index/resource_index/rclcpp_components/image_publisher
-- Up-to-date symlink: /home/toby/ros2OnLaptop_ws/install/image_publisher/share/image_publisher/cmake/ament_cmake_export_dependencies-extras.cmake
-- Up-to-date symlink: /home/toby/ros2OnLaptop_ws/install/image_publisher/share/image_publisher/cmake/image_publisherConfig.cmake
-- Up-to-date symlink: /home/toby/ros2OnLaptop_ws/install/image_publisher/share/image_publisher/cmake/image_publisherConfig-version.cmake
-- Up-to-date symlink: /home/toby/ros2OnLaptop_ws/install/image_publisher/share/image_publisher/package.xml
-- Up-to-date: /home/toby/ros2OnLaptop_ws/install/image_publisher/include/image_publisher
-- Up-to-date: /home/toby/ros2OnLaptop_ws/install/image_publisher/include/image_publisher/visibility.h
