-- The C compiler identification is GNU 7.4.0
-- The CXX compiler identification is GNU 7.4.0
-- Check for working C compiler: /usr/bin/cc
-- Check for working C compiler: /usr/bin/cc -- works
-- Detecting C compiler ABI info
-- Detecting C compiler ABI info - done
-- Detecting C compile features
-- Detecting C compile features - done
-- Check for working CXX compiler: /usr/bin/c++
-- Check for working CXX compiler: /usr/bin/c++ -- works
-- Detecting CXX compiler ABI info
-- Detecting CXX compiler ABI info - done
-- Detecting CXX compile features
-- Detecting CXX compile features - done
-- Found ament_cmake: 0.7.3 (/opt/ros/dashing/share/ament_cmake/cmake)
-- Found PythonInterp: /usr/bin/python3 (found suitable version "3.6.9", minimum required is "3") 
-- Using PYTHON_EXECUTABLE: /usr/bin/python3
-- Override CMake install command with custom implementation using symlinks instead of copying resources
-- Found image_transport: 2.1.1 (/opt/ros/dashing/share/image_transport/cmake)
-- Found rosidl_adapter: 0.7.7 (/opt/ros/dashing/share/rosidl_adapter/cmake)
-- Found rmw_implementation_cmake: 0.7.2 (/opt/ros/dashing/share/rmw_implementation_cmake/cmake)
-- Looking for pthread.h
-- Looking for pthread.h - found
-- Looking for pthread_create
-- Looking for pthread_create - not found
-- Looking for pthread_create in pthreads
-- Looking for pthread_create in pthreads - not found
-- Looking for pthread_create in pthread
-- Looking for pthread_create in pthread - found
-- Found Threads: TRUE  
-- Found tinyxml2_vendor:  (/opt/ros/dashing/share/tinyxml2_vendor/cmake)
-- Found TinyXML2: /usr/lib/x86_64-linux-gnu/libtinyxml2.so  
-- Found poco_vendor:  (/opt/ros/dashing/share/poco_vendor/cmake)
-- Found cv_bridge: 2.1.3 (/home/toby/ros2OnLaptop_ws/install/cv_bridge/share/cv_bridge/cmake)
-- Found OpenCV: /usr (found version "3.2.0") 
-- Configuring done
-- Generating done
-- Build files have been written to: /home/toby/ros2OnLaptop_ws/build/compressed_depth_image_transport
[35m[1mScanning dependencies of target compressed_depth_image_transport[0m
[ 20%] [32mBuilding CXX object CMakeFiles/compressed_depth_image_transport.dir/src/compressed_depth_subscriber.cpp.o[0m
[ 40%] [32mBuilding CXX object CMakeFiles/compressed_depth_image_transport.dir/src/codec.cpp.o[0m
[ 60%] [32mBuilding CXX object CMakeFiles/compressed_depth_image_transport.dir/src/manifest.cpp.o[0m
[ 80%] [32mBuilding CXX object CMakeFiles/compressed_depth_image_transport.dir/src/compressed_depth_publisher.cpp.o[0m
[100%] [32m[1mLinking CXX shared library libcompressed_depth_image_transport.so[0m
[100%] Built target compressed_depth_image_transport
[100%] Built target compressed_depth_image_transport
[36mInstall the project...[0m
-- Install configuration: ""
-- Execute custom install script
-- Symlinking: /home/toby/ros2OnLaptop_ws/install/compressed_depth_image_transport/lib/libcompressed_depth_image_transport.so
-- Symlinking: /home/toby/ros2OnLaptop_ws/install/compressed_depth_image_transport/include/compressed_depth_image_transport/codec.h
-- Symlinking: /home/toby/ros2OnLaptop_ws/install/compressed_depth_image_transport/include/compressed_depth_image_transport/compressed_depth_publisher.h
-- Symlinking: /home/toby/ros2OnLaptop_ws/install/compressed_depth_image_transport/include/compressed_depth_image_transport/compressed_depth_subscriber.h
-- Symlinking: /home/toby/ros2OnLaptop_ws/install/compressed_depth_image_transport/include/compressed_depth_image_transport/compression_common.h
-- Symlinking: /home/toby/ros2OnLaptop_ws/install/compressed_depth_image_transport/share/compressed_depth_image_transport//compressed_depth_plugins.xml
-- Symlinking: /home/toby/ros2OnLaptop_ws/install/compressed_depth_image_transport/share/ament_index/resource_index/package_run_dependencies/compressed_depth_image_transport
-- Symlinking: /home/toby/ros2OnLaptop_ws/install/compressed_depth_image_transport/share/ament_index/resource_index/parent_prefix_path/compressed_depth_image_transport
-- Symlinking: /home/toby/ros2OnLaptop_ws/install/compressed_depth_image_transport/share/compressed_depth_image_transport/environment/ament_prefix_path.sh
-- Symlinking: /home/toby/ros2OnLaptop_ws/install/compressed_depth_image_transport/share/compressed_depth_image_transport/environment/path.sh
-- Symlinking: /home/toby/ros2OnLaptop_ws/install/compressed_depth_image_transport/share/compressed_depth_image_transport/local_setup.bash
-- Symlinking: /home/toby/ros2OnLaptop_ws/install/compressed_depth_image_transport/share/compressed_depth_image_transport/local_setup.sh
-- Symlinking: /home/toby/ros2OnLaptop_ws/install/compressed_depth_image_transport/share/compressed_depth_image_transport/local_setup.zsh
-- Symlinking: /home/toby/ros2OnLaptop_ws/install/compressed_depth_image_transport/share/ament_index/resource_index/packages/compressed_depth_image_transport
-- Symlinking: /home/toby/ros2OnLaptop_ws/install/compressed_depth_image_transport/share/ament_index/resource_index/image_transport__pluginlib__plugin/compressed_depth_image_transport
-- Symlinking: /home/toby/ros2OnLaptop_ws/install/compressed_depth_image_transport/share/compressed_depth_image_transport/cmake/compressed_depth_image_transportConfig.cmake
-- Symlinking: /home/toby/ros2OnLaptop_ws/install/compressed_depth_image_transport/share/compressed_depth_image_transport/cmake/compressed_depth_image_transportConfig-version.cmake
-- Symlinking: /home/toby/ros2OnLaptop_ws/install/compressed_depth_image_transport/share/compressed_depth_image_transport/package.xml
