-- The C compiler identification is GNU 7.4.0
-- The CXX compiler identification is GNU 7.4.0
-- Check for working C compiler: /usr/bin/cc
-- Check for working C compiler: /usr/bin/cc -- works
-- Detecting C compiler ABI info
-- Detecting C compiler ABI info - done
-- Detecting C compile features
-- Detecting C compile features - done
-- Check for working CXX compiler: /usr/bin/c++
-- Check for working CXX compiler: /usr/bin/c++ -- works
-- Detecting CXX compiler ABI info
-- Detecting CXX compiler ABI info - done
-- Detecting CXX compile features
-- Detecting CXX compile features - done
-- Found ament_cmake: 0.7.3 (/opt/ros/dashing/share/ament_cmake/cmake)
-- Found PythonInterp: /usr/bin/python3 (found suitable version "3.6.9", minimum required is "3") 
-- Using PYTHON_EXECUTABLE: /usr/bin/python3
-- Override CMake install command with custom implementation using symlinks instead of copying resources
-- Found rclcpp: 0.7.11 (/opt/ros/dashing/share/rclcpp/cmake)
-- Found rosidl_adapter: 0.7.7 (/opt/ros/dashing/share/rosidl_adapter/cmake)
-- Found rmw_implementation_cmake: 0.7.2 (/opt/ros/dashing/share/rmw_implementation_cmake/cmake)
-- Looking for pthread.h
-- Looking for pthread.h - found
-- Looking for pthread_create
-- Looking for pthread_create - not found
-- Looking for pthread_create in pthreads
-- Looking for pthread_create in pthreads - not found
-- Looking for pthread_create in pthread
-- Looking for pthread_create in pthread - found
-- Found Threads: TRUE  
-- Found rclcpp_components: 0.7.11 (/opt/ros/dashing/share/rclcpp_components/cmake)
-- Found poco_vendor:  (/opt/ros/dashing/share/poco_vendor/cmake)
-- Found cv_bridge: 2.1.3 (/home/toby/ros2OnLaptop_ws/install/cv_bridge/share/cv_bridge/cmake)
-- Found image_transport: 2.1.1 (/opt/ros/dashing/share/image_transport/cmake)
-- Found tinyxml2_vendor:  (/opt/ros/dashing/share/tinyxml2_vendor/cmake)
-- Found TinyXML2: /usr/lib/x86_64-linux-gnu/libtinyxml2.so  
-- Found OpenCV: /usr (found suitable version "3.2.0", minimum required is "3") 
-- Found image_geometry: 2.1.3 (/home/toby/ros2OnLaptop_ws/install/image_geometry/share/image_geometry/cmake)
-- Found ament_lint_auto: 0.7.11 (/opt/ros/dashing/share/ament_lint_auto/cmake)
-- Added test 'copyright' to check for copyright in CMake / C / C++ / Python code
-- Added test 'cppcheck' to perform static code analysis on C / C++ code
-- Configured cppcheck include dirs: /home/toby/ros2OnLaptop_ws/src/image_pipeline/image_proc/include
-- Added test 'cpplint' to check C / C++ code against the Google style
-- Added test 'lint_cmake' to check CMake code style
-- Added test 'uncrustify' to check C / C++ code style
-- Added test 'xmllint' to check XML markup files
-- Configuring done
-- Generating done
-- Build files have been written to: /home/toby/ros2OnLaptop_ws/build/image_proc
[35m[1mScanning dependencies of target debayer[0m
[35m[1mScanning dependencies of target rectify[0m
[35m[1mScanning dependencies of target crop_decimate[0m
[35m[1mScanning dependencies of target resize[0m
[  9%] [32mBuilding CXX object CMakeFiles/rectify.dir/src/rectify.cpp.o[0m
[ 18%] [32mBuilding CXX object CMakeFiles/debayer.dir/src/debayer.cpp.o[0m
[ 27%] [32mBuilding CXX object CMakeFiles/crop_decimate.dir/src/crop_decimate.cpp.o[0m
[ 36%] [32mBuilding CXX object CMakeFiles/resize.dir/src/resize.cpp.o[0m
[ 45%] [32mBuilding CXX object CMakeFiles/debayer.dir/src/edge_aware.cpp.o[0m
[ 54%] [32m[1mLinking CXX shared library librectify.so[0m
[ 63%] [32m[1mLinking CXX shared library libresize.so[0m
[ 72%] [32m[1mLinking CXX shared library libcrop_decimate.so[0m
[ 72%] Built target crop_decimate
[ 72%] Built target resize
[ 72%] Built target rectify
[ 81%] [32m[1mLinking CXX shared library libdebayer.so[0m
[ 81%] Built target debayer
[35m[1mScanning dependencies of target image_proc[0m
[ 90%] [32mBuilding CXX object CMakeFiles/image_proc.dir/src/image_proc.cpp.o[0m
[100%] [32m[1mLinking CXX executable image_proc[0m
[100%] Built target image_proc
[ 18%] Built target rectify
[ 36%] Built target crop_decimate
[ 54%] Built target resize
[ 81%] Built target debayer
[100%] Built target image_proc
[36mInstall the project...[0m
-- Install configuration: ""
-- Execute custom install script
-- Symlinking: /home/toby/ros2OnLaptop_ws/install/image_proc/lib/image_proc/image_proc
-- Symlinking: /home/toby/ros2OnLaptop_ws/install/image_proc/share/image_proc/environment/library_path.sh
-- Symlinking: /home/toby/ros2OnLaptop_ws/install/image_proc/share/ament_index/resource_index/package_run_dependencies/image_proc
-- Symlinking: /home/toby/ros2OnLaptop_ws/install/image_proc/share/ament_index/resource_index/parent_prefix_path/image_proc
-- Symlinking: /home/toby/ros2OnLaptop_ws/install/image_proc/share/image_proc/environment/ament_prefix_path.sh
-- Symlinking: /home/toby/ros2OnLaptop_ws/install/image_proc/share/image_proc/environment/path.sh
-- Symlinking: /home/toby/ros2OnLaptop_ws/install/image_proc/share/image_proc/local_setup.bash
-- Symlinking: /home/toby/ros2OnLaptop_ws/install/image_proc/share/image_proc/local_setup.sh
-- Symlinking: /home/toby/ros2OnLaptop_ws/install/image_proc/share/image_proc/local_setup.zsh
-- Symlinking: /home/toby/ros2OnLaptop_ws/install/image_proc/share/ament_index/resource_index/packages/image_proc
-- Symlinking: /home/toby/ros2OnLaptop_ws/install/image_proc/share/ament_index/resource_index/rclcpp_components/image_proc
-- Symlinking: /home/toby/ros2OnLaptop_ws/install/image_proc/share/image_proc/cmake/ament_cmake_export_interfaces-extras.cmake
-- Symlinking: /home/toby/ros2OnLaptop_ws/install/image_proc/share/image_proc/cmake/ament_cmake_export_libraries-extras.cmake
-- Symlinking: /home/toby/ros2OnLaptop_ws/install/image_proc/share/image_proc/cmake/image_procConfig.cmake
-- Symlinking: /home/toby/ros2OnLaptop_ws/install/image_proc/share/image_proc/cmake/image_procConfig-version.cmake
-- Symlinking: /home/toby/ros2OnLaptop_ws/install/image_proc/share/image_proc/package.xml
-- Installing: /home/toby/ros2OnLaptop_ws/install/image_proc/lib/libresize.so
-- Set runtime path of "/home/toby/ros2OnLaptop_ws/install/image_proc/lib/libresize.so" to ""
-- Installing: /home/toby/ros2OnLaptop_ws/install/image_proc/lib/libcrop_decimate.so
-- Set runtime path of "/home/toby/ros2OnLaptop_ws/install/image_proc/lib/libcrop_decimate.so" to ""
-- Installing: /home/toby/ros2OnLaptop_ws/install/image_proc/lib/libdebayer.so
-- Set runtime path of "/home/toby/ros2OnLaptop_ws/install/image_proc/lib/libdebayer.so" to ""
-- Installing: /home/toby/ros2OnLaptop_ws/install/image_proc/lib/librectify.so
-- Set runtime path of "/home/toby/ros2OnLaptop_ws/install/image_proc/lib/librectify.so" to ""
-- Installing: /home/toby/ros2OnLaptop_ws/install/image_proc/share/image_proc/cmake/export_resizeExport.cmake
-- Installing: /home/toby/ros2OnLaptop_ws/install/image_proc/share/image_proc/cmake/export_resizeExport-noconfig.cmake
-- Installing: /home/toby/ros2OnLaptop_ws/install/image_proc/share/image_proc/cmake/export_debayerExport.cmake
-- Installing: /home/toby/ros2OnLaptop_ws/install/image_proc/share/image_proc/cmake/export_debayerExport-noconfig.cmake
-- Installing: /home/toby/ros2OnLaptop_ws/install/image_proc/share/image_proc/cmake/export_rectifyExport.cmake
-- Installing: /home/toby/ros2OnLaptop_ws/install/image_proc/share/image_proc/cmake/export_rectifyExport-noconfig.cmake
-- Installing: /home/toby/ros2OnLaptop_ws/install/image_proc/share/image_proc/cmake/export_crop_decimateExport.cmake
-- Installing: /home/toby/ros2OnLaptop_ws/install/image_proc/share/image_proc/cmake/export_crop_decimateExport-noconfig.cmake
