[0.272s] DEBUG:colcon:Command line arguments: ['/usr/bin/colcon', 'build', '--symlink-install', '--packages-select', 'followIssue']
[0.272s] DEBUG:colcon:Parsed command line arguments: Namespace(ament_cmake_args=None, base_paths='.', build_base='build', catkin_cmake_args=None, catkin_skip_building_tests=False, cmake_args=None, cmake_clean_cache=False, cmake_clean_first=False, cmake_force_configure=False, cmake_target=None, cmake_target_skip_unavailable=False, continue_on_error=False, event_handlers=None, executor='parallel', ignore_user_meta=False, install_base='install', log_base=None, log_level=None, main=<bound method BuildVerb.main of <colcon_core.verb.build.BuildVerb object at 0x7f83ea0d4898>>, merge_install=False, metas='./colcon.meta', packages_above=None, packages_above_depth=None, packages_end=None, packages_ignore=None, packages_ignore_regex=None, packages_select=['followIssue'], packages_select_build_failed=False, packages_select_by_dep=None, packages_select_regex=None, packages_select_test_failures=False, packages_skip=None, packages_skip_build_finished=False, packages_skip_by_dep=None, packages_skip_regex=None, packages_skip_test_passed=False, packages_skip_up_to=None, packages_start=None, packages_up_to=None, parallel_workers=4, paths=None, symlink_install=True, test_result_base=None, verb_extension=<colcon_core.verb.build.BuildVerb object at 0x7f83ea0d4898>, verb_name='build', verb_parser=<colcon_defaults.argument_parser.defaults.DefaultArgumentsDecorator object at 0x7f83ea0d4ac8>)
[0.372s] Level 1:colcon.colcon_core.package_discovery:discover_packages(colcon_meta) check parameters
[0.372s] Level 1:colcon.colcon_core.package_discovery:discover_packages(recursive) check parameters
[0.372s] Level 1:colcon.colcon_core.package_discovery:discover_packages(ignore) check parameters
[0.373s] Level 1:colcon.colcon_core.package_discovery:discover_packages(path) check parameters
[0.373s] Level 1:colcon.colcon_core.package_discovery:discover_packages(recursive) discover
[0.373s] INFO:colcon.colcon_core.package_discovery:Crawling recursively for packages in '/home/toby/ros2OnLaptop_ws'
[0.374s] Level 1:colcon.colcon_core.package_identification:_identify(/home/toby/ros2OnLaptop_ws) by extensions ['ignore', 'ignore_ament_install']
[0.374s] Level 1:colcon.colcon_core.package_identification:_identify(/home/toby/ros2OnLaptop_ws) by extension 'ignore'
[0.374s] Level 1:colcon.colcon_core.package_identification:_identify(/home/toby/ros2OnLaptop_ws) by extension 'ignore_ament_install'
[0.374s] Level 1:colcon.colcon_core.package_identification:_identify(/home/toby/ros2OnLaptop_ws) by extensions ['colcon_pkg']
[0.374s] Level 1:colcon.colcon_core.package_identification:_identify(/home/toby/ros2OnLaptop_ws) by extension 'colcon_pkg'
[0.374s] Level 1:colcon.colcon_core.package_identification:_identify(/home/toby/ros2OnLaptop_ws) by extensions ['colcon_meta']
[0.374s] Level 1:colcon.colcon_core.package_identification:_identify(/home/toby/ros2OnLaptop_ws) by extension 'colcon_meta'
[0.374s] Level 1:colcon.colcon_core.package_identification:_identify(/home/toby/ros2OnLaptop_ws) by extensions ['ros']
[0.374s] Level 1:colcon.colcon_core.package_identification:_identify(/home/toby/ros2OnLaptop_ws) by extension 'ros'
[0.394s] Level 1:colcon.colcon_core.package_identification:_identify(/home/toby/ros2OnLaptop_ws) by extensions ['cmake', 'python']
[0.394s] Level 1:colcon.colcon_core.package_identification:_identify(/home/toby/ros2OnLaptop_ws) by extension 'cmake'
[0.394s] Level 1:colcon.colcon_core.package_identification:_identify(/home/toby/ros2OnLaptop_ws) by extension 'python'
[0.395s] Level 1:colcon.colcon_core.package_identification:_identify(/home/toby/ros2OnLaptop_ws) by extensions ['python_setup_py']
[0.395s] Level 1:colcon.colcon_core.package_identification:_identify(/home/toby/ros2OnLaptop_ws) by extension 'python_setup_py'
[0.395s] Level 1:colcon.colcon_core.package_identification:_identify(/home/toby/ros2OnLaptop_ws/build) by extensions ['ignore', 'ignore_ament_install']
[0.395s] Level 1:colcon.colcon_core.package_identification:_identify(/home/toby/ros2OnLaptop_ws/build) by extension 'ignore'
[0.395s] Level 1:colcon.colcon_core.package_identification:_identify(/home/toby/ros2OnLaptop_ws/build) ignored
[0.396s] Level 1:colcon.colcon_core.package_identification:_identify(/home/toby/ros2OnLaptop_ws/install) by extensions ['ignore', 'ignore_ament_install']
[0.396s] Level 1:colcon.colcon_core.package_identification:_identify(/home/toby/ros2OnLaptop_ws/install) by extension 'ignore'
[0.396s] Level 1:colcon.colcon_core.package_identification:_identify(/home/toby/ros2OnLaptop_ws/install) ignored
[0.396s] Level 1:colcon.colcon_core.package_identification:_identify(/home/toby/ros2OnLaptop_ws/log) by extensions ['ignore', 'ignore_ament_install']
[0.397s] Level 1:colcon.colcon_core.package_identification:_identify(/home/toby/ros2OnLaptop_ws/log) by extension 'ignore'
[0.397s] Level 1:colcon.colcon_core.package_identification:_identify(/home/toby/ros2OnLaptop_ws/log) ignored
[0.397s] Level 1:colcon.colcon_core.package_identification:_identify(/home/toby/ros2OnLaptop_ws/src) by extensions ['ignore', 'ignore_ament_install']
[0.397s] Level 1:colcon.colcon_core.package_identification:_identify(/home/toby/ros2OnLaptop_ws/src) by extension 'ignore'
[0.397s] Level 1:colcon.colcon_core.package_identification:_identify(/home/toby/ros2OnLaptop_ws/src) by extension 'ignore_ament_install'
[0.397s] Level 1:colcon.colcon_core.package_identification:_identify(/home/toby/ros2OnLaptop_ws/src) by extensions ['colcon_pkg']
[0.397s] Level 1:colcon.colcon_core.package_identification:_identify(/home/toby/ros2OnLaptop_ws/src) by extension 'colcon_pkg'
[0.398s] Level 1:colcon.colcon_core.package_identification:_identify(/home/toby/ros2OnLaptop_ws/src) by extensions ['colcon_meta']
[0.398s] Level 1:colcon.colcon_core.package_identification:_identify(/home/toby/ros2OnLaptop_ws/src) by extension 'colcon_meta'
[0.398s] Level 1:colcon.colcon_core.package_identification:_identify(/home/toby/ros2OnLaptop_ws/src) by extensions ['ros']
[0.398s] Level 1:colcon.colcon_core.package_identification:_identify(/home/toby/ros2OnLaptop_ws/src) by extension 'ros'
[0.398s] Level 1:colcon.colcon_core.package_identification:_identify(/home/toby/ros2OnLaptop_ws/src) by extensions ['cmake', 'python']
[0.398s] Level 1:colcon.colcon_core.package_identification:_identify(/home/toby/ros2OnLaptop_ws/src) by extension 'cmake'
[0.398s] Level 1:colcon.colcon_core.package_identification:_identify(/home/toby/ros2OnLaptop_ws/src) by extension 'python'
[0.398s] Level 1:colcon.colcon_core.package_identification:_identify(/home/toby/ros2OnLaptop_ws/src) by extensions ['python_setup_py']
[0.398s] Level 1:colcon.colcon_core.package_identification:_identify(/home/toby/ros2OnLaptop_ws/src) by extension 'python_setup_py'
[0.399s] Level 1:colcon.colcon_core.package_identification:_identify(/home/toby/ros2OnLaptop_ws/src/DynamixelSDK) by extensions ['ignore', 'ignore_ament_install']
[0.399s] Level 1:colcon.colcon_core.package_identification:_identify(/home/toby/ros2OnLaptop_ws/src/DynamixelSDK) by extension 'ignore'
[0.399s] Level 1:colcon.colcon_core.package_identification:_identify(/home/toby/ros2OnLaptop_ws/src/DynamixelSDK) by extension 'ignore_ament_install'
[0.399s] Level 1:colcon.colcon_core.package_identification:_identify(/home/toby/ros2OnLaptop_ws/src/DynamixelSDK) by extensions ['colcon_pkg']
[0.399s] Level 1:colcon.colcon_core.package_identification:_identify(/home/toby/ros2OnLaptop_ws/src/DynamixelSDK) by extension 'colcon_pkg'
[0.399s] Level 1:colcon.colcon_core.package_identification:_identify(/home/toby/ros2OnLaptop_ws/src/DynamixelSDK) by extensions ['colcon_meta']
[0.399s] Level 1:colcon.colcon_core.package_identification:_identify(/home/toby/ros2OnLaptop_ws/src/DynamixelSDK) by extension 'colcon_meta'
[0.399s] Level 1:colcon.colcon_core.package_identification:_identify(/home/toby/ros2OnLaptop_ws/src/DynamixelSDK) by extensions ['ros']
[0.399s] Level 1:colcon.colcon_core.package_identification:_identify(/home/toby/ros2OnLaptop_ws/src/DynamixelSDK) by extension 'ros'
[0.400s] Level 1:colcon.colcon_core.package_identification:_identify(/home/toby/ros2OnLaptop_ws/src/DynamixelSDK) by extensions ['cmake', 'python']
[0.400s] Level 1:colcon.colcon_core.package_identification:_identify(/home/toby/ros2OnLaptop_ws/src/DynamixelSDK) by extension 'cmake'
[0.400s] Level 1:colcon.colcon_core.package_identification:_identify(/home/toby/ros2OnLaptop_ws/src/DynamixelSDK) by extension 'python'
[0.400s] Level 1:colcon.colcon_core.package_identification:_identify(/home/toby/ros2OnLaptop_ws/src/DynamixelSDK) by extensions ['python_setup_py']
[0.400s] Level 1:colcon.colcon_core.package_identification:_identify(/home/toby/ros2OnLaptop_ws/src/DynamixelSDK) by extension 'python_setup_py'
[0.400s] Level 1:colcon.colcon_core.package_identification:_identify(/home/toby/ros2OnLaptop_ws/src/DynamixelSDK/dynamixel_sdk) by extensions ['ignore', 'ignore_ament_install']
[0.400s] Level 1:colcon.colcon_core.package_identification:_identify(/home/toby/ros2OnLaptop_ws/src/DynamixelSDK/dynamixel_sdk) by extension 'ignore'
[0.401s] Level 1:colcon.colcon_core.package_identification:_identify(/home/toby/ros2OnLaptop_ws/src/DynamixelSDK/dynamixel_sdk) by extension 'ignore_ament_install'
[0.401s] Level 1:colcon.colcon_core.package_identification:_identify(/home/toby/ros2OnLaptop_ws/src/DynamixelSDK/dynamixel_sdk) by extensions ['colcon_pkg']
[0.401s] Level 1:colcon.colcon_core.package_identification:_identify(/home/toby/ros2OnLaptop_ws/src/DynamixelSDK/dynamixel_sdk) by extension 'colcon_pkg'
[0.401s] Level 1:colcon.colcon_core.package_identification:_identify(/home/toby/ros2OnLaptop_ws/src/DynamixelSDK/dynamixel_sdk) by extensions ['colcon_meta']
[0.401s] Level 1:colcon.colcon_core.package_identification:_identify(/home/toby/ros2OnLaptop_ws/src/DynamixelSDK/dynamixel_sdk) by extension 'colcon_meta'
[0.401s] Level 1:colcon.colcon_core.package_identification:_identify(/home/toby/ros2OnLaptop_ws/src/DynamixelSDK/dynamixel_sdk) by extensions ['ros']
[0.401s] Level 1:colcon.colcon_core.package_identification:_identify(/home/toby/ros2OnLaptop_ws/src/DynamixelSDK/dynamixel_sdk) by extension 'ros'
[0.405s] DEBUG:colcon.colcon_core.package_identification:Package '/home/toby/ros2OnLaptop_ws/src/DynamixelSDK/dynamixel_sdk' with type 'ros.ament_cmake' and name 'dynamixel_sdk'
[0.406s] Level 1:colcon.colcon_core.package_identification:_identify(/home/toby/ros2OnLaptop_ws/src/cpp_pubsub) by extensions ['ignore', 'ignore_ament_install']
[0.406s] Level 1:colcon.colcon_core.package_identification:_identify(/home/toby/ros2OnLaptop_ws/src/cpp_pubsub) by extension 'ignore'
[0.406s] Level 1:colcon.colcon_core.package_identification:_identify(/home/toby/ros2OnLaptop_ws/src/cpp_pubsub) by extension 'ignore_ament_install'
[0.406s] Level 1:colcon.colcon_core.package_identification:_identify(/home/toby/ros2OnLaptop_ws/src/cpp_pubsub) by extensions ['colcon_pkg']
[0.406s] Level 1:colcon.colcon_core.package_identification:_identify(/home/toby/ros2OnLaptop_ws/src/cpp_pubsub) by extension 'colcon_pkg'
[0.406s] Level 1:colcon.colcon_core.package_identification:_identify(/home/toby/ros2OnLaptop_ws/src/cpp_pubsub) by extensions ['colcon_meta']
[0.406s] Level 1:colcon.colcon_core.package_identification:_identify(/home/toby/ros2OnLaptop_ws/src/cpp_pubsub) by extension 'colcon_meta'
[0.406s] Level 1:colcon.colcon_core.package_identification:_identify(/home/toby/ros2OnLaptop_ws/src/cpp_pubsub) by extensions ['ros']
[0.407s] Level 1:colcon.colcon_core.package_identification:_identify(/home/toby/ros2OnLaptop_ws/src/cpp_pubsub) by extension 'ros'
[0.407s] DEBUG:colcon.colcon_core.package_identification:Package '/home/toby/ros2OnLaptop_ws/src/cpp_pubsub' with type 'ros.ament_cmake' and name 'cpp_pubsub'
[0.408s] Level 1:colcon.colcon_core.package_identification:_identify(/home/toby/ros2OnLaptop_ws/src/followIssue) by extensions ['ignore', 'ignore_ament_install']
[0.408s] Level 1:colcon.colcon_core.package_identification:_identify(/home/toby/ros2OnLaptop_ws/src/followIssue) by extension 'ignore'
[0.408s] Level 1:colcon.colcon_core.package_identification:_identify(/home/toby/ros2OnLaptop_ws/src/followIssue) by extension 'ignore_ament_install'
[0.408s] Level 1:colcon.colcon_core.package_identification:_identify(/home/toby/ros2OnLaptop_ws/src/followIssue) by extensions ['colcon_pkg']
[0.408s] Level 1:colcon.colcon_core.package_identification:_identify(/home/toby/ros2OnLaptop_ws/src/followIssue) by extension 'colcon_pkg'
[0.408s] Level 1:colcon.colcon_core.package_identification:_identify(/home/toby/ros2OnLaptop_ws/src/followIssue) by extensions ['colcon_meta']
[0.408s] Level 1:colcon.colcon_core.package_identification:_identify(/home/toby/ros2OnLaptop_ws/src/followIssue) by extension 'colcon_meta'
[0.408s] Level 1:colcon.colcon_core.package_identification:_identify(/home/toby/ros2OnLaptop_ws/src/followIssue) by extensions ['ros']
[0.409s] Level 1:colcon.colcon_core.package_identification:_identify(/home/toby/ros2OnLaptop_ws/src/followIssue) by extension 'ros'
[0.411s] DEBUG:colcon.colcon_core.package_identification:Package '/home/toby/ros2OnLaptop_ws/src/followIssue' with type 'ros.ament_cmake' and name 'followIssue'
[0.411s] Level 1:colcon.colcon_core.package_identification:_identify(/home/toby/ros2OnLaptop_ws/src/hls_lfcd_lds_driver) by extensions ['ignore', 'ignore_ament_install']
[0.411s] Level 1:colcon.colcon_core.package_identification:_identify(/home/toby/ros2OnLaptop_ws/src/hls_lfcd_lds_driver) by extension 'ignore'
[0.411s] Level 1:colcon.colcon_core.package_identification:_identify(/home/toby/ros2OnLaptop_ws/src/hls_lfcd_lds_driver) by extension 'ignore_ament_install'
[0.411s] Level 1:colcon.colcon_core.package_identification:_identify(/home/toby/ros2OnLaptop_ws/src/hls_lfcd_lds_driver) by extensions ['colcon_pkg']
[0.411s] Level 1:colcon.colcon_core.package_identification:_identify(/home/toby/ros2OnLaptop_ws/src/hls_lfcd_lds_driver) by extension 'colcon_pkg'
[0.411s] Level 1:colcon.colcon_core.package_identification:_identify(/home/toby/ros2OnLaptop_ws/src/hls_lfcd_lds_driver) by extensions ['colcon_meta']
[0.412s] Level 1:colcon.colcon_core.package_identification:_identify(/home/toby/ros2OnLaptop_ws/src/hls_lfcd_lds_driver) by extension 'colcon_meta'
[0.412s] Level 1:colcon.colcon_core.package_identification:_identify(/home/toby/ros2OnLaptop_ws/src/hls_lfcd_lds_driver) by extensions ['ros']
[0.412s] Level 1:colcon.colcon_core.package_identification:_identify(/home/toby/ros2OnLaptop_ws/src/hls_lfcd_lds_driver) by extension 'ros'
[0.413s] DEBUG:colcon.colcon_core.package_identification:Package '/home/toby/ros2OnLaptop_ws/src/hls_lfcd_lds_driver' with type 'ros.ament_cmake' and name 'hls_lfcd_lds_driver'
[0.413s] Level 1:colcon.colcon_core.package_identification:_identify(/home/toby/ros2OnLaptop_ws/src/image_pipeline) by extensions ['ignore', 'ignore_ament_install']
[0.414s] Level 1:colcon.colcon_core.package_identification:_identify(/home/toby/ros2OnLaptop_ws/src/image_pipeline) by extension 'ignore'
[0.414s] Level 1:colcon.colcon_core.package_identification:_identify(/home/toby/ros2OnLaptop_ws/src/image_pipeline) by extension 'ignore_ament_install'
[0.414s] Level 1:colcon.colcon_core.package_identification:_identify(/home/toby/ros2OnLaptop_ws/src/image_pipeline) by extensions ['colcon_pkg']
[0.414s] Level 1:colcon.colcon_core.package_identification:_identify(/home/toby/ros2OnLaptop_ws/src/image_pipeline) by extension 'colcon_pkg'
[0.414s] Level 1:colcon.colcon_core.package_identification:_identify(/home/toby/ros2OnLaptop_ws/src/image_pipeline) by extensions ['colcon_meta']
[0.414s] Level 1:colcon.colcon_core.package_identification:_identify(/home/toby/ros2OnLaptop_ws/src/image_pipeline) by extension 'colcon_meta'
[0.414s] Level 1:colcon.colcon_core.package_identification:_identify(/home/toby/ros2OnLaptop_ws/src/image_pipeline) by extensions ['ros']
[0.414s] Level 1:colcon.colcon_core.package_identification:_identify(/home/toby/ros2OnLaptop_ws/src/image_pipeline) by extension 'ros'
[0.415s] Level 1:colcon.colcon_core.package_identification:_identify(/home/toby/ros2OnLaptop_ws/src/image_pipeline) by extensions ['cmake', 'python']
[0.415s] Level 1:colcon.colcon_core.package_identification:_identify(/home/toby/ros2OnLaptop_ws/src/image_pipeline) by extension 'cmake'
[0.415s] Level 1:colcon.colcon_core.package_identification:_identify(/home/toby/ros2OnLaptop_ws/src/image_pipeline) by extension 'python'
[0.415s] Level 1:colcon.colcon_core.package_identification:_identify(/home/toby/ros2OnLaptop_ws/src/image_pipeline) by extensions ['python_setup_py']
[0.415s] Level 1:colcon.colcon_core.package_identification:_identify(/home/toby/ros2OnLaptop_ws/src/image_pipeline) by extension 'python_setup_py'
[0.415s] Level 1:colcon.colcon_core.package_identification:_identify(/home/toby/ros2OnLaptop_ws/src/image_pipeline/camera_calibration) by extensions ['ignore', 'ignore_ament_install']
[0.415s] Level 1:colcon.colcon_core.package_identification:_identify(/home/toby/ros2OnLaptop_ws/src/image_pipeline/camera_calibration) by extension 'ignore'
[0.416s] Level 1:colcon.colcon_core.package_identification:_identify(/home/toby/ros2OnLaptop_ws/src/image_pipeline/camera_calibration) ignored
[0.416s] Level 1:colcon.colcon_core.package_identification:_identify(/home/toby/ros2OnLaptop_ws/src/image_pipeline/depth_image_proc) by extensions ['ignore', 'ignore_ament_install']
[0.416s] Level 1:colcon.colcon_core.package_identification:_identify(/home/toby/ros2OnLaptop_ws/src/image_pipeline/depth_image_proc) by extension 'ignore'
[0.416s] Level 1:colcon.colcon_core.package_identification:_identify(/home/toby/ros2OnLaptop_ws/src/image_pipeline/depth_image_proc) by extension 'ignore_ament_install'
[0.416s] Level 1:colcon.colcon_core.package_identification:_identify(/home/toby/ros2OnLaptop_ws/src/image_pipeline/depth_image_proc) by extensions ['colcon_pkg']
[0.416s] Level 1:colcon.colcon_core.package_identification:_identify(/home/toby/ros2OnLaptop_ws/src/image_pipeline/depth_image_proc) by extension 'colcon_pkg'
[0.416s] Level 1:colcon.colcon_core.package_identification:_identify(/home/toby/ros2OnLaptop_ws/src/image_pipeline/depth_image_proc) by extensions ['colcon_meta']
[0.417s] Level 1:colcon.colcon_core.package_identification:_identify(/home/toby/ros2OnLaptop_ws/src/image_pipeline/depth_image_proc) by extension 'colcon_meta'
[0.417s] Level 1:colcon.colcon_core.package_identification:_identify(/home/toby/ros2OnLaptop_ws/src/image_pipeline/depth_image_proc) by extensions ['ros']
[0.417s] Level 1:colcon.colcon_core.package_identification:_identify(/home/toby/ros2OnLaptop_ws/src/image_pipeline/depth_image_proc) by extension 'ros'
[0.418s] DEBUG:colcon.colcon_core.package_identification:Package '/home/toby/ros2OnLaptop_ws/src/image_pipeline/depth_image_proc' with type 'ros.ament_cmake' and name 'depth_image_proc'
[0.419s] Level 1:colcon.colcon_core.package_identification:_identify(/home/toby/ros2OnLaptop_ws/src/image_pipeline/image_pipeline) by extensions ['ignore', 'ignore_ament_install']
[0.419s] Level 1:colcon.colcon_core.package_identification:_identify(/home/toby/ros2OnLaptop_ws/src/image_pipeline/image_pipeline) by extension 'ignore'
[0.419s] Level 1:colcon.colcon_core.package_identification:_identify(/home/toby/ros2OnLaptop_ws/src/image_pipeline/image_pipeline) by extension 'ignore_ament_install'
[0.419s] Level 1:colcon.colcon_core.package_identification:_identify(/home/toby/ros2OnLaptop_ws/src/image_pipeline/image_pipeline) by extensions ['colcon_pkg']
[0.419s] Level 1:colcon.colcon_core.package_identification:_identify(/home/toby/ros2OnLaptop_ws/src/image_pipeline/image_pipeline) by extension 'colcon_pkg'
[0.419s] Level 1:colcon.colcon_core.package_identification:_identify(/home/toby/ros2OnLaptop_ws/src/image_pipeline/image_pipeline) by extensions ['colcon_meta']
[0.419s] Level 1:colcon.colcon_core.package_identification:_identify(/home/toby/ros2OnLaptop_ws/src/image_pipeline/image_pipeline) by extension 'colcon_meta'
[0.419s] Level 1:colcon.colcon_core.package_identification:_identify(/home/toby/ros2OnLaptop_ws/src/image_pipeline/image_pipeline) by extensions ['ros']
[0.419s] Level 1:colcon.colcon_core.package_identification:_identify(/home/toby/ros2OnLaptop_ws/src/image_pipeline/image_pipeline) by extension 'ros'
[0.421s] DEBUG:colcon.colcon_core.package_identification:Package '/home/toby/ros2OnLaptop_ws/src/image_pipeline/image_pipeline' with type 'ros.ament_cmake' and name 'image_pipeline'
[0.421s] Level 1:colcon.colcon_core.package_identification:_identify(/home/toby/ros2OnLaptop_ws/src/image_pipeline/image_proc) by extensions ['ignore', 'ignore_ament_install']
[0.421s] Level 1:colcon.colcon_core.package_identification:_identify(/home/toby/ros2OnLaptop_ws/src/image_pipeline/image_proc) by extension 'ignore'
[0.422s] Level 1:colcon.colcon_core.package_identification:_identify(/home/toby/ros2OnLaptop_ws/src/image_pipeline/image_proc) by extension 'ignore_ament_install'
[0.422s] Level 1:colcon.colcon_core.package_identification:_identify(/home/toby/ros2OnLaptop_ws/src/image_pipeline/image_proc) by extensions ['colcon_pkg']
[0.422s] Level 1:colcon.colcon_core.package_identification:_identify(/home/toby/ros2OnLaptop_ws/src/image_pipeline/image_proc) by extension 'colcon_pkg'
[0.422s] Level 1:colcon.colcon_core.package_identification:_identify(/home/toby/ros2OnLaptop_ws/src/image_pipeline/image_proc) by extensions ['colcon_meta']
[0.422s] Level 1:colcon.colcon_core.package_identification:_identify(/home/toby/ros2OnLaptop_ws/src/image_pipeline/image_proc) by extension 'colcon_meta'
[0.422s] Level 1:colcon.colcon_core.package_identification:_identify(/home/toby/ros2OnLaptop_ws/src/image_pipeline/image_proc) by extensions ['ros']
[0.422s] Level 1:colcon.colcon_core.package_identification:_identify(/home/toby/ros2OnLaptop_ws/src/image_pipeline/image_proc) by extension 'ros'
[0.425s] DEBUG:colcon.colcon_core.package_identification:Package '/home/toby/ros2OnLaptop_ws/src/image_pipeline/image_proc' with type 'ros.ament_cmake' and name 'image_proc'
[0.425s] Level 1:colcon.colcon_core.package_identification:_identify(/home/toby/ros2OnLaptop_ws/src/image_pipeline/image_publisher) by extensions ['ignore', 'ignore_ament_install']
[0.425s] Level 1:colcon.colcon_core.package_identification:_identify(/home/toby/ros2OnLaptop_ws/src/image_pipeline/image_publisher) by extension 'ignore'
[0.425s] Level 1:colcon.colcon_core.package_identification:_identify(/home/toby/ros2OnLaptop_ws/src/image_pipeline/image_publisher) by extension 'ignore_ament_install'
[0.425s] Level 1:colcon.colcon_core.package_identification:_identify(/home/toby/ros2OnLaptop_ws/src/image_pipeline/image_publisher) by extensions ['colcon_pkg']
[0.425s] Level 1:colcon.colcon_core.package_identification:_identify(/home/toby/ros2OnLaptop_ws/src/image_pipeline/image_publisher) by extension 'colcon_pkg'
[0.426s] Level 1:colcon.colcon_core.package_identification:_identify(/home/toby/ros2OnLaptop_ws/src/image_pipeline/image_publisher) by extensions ['colcon_meta']
[0.426s] Level 1:colcon.colcon_core.package_identification:_identify(/home/toby/ros2OnLaptop_ws/src/image_pipeline/image_publisher) by extension 'colcon_meta'
[0.426s] Level 1:colcon.colcon_core.package_identification:_identify(/home/toby/ros2OnLaptop_ws/src/image_pipeline/image_publisher) by extensions ['ros']
[0.426s] Level 1:colcon.colcon_core.package_identification:_identify(/home/toby/ros2OnLaptop_ws/src/image_pipeline/image_publisher) by extension 'ros'
[0.427s] DEBUG:colcon.colcon_core.package_identification:Package '/home/toby/ros2OnLaptop_ws/src/image_pipeline/image_publisher' with type 'ros.ament_cmake' and name 'image_publisher'
[0.428s] Level 1:colcon.colcon_core.package_identification:_identify(/home/toby/ros2OnLaptop_ws/src/image_pipeline/image_rotate) by extensions ['ignore', 'ignore_ament_install']
[0.428s] Level 1:colcon.colcon_core.package_identification:_identify(/home/toby/ros2OnLaptop_ws/src/image_pipeline/image_rotate) by extension 'ignore'
[0.428s] Level 1:colcon.colcon_core.package_identification:_identify(/home/toby/ros2OnLaptop_ws/src/image_pipeline/image_rotate) by extension 'ignore_ament_install'
[0.428s] Level 1:colcon.colcon_core.package_identification:_identify(/home/toby/ros2OnLaptop_ws/src/image_pipeline/image_rotate) by extensions ['colcon_pkg']
[0.428s] Level 1:colcon.colcon_core.package_identification:_identify(/home/toby/ros2OnLaptop_ws/src/image_pipeline/image_rotate) by extension 'colcon_pkg'
[0.428s] Level 1:colcon.colcon_core.package_identification:_identify(/home/toby/ros2OnLaptop_ws/src/image_pipeline/image_rotate) by extensions ['colcon_meta']
[0.428s] Level 1:colcon.colcon_core.package_identification:_identify(/home/toby/ros2OnLaptop_ws/src/image_pipeline/image_rotate) by extension 'colcon_meta'
[0.428s] Level 1:colcon.colcon_core.package_identification:_identify(/home/toby/ros2OnLaptop_ws/src/image_pipeline/image_rotate) by extensions ['ros']
[0.429s] Level 1:colcon.colcon_core.package_identification:_identify(/home/toby/ros2OnLaptop_ws/src/image_pipeline/image_rotate) by extension 'ros'
[0.431s] DEBUG:colcon.colcon_core.package_identification:Package '/home/toby/ros2OnLaptop_ws/src/image_pipeline/image_rotate' with type 'ros.ament_cmake' and name 'image_rotate'
[0.431s] Level 1:colcon.colcon_core.package_identification:_identify(/home/toby/ros2OnLaptop_ws/src/image_pipeline/image_view) by extensions ['ignore', 'ignore_ament_install']
[0.432s] Level 1:colcon.colcon_core.package_identification:_identify(/home/toby/ros2OnLaptop_ws/src/image_pipeline/image_view) by extension 'ignore'
[0.432s] Level 1:colcon.colcon_core.package_identification:_identify(/home/toby/ros2OnLaptop_ws/src/image_pipeline/image_view) ignored
[0.432s] Level 1:colcon.colcon_core.package_identification:_identify(/home/toby/ros2OnLaptop_ws/src/image_pipeline/stereo_image_proc) by extensions ['ignore', 'ignore_ament_install']
[0.432s] Level 1:colcon.colcon_core.package_identification:_identify(/home/toby/ros2OnLaptop_ws/src/image_pipeline/stereo_image_proc) by extension 'ignore'
[0.432s] Level 1:colcon.colcon_core.package_identification:_identify(/home/toby/ros2OnLaptop_ws/src/image_pipeline/stereo_image_proc) ignored
[0.432s] Level 1:colcon.colcon_core.package_identification:_identify(/home/toby/ros2OnLaptop_ws/src/image_pipeline/wiki_files) by extensions ['ignore', 'ignore_ament_install']
[0.432s] Level 1:colcon.colcon_core.package_identification:_identify(/home/toby/ros2OnLaptop_ws/src/image_pipeline/wiki_files) by extension 'ignore'
[0.433s] Level 1:colcon.colcon_core.package_identification:_identify(/home/toby/ros2OnLaptop_ws/src/image_pipeline/wiki_files) by extension 'ignore_ament_install'
[0.433s] Level 1:colcon.colcon_core.package_identification:_identify(/home/toby/ros2OnLaptop_ws/src/image_pipeline/wiki_files) by extensions ['colcon_pkg']
[0.433s] Level 1:colcon.colcon_core.package_identification:_identify(/home/toby/ros2OnLaptop_ws/src/image_pipeline/wiki_files) by extension 'colcon_pkg'
[0.433s] Level 1:colcon.colcon_core.package_identification:_identify(/home/toby/ros2OnLaptop_ws/src/image_pipeline/wiki_files) by extensions ['colcon_meta']
[0.433s] Level 1:colcon.colcon_core.package_identification:_identify(/home/toby/ros2OnLaptop_ws/src/image_pipeline/wiki_files) by extension 'colcon_meta'
[0.433s] Level 1:colcon.colcon_core.package_identification:_identify(/home/toby/ros2OnLaptop_ws/src/image_pipeline/wiki_files) by extensions ['ros']
[0.433s] Level 1:colcon.colcon_core.package_identification:_identify(/home/toby/ros2OnLaptop_ws/src/image_pipeline/wiki_files) by extension 'ros'
[0.433s] Level 1:colcon.colcon_core.package_identification:_identify(/home/toby/ros2OnLaptop_ws/src/image_pipeline/wiki_files) by extensions ['cmake', 'python']
[0.433s] Level 1:colcon.colcon_core.package_identification:_identify(/home/toby/ros2OnLaptop_ws/src/image_pipeline/wiki_files) by extension 'cmake'
[0.434s] Level 1:colcon.colcon_core.package_identification:_identify(/home/toby/ros2OnLaptop_ws/src/image_pipeline/wiki_files) by extension 'python'
[0.434s] Level 1:colcon.colcon_core.package_identification:_identify(/home/toby/ros2OnLaptop_ws/src/image_pipeline/wiki_files) by extensions ['python_setup_py']
[0.434s] Level 1:colcon.colcon_core.package_identification:_identify(/home/toby/ros2OnLaptop_ws/src/image_pipeline/wiki_files) by extension 'python_setup_py'
[0.434s] Level 1:colcon.colcon_core.package_identification:_identify(/home/toby/ros2OnLaptop_ws/src/image_transport_plugins) by extensions ['ignore', 'ignore_ament_install']
[0.434s] Level 1:colcon.colcon_core.package_identification:_identify(/home/toby/ros2OnLaptop_ws/src/image_transport_plugins) by extension 'ignore'
[0.434s] Level 1:colcon.colcon_core.package_identification:_identify(/home/toby/ros2OnLaptop_ws/src/image_transport_plugins) by extension 'ignore_ament_install'
[0.434s] Level 1:colcon.colcon_core.package_identification:_identify(/home/toby/ros2OnLaptop_ws/src/image_transport_plugins) by extensions ['colcon_pkg']
[0.434s] Level 1:colcon.colcon_core.package_identification:_identify(/home/toby/ros2OnLaptop_ws/src/image_transport_plugins) by extension 'colcon_pkg'
[0.435s] Level 1:colcon.colcon_core.package_identification:_identify(/home/toby/ros2OnLaptop_ws/src/image_transport_plugins) by extensions ['colcon_meta']
[0.435s] Level 1:colcon.colcon_core.package_identification:_identify(/home/toby/ros2OnLaptop_ws/src/image_transport_plugins) by extension 'colcon_meta'
[0.435s] Level 1:colcon.colcon_core.package_identification:_identify(/home/toby/ros2OnLaptop_ws/src/image_transport_plugins) by extensions ['ros']
[0.435s] Level 1:colcon.colcon_core.package_identification:_identify(/home/toby/ros2OnLaptop_ws/src/image_transport_plugins) by extension 'ros'
[0.435s] Level 1:colcon.colcon_core.package_identification:_identify(/home/toby/ros2OnLaptop_ws/src/image_transport_plugins) by extensions ['cmake', 'python']
[0.435s] Level 1:colcon.colcon_core.package_identification:_identify(/home/toby/ros2OnLaptop_ws/src/image_transport_plugins) by extension 'cmake'
[0.435s] Level 1:colcon.colcon_core.package_identification:_identify(/home/toby/ros2OnLaptop_ws/src/image_transport_plugins) by extension 'python'
[0.435s] Level 1:colcon.colcon_core.package_identification:_identify(/home/toby/ros2OnLaptop_ws/src/image_transport_plugins) by extensions ['python_setup_py']
[0.435s] Level 1:colcon.colcon_core.package_identification:_identify(/home/toby/ros2OnLaptop_ws/src/image_transport_plugins) by extension 'python_setup_py'
[0.435s] Level 1:colcon.colcon_core.package_identification:_identify(/home/toby/ros2OnLaptop_ws/src/image_transport_plugins/compressed_depth_image_transport) by extensions ['ignore', 'ignore_ament_install']
[0.436s] Level 1:colcon.colcon_core.package_identification:_identify(/home/toby/ros2OnLaptop_ws/src/image_transport_plugins/compressed_depth_image_transport) by extension 'ignore'
[0.436s] Level 1:colcon.colcon_core.package_identification:_identify(/home/toby/ros2OnLaptop_ws/src/image_transport_plugins/compressed_depth_image_transport) by extension 'ignore_ament_install'
[0.436s] Level 1:colcon.colcon_core.package_identification:_identify(/home/toby/ros2OnLaptop_ws/src/image_transport_plugins/compressed_depth_image_transport) by extensions ['colcon_pkg']
[0.436s] Level 1:colcon.colcon_core.package_identification:_identify(/home/toby/ros2OnLaptop_ws/src/image_transport_plugins/compressed_depth_image_transport) by extension 'colcon_pkg'
[0.436s] Level 1:colcon.colcon_core.package_identification:_identify(/home/toby/ros2OnLaptop_ws/src/image_transport_plugins/compressed_depth_image_transport) by extensions ['colcon_meta']
[0.436s] Level 1:colcon.colcon_core.package_identification:_identify(/home/toby/ros2OnLaptop_ws/src/image_transport_plugins/compressed_depth_image_transport) by extension 'colcon_meta'
[0.436s] Level 1:colcon.colcon_core.package_identification:_identify(/home/toby/ros2OnLaptop_ws/src/image_transport_plugins/compressed_depth_image_transport) by extensions ['ros']
[0.436s] Level 1:colcon.colcon_core.package_identification:_identify(/home/toby/ros2OnLaptop_ws/src/image_transport_plugins/compressed_depth_image_transport) by extension 'ros'
[0.438s] DEBUG:colcon.colcon_core.package_identification:Package '/home/toby/ros2OnLaptop_ws/src/image_transport_plugins/compressed_depth_image_transport' with type 'ros.ament_cmake' and name 'compressed_depth_image_transport'
[0.438s] Level 1:colcon.colcon_core.package_identification:_identify(/home/toby/ros2OnLaptop_ws/src/image_transport_plugins/compressed_image_transport) by extensions ['ignore', 'ignore_ament_install']
[0.438s] Level 1:colcon.colcon_core.package_identification:_identify(/home/toby/ros2OnLaptop_ws/src/image_transport_plugins/compressed_image_transport) by extension 'ignore'
[0.438s] Level 1:colcon.colcon_core.package_identification:_identify(/home/toby/ros2OnLaptop_ws/src/image_transport_plugins/compressed_image_transport) by extension 'ignore_ament_install'
[0.438s] Level 1:colcon.colcon_core.package_identification:_identify(/home/toby/ros2OnLaptop_ws/src/image_transport_plugins/compressed_image_transport) by extensions ['colcon_pkg']
[0.438s] Level 1:colcon.colcon_core.package_identification:_identify(/home/toby/ros2OnLaptop_ws/src/image_transport_plugins/compressed_image_transport) by extension 'colcon_pkg'
[0.439s] Level 1:colcon.colcon_core.package_identification:_identify(/home/toby/ros2OnLaptop_ws/src/image_transport_plugins/compressed_image_transport) by extensions ['colcon_meta']
[0.440s] Level 1:colcon.colcon_core.package_identification:_identify(/home/toby/ros2OnLaptop_ws/src/image_transport_plugins/compressed_image_transport) by extension 'colcon_meta'
[0.440s] Level 1:colcon.colcon_core.package_identification:_identify(/home/toby/ros2OnLaptop_ws/src/image_transport_plugins/compressed_image_transport) by extensions ['ros']
[0.440s] Level 1:colcon.colcon_core.package_identification:_identify(/home/toby/ros2OnLaptop_ws/src/image_transport_plugins/compressed_image_transport) by extension 'ros'
[0.444s] DEBUG:colcon.colcon_core.package_identification:Package '/home/toby/ros2OnLaptop_ws/src/image_transport_plugins/compressed_image_transport' with type 'ros.ament_cmake' and name 'compressed_image_transport'
[0.445s] Level 1:colcon.colcon_core.package_identification:_identify(/home/toby/ros2OnLaptop_ws/src/image_transport_plugins/image_transport_plugins) by extensions ['ignore', 'ignore_ament_install']
[0.445s] Level 1:colcon.colcon_core.package_identification:_identify(/home/toby/ros2OnLaptop_ws/src/image_transport_plugins/image_transport_plugins) by extension 'ignore'
[0.445s] Level 1:colcon.colcon_core.package_identification:_identify(/home/toby/ros2OnLaptop_ws/src/image_transport_plugins/image_transport_plugins) by extension 'ignore_ament_install'
[0.446s] Level 1:colcon.colcon_core.package_identification:_identify(/home/toby/ros2OnLaptop_ws/src/image_transport_plugins/image_transport_plugins) by extensions ['colcon_pkg']
[0.446s] Level 1:colcon.colcon_core.package_identification:_identify(/home/toby/ros2OnLaptop_ws/src/image_transport_plugins/image_transport_plugins) by extension 'colcon_pkg'
[0.446s] Level 1:colcon.colcon_core.package_identification:_identify(/home/toby/ros2OnLaptop_ws/src/image_transport_plugins/image_transport_plugins) by extensions ['colcon_meta']
[0.446s] Level 1:colcon.colcon_core.package_identification:_identify(/home/toby/ros2OnLaptop_ws/src/image_transport_plugins/image_transport_plugins) by extension 'colcon_meta'
[0.446s] Level 1:colcon.colcon_core.package_identification:_identify(/home/toby/ros2OnLaptop_ws/src/image_transport_plugins/image_transport_plugins) by extensions ['ros']
[0.446s] Level 1:colcon.colcon_core.package_identification:_identify(/home/toby/ros2OnLaptop_ws/src/image_transport_plugins/image_transport_plugins) by extension 'ros'
[0.448s] DEBUG:colcon.colcon_core.package_identification:Package '/home/toby/ros2OnLaptop_ws/src/image_transport_plugins/image_transport_plugins' with type 'ros.ament_cmake' and name 'image_transport_plugins'
[0.448s] Level 1:colcon.colcon_core.package_identification:_identify(/home/toby/ros2OnLaptop_ws/src/image_transport_plugins/theora_image_transport) by extensions ['ignore', 'ignore_ament_install']
[0.448s] Level 1:colcon.colcon_core.package_identification:_identify(/home/toby/ros2OnLaptop_ws/src/image_transport_plugins/theora_image_transport) by extension 'ignore'
[0.449s] Level 1:colcon.colcon_core.package_identification:_identify(/home/toby/ros2OnLaptop_ws/src/image_transport_plugins/theora_image_transport) by extension 'ignore_ament_install'
[0.449s] Level 1:colcon.colcon_core.package_identification:_identify(/home/toby/ros2OnLaptop_ws/src/image_transport_plugins/theora_image_transport) by extensions ['colcon_pkg']
[0.449s] Level 1:colcon.colcon_core.package_identification:_identify(/home/toby/ros2OnLaptop_ws/src/image_transport_plugins/theora_image_transport) by extension 'colcon_pkg'
[0.449s] Level 1:colcon.colcon_core.package_identification:_identify(/home/toby/ros2OnLaptop_ws/src/image_transport_plugins/theora_image_transport) by extensions ['colcon_meta']
[0.449s] Level 1:colcon.colcon_core.package_identification:_identify(/home/toby/ros2OnLaptop_ws/src/image_transport_plugins/theora_image_transport) by extension 'colcon_meta'
[0.449s] Level 1:colcon.colcon_core.package_identification:_identify(/home/toby/ros2OnLaptop_ws/src/image_transport_plugins/theora_image_transport) by extensions ['ros']
[0.449s] Level 1:colcon.colcon_core.package_identification:_identify(/home/toby/ros2OnLaptop_ws/src/image_transport_plugins/theora_image_transport) by extension 'ros'
[0.453s] DEBUG:colcon.colcon_core.package_identification:Package '/home/toby/ros2OnLaptop_ws/src/image_transport_plugins/theora_image_transport' with type 'ros.ament_cmake' and name 'theora_image_transport'
[0.453s] Level 1:colcon.colcon_core.package_identification:_identify(/home/toby/ros2OnLaptop_ws/src/square_move) by extensions ['ignore', 'ignore_ament_install']
[0.453s] Level 1:colcon.colcon_core.package_identification:_identify(/home/toby/ros2OnLaptop_ws/src/square_move) by extension 'ignore'
[0.453s] Level 1:colcon.colcon_core.package_identification:_identify(/home/toby/ros2OnLaptop_ws/src/square_move) by extension 'ignore_ament_install'
[0.454s] Level 1:colcon.colcon_core.package_identification:_identify(/home/toby/ros2OnLaptop_ws/src/square_move) by extensions ['colcon_pkg']
[0.454s] Level 1:colcon.colcon_core.package_identification:_identify(/home/toby/ros2OnLaptop_ws/src/square_move) by extension 'colcon_pkg'
[0.454s] Level 1:colcon.colcon_core.package_identification:_identify(/home/toby/ros2OnLaptop_ws/src/square_move) by extensions ['colcon_meta']
[0.454s] Level 1:colcon.colcon_core.package_identification:_identify(/home/toby/ros2OnLaptop_ws/src/square_move) by extension 'colcon_meta'
[0.454s] Level 1:colcon.colcon_core.package_identification:_identify(/home/toby/ros2OnLaptop_ws/src/square_move) by extensions ['ros']
[0.454s] Level 1:colcon.colcon_core.package_identification:_identify(/home/toby/ros2OnLaptop_ws/src/square_move) by extension 'ros'
[0.456s] DEBUG:colcon.colcon_core.package_identification:Package '/home/toby/ros2OnLaptop_ws/src/square_move' with type 'ros.ament_cmake' and name 'square_move'
[0.456s] Level 1:colcon.colcon_core.package_identification:_identify(/home/toby/ros2OnLaptop_ws/src/turtlebot3) by extensions ['ignore', 'ignore_ament_install']
[0.456s] Level 1:colcon.colcon_core.package_identification:_identify(/home/toby/ros2OnLaptop_ws/src/turtlebot3) by extension 'ignore'
[0.456s] Level 1:colcon.colcon_core.package_identification:_identify(/home/toby/ros2OnLaptop_ws/src/turtlebot3) by extension 'ignore_ament_install'
[0.456s] Level 1:colcon.colcon_core.package_identification:_identify(/home/toby/ros2OnLaptop_ws/src/turtlebot3) by extensions ['colcon_pkg']
[0.457s] Level 1:colcon.colcon_core.package_identification:_identify(/home/toby/ros2OnLaptop_ws/src/turtlebot3) by extension 'colcon_pkg'
[0.457s] Level 1:colcon.colcon_core.package_identification:_identify(/home/toby/ros2OnLaptop_ws/src/turtlebot3) by extensions ['colcon_meta']
[0.457s] Level 1:colcon.colcon_core.package_identification:_identify(/home/toby/ros2OnLaptop_ws/src/turtlebot3) by extension 'colcon_meta'
[0.457s] Level 1:colcon.colcon_core.package_identification:_identify(/home/toby/ros2OnLaptop_ws/src/turtlebot3) by extensions ['ros']
[0.457s] Level 1:colcon.colcon_core.package_identification:_identify(/home/toby/ros2OnLaptop_ws/src/turtlebot3) by extension 'ros'
[0.457s] Level 1:colcon.colcon_core.package_identification:_identify(/home/toby/ros2OnLaptop_ws/src/turtlebot3) by extensions ['cmake', 'python']
[0.457s] Level 1:colcon.colcon_core.package_identification:_identify(/home/toby/ros2OnLaptop_ws/src/turtlebot3) by extension 'cmake'
[0.458s] Level 1:colcon.colcon_core.package_identification:_identify(/home/toby/ros2OnLaptop_ws/src/turtlebot3) by extension 'python'
[0.458s] Level 1:colcon.colcon_core.package_identification:_identify(/home/toby/ros2OnLaptop_ws/src/turtlebot3) by extensions ['python_setup_py']
[0.458s] Level 1:colcon.colcon_core.package_identification:_identify(/home/toby/ros2OnLaptop_ws/src/turtlebot3) by extension 'python_setup_py'
[0.458s] Level 1:colcon.colcon_core.package_identification:_identify(/home/toby/ros2OnLaptop_ws/src/turtlebot3/turtlebot3) by extensions ['ignore', 'ignore_ament_install']
[0.458s] Level 1:colcon.colcon_core.package_identification:_identify(/home/toby/ros2OnLaptop_ws/src/turtlebot3/turtlebot3) by extension 'ignore'
[0.459s] Level 1:colcon.colcon_core.package_identification:_identify(/home/toby/ros2OnLaptop_ws/src/turtlebot3/turtlebot3) by extension 'ignore_ament_install'
[0.459s] Level 1:colcon.colcon_core.package_identification:_identify(/home/toby/ros2OnLaptop_ws/src/turtlebot3/turtlebot3) by extensions ['colcon_pkg']
[0.459s] Level 1:colcon.colcon_core.package_identification:_identify(/home/toby/ros2OnLaptop_ws/src/turtlebot3/turtlebot3) by extension 'colcon_pkg'
[0.459s] Level 1:colcon.colcon_core.package_identification:_identify(/home/toby/ros2OnLaptop_ws/src/turtlebot3/turtlebot3) by extensions ['colcon_meta']
[0.459s] Level 1:colcon.colcon_core.package_identification:_identify(/home/toby/ros2OnLaptop_ws/src/turtlebot3/turtlebot3) by extension 'colcon_meta'
[0.459s] Level 1:colcon.colcon_core.package_identification:_identify(/home/toby/ros2OnLaptop_ws/src/turtlebot3/turtlebot3) by extensions ['ros']
[0.459s] Level 1:colcon.colcon_core.package_identification:_identify(/home/toby/ros2OnLaptop_ws/src/turtlebot3/turtlebot3) by extension 'ros'
[0.461s] DEBUG:colcon.colcon_core.package_identification:Package '/home/toby/ros2OnLaptop_ws/src/turtlebot3/turtlebot3' with type 'ros.ament_cmake' and name 'turtlebot3'
[0.461s] Level 1:colcon.colcon_core.package_identification:_identify(/home/toby/ros2OnLaptop_ws/src/turtlebot3/turtlebot3_bringup) by extensions ['ignore', 'ignore_ament_install']
[0.462s] Level 1:colcon.colcon_core.package_identification:_identify(/home/toby/ros2OnLaptop_ws/src/turtlebot3/turtlebot3_bringup) by extension 'ignore'
[0.462s] Level 1:colcon.colcon_core.package_identification:_identify(/home/toby/ros2OnLaptop_ws/src/turtlebot3/turtlebot3_bringup) by extension 'ignore_ament_install'
[0.462s] Level 1:colcon.colcon_core.package_identification:_identify(/home/toby/ros2OnLaptop_ws/src/turtlebot3/turtlebot3_bringup) by extensions ['colcon_pkg']
[0.462s] Level 1:colcon.colcon_core.package_identification:_identify(/home/toby/ros2OnLaptop_ws/src/turtlebot3/turtlebot3_bringup) by extension 'colcon_pkg'
[0.463s] Level 1:colcon.colcon_core.package_identification:_identify(/home/toby/ros2OnLaptop_ws/src/turtlebot3/turtlebot3_bringup) by extensions ['colcon_meta']
[0.463s] Level 1:colcon.colcon_core.package_identification:_identify(/home/toby/ros2OnLaptop_ws/src/turtlebot3/turtlebot3_bringup) by extension 'colcon_meta'
[0.463s] Level 1:colcon.colcon_core.package_identification:_identify(/home/toby/ros2OnLaptop_ws/src/turtlebot3/turtlebot3_bringup) by extensions ['ros']
[0.464s] Level 1:colcon.colcon_core.package_identification:_identify(/home/toby/ros2OnLaptop_ws/src/turtlebot3/turtlebot3_bringup) by extension 'ros'
[0.466s] DEBUG:colcon.colcon_core.package_identification:Package '/home/toby/ros2OnLaptop_ws/src/turtlebot3/turtlebot3_bringup' with type 'ros.ament_cmake' and name 'turtlebot3_bringup'
[0.466s] Level 1:colcon.colcon_core.package_identification:_identify(/home/toby/ros2OnLaptop_ws/src/turtlebot3/turtlebot3_cartographer) by extensions ['ignore', 'ignore_ament_install']
[0.466s] Level 1:colcon.colcon_core.package_identification:_identify(/home/toby/ros2OnLaptop_ws/src/turtlebot3/turtlebot3_cartographer) by extension 'ignore'
[0.466s] Level 1:colcon.colcon_core.package_identification:_identify(/home/toby/ros2OnLaptop_ws/src/turtlebot3/turtlebot3_cartographer) by extension 'ignore_ament_install'
[0.467s] Level 1:colcon.colcon_core.package_identification:_identify(/home/toby/ros2OnLaptop_ws/src/turtlebot3/turtlebot3_cartographer) by extensions ['colcon_pkg']
[0.467s] Level 1:colcon.colcon_core.package_identification:_identify(/home/toby/ros2OnLaptop_ws/src/turtlebot3/turtlebot3_cartographer) by extension 'colcon_pkg'
[0.467s] Level 1:colcon.colcon_core.package_identification:_identify(/home/toby/ros2OnLaptop_ws/src/turtlebot3/turtlebot3_cartographer) by extensions ['colcon_meta']
[0.467s] Level 1:colcon.colcon_core.package_identification:_identify(/home/toby/ros2OnLaptop_ws/src/turtlebot3/turtlebot3_cartographer) by extension 'colcon_meta'
[0.467s] Level 1:colcon.colcon_core.package_identification:_identify(/home/toby/ros2OnLaptop_ws/src/turtlebot3/turtlebot3_cartographer) by extensions ['ros']
[0.467s] Level 1:colcon.colcon_core.package_identification:_identify(/home/toby/ros2OnLaptop_ws/src/turtlebot3/turtlebot3_cartographer) by extension 'ros'
[0.468s] DEBUG:colcon.colcon_core.package_identification:Package '/home/toby/ros2OnLaptop_ws/src/turtlebot3/turtlebot3_cartographer' with type 'ros.ament_cmake' and name 'turtlebot3_cartographer'
[0.468s] Level 1:colcon.colcon_core.package_identification:_identify(/home/toby/ros2OnLaptop_ws/src/turtlebot3/turtlebot3_description) by extensions ['ignore', 'ignore_ament_install']
[0.469s] Level 1:colcon.colcon_core.package_identification:_identify(/home/toby/ros2OnLaptop_ws/src/turtlebot3/turtlebot3_description) by extension 'ignore'
[0.469s] Level 1:colcon.colcon_core.package_identification:_identify(/home/toby/ros2OnLaptop_ws/src/turtlebot3/turtlebot3_description) by extension 'ignore_ament_install'
[0.469s] Level 1:colcon.colcon_core.package_identification:_identify(/home/toby/ros2OnLaptop_ws/src/turtlebot3/turtlebot3_description) by extensions ['colcon_pkg']
[0.469s] Level 1:colcon.colcon_core.package_identification:_identify(/home/toby/ros2OnLaptop_ws/src/turtlebot3/turtlebot3_description) by extension 'colcon_pkg'
[0.469s] Level 1:colcon.colcon_core.package_identification:_identify(/home/toby/ros2OnLaptop_ws/src/turtlebot3/turtlebot3_description) by extensions ['colcon_meta']
[0.469s] Level 1:colcon.colcon_core.package_identification:_identify(/home/toby/ros2OnLaptop_ws/src/turtlebot3/turtlebot3_description) by extension 'colcon_meta'
[0.469s] Level 1:colcon.colcon_core.package_identification:_identify(/home/toby/ros2OnLaptop_ws/src/turtlebot3/turtlebot3_description) by extensions ['ros']
[0.469s] Level 1:colcon.colcon_core.package_identification:_identify(/home/toby/ros2OnLaptop_ws/src/turtlebot3/turtlebot3_description) by extension 'ros'
[0.471s] DEBUG:colcon.colcon_core.package_identification:Package '/home/toby/ros2OnLaptop_ws/src/turtlebot3/turtlebot3_description' with type 'ros.ament_cmake' and name 'turtlebot3_description'
[0.471s] Level 1:colcon.colcon_core.package_identification:_identify(/home/toby/ros2OnLaptop_ws/src/turtlebot3/turtlebot3_navigation2) by extensions ['ignore', 'ignore_ament_install']
[0.471s] Level 1:colcon.colcon_core.package_identification:_identify(/home/toby/ros2OnLaptop_ws/src/turtlebot3/turtlebot3_navigation2) by extension 'ignore'
[0.471s] Level 1:colcon.colcon_core.package_identification:_identify(/home/toby/ros2OnLaptop_ws/src/turtlebot3/turtlebot3_navigation2) by extension 'ignore_ament_install'
[0.471s] Level 1:colcon.colcon_core.package_identification:_identify(/home/toby/ros2OnLaptop_ws/src/turtlebot3/turtlebot3_navigation2) by extensions ['colcon_pkg']
[0.471s] Level 1:colcon.colcon_core.package_identification:_identify(/home/toby/ros2OnLaptop_ws/src/turtlebot3/turtlebot3_navigation2) by extension 'colcon_pkg'
[0.472s] Level 1:colcon.colcon_core.package_identification:_identify(/home/toby/ros2OnLaptop_ws/src/turtlebot3/turtlebot3_navigation2) by extensions ['colcon_meta']
[0.472s] Level 1:colcon.colcon_core.package_identification:_identify(/home/toby/ros2OnLaptop_ws/src/turtlebot3/turtlebot3_navigation2) by extension 'colcon_meta'
[0.472s] Level 1:colcon.colcon_core.package_identification:_identify(/home/toby/ros2OnLaptop_ws/src/turtlebot3/turtlebot3_navigation2) by extensions ['ros']
[0.472s] Level 1:colcon.colcon_core.package_identification:_identify(/home/toby/ros2OnLaptop_ws/src/turtlebot3/turtlebot3_navigation2) by extension 'ros'
[0.473s] DEBUG:colcon.colcon_core.package_identification:Package '/home/toby/ros2OnLaptop_ws/src/turtlebot3/turtlebot3_navigation2' with type 'ros.ament_cmake' and name 'turtlebot3_navigation2'
[0.473s] Level 1:colcon.colcon_core.package_identification:_identify(/home/toby/ros2OnLaptop_ws/src/turtlebot3/turtlebot3_node) by extensions ['ignore', 'ignore_ament_install']
[0.473s] Level 1:colcon.colcon_core.package_identification:_identify(/home/toby/ros2OnLaptop_ws/src/turtlebot3/turtlebot3_node) by extension 'ignore'
[0.473s] Level 1:colcon.colcon_core.package_identification:_identify(/home/toby/ros2OnLaptop_ws/src/turtlebot3/turtlebot3_node) by extension 'ignore_ament_install'
[0.474s] Level 1:colcon.colcon_core.package_identification:_identify(/home/toby/ros2OnLaptop_ws/src/turtlebot3/turtlebot3_node) by extensions ['colcon_pkg']
[0.474s] Level 1:colcon.colcon_core.package_identification:_identify(/home/toby/ros2OnLaptop_ws/src/turtlebot3/turtlebot3_node) by extension 'colcon_pkg'
[0.474s] Level 1:colcon.colcon_core.package_identification:_identify(/home/toby/ros2OnLaptop_ws/src/turtlebot3/turtlebot3_node) by extensions ['colcon_meta']
[0.474s] Level 1:colcon.colcon_core.package_identification:_identify(/home/toby/ros2OnLaptop_ws/src/turtlebot3/turtlebot3_node) by extension 'colcon_meta'
[0.474s] Level 1:colcon.colcon_core.package_identification:_identify(/home/toby/ros2OnLaptop_ws/src/turtlebot3/turtlebot3_node) by extensions ['ros']
[0.474s] Level 1:colcon.colcon_core.package_identification:_identify(/home/toby/ros2OnLaptop_ws/src/turtlebot3/turtlebot3_node) by extension 'ros'
[0.477s] DEBUG:colcon.colcon_core.package_identification:Package '/home/toby/ros2OnLaptop_ws/src/turtlebot3/turtlebot3_node' with type 'ros.ament_cmake' and name 'turtlebot3_node'
[0.477s] Level 1:colcon.colcon_core.package_identification:_identify(/home/toby/ros2OnLaptop_ws/src/turtlebot3/turtlebot3_teleop) by extensions ['ignore', 'ignore_ament_install']
[0.477s] Level 1:colcon.colcon_core.package_identification:_identify(/home/toby/ros2OnLaptop_ws/src/turtlebot3/turtlebot3_teleop) by extension 'ignore'
[0.478s] Level 1:colcon.colcon_core.package_identification:_identify(/home/toby/ros2OnLaptop_ws/src/turtlebot3/turtlebot3_teleop) by extension 'ignore_ament_install'
[0.478s] Level 1:colcon.colcon_core.package_identification:_identify(/home/toby/ros2OnLaptop_ws/src/turtlebot3/turtlebot3_teleop) by extensions ['colcon_pkg']
[0.478s] Level 1:colcon.colcon_core.package_identification:_identify(/home/toby/ros2OnLaptop_ws/src/turtlebot3/turtlebot3_teleop) by extension 'colcon_pkg'
[0.478s] Level 1:colcon.colcon_core.package_identification:_identify(/home/toby/ros2OnLaptop_ws/src/turtlebot3/turtlebot3_teleop) by extensions ['colcon_meta']
[0.478s] Level 1:colcon.colcon_core.package_identification:_identify(/home/toby/ros2OnLaptop_ws/src/turtlebot3/turtlebot3_teleop) by extension 'colcon_meta'
[0.478s] Level 1:colcon.colcon_core.package_identification:_identify(/home/toby/ros2OnLaptop_ws/src/turtlebot3/turtlebot3_teleop) by extensions ['ros']
[0.478s] Level 1:colcon.colcon_core.package_identification:_identify(/home/toby/ros2OnLaptop_ws/src/turtlebot3/turtlebot3_teleop) by extension 'ros'
[0.479s] DEBUG:colcon.colcon_core.package_identification:Package '/home/toby/ros2OnLaptop_ws/src/turtlebot3/turtlebot3_teleop' with type 'ros.ament_python' and name 'turtlebot3_teleop'
[0.480s] Level 1:colcon.colcon_core.package_identification:_identify(/home/toby/ros2OnLaptop_ws/src/turtlebot3_msgs) by extensions ['ignore', 'ignore_ament_install']
[0.480s] Level 1:colcon.colcon_core.package_identification:_identify(/home/toby/ros2OnLaptop_ws/src/turtlebot3_msgs) by extension 'ignore'
[0.480s] Level 1:colcon.colcon_core.package_identification:_identify(/home/toby/ros2OnLaptop_ws/src/turtlebot3_msgs) by extension 'ignore_ament_install'
[0.480s] Level 1:colcon.colcon_core.package_identification:_identify(/home/toby/ros2OnLaptop_ws/src/turtlebot3_msgs) by extensions ['colcon_pkg']
[0.480s] Level 1:colcon.colcon_core.package_identification:_identify(/home/toby/ros2OnLaptop_ws/src/turtlebot3_msgs) by extension 'colcon_pkg'
[0.480s] Level 1:colcon.colcon_core.package_identification:_identify(/home/toby/ros2OnLaptop_ws/src/turtlebot3_msgs) by extensions ['colcon_meta']
[0.480s] Level 1:colcon.colcon_core.package_identification:_identify(/home/toby/ros2OnLaptop_ws/src/turtlebot3_msgs) by extension 'colcon_meta'
[0.480s] Level 1:colcon.colcon_core.package_identification:_identify(/home/toby/ros2OnLaptop_ws/src/turtlebot3_msgs) by extensions ['ros']
[0.481s] Level 1:colcon.colcon_core.package_identification:_identify(/home/toby/ros2OnLaptop_ws/src/turtlebot3_msgs) by extension 'ros'
[0.482s] DEBUG:colcon.colcon_core.package_identification:Package '/home/toby/ros2OnLaptop_ws/src/turtlebot3_msgs' with type 'ros.ament_cmake' and name 'turtlebot3_msgs'
[0.483s] Level 1:colcon.colcon_core.package_identification:_identify(/home/toby/ros2OnLaptop_ws/src/videoRead) by extensions ['ignore', 'ignore_ament_install']
[0.483s] Level 1:colcon.colcon_core.package_identification:_identify(/home/toby/ros2OnLaptop_ws/src/videoRead) by extension 'ignore'
[0.483s] Level 1:colcon.colcon_core.package_identification:_identify(/home/toby/ros2OnLaptop_ws/src/videoRead) by extension 'ignore_ament_install'
[0.483s] Level 1:colcon.colcon_core.package_identification:_identify(/home/toby/ros2OnLaptop_ws/src/videoRead) by extensions ['colcon_pkg']
[0.483s] Level 1:colcon.colcon_core.package_identification:_identify(/home/toby/ros2OnLaptop_ws/src/videoRead) by extension 'colcon_pkg'
[0.483s] Level 1:colcon.colcon_core.package_identification:_identify(/home/toby/ros2OnLaptop_ws/src/videoRead) by extensions ['colcon_meta']
[0.483s] Level 1:colcon.colcon_core.package_identification:_identify(/home/toby/ros2OnLaptop_ws/src/videoRead) by extension 'colcon_meta'
[0.483s] Level 1:colcon.colcon_core.package_identification:_identify(/home/toby/ros2OnLaptop_ws/src/videoRead) by extensions ['ros']
[0.484s] Level 1:colcon.colcon_core.package_identification:_identify(/home/toby/ros2OnLaptop_ws/src/videoRead) by extension 'ros'
[0.484s] DEBUG:colcon.colcon_core.package_identification:Package '/home/toby/ros2OnLaptop_ws/src/videoRead' with type 'ros.ament_cmake' and name 'videoRead'
[0.485s] Level 1:colcon.colcon_core.package_identification:_identify(/home/toby/ros2OnLaptop_ws/src/vision_opencv) by extensions ['ignore', 'ignore_ament_install']
[0.486s] Level 1:colcon.colcon_core.package_identification:_identify(/home/toby/ros2OnLaptop_ws/src/vision_opencv) by extension 'ignore'
[0.486s] Level 1:colcon.colcon_core.package_identification:_identify(/home/toby/ros2OnLaptop_ws/src/vision_opencv) by extension 'ignore_ament_install'
[0.486s] Level 1:colcon.colcon_core.package_identification:_identify(/home/toby/ros2OnLaptop_ws/src/vision_opencv) by extensions ['colcon_pkg']
[0.486s] Level 1:colcon.colcon_core.package_identification:_identify(/home/toby/ros2OnLaptop_ws/src/vision_opencv) by extension 'colcon_pkg'
[0.487s] Level 1:colcon.colcon_core.package_identification:_identify(/home/toby/ros2OnLaptop_ws/src/vision_opencv) by extensions ['colcon_meta']
[0.487s] Level 1:colcon.colcon_core.package_identification:_identify(/home/toby/ros2OnLaptop_ws/src/vision_opencv) by extension 'colcon_meta'
[0.487s] Level 1:colcon.colcon_core.package_identification:_identify(/home/toby/ros2OnLaptop_ws/src/vision_opencv) by extensions ['ros']
[0.487s] Level 1:colcon.colcon_core.package_identification:_identify(/home/toby/ros2OnLaptop_ws/src/vision_opencv) by extension 'ros'
[0.487s] Level 1:colcon.colcon_core.package_identification:_identify(/home/toby/ros2OnLaptop_ws/src/vision_opencv) by extensions ['cmake', 'python']
[0.487s] Level 1:colcon.colcon_core.package_identification:_identify(/home/toby/ros2OnLaptop_ws/src/vision_opencv) by extension 'cmake'
[0.487s] Level 1:colcon.colcon_core.package_identification:_identify(/home/toby/ros2OnLaptop_ws/src/vision_opencv) by extension 'python'
[0.487s] Level 1:colcon.colcon_core.package_identification:_identify(/home/toby/ros2OnLaptop_ws/src/vision_opencv) by extensions ['python_setup_py']
[0.487s] Level 1:colcon.colcon_core.package_identification:_identify(/home/toby/ros2OnLaptop_ws/src/vision_opencv) by extension 'python_setup_py'
[0.488s] Level 1:colcon.colcon_core.package_identification:_identify(/home/toby/ros2OnLaptop_ws/src/vision_opencv/cv_bridge) by extensions ['ignore', 'ignore_ament_install']
[0.488s] Level 1:colcon.colcon_core.package_identification:_identify(/home/toby/ros2OnLaptop_ws/src/vision_opencv/cv_bridge) by extension 'ignore'
[0.488s] Level 1:colcon.colcon_core.package_identification:_identify(/home/toby/ros2OnLaptop_ws/src/vision_opencv/cv_bridge) by extension 'ignore_ament_install'
[0.488s] Level 1:colcon.colcon_core.package_identification:_identify(/home/toby/ros2OnLaptop_ws/src/vision_opencv/cv_bridge) by extensions ['colcon_pkg']
[0.488s] Level 1:colcon.colcon_core.package_identification:_identify(/home/toby/ros2OnLaptop_ws/src/vision_opencv/cv_bridge) by extension 'colcon_pkg'
[0.488s] Level 1:colcon.colcon_core.package_identification:_identify(/home/toby/ros2OnLaptop_ws/src/vision_opencv/cv_bridge) by extensions ['colcon_meta']
[0.488s] Level 1:colcon.colcon_core.package_identification:_identify(/home/toby/ros2OnLaptop_ws/src/vision_opencv/cv_bridge) by extension 'colcon_meta'
[0.488s] Level 1:colcon.colcon_core.package_identification:_identify(/home/toby/ros2OnLaptop_ws/src/vision_opencv/cv_bridge) by extensions ['ros']
[0.489s] Level 1:colcon.colcon_core.package_identification:_identify(/home/toby/ros2OnLaptop_ws/src/vision_opencv/cv_bridge) by extension 'ros'
[0.490s] DEBUG:colcon.colcon_core.package_identification:Package '/home/toby/ros2OnLaptop_ws/src/vision_opencv/cv_bridge' with type 'ros.ament_cmake' and name 'cv_bridge'
[0.491s] Level 1:colcon.colcon_core.package_identification:_identify(/home/toby/ros2OnLaptop_ws/src/vision_opencv/image_geometry) by extensions ['ignore', 'ignore_ament_install']
[0.491s] Level 1:colcon.colcon_core.package_identification:_identify(/home/toby/ros2OnLaptop_ws/src/vision_opencv/image_geometry) by extension 'ignore'
[0.491s] Level 1:colcon.colcon_core.package_identification:_identify(/home/toby/ros2OnLaptop_ws/src/vision_opencv/image_geometry) by extension 'ignore_ament_install'
[0.491s] Level 1:colcon.colcon_core.package_identification:_identify(/home/toby/ros2OnLaptop_ws/src/vision_opencv/image_geometry) by extensions ['colcon_pkg']
[0.491s] Level 1:colcon.colcon_core.package_identification:_identify(/home/toby/ros2OnLaptop_ws/src/vision_opencv/image_geometry) by extension 'colcon_pkg'
[0.491s] Level 1:colcon.colcon_core.package_identification:_identify(/home/toby/ros2OnLaptop_ws/src/vision_opencv/image_geometry) by extensions ['colcon_meta']
[0.491s] Level 1:colcon.colcon_core.package_identification:_identify(/home/toby/ros2OnLaptop_ws/src/vision_opencv/image_geometry) by extension 'colcon_meta'
[0.492s] Level 1:colcon.colcon_core.package_identification:_identify(/home/toby/ros2OnLaptop_ws/src/vision_opencv/image_geometry) by extensions ['ros']
[0.492s] Level 1:colcon.colcon_core.package_identification:_identify(/home/toby/ros2OnLaptop_ws/src/vision_opencv/image_geometry) by extension 'ros'
[0.493s] DEBUG:colcon.colcon_core.package_identification:Package '/home/toby/ros2OnLaptop_ws/src/vision_opencv/image_geometry' with type 'ros.ament_cmake' and name 'image_geometry'
[0.493s] Level 1:colcon.colcon_core.package_identification:_identify(/home/toby/ros2OnLaptop_ws/src/vision_opencv/opencv_tests) by extensions ['ignore', 'ignore_ament_install']
[0.493s] Level 1:colcon.colcon_core.package_identification:_identify(/home/toby/ros2OnLaptop_ws/src/vision_opencv/opencv_tests) by extension 'ignore'
[0.493s] Level 1:colcon.colcon_core.package_identification:_identify(/home/toby/ros2OnLaptop_ws/src/vision_opencv/opencv_tests) by extension 'ignore_ament_install'
[0.494s] Level 1:colcon.colcon_core.package_identification:_identify(/home/toby/ros2OnLaptop_ws/src/vision_opencv/opencv_tests) by extensions ['colcon_pkg']
[0.494s] Level 1:colcon.colcon_core.package_identification:_identify(/home/toby/ros2OnLaptop_ws/src/vision_opencv/opencv_tests) by extension 'colcon_pkg'
[0.494s] Level 1:colcon.colcon_core.package_identification:_identify(/home/toby/ros2OnLaptop_ws/src/vision_opencv/opencv_tests) by extensions ['colcon_meta']
[0.494s] Level 1:colcon.colcon_core.package_identification:_identify(/home/toby/ros2OnLaptop_ws/src/vision_opencv/opencv_tests) by extension 'colcon_meta'
[0.494s] Level 1:colcon.colcon_core.package_identification:_identify(/home/toby/ros2OnLaptop_ws/src/vision_opencv/opencv_tests) by extensions ['ros']
[0.494s] Level 1:colcon.colcon_core.package_identification:_identify(/home/toby/ros2OnLaptop_ws/src/vision_opencv/opencv_tests) by extension 'ros'
[0.495s] DEBUG:colcon.colcon_core.package_identification:Package '/home/toby/ros2OnLaptop_ws/src/vision_opencv/opencv_tests' with type 'ros.ament_python' and name 'opencv_tests'
[0.495s] Level 1:colcon.colcon_core.package_identification:_identify(/home/toby/ros2OnLaptop_ws/src/vision_opencv/vision_opencv) by extensions ['ignore', 'ignore_ament_install']
[0.496s] Level 1:colcon.colcon_core.package_identification:_identify(/home/toby/ros2OnLaptop_ws/src/vision_opencv/vision_opencv) by extension 'ignore'
[0.496s] Level 1:colcon.colcon_core.package_identification:_identify(/home/toby/ros2OnLaptop_ws/src/vision_opencv/vision_opencv) by extension 'ignore_ament_install'
[0.496s] Level 1:colcon.colcon_core.package_identification:_identify(/home/toby/ros2OnLaptop_ws/src/vision_opencv/vision_opencv) by extensions ['colcon_pkg']
[0.496s] Level 1:colcon.colcon_core.package_identification:_identify(/home/toby/ros2OnLaptop_ws/src/vision_opencv/vision_opencv) by extension 'colcon_pkg'
[0.496s] Level 1:colcon.colcon_core.package_identification:_identify(/home/toby/ros2OnLaptop_ws/src/vision_opencv/vision_opencv) by extensions ['colcon_meta']
[0.496s] Level 1:colcon.colcon_core.package_identification:_identify(/home/toby/ros2OnLaptop_ws/src/vision_opencv/vision_opencv) by extension 'colcon_meta'
[0.497s] Level 1:colcon.colcon_core.package_identification:_identify(/home/toby/ros2OnLaptop_ws/src/vision_opencv/vision_opencv) by extensions ['ros']
[0.497s] Level 1:colcon.colcon_core.package_identification:_identify(/home/toby/ros2OnLaptop_ws/src/vision_opencv/vision_opencv) by extension 'ros'
[0.498s] DEBUG:colcon.colcon_core.package_identification:Package '/home/toby/ros2OnLaptop_ws/src/vision_opencv/vision_opencv' with type 'ros.ament_cmake' and name 'vision_opencv'
[0.498s] Level 1:colcon.colcon_core.package_discovery:discover_packages(recursive) using defaults
[0.523s] Level 1:colcon.colcon_core.package_augmentation.check_dependency_constraint:compressed_depth_image_transport depends on cv_bridge which has version 2.1.3: constraints {}
[0.523s] Level 1:colcon.colcon_core.package_augmentation.check_dependency_constraint:compressed_image_transport depends on cv_bridge which has version 2.1.3: constraints {}
[0.523s] Level 1:colcon.colcon_core.package_augmentation.check_dependency_constraint:turtlebot3_node depends on dynamixel_sdk which has version 3.7.20: constraints {}
[0.524s] Level 1:colcon.colcon_core.package_augmentation.check_dependency_constraint:turtlebot3_node depends on turtlebot3_msgs which has version 2.2.0: constraints {}
[0.524s] Level 1:colcon.colcon_core.package_augmentation.check_dependency_constraint:opencv_tests depends on cv_bridge which has version 2.1.3: constraints {}
[0.524s] Level 1:colcon.colcon_core.package_augmentation.check_dependency_constraint:turtlebot3_bringup depends on turtlebot3_description which has version 2.0.1: constraints {}
[0.524s] Level 1:colcon.colcon_core.package_augmentation.check_dependency_constraint:turtlebot3_bringup depends on hls_lfcd_lds_driver which has version 2.0.0: constraints {}
[0.524s] Level 1:colcon.colcon_core.package_augmentation.check_dependency_constraint:turtlebot3_bringup depends on turtlebot3_node which has version 2.0.1: constraints {}
[0.524s] Level 1:colcon.colcon_core.package_augmentation.check_dependency_constraint:depth_image_proc depends on cv_bridge which has version 2.1.3: constraints {}
[0.525s] Level 1:colcon.colcon_core.package_augmentation.check_dependency_constraint:depth_image_proc depends on image_geometry which has version 2.1.3: constraints {}
[0.525s] Level 1:colcon.colcon_core.package_augmentation.check_dependency_constraint:image_pipeline depends on image_proc which has version 1.12.23: constraints {}
[0.525s] Level 1:colcon.colcon_core.package_augmentation.check_dependency_constraint:image_pipeline depends on depth_image_proc which has version 2.0.0: constraints {}
[0.525s] Level 1:colcon.colcon_core.package_augmentation.check_dependency_constraint:image_pipeline depends on image_rotate which has version 2.0.0: constraints {}
[0.525s] Level 1:colcon.colcon_core.package_augmentation.check_dependency_constraint:image_pipeline depends on image_publisher which has version 2.0.0: constraints {}
[0.525s] Level 1:colcon.colcon_core.package_augmentation.check_dependency_constraint:vision_opencv depends on image_geometry which has version 2.1.3: constraints {}
[0.525s] Level 1:colcon.colcon_core.package_augmentation.check_dependency_constraint:vision_opencv depends on cv_bridge which has version 2.1.3: constraints {}
[0.526s] Level 1:colcon.colcon_core.package_augmentation.check_dependency_constraint:theora_image_transport depends on cv_bridge which has version 2.1.3: constraints {}
[0.526s] Level 1:colcon.colcon_core.package_augmentation.check_dependency_constraint:image_proc depends on image_geometry which has version 2.1.3: constraints {}
[0.526s] Level 1:colcon.colcon_core.package_augmentation.check_dependency_constraint:image_proc depends on cv_bridge which has version 2.1.3: constraints {}
[0.526s] Level 1:colcon.colcon_core.package_augmentation.check_dependency_constraint:image_rotate depends on cv_bridge which has version 2.1.3: constraints {}
[0.526s] Level 1:colcon.colcon_core.package_augmentation.check_dependency_constraint:turtlebot3 depends on turtlebot3_description which has version 2.0.1: constraints {}
[0.526s] Level 1:colcon.colcon_core.package_augmentation.check_dependency_constraint:turtlebot3 depends on turtlebot3_bringup which has version 2.0.1: constraints {}
[0.526s] Level 1:colcon.colcon_core.package_augmentation.check_dependency_constraint:turtlebot3 depends on turtlebot3_teleop which has version 2.0.1: constraints {}
[0.527s] Level 1:colcon.colcon_core.package_augmentation.check_dependency_constraint:turtlebot3 depends on turtlebot3_navigation2 which has version 2.0.1: constraints {}
[0.527s] Level 1:colcon.colcon_core.package_augmentation.check_dependency_constraint:turtlebot3 depends on turtlebot3_node which has version 2.0.1: constraints {}
[0.527s] Level 1:colcon.colcon_core.package_augmentation.check_dependency_constraint:turtlebot3 depends on turtlebot3_cartographer which has version 2.0.1: constraints {}
[0.527s] Level 1:colcon.colcon_core.package_augmentation.check_dependency_constraint:image_transport_plugins depends on compressed_image_transport which has version 2.2.1: constraints {}
[0.527s] Level 1:colcon.colcon_core.package_augmentation.check_dependency_constraint:image_transport_plugins depends on theora_image_transport which has version 2.2.1: constraints {}
[0.527s] Level 1:colcon.colcon_core.package_augmentation.check_dependency_constraint:image_transport_plugins depends on compressed_depth_image_transport which has version 2.2.1: constraints {}
[0.527s] Level 1:colcon.colcon_core.package_augmentation.check_dependency_constraint:followIssue depends on cv_bridge which has version 2.1.3: constraints {}
[0.528s] Level 1:colcon.colcon_core.package_augmentation.check_dependency_constraint:square_move depends on turtlebot3_node which has version 2.0.1: constraints {}
[0.528s] Level 1:colcon.colcon_core.package_augmentation.check_dependency_constraint:image_publisher depends on image_geometry which has version 2.1.3: constraints {}
[0.528s] Level 1:colcon.colcon_core.package_augmentation.check_dependency_constraint:image_publisher depends on cv_bridge which has version 2.1.3: constraints {}
[0.534s] INFO:colcon.colcon_core.package_selection:Skipping not selected package 'cpp_pubsub' in '/home/toby/ros2OnLaptop_ws/src/cpp_pubsub'
[0.534s] INFO:colcon.colcon_core.package_selection:Skipping not selected package 'cv_bridge' in '/home/toby/ros2OnLaptop_ws/src/vision_opencv/cv_bridge'
[0.535s] INFO:colcon.colcon_core.package_selection:Skipping not selected package 'dynamixel_sdk' in '/home/toby/ros2OnLaptop_ws/src/DynamixelSDK/dynamixel_sdk'
[0.535s] INFO:colcon.colcon_core.package_selection:Skipping not selected package 'hls_lfcd_lds_driver' in '/home/toby/ros2OnLaptop_ws/src/hls_lfcd_lds_driver'
[0.535s] INFO:colcon.colcon_core.package_selection:Skipping not selected package 'image_geometry' in '/home/toby/ros2OnLaptop_ws/src/vision_opencv/image_geometry'
[0.535s] INFO:colcon.colcon_core.package_selection:Skipping not selected package 'turtlebot3_cartographer' in '/home/toby/ros2OnLaptop_ws/src/turtlebot3/turtlebot3_cartographer'
[0.535s] INFO:colcon.colcon_core.package_selection:Skipping not selected package 'turtlebot3_description' in '/home/toby/ros2OnLaptop_ws/src/turtlebot3/turtlebot3_description'
[0.535s] INFO:colcon.colcon_core.package_selection:Skipping not selected package 'turtlebot3_msgs' in '/home/toby/ros2OnLaptop_ws/src/turtlebot3_msgs'
[0.535s] INFO:colcon.colcon_core.package_selection:Skipping not selected package 'turtlebot3_navigation2' in '/home/toby/ros2OnLaptop_ws/src/turtlebot3/turtlebot3_navigation2'
[0.535s] INFO:colcon.colcon_core.package_selection:Skipping not selected package 'turtlebot3_teleop' in '/home/toby/ros2OnLaptop_ws/src/turtlebot3/turtlebot3_teleop'
[0.535s] INFO:colcon.colcon_core.package_selection:Skipping not selected package 'videoRead' in '/home/toby/ros2OnLaptop_ws/src/videoRead'
[0.535s] INFO:colcon.colcon_core.package_selection:Skipping not selected package 'compressed_depth_image_transport' in '/home/toby/ros2OnLaptop_ws/src/image_transport_plugins/compressed_depth_image_transport'
[0.535s] INFO:colcon.colcon_core.package_selection:Skipping not selected package 'compressed_image_transport' in '/home/toby/ros2OnLaptop_ws/src/image_transport_plugins/compressed_image_transport'
[0.536s] INFO:colcon.colcon_core.package_selection:Skipping not selected package 'depth_image_proc' in '/home/toby/ros2OnLaptop_ws/src/image_pipeline/depth_image_proc'
[0.536s] INFO:colcon.colcon_core.package_selection:Skipping not selected package 'image_proc' in '/home/toby/ros2OnLaptop_ws/src/image_pipeline/image_proc'
[0.536s] INFO:colcon.colcon_core.package_selection:Skipping not selected package 'image_publisher' in '/home/toby/ros2OnLaptop_ws/src/image_pipeline/image_publisher'
[0.536s] INFO:colcon.colcon_core.package_selection:Skipping not selected package 'image_rotate' in '/home/toby/ros2OnLaptop_ws/src/image_pipeline/image_rotate'
[0.536s] INFO:colcon.colcon_core.package_selection:Skipping not selected package 'opencv_tests' in '/home/toby/ros2OnLaptop_ws/src/vision_opencv/opencv_tests'
[0.536s] INFO:colcon.colcon_core.package_selection:Skipping not selected package 'theora_image_transport' in '/home/toby/ros2OnLaptop_ws/src/image_transport_plugins/theora_image_transport'
[0.536s] INFO:colcon.colcon_core.package_selection:Skipping not selected package 'turtlebot3_node' in '/home/toby/ros2OnLaptop_ws/src/turtlebot3/turtlebot3_node'
[0.536s] INFO:colcon.colcon_core.package_selection:Skipping not selected package 'vision_opencv' in '/home/toby/ros2OnLaptop_ws/src/vision_opencv/vision_opencv'
[0.536s] INFO:colcon.colcon_core.package_selection:Skipping not selected package 'image_pipeline' in '/home/toby/ros2OnLaptop_ws/src/image_pipeline/image_pipeline'
[0.536s] INFO:colcon.colcon_core.package_selection:Skipping not selected package 'image_transport_plugins' in '/home/toby/ros2OnLaptop_ws/src/image_transport_plugins/image_transport_plugins'
[0.536s] INFO:colcon.colcon_core.package_selection:Skipping not selected package 'square_move' in '/home/toby/ros2OnLaptop_ws/src/square_move'
[0.537s] INFO:colcon.colcon_core.package_selection:Skipping not selected package 'turtlebot3_bringup' in '/home/toby/ros2OnLaptop_ws/src/turtlebot3/turtlebot3_bringup'
[0.537s] INFO:colcon.colcon_core.package_selection:Skipping not selected package 'turtlebot3' in '/home/toby/ros2OnLaptop_ws/src/turtlebot3/turtlebot3'
[0.544s] Level 5:colcon.colcon_core.verb:set package 'followIssue' build argument 'cmake_args' from command line to 'None'
[0.544s] Level 5:colcon.colcon_core.verb:set package 'followIssue' build argument 'cmake_target' from command line to 'None'
[0.544s] Level 5:colcon.colcon_core.verb:set package 'followIssue' build argument 'cmake_target_skip_unavailable' from command line to 'False'
[0.545s] Level 5:colcon.colcon_core.verb:set package 'followIssue' build argument 'cmake_clean_cache' from command line to 'False'
[0.545s] Level 5:colcon.colcon_core.verb:set package 'followIssue' build argument 'cmake_clean_first' from command line to 'False'
[0.545s] Level 5:colcon.colcon_core.verb:set package 'followIssue' build argument 'cmake_force_configure' from command line to 'False'
[0.545s] Level 5:colcon.colcon_core.verb:set package 'followIssue' build argument 'ament_cmake_args' from command line to 'None'
[0.545s] Level 5:colcon.colcon_core.verb:set package 'followIssue' build argument 'catkin_cmake_args' from command line to 'None'
[0.545s] Level 5:colcon.colcon_core.verb:set package 'followIssue' build argument 'catkin_skip_building_tests' from command line to 'False'
[0.545s] DEBUG:colcon.colcon_core.verb:Building package 'followIssue' with the following arguments: {'ament_cmake_args': None, 'build_base': '/home/toby/ros2OnLaptop_ws/build/followIssue', 'catkin_cmake_args': None, 'catkin_skip_building_tests': False, 'cmake_args': None, 'cmake_clean_cache': False, 'cmake_clean_first': False, 'cmake_force_configure': False, 'cmake_target': None, 'cmake_target_skip_unavailable': False, 'install_base': '/home/toby/ros2OnLaptop_ws/install/followIssue', 'merge_install': False, 'path': '/home/toby/ros2OnLaptop_ws/src/followIssue', 'symlink_install': True, 'test_result_base': None}
[0.546s] INFO:colcon.colcon_core.executor:Executing jobs using 'parallel' executor
[0.549s] DEBUG:colcon.colcon_parallel_executor.executor.parallel:run_until_complete
[0.550s] INFO:colcon.colcon_ros.task.ament_cmake.build:Building ROS package in '/home/toby/ros2OnLaptop_ws/src/followIssue' with build type 'ament_cmake'
[0.556s] INFO:colcon.colcon_core.plugin_system:Skipping extension 'colcon_core.shell.bat': Not used on non-Windows systems
[0.557s] INFO:colcon.colcon_cmake.task.cmake.build:Building CMake package in '/home/toby/ros2OnLaptop_ws/src/followIssue'
[0.558s] INFO:colcon.colcon_core.shell:Skip shell extension 'powershell' for command environment: Not usable outside of PowerShell
[0.558s] DEBUG:colcon.colcon_core.shell:Skip shell extension 'dsv' for command environment
[0.566s] DEBUG:colcon.colcon_core.shell:Ignoring prefix path '/opt/ros/dashing'
[0.693s] DEBUG:colcon.colcon_core.event_handler.log_command:Invoking command in '/home/toby/ros2OnLaptop_ws/build/followIssue': CMAKE_PREFIX_PATH=/home/toby/ros2OnLaptop_ws/install/cv_bridge:/home/toby/ros2OnLaptop_ws/install/followIssue:/home/toby/ros2OnLaptop_ws/install/vision_opencv:/home/toby/ros2OnLaptop_ws/install/videoRead:/home/toby/ros2OnLaptop_ws/install/turtlebot3:/home/toby/ros2OnLaptop_ws/install/turtlebot3_simulations:/home/toby/ros2OnLaptop_ws/install/turtlebot3_bringup:/home/toby/ros2OnLaptop_ws/install/square_move:/home/toby/ros2OnLaptop_ws/install/turtlebot3_node:/home/toby/ros2OnLaptop_ws/install/turtlebot3_navigation2:/home/toby/ros2OnLaptop_ws/install/turtlebot3_fake_node:/home/toby/ros2OnLaptop_ws/install/turtlebot3_teleop:/home/toby/ros2OnLaptop_ws/install/opencv_tests:/opt/ros/dashing:/home/toby/ros2OnLaptop_ws/install/turtlebot3_msgs:/home/toby/ros2OnLaptop_ws/install/turtlebot3_gazebo:/home/toby/ros2OnLaptop_ws/install/turtlebot3_description:/home/toby/ros2OnLaptop_ws/install/turtlebot3_cartographer:/home/toby/ros2OnLaptop_ws/install/image_transport_plugins:/home/toby/ros2OnLaptop_ws/install/theora_image_transport:/home/toby/ros2OnLaptop_ws/install/image_geometry:/home/toby/ros2OnLaptop_ws/install/hls_lfcd_lds_driver:/home/toby/ros2OnLaptop_ws/install/dynamixel_sdk:/home/toby/ros2OnLaptop_ws/install/compressed_image_transport:/home/toby/ros2OnLaptop_ws/install/compressed_depth_image_transport:/home/toby/ros2OnLaptop_ws/install/cpp_pubsub LD_LIBRARY_PATH=/home/toby/ros2OnLaptop_ws/install/cv_bridge/lib:/home/toby/ros2OnLaptop_ws/install/turtlebot3_msgs/lib:/home/toby/ros2OnLaptop_ws/install/theora_image_transport/lib:/home/toby/ros2OnLaptop_ws/install/image_geometry/lib:/home/toby/ros2OnLaptop_ws/install/dynamixel_sdk/lib:/home/toby/ros2OnLaptop_ws/install/compressed_image_transport/lib:/home/toby/ros2OnLaptop_ws/install/compressed_depth_image_transport/lib:/usr/lib/x86_64-linux-gnu/gazebo-9/plugins:/opt/ros/dashing/opt/yaml_cpp_vendor/lib:/opt/ros/dashing/opt/rviz_ogre_vendor/lib:/opt/ros/dashing/lib PYTHONPATH=/home/toby/ros2OnLaptop_ws/install/cv_bridge/lib/python3.6/site-packages:/home/toby/ros2OnLaptop_ws/build/turtlebot3_teleop:/home/toby/ros2OnLaptop_ws/install/turtlebot3_teleop/lib/python3.6/site-packages:/home/toby/ros2OnLaptop_ws/install/turtlebot3_msgs/lib/python3.6/site-packages:/home/toby/ros2OnLaptop_ws/install/theora_image_transport/lib/python3.6/site-packages:/home/toby/ros2OnLaptop_ws/build/opencv_tests:/home/toby/ros2OnLaptop_ws/install/opencv_tests/lib/python3.6/site-packages:/home/toby/ros2OnLaptop_ws/install/image_geometry/lib/python3.6/site-packages:/opt/ros/dashing/lib/python3.6/site-packages /usr/bin/cmake --build /home/toby/ros2OnLaptop_ws/build/followIssue -- -j4 -l4
[7.338s] DEBUG:colcon.colcon_core.event_handler.log_command:Invoked command in '/home/toby/ros2OnLaptop_ws/build/followIssue' returned '0': CMAKE_PREFIX_PATH=/home/toby/ros2OnLaptop_ws/install/cv_bridge:/home/toby/ros2OnLaptop_ws/install/followIssue:/home/toby/ros2OnLaptop_ws/install/vision_opencv:/home/toby/ros2OnLaptop_ws/install/videoRead:/home/toby/ros2OnLaptop_ws/install/turtlebot3:/home/toby/ros2OnLaptop_ws/install/turtlebot3_simulations:/home/toby/ros2OnLaptop_ws/install/turtlebot3_bringup:/home/toby/ros2OnLaptop_ws/install/square_move:/home/toby/ros2OnLaptop_ws/install/turtlebot3_node:/home/toby/ros2OnLaptop_ws/install/turtlebot3_navigation2:/home/toby/ros2OnLaptop_ws/install/turtlebot3_fake_node:/home/toby/ros2OnLaptop_ws/install/turtlebot3_teleop:/home/toby/ros2OnLaptop_ws/install/opencv_tests:/opt/ros/dashing:/home/toby/ros2OnLaptop_ws/install/turtlebot3_msgs:/home/toby/ros2OnLaptop_ws/install/turtlebot3_gazebo:/home/toby/ros2OnLaptop_ws/install/turtlebot3_description:/home/toby/ros2OnLaptop_ws/install/turtlebot3_cartographer:/home/toby/ros2OnLaptop_ws/install/image_transport_plugins:/home/toby/ros2OnLaptop_ws/install/theora_image_transport:/home/toby/ros2OnLaptop_ws/install/image_geometry:/home/toby/ros2OnLaptop_ws/install/hls_lfcd_lds_driver:/home/toby/ros2OnLaptop_ws/install/dynamixel_sdk:/home/toby/ros2OnLaptop_ws/install/compressed_image_transport:/home/toby/ros2OnLaptop_ws/install/compressed_depth_image_transport:/home/toby/ros2OnLaptop_ws/install/cpp_pubsub LD_LIBRARY_PATH=/home/toby/ros2OnLaptop_ws/install/cv_bridge/lib:/home/toby/ros2OnLaptop_ws/install/turtlebot3_msgs/lib:/home/toby/ros2OnLaptop_ws/install/theora_image_transport/lib:/home/toby/ros2OnLaptop_ws/install/image_geometry/lib:/home/toby/ros2OnLaptop_ws/install/dynamixel_sdk/lib:/home/toby/ros2OnLaptop_ws/install/compressed_image_transport/lib:/home/toby/ros2OnLaptop_ws/install/compressed_depth_image_transport/lib:/usr/lib/x86_64-linux-gnu/gazebo-9/plugins:/opt/ros/dashing/opt/yaml_cpp_vendor/lib:/opt/ros/dashing/opt/rviz_ogre_vendor/lib:/opt/ros/dashing/lib PYTHONPATH=/home/toby/ros2OnLaptop_ws/install/cv_bridge/lib/python3.6/site-packages:/home/toby/ros2OnLaptop_ws/build/turtlebot3_teleop:/home/toby/ros2OnLaptop_ws/install/turtlebot3_teleop/lib/python3.6/site-packages:/home/toby/ros2OnLaptop_ws/install/turtlebot3_msgs/lib/python3.6/site-packages:/home/toby/ros2OnLaptop_ws/install/theora_image_transport/lib/python3.6/site-packages:/home/toby/ros2OnLaptop_ws/build/opencv_tests:/home/toby/ros2OnLaptop_ws/install/opencv_tests/lib/python3.6/site-packages:/home/toby/ros2OnLaptop_ws/install/image_geometry/lib/python3.6/site-packages:/opt/ros/dashing/lib/python3.6/site-packages /usr/bin/cmake --build /home/toby/ros2OnLaptop_ws/build/followIssue -- -j4 -l4
[7.402s] DEBUG:colcon.colcon_core.event_handler.log_command:Invoking command in '/home/toby/ros2OnLaptop_ws/build/followIssue': CMAKE_PREFIX_PATH=/home/toby/ros2OnLaptop_ws/install/cv_bridge:/home/toby/ros2OnLaptop_ws/install/followIssue:/home/toby/ros2OnLaptop_ws/install/vision_opencv:/home/toby/ros2OnLaptop_ws/install/videoRead:/home/toby/ros2OnLaptop_ws/install/turtlebot3:/home/toby/ros2OnLaptop_ws/install/turtlebot3_simulations:/home/toby/ros2OnLaptop_ws/install/turtlebot3_bringup:/home/toby/ros2OnLaptop_ws/install/square_move:/home/toby/ros2OnLaptop_ws/install/turtlebot3_node:/home/toby/ros2OnLaptop_ws/install/turtlebot3_navigation2:/home/toby/ros2OnLaptop_ws/install/turtlebot3_fake_node:/home/toby/ros2OnLaptop_ws/install/turtlebot3_teleop:/home/toby/ros2OnLaptop_ws/install/opencv_tests:/opt/ros/dashing:/home/toby/ros2OnLaptop_ws/install/turtlebot3_msgs:/home/toby/ros2OnLaptop_ws/install/turtlebot3_gazebo:/home/toby/ros2OnLaptop_ws/install/turtlebot3_description:/home/toby/ros2OnLaptop_ws/install/turtlebot3_cartographer:/home/toby/ros2OnLaptop_ws/install/image_transport_plugins:/home/toby/ros2OnLaptop_ws/install/theora_image_transport:/home/toby/ros2OnLaptop_ws/install/image_geometry:/home/toby/ros2OnLaptop_ws/install/hls_lfcd_lds_driver:/home/toby/ros2OnLaptop_ws/install/dynamixel_sdk:/home/toby/ros2OnLaptop_ws/install/compressed_image_transport:/home/toby/ros2OnLaptop_ws/install/compressed_depth_image_transport:/home/toby/ros2OnLaptop_ws/install/cpp_pubsub LD_LIBRARY_PATH=/home/toby/ros2OnLaptop_ws/install/cv_bridge/lib:/home/toby/ros2OnLaptop_ws/install/turtlebot3_msgs/lib:/home/toby/ros2OnLaptop_ws/install/theora_image_transport/lib:/home/toby/ros2OnLaptop_ws/install/image_geometry/lib:/home/toby/ros2OnLaptop_ws/install/dynamixel_sdk/lib:/home/toby/ros2OnLaptop_ws/install/compressed_image_transport/lib:/home/toby/ros2OnLaptop_ws/install/compressed_depth_image_transport/lib:/usr/lib/x86_64-linux-gnu/gazebo-9/plugins:/opt/ros/dashing/opt/yaml_cpp_vendor/lib:/opt/ros/dashing/opt/rviz_ogre_vendor/lib:/opt/ros/dashing/lib PYTHONPATH=/home/toby/ros2OnLaptop_ws/install/cv_bridge/lib/python3.6/site-packages:/home/toby/ros2OnLaptop_ws/build/turtlebot3_teleop:/home/toby/ros2OnLaptop_ws/install/turtlebot3_teleop/lib/python3.6/site-packages:/home/toby/ros2OnLaptop_ws/install/turtlebot3_msgs/lib/python3.6/site-packages:/home/toby/ros2OnLaptop_ws/install/theora_image_transport/lib/python3.6/site-packages:/home/toby/ros2OnLaptop_ws/build/opencv_tests:/home/toby/ros2OnLaptop_ws/install/opencv_tests/lib/python3.6/site-packages:/home/toby/ros2OnLaptop_ws/install/image_geometry/lib/python3.6/site-packages:/opt/ros/dashing/lib/python3.6/site-packages /usr/bin/cmake --build /home/toby/ros2OnLaptop_ws/build/followIssue --target install -- -j4 -l4
[7.617s] Level 1:colcon.colcon_core.environment:create_environment_scripts_only(followIssue)
[7.620s] DEBUG:colcon.colcon_core.event_handler.log_command:Invoked command in '/home/toby/ros2OnLaptop_ws/build/followIssue' returned '0': CMAKE_PREFIX_PATH=/home/toby/ros2OnLaptop_ws/install/cv_bridge:/home/toby/ros2OnLaptop_ws/install/followIssue:/home/toby/ros2OnLaptop_ws/install/vision_opencv:/home/toby/ros2OnLaptop_ws/install/videoRead:/home/toby/ros2OnLaptop_ws/install/turtlebot3:/home/toby/ros2OnLaptop_ws/install/turtlebot3_simulations:/home/toby/ros2OnLaptop_ws/install/turtlebot3_bringup:/home/toby/ros2OnLaptop_ws/install/square_move:/home/toby/ros2OnLaptop_ws/install/turtlebot3_node:/home/toby/ros2OnLaptop_ws/install/turtlebot3_navigation2:/home/toby/ros2OnLaptop_ws/install/turtlebot3_fake_node:/home/toby/ros2OnLaptop_ws/install/turtlebot3_teleop:/home/toby/ros2OnLaptop_ws/install/opencv_tests:/opt/ros/dashing:/home/toby/ros2OnLaptop_ws/install/turtlebot3_msgs:/home/toby/ros2OnLaptop_ws/install/turtlebot3_gazebo:/home/toby/ros2OnLaptop_ws/install/turtlebot3_description:/home/toby/ros2OnLaptop_ws/install/turtlebot3_cartographer:/home/toby/ros2OnLaptop_ws/install/image_transport_plugins:/home/toby/ros2OnLaptop_ws/install/theora_image_transport:/home/toby/ros2OnLaptop_ws/install/image_geometry:/home/toby/ros2OnLaptop_ws/install/hls_lfcd_lds_driver:/home/toby/ros2OnLaptop_ws/install/dynamixel_sdk:/home/toby/ros2OnLaptop_ws/install/compressed_image_transport:/home/toby/ros2OnLaptop_ws/install/compressed_depth_image_transport:/home/toby/ros2OnLaptop_ws/install/cpp_pubsub LD_LIBRARY_PATH=/home/toby/ros2OnLaptop_ws/install/cv_bridge/lib:/home/toby/ros2OnLaptop_ws/install/turtlebot3_msgs/lib:/home/toby/ros2OnLaptop_ws/install/theora_image_transport/lib:/home/toby/ros2OnLaptop_ws/install/image_geometry/lib:/home/toby/ros2OnLaptop_ws/install/dynamixel_sdk/lib:/home/toby/ros2OnLaptop_ws/install/compressed_image_transport/lib:/home/toby/ros2OnLaptop_ws/install/compressed_depth_image_transport/lib:/usr/lib/x86_64-linux-gnu/gazebo-9/plugins:/opt/ros/dashing/opt/yaml_cpp_vendor/lib:/opt/ros/dashing/opt/rviz_ogre_vendor/lib:/opt/ros/dashing/lib PYTHONPATH=/home/toby/ros2OnLaptop_ws/install/cv_bridge/lib/python3.6/site-packages:/home/toby/ros2OnLaptop_ws/build/turtlebot3_teleop:/home/toby/ros2OnLaptop_ws/install/turtlebot3_teleop/lib/python3.6/site-packages:/home/toby/ros2OnLaptop_ws/install/turtlebot3_msgs/lib/python3.6/site-packages:/home/toby/ros2OnLaptop_ws/install/theora_image_transport/lib/python3.6/site-packages:/home/toby/ros2OnLaptop_ws/build/opencv_tests:/home/toby/ros2OnLaptop_ws/install/opencv_tests/lib/python3.6/site-packages:/home/toby/ros2OnLaptop_ws/install/image_geometry/lib/python3.6/site-packages:/opt/ros/dashing/lib/python3.6/site-packages /usr/bin/cmake --build /home/toby/ros2OnLaptop_ws/build/followIssue --target install -- -j4 -l4
[7.624s] Level 1:colcon.colcon_core.environment:checking '/home/toby/ros2OnLaptop_ws/install/followIssue' for CMake module files
[7.625s] Level 1:colcon.colcon_core.environment:checking '/home/toby/ros2OnLaptop_ws/install/followIssue' for CMake config files
[7.626s] Level 1:colcon.colcon_core.shell:create_environment_hook('followIssue', 'cmake_prefix_path')
[7.627s] INFO:colcon.colcon_core.shell:Creating environment hook '/home/toby/ros2OnLaptop_ws/install/followIssue/share/followIssue/hook/cmake_prefix_path.ps1'
[7.628s] INFO:colcon.colcon_core.shell:Creating environment descriptor '/home/toby/ros2OnLaptop_ws/install/followIssue/share/followIssue/hook/cmake_prefix_path.dsv'
[7.629s] INFO:colcon.colcon_core.shell:Creating environment hook '/home/toby/ros2OnLaptop_ws/install/followIssue/share/followIssue/hook/cmake_prefix_path.sh'
[7.631s] Level 1:colcon.colcon_core.environment:checking '/home/toby/ros2OnLaptop_ws/install/followIssue/lib'
[7.632s] Level 1:colcon.colcon_core.environment:checking '/home/toby/ros2OnLaptop_ws/install/followIssue/bin'
[7.632s] Level 1:colcon.colcon_core.environment:checking '/home/toby/ros2OnLaptop_ws/install/followIssue/lib/pkgconfig/followIssue.pc'
[7.632s] Level 1:colcon.colcon_core.environment:checking '/home/toby/ros2OnLaptop_ws/install/followIssue/lib/python3.6/site-packages'
[7.633s] INFO:colcon.colcon_core.shell:Creating package script '/home/toby/ros2OnLaptop_ws/install/followIssue/share/followIssue/package.ps1'
[7.635s] INFO:colcon.colcon_core.shell:Creating package descriptor '/home/toby/ros2OnLaptop_ws/install/followIssue/share/followIssue/package.dsv'
[7.636s] INFO:colcon.colcon_core.shell:Creating package script '/home/toby/ros2OnLaptop_ws/install/followIssue/share/followIssue/package.sh'
[7.638s] INFO:colcon.colcon_core.shell:Creating package script '/home/toby/ros2OnLaptop_ws/install/followIssue/share/followIssue/package.bash'
[7.639s] INFO:colcon.colcon_core.shell:Creating package script '/home/toby/ros2OnLaptop_ws/install/followIssue/share/followIssue/package.zsh'
[7.640s] Level 1:colcon.colcon_core.environment:create_file_with_runtime_dependencies(/home/toby/ros2OnLaptop_ws/install/followIssue/share/colcon-core/packages/followIssue)
[7.641s] DEBUG:colcon.colcon_parallel_executor.executor.parallel:closing loop
[7.642s] DEBUG:colcon.colcon_parallel_executor.executor.parallel:loop closed
[7.643s] DEBUG:colcon.colcon_parallel_executor.executor.parallel:run_until_complete finished with '0'
[7.643s] DEBUG:colcon.colcon_core.event_reactor:joining thread
[7.736s] INFO:colcon.colcon_core.plugin_system:Skipping extension 'colcon_notification.desktop_notification.terminal_notifier': Not used on non-Darwin systems
[7.736s] INFO:colcon.colcon_core.plugin_system:Skipping extension 'colcon_notification.desktop_notification.win32': Not used on non-Windows systems
[7.736s] INFO:colcon.colcon_notification.desktop_notification:Sending desktop notification using 'notify2'
[7.839s] DEBUG:colcon.colcon_core.event_reactor:joined thread
[7.841s] INFO:colcon.colcon_core.shell:Creating prefix script '/home/toby/ros2OnLaptop_ws/install/local_setup.ps1'
[7.844s] INFO:colcon.colcon_core.shell:Creating prefix util module '/home/toby/ros2OnLaptop_ws/install/_local_setup_util_ps1.py'
[7.848s] INFO:colcon.colcon_core.shell:Creating prefix chain script '/home/toby/ros2OnLaptop_ws/install/setup.ps1'
[7.856s] INFO:colcon.colcon_core.shell:Creating prefix script '/home/toby/ros2OnLaptop_ws/install/local_setup.sh'
[7.858s] INFO:colcon.colcon_core.shell:Creating prefix util module '/home/toby/ros2OnLaptop_ws/install/_local_setup_util_sh.py'
[7.858s] INFO:colcon.colcon_core.shell:Creating prefix chain script '/home/toby/ros2OnLaptop_ws/install/setup.sh'
[7.865s] INFO:colcon.colcon_core.shell:Creating prefix script '/home/toby/ros2OnLaptop_ws/install/local_setup.bash'
[7.866s] INFO:colcon.colcon_core.shell:Creating prefix chain script '/home/toby/ros2OnLaptop_ws/install/setup.bash'
[7.872s] INFO:colcon.colcon_core.shell:Creating prefix script '/home/toby/ros2OnLaptop_ws/install/local_setup.zsh'
[7.872s] INFO:colcon.colcon_core.shell:Creating prefix chain script '/home/toby/ros2OnLaptop_ws/install/setup.zsh'
