-- Found ament_cmake: 0.7.3 (/opt/ros/dashing/share/ament_cmake/cmake)
-- Using PYTHON_EXECUTABLE: /usr/bin/python3
-- Override CMake install command with custom implementation using symlinks instead of copying resources
-- Configuring done
-- Generating done
-- Build files have been written to: /home/toby/ThirdYearProject/ros2TurtleBot3_ws/build/turtlebot3_cartographer
[36mInstall the project...[0m
-- Install configuration: ""
-- Execute custom install script
-- Up-to-date symlink: /home/toby/ThirdYearProject/ros2TurtleBot3_ws/install/turtlebot3_cartographer/share/turtlebot3_cartographer/config/turtlebot3_lds_2d.lua
-- Up-to-date symlink: /home/toby/ThirdYearProject/ros2TurtleBot3_ws/install/turtlebot3_cartographer/share/turtlebot3_cartographer/launch/cartographer.launch.py
-- Up-to-date symlink: /home/toby/ThirdYearProject/ros2TurtleBot3_ws/install/turtlebot3_cartographer/share/turtlebot3_cartographer/launch/occupancy_grid.launch.py
-- Up-to-date symlink: /home/toby/ThirdYearProject/ros2TurtleBot3_ws/install/turtlebot3_cartographer/share/turtlebot3_cartographer/rviz/tb3_cartographer.rviz
-- Up-to-date symlink: /home/toby/ThirdYearProject/ros2TurtleBot3_ws/install/turtlebot3_cartographer/share/ament_index/resource_index/package_run_dependencies/turtlebot3_cartographer
-- Up-to-date symlink: /home/toby/ThirdYearProject/ros2TurtleBot3_ws/install/turtlebot3_cartographer/share/ament_index/resource_index/parent_prefix_path/turtlebot3_cartographer
-- Up-to-date symlink: /home/toby/ThirdYearProject/ros2TurtleBot3_ws/install/turtlebot3_cartographer/share/turtlebot3_cartographer/environment/ament_prefix_path.sh
-- Up-to-date symlink: /home/toby/ThirdYearProject/ros2TurtleBot3_ws/install/turtlebot3_cartographer/share/turtlebot3_cartographer/environment/path.sh
-- Up-to-date symlink: /home/toby/ThirdYearProject/ros2TurtleBot3_ws/install/turtlebot3_cartographer/share/turtlebot3_cartographer/local_setup.bash
-- Up-to-date symlink: /home/toby/ThirdYearProject/ros2TurtleBot3_ws/install/turtlebot3_cartographer/share/turtlebot3_cartographer/local_setup.sh
-- Up-to-date symlink: /home/toby/ThirdYearProject/ros2TurtleBot3_ws/install/turtlebot3_cartographer/share/turtlebot3_cartographer/local_setup.zsh
-- Up-to-date symlink: /home/toby/ThirdYearProject/ros2TurtleBot3_ws/install/turtlebot3_cartographer/share/ament_index/resource_index/packages/turtlebot3_cartographer
-- Up-to-date symlink: /home/toby/ThirdYearProject/ros2TurtleBot3_ws/install/turtlebot3_cartographer/share/turtlebot3_cartographer/cmake/turtlebot3_cartographerConfig.cmake
-- Up-to-date symlink: /home/toby/ThirdYearProject/ros2TurtleBot3_ws/install/turtlebot3_cartographer/share/turtlebot3_cartographer/cmake/turtlebot3_cartographerConfig-version.cmake
-- Up-to-date symlink: /home/toby/ThirdYearProject/ros2TurtleBot3_ws/install/turtlebot3_cartographer/share/turtlebot3_cartographer/package.xml
