-- Found ament_cmake: 0.7.3 (/opt/ros/dashing/share/ament_cmake/cmake)
-- Using PYTHON_EXECUTABLE: /usr/bin/python3
-- Override CMake install command with custom implementation using symlinks instead of copying resources
-- Found rclcpp: 0.7.11 (/opt/ros/dashing/share/rclcpp/cmake)
-- Found rosidl_adapter: 0.7.7 (/opt/ros/dashing/share/rosidl_adapter/cmake)
-- Found rmw_implementation_cmake: 0.7.2 (/opt/ros/dashing/share/rmw_implementation_cmake/cmake)
-- Found std_msgs: 0.7.0 (/opt/ros/dashing/share/std_msgs/cmake)
-- Found geometry_msgs: 0.7.0 (/opt/ros/dashing/share/geometry_msgs/cmake)
-- Found ament_lint_auto: 0.7.11 (/opt/ros/dashing/share/ament_lint_auto/cmake)
-- Added test 'copyright' to check for copyright in CMake / C / C++ / Python code
-- Added test 'cppcheck' to perform static code analysis on C / C++ code
-- Configured cppcheck include dirs: $<BUILD_INTERFACE:/home/toby/ThirdYearProject/ros2TurtleBot3_ws/src/square_move/include>
-- Added test 'cpplint' to check C / C++ code against the Google style
-- Added test 'lint_cmake' to check CMake code style
-- Added test 'uncrustify' to check C / C++ code style
-- Added test 'xmllint' to check XML markup files
-- Configuring done
-- Generating done
-- Build files have been written to: /home/toby/ThirdYearProject/ros2TurtleBot3_ws/build/square_move
[35m[1mScanning dependencies of target mover[0m
[ 50%] [32mBuilding CXX object CMakeFiles/mover.dir/src/mover.cpp.o[0m
[100%] [32m[1mLinking CXX executable mover[0m
[100%] Built target mover
[100%] Built target mover
[36mInstall the project...[0m
-- Install configuration: ""
-- Execute custom install script
-- Up-to-date symlink: /home/toby/ThirdYearProject/ros2TurtleBot3_ws/install/square_move/share/ament_index/resource_index/package_run_dependencies/square_move
-- Up-to-date symlink: /home/toby/ThirdYearProject/ros2TurtleBot3_ws/install/square_move/share/ament_index/resource_index/parent_prefix_path/square_move
-- Up-to-date symlink: /home/toby/ThirdYearProject/ros2TurtleBot3_ws/install/square_move/share/square_move/environment/ament_prefix_path.sh
-- Up-to-date symlink: /home/toby/ThirdYearProject/ros2TurtleBot3_ws/install/square_move/share/square_move/environment/path.sh
-- Up-to-date symlink: /home/toby/ThirdYearProject/ros2TurtleBot3_ws/install/square_move/share/square_move/local_setup.bash
-- Up-to-date symlink: /home/toby/ThirdYearProject/ros2TurtleBot3_ws/install/square_move/share/square_move/local_setup.sh
-- Up-to-date symlink: /home/toby/ThirdYearProject/ros2TurtleBot3_ws/install/square_move/share/square_move/local_setup.zsh
-- Up-to-date symlink: /home/toby/ThirdYearProject/ros2TurtleBot3_ws/install/square_move/share/ament_index/resource_index/packages/square_move
-- Up-to-date symlink: /home/toby/ThirdYearProject/ros2TurtleBot3_ws/install/square_move/share/square_move/cmake/square_moveConfig.cmake
-- Up-to-date symlink: /home/toby/ThirdYearProject/ros2TurtleBot3_ws/install/square_move/share/square_move/cmake/square_moveConfig-version.cmake
-- Up-to-date symlink: /home/toby/ThirdYearProject/ros2TurtleBot3_ws/install/square_move/share/square_move/package.xml
-- Installing: /home/toby/ThirdYearProject/ros2TurtleBot3_ws/install/square_move/lib/square_move/mover
-- Set runtime path of "/home/toby/ThirdYearProject/ros2TurtleBot3_ws/install/square_move/lib/square_move/mover" to ""
