-- Found ament_cmake: 0.7.3 (/opt/ros/dashing/share/ament_cmake/cmake)
-- Using PYTHON_EXECUTABLE: /usr/bin/python3
-- Override CMake install command with custom implementation using symlinks instead of copying resources
-- Found dynamixel_sdk: 3.7.20 (/home/toby/ThirdYearProject/ros2TurtleBot3_ws/install/dynamixel_sdk/share/dynamixel_sdk/cmake)
-- Found geometry_msgs: 0.7.0 (/opt/ros/dashing/share/geometry_msgs/cmake)
-- Found rosidl_adapter: 0.7.7 (/opt/ros/dashing/share/rosidl_adapter/cmake)
-- Found message_filters: 3.1.2 (/opt/ros/dashing/share/message_filters/cmake)
-- Found nav_msgs: 0.7.0 (/opt/ros/dashing/share/nav_msgs/cmake)
-- Found rclcpp: 0.7.11 (/opt/ros/dashing/share/rclcpp/cmake)
-- Found rmw_implementation_cmake: 0.7.2 (/opt/ros/dashing/share/rmw_implementation_cmake/cmake)
-- Found sensor_msgs: 0.7.0 (/opt/ros/dashing/share/sensor_msgs/cmake)
-- Found std_srvs: 0.7.0 (/opt/ros/dashing/share/std_srvs/cmake)
-- Found tf2: 0.11.5 (/opt/ros/dashing/share/tf2/cmake)
-- Found tf2_ros: 0.11.5 (/opt/ros/dashing/share/tf2_ros/cmake)
-- Found turtlebot3_msgs: 2.2.0 (/home/toby/ThirdYearProject/ros2TurtleBot3_ws/install/turtlebot3_msgs/share/turtlebot3_msgs/cmake)
-- Configuring done
-- Generating done
-- Build files have been written to: /home/toby/ThirdYearProject/ros2TurtleBot3_ws/build/turtlebot3_node
[ 85%] Built target turtlebot3_node_lib
[100%] Built target turtlebot3_ros
[ 85%] Built target turtlebot3_node_lib
[100%] Built target turtlebot3_ros
[36mInstall the project...[0m
-- Install configuration: ""
-- Execute custom install script
-- Up-to-date symlink: /home/toby/ThirdYearProject/ros2TurtleBot3_ws/install/turtlebot3_node/share/turtlebot3_node/param/burger.yaml
-- Up-to-date symlink: /home/toby/ThirdYearProject/ros2TurtleBot3_ws/install/turtlebot3_node/share/turtlebot3_node/param/waffle.yaml
-- Up-to-date symlink: /home/toby/ThirdYearProject/ros2TurtleBot3_ws/install/turtlebot3_node/share/turtlebot3_node/param/waffle_pi.yaml
-- Up-to-date symlink: /home/toby/ThirdYearProject/ros2TurtleBot3_ws/install/turtlebot3_node/lib/turtlebot3_node/turtlebot3_ros
-- Up-to-date symlink: /home/toby/ThirdYearProject/ros2TurtleBot3_ws/install/turtlebot3_node/share/ament_index/resource_index/package_run_dependencies/turtlebot3_node
-- Up-to-date symlink: /home/toby/ThirdYearProject/ros2TurtleBot3_ws/install/turtlebot3_node/share/ament_index/resource_index/parent_prefix_path/turtlebot3_node
-- Up-to-date symlink: /home/toby/ThirdYearProject/ros2TurtleBot3_ws/install/turtlebot3_node/share/turtlebot3_node/environment/ament_prefix_path.sh
-- Up-to-date symlink: /home/toby/ThirdYearProject/ros2TurtleBot3_ws/install/turtlebot3_node/share/turtlebot3_node/environment/path.sh
-- Up-to-date symlink: /home/toby/ThirdYearProject/ros2TurtleBot3_ws/install/turtlebot3_node/share/turtlebot3_node/local_setup.bash
-- Up-to-date symlink: /home/toby/ThirdYearProject/ros2TurtleBot3_ws/install/turtlebot3_node/share/turtlebot3_node/local_setup.sh
-- Up-to-date symlink: /home/toby/ThirdYearProject/ros2TurtleBot3_ws/install/turtlebot3_node/share/turtlebot3_node/local_setup.zsh
-- Up-to-date symlink: /home/toby/ThirdYearProject/ros2TurtleBot3_ws/install/turtlebot3_node/share/ament_index/resource_index/packages/turtlebot3_node
-- Up-to-date symlink: /home/toby/ThirdYearProject/ros2TurtleBot3_ws/install/turtlebot3_node/share/turtlebot3_node/cmake/ament_cmake_export_include_directories-extras.cmake
-- Up-to-date symlink: /home/toby/ThirdYearProject/ros2TurtleBot3_ws/install/turtlebot3_node/share/turtlebot3_node/cmake/turtlebot3_nodeConfig.cmake
-- Up-to-date symlink: /home/toby/ThirdYearProject/ros2TurtleBot3_ws/install/turtlebot3_node/share/turtlebot3_node/cmake/turtlebot3_nodeConfig-version.cmake
-- Up-to-date symlink: /home/toby/ThirdYearProject/ros2TurtleBot3_ws/install/turtlebot3_node/share/turtlebot3_node/package.xml
