Invoking command in '/home/toby/ThirdYearProject/ros2TurtleBot3_ws/build/turtlebot3_node': AMENT_PREFIX_PATH=/home/toby/ThirdYearProject/ros2TurtleBot3_ws/install/turtlebot3_msgs:/home/toby/ThirdYearProject/ros2TurtleBot3_ws/install/dynamixel_sdk:${AMENT_PREFIX_PATH} CMAKE_PREFIX_PATH=/home/toby/ThirdYearProject/ros2TurtleBot3_ws/install/turtlebot3_msgs:/home/toby/ThirdYearProject/ros2TurtleBot3_ws/install/dynamixel_sdk:/home/toby/ThirdYearProject/ros2TurtleBot3_ws/install/cpp_pubsub:/home/toby/turtlebot3_ws/install/turtlebot3:/home/toby/turtlebot3_ws/install/turtlebot3_simulations:/home/toby/turtlebot3_ws/install/turtlebot3_bringup:/home/toby/turtlebot3_ws/install/turtlebot3_node:/home/toby/turtlebot3_ws/install/turtlebot3_navigation2:/home/toby/turtlebot3_ws/install/turtlebot3_fake_node:/home/toby/turtlebot3_ws/install/turtlebot3_msgs:/home/toby/turtlebot3_ws/install/turtlebot3_gazebo:/home/toby/turtlebot3_ws/install/turtlebot3_description:/home/toby/turtlebot3_ws/install/turtlebot3_cartographer:/home/toby/turtlebot3_ws/install/hls_lfcd_lds_driver:/home/toby/turtlebot3_ws/install/dynamixel_sdk:/home/toby/turtlebot3_ws/install/turtlebot3_teleop:/opt/ros/dashing LD_LIBRARY_PATH=/home/toby/ThirdYearProject/ros2TurtleBot3_ws/install/turtlebot3_msgs/lib:/home/toby/ThirdYearProject/ros2TurtleBot3_ws/install/dynamixel_sdk/lib:${LD_LIBRARY_PATH} PYTHONPATH=/home/toby/ThirdYearProject/ros2TurtleBot3_ws/install/turtlebot3_msgs/lib/python3.6/site-packages:${PYTHONPATH} /usr/bin/cmake /home/toby/ThirdYearProject/ros2TurtleBot3_ws/src/turtlebot3/turtlebot3/turtlebot3_node -DAMENT_CMAKE_SYMLINK_INSTALL=1 -DCMAKE_INSTALL_PREFIX=/home/toby/ThirdYearProject/ros2TurtleBot3_ws/install/turtlebot3_node
-- The C compiler identification is GNU 7.4.0
-- The CXX compiler identification is GNU 7.4.0
-- Check for working C compiler: /usr/bin/cc
-- Check for working C compiler: /usr/bin/cc -- works
-- Detecting C compiler ABI info
-- Detecting C compiler ABI info - done
-- Detecting C compile features
-- Detecting C compile features - done
-- Check for working CXX compiler: /usr/bin/c++
-- Check for working CXX compiler: /usr/bin/c++ -- works
-- Detecting CXX compiler ABI info
-- Detecting CXX compiler ABI info - done
-- Detecting CXX compile features
-- Detecting CXX compile features - done
-- Found ament_cmake: 0.7.3 (/opt/ros/dashing/share/ament_cmake/cmake)
-- Found PythonInterp: /usr/bin/python3 (found suitable version "3.6.8", minimum required is "3") 
-- Using PYTHON_EXECUTABLE: /usr/bin/python3
-- Override CMake install command with custom implementation using symlinks instead of copying resources
-- Found dynamixel_sdk: 3.7.20 (/home/toby/ThirdYearProject/ros2TurtleBot3_ws/install/dynamixel_sdk/share/dynamixel_sdk/cmake)
-- Found geometry_msgs: 0.7.0 (/opt/ros/dashing/share/geometry_msgs/cmake)
-- Found rosidl_adapter: 0.7.7 (/opt/ros/dashing/share/rosidl_adapter/cmake)
-- Found message_filters: 3.1.2 (/opt/ros/dashing/share/message_filters/cmake)
-- Found nav_msgs: 0.7.0 (/opt/ros/dashing/share/nav_msgs/cmake)
-- Found rclcpp: 0.7.11 (/opt/ros/dashing/share/rclcpp/cmake)
-- Found rmw_implementation_cmake: 0.7.2 (/opt/ros/dashing/share/rmw_implementation_cmake/cmake)
-- Looking for pthread.h
-- Looking for pthread.h - found
-- Looking for pthread_create
-- Looking for pthread_create - not found
-- Looking for pthread_create in pthreads
-- Looking for pthread_create in pthreads - not found
-- Looking for pthread_create in pthread
-- Looking for pthread_create in pthread - found
-- Found Threads: TRUE  
-- Found sensor_msgs: 0.7.0 (/opt/ros/dashing/share/sensor_msgs/cmake)
-- Found std_srvs: 0.7.0 (/opt/ros/dashing/share/std_srvs/cmake)
-- Found tf2: 0.11.5 (/opt/ros/dashing/share/tf2/cmake)
-- Found tf2_ros: 0.11.5 (/opt/ros/dashing/share/tf2_ros/cmake)
-- Found turtlebot3_msgs: 2.2.0 (/home/toby/ThirdYearProject/ros2TurtleBot3_ws/install/turtlebot3_msgs/share/turtlebot3_msgs/cmake)
-- Configuring done
-- Generating done
-- Build files have been written to: /home/toby/ThirdYearProject/ros2TurtleBot3_ws/build/turtlebot3_node
Invoked command in '/home/toby/ThirdYearProject/ros2TurtleBot3_ws/build/turtlebot3_node' returned '0': AMENT_PREFIX_PATH=/home/toby/ThirdYearProject/ros2TurtleBot3_ws/install/turtlebot3_msgs:/home/toby/ThirdYearProject/ros2TurtleBot3_ws/install/dynamixel_sdk:${AMENT_PREFIX_PATH} CMAKE_PREFIX_PATH=/home/toby/ThirdYearProject/ros2TurtleBot3_ws/install/turtlebot3_msgs:/home/toby/ThirdYearProject/ros2TurtleBot3_ws/install/dynamixel_sdk:/home/toby/ThirdYearProject/ros2TurtleBot3_ws/install/cpp_pubsub:/home/toby/turtlebot3_ws/install/turtlebot3:/home/toby/turtlebot3_ws/install/turtlebot3_simulations:/home/toby/turtlebot3_ws/install/turtlebot3_bringup:/home/toby/turtlebot3_ws/install/turtlebot3_node:/home/toby/turtlebot3_ws/install/turtlebot3_navigation2:/home/toby/turtlebot3_ws/install/turtlebot3_fake_node:/home/toby/turtlebot3_ws/install/turtlebot3_msgs:/home/toby/turtlebot3_ws/install/turtlebot3_gazebo:/home/toby/turtlebot3_ws/install/turtlebot3_description:/home/toby/turtlebot3_ws/install/turtlebot3_cartographer:/home/toby/turtlebot3_ws/install/hls_lfcd_lds_driver:/home/toby/turtlebot3_ws/install/dynamixel_sdk:/home/toby/turtlebot3_ws/install/turtlebot3_teleop:/opt/ros/dashing LD_LIBRARY_PATH=/home/toby/ThirdYearProject/ros2TurtleBot3_ws/install/turtlebot3_msgs/lib:/home/toby/ThirdYearProject/ros2TurtleBot3_ws/install/dynamixel_sdk/lib:${LD_LIBRARY_PATH} PYTHONPATH=/home/toby/ThirdYearProject/ros2TurtleBot3_ws/install/turtlebot3_msgs/lib/python3.6/site-packages:${PYTHONPATH} /usr/bin/cmake /home/toby/ThirdYearProject/ros2TurtleBot3_ws/src/turtlebot3/turtlebot3/turtlebot3_node -DAMENT_CMAKE_SYMLINK_INSTALL=1 -DCMAKE_INSTALL_PREFIX=/home/toby/ThirdYearProject/ros2TurtleBot3_ws/install/turtlebot3_node
Invoking command in '/home/toby/ThirdYearProject/ros2TurtleBot3_ws/build/turtlebot3_node': AMENT_PREFIX_PATH=/home/toby/ThirdYearProject/ros2TurtleBot3_ws/install/turtlebot3_msgs:/home/toby/ThirdYearProject/ros2TurtleBot3_ws/install/dynamixel_sdk:${AMENT_PREFIX_PATH} CMAKE_PREFIX_PATH=/home/toby/ThirdYearProject/ros2TurtleBot3_ws/install/turtlebot3_msgs:/home/toby/ThirdYearProject/ros2TurtleBot3_ws/install/dynamixel_sdk:/home/toby/ThirdYearProject/ros2TurtleBot3_ws/install/cpp_pubsub:/home/toby/turtlebot3_ws/install/turtlebot3:/home/toby/turtlebot3_ws/install/turtlebot3_simulations:/home/toby/turtlebot3_ws/install/turtlebot3_bringup:/home/toby/turtlebot3_ws/install/turtlebot3_node:/home/toby/turtlebot3_ws/install/turtlebot3_navigation2:/home/toby/turtlebot3_ws/install/turtlebot3_fake_node:/home/toby/turtlebot3_ws/install/turtlebot3_msgs:/home/toby/turtlebot3_ws/install/turtlebot3_gazebo:/home/toby/turtlebot3_ws/install/turtlebot3_description:/home/toby/turtlebot3_ws/install/turtlebot3_cartographer:/home/toby/turtlebot3_ws/install/hls_lfcd_lds_driver:/home/toby/turtlebot3_ws/install/dynamixel_sdk:/home/toby/turtlebot3_ws/install/turtlebot3_teleop:/opt/ros/dashing LD_LIBRARY_PATH=/home/toby/ThirdYearProject/ros2TurtleBot3_ws/install/turtlebot3_msgs/lib:/home/toby/ThirdYearProject/ros2TurtleBot3_ws/install/dynamixel_sdk/lib:${LD_LIBRARY_PATH} PYTHONPATH=/home/toby/ThirdYearProject/ros2TurtleBot3_ws/install/turtlebot3_msgs/lib/python3.6/site-packages:${PYTHONPATH} /usr/bin/cmake --build /home/toby/ThirdYearProject/ros2TurtleBot3_ws/build/turtlebot3_node -- -j4 -l4
[35m[1mScanning dependencies of target turtlebot3_node_lib[0m
[  7%] [32mBuilding CXX object CMakeFiles/turtlebot3_node_lib.dir/src/devices/motor_power.cpp.o[0m
[ 14%] [32mBuilding CXX object CMakeFiles/turtlebot3_node_lib.dir/src/devices/sound.cpp.o[0m
[ 21%] [32mBuilding CXX object CMakeFiles/turtlebot3_node_lib.dir/src/devices/reset.cpp.o[0m
[ 28%] [32mBuilding CXX object CMakeFiles/turtlebot3_node_lib.dir/src/diff_drive_controller.cpp.o[0m
[ 35%] [32mBuilding CXX object CMakeFiles/turtlebot3_node_lib.dir/src/dynamixel_sdk_wrapper.cpp.o[0m
[ 42%] [32mBuilding CXX object CMakeFiles/turtlebot3_node_lib.dir/src/odometry.cpp.o[0m
[ 50%] [32mBuilding CXX object CMakeFiles/turtlebot3_node_lib.dir/src/turtlebot3.cpp.o[0m
[ 57%] [32mBuilding CXX object CMakeFiles/turtlebot3_node_lib.dir/src/sensors/battery_state.cpp.o[0m
[ 64%] [32mBuilding CXX object CMakeFiles/turtlebot3_node_lib.dir/src/sensors/imu.cpp.o[0m
[ 71%] [32mBuilding CXX object CMakeFiles/turtlebot3_node_lib.dir/src/sensors/joint_state.cpp.o[0m
[ 78%] [32mBuilding CXX object CMakeFiles/turtlebot3_node_lib.dir/src/sensors/sensor_state.cpp.o[0m
[ 85%] [32m[1mLinking CXX static library libturtlebot3_node_lib.a[0m
[ 85%] Built target turtlebot3_node_lib
[35m[1mScanning dependencies of target turtlebot3_ros[0m
[ 92%] [32mBuilding CXX object CMakeFiles/turtlebot3_ros.dir/src/node_main.cpp.o[0m
[100%] [32m[1mLinking CXX executable turtlebot3_ros[0m
[100%] Built target turtlebot3_ros
Invoked command in '/home/toby/ThirdYearProject/ros2TurtleBot3_ws/build/turtlebot3_node' returned '0': AMENT_PREFIX_PATH=/home/toby/ThirdYearProject/ros2TurtleBot3_ws/install/turtlebot3_msgs:/home/toby/ThirdYearProject/ros2TurtleBot3_ws/install/dynamixel_sdk:${AMENT_PREFIX_PATH} CMAKE_PREFIX_PATH=/home/toby/ThirdYearProject/ros2TurtleBot3_ws/install/turtlebot3_msgs:/home/toby/ThirdYearProject/ros2TurtleBot3_ws/install/dynamixel_sdk:/home/toby/ThirdYearProject/ros2TurtleBot3_ws/install/cpp_pubsub:/home/toby/turtlebot3_ws/install/turtlebot3:/home/toby/turtlebot3_ws/install/turtlebot3_simulations:/home/toby/turtlebot3_ws/install/turtlebot3_bringup:/home/toby/turtlebot3_ws/install/turtlebot3_node:/home/toby/turtlebot3_ws/install/turtlebot3_navigation2:/home/toby/turtlebot3_ws/install/turtlebot3_fake_node:/home/toby/turtlebot3_ws/install/turtlebot3_msgs:/home/toby/turtlebot3_ws/install/turtlebot3_gazebo:/home/toby/turtlebot3_ws/install/turtlebot3_description:/home/toby/turtlebot3_ws/install/turtlebot3_cartographer:/home/toby/turtlebot3_ws/install/hls_lfcd_lds_driver:/home/toby/turtlebot3_ws/install/dynamixel_sdk:/home/toby/turtlebot3_ws/install/turtlebot3_teleop:/opt/ros/dashing LD_LIBRARY_PATH=/home/toby/ThirdYearProject/ros2TurtleBot3_ws/install/turtlebot3_msgs/lib:/home/toby/ThirdYearProject/ros2TurtleBot3_ws/install/dynamixel_sdk/lib:${LD_LIBRARY_PATH} PYTHONPATH=/home/toby/ThirdYearProject/ros2TurtleBot3_ws/install/turtlebot3_msgs/lib/python3.6/site-packages:${PYTHONPATH} /usr/bin/cmake --build /home/toby/ThirdYearProject/ros2TurtleBot3_ws/build/turtlebot3_node -- -j4 -l4
Invoking command in '/home/toby/ThirdYearProject/ros2TurtleBot3_ws/build/turtlebot3_node': AMENT_PREFIX_PATH=/home/toby/ThirdYearProject/ros2TurtleBot3_ws/install/turtlebot3_msgs:/home/toby/ThirdYearProject/ros2TurtleBot3_ws/install/dynamixel_sdk:${AMENT_PREFIX_PATH} CMAKE_PREFIX_PATH=/home/toby/ThirdYearProject/ros2TurtleBot3_ws/install/turtlebot3_msgs:/home/toby/ThirdYearProject/ros2TurtleBot3_ws/install/dynamixel_sdk:/home/toby/ThirdYearProject/ros2TurtleBot3_ws/install/cpp_pubsub:/home/toby/turtlebot3_ws/install/turtlebot3:/home/toby/turtlebot3_ws/install/turtlebot3_simulations:/home/toby/turtlebot3_ws/install/turtlebot3_bringup:/home/toby/turtlebot3_ws/install/turtlebot3_node:/home/toby/turtlebot3_ws/install/turtlebot3_navigation2:/home/toby/turtlebot3_ws/install/turtlebot3_fake_node:/home/toby/turtlebot3_ws/install/turtlebot3_msgs:/home/toby/turtlebot3_ws/install/turtlebot3_gazebo:/home/toby/turtlebot3_ws/install/turtlebot3_description:/home/toby/turtlebot3_ws/install/turtlebot3_cartographer:/home/toby/turtlebot3_ws/install/hls_lfcd_lds_driver:/home/toby/turtlebot3_ws/install/dynamixel_sdk:/home/toby/turtlebot3_ws/install/turtlebot3_teleop:/opt/ros/dashing LD_LIBRARY_PATH=/home/toby/ThirdYearProject/ros2TurtleBot3_ws/install/turtlebot3_msgs/lib:/home/toby/ThirdYearProject/ros2TurtleBot3_ws/install/dynamixel_sdk/lib:${LD_LIBRARY_PATH} PYTHONPATH=/home/toby/ThirdYearProject/ros2TurtleBot3_ws/install/turtlebot3_msgs/lib/python3.6/site-packages:${PYTHONPATH} /usr/bin/cmake --build /home/toby/ThirdYearProject/ros2TurtleBot3_ws/build/turtlebot3_node --target install -- -j4 -l4
[ 85%] Built target turtlebot3_node_lib
[100%] Built target turtlebot3_ros
[36mInstall the project...[0m
-- Install configuration: ""
-- Execute custom install script
-- Symlinking: /home/toby/ThirdYearProject/ros2TurtleBot3_ws/install/turtlebot3_node/share/turtlebot3_node/param/burger.yaml
-- Symlinking: /home/toby/ThirdYearProject/ros2TurtleBot3_ws/install/turtlebot3_node/share/turtlebot3_node/param/waffle.yaml
-- Symlinking: /home/toby/ThirdYearProject/ros2TurtleBot3_ws/install/turtlebot3_node/share/turtlebot3_node/param/waffle_pi.yaml
-- Symlinking: /home/toby/ThirdYearProject/ros2TurtleBot3_ws/install/turtlebot3_node/lib/turtlebot3_node/turtlebot3_ros
-- Symlinking: /home/toby/ThirdYearProject/ros2TurtleBot3_ws/install/turtlebot3_node/share/ament_index/resource_index/package_run_dependencies/turtlebot3_node
-- Symlinking: /home/toby/ThirdYearProject/ros2TurtleBot3_ws/install/turtlebot3_node/share/ament_index/resource_index/parent_prefix_path/turtlebot3_node
-- Symlinking: /home/toby/ThirdYearProject/ros2TurtleBot3_ws/install/turtlebot3_node/share/turtlebot3_node/environment/ament_prefix_path.sh
-- Symlinking: /home/toby/ThirdYearProject/ros2TurtleBot3_ws/install/turtlebot3_node/share/turtlebot3_node/environment/path.sh
-- Symlinking: /home/toby/ThirdYearProject/ros2TurtleBot3_ws/install/turtlebot3_node/share/turtlebot3_node/local_setup.bash
-- Symlinking: /home/toby/ThirdYearProject/ros2TurtleBot3_ws/install/turtlebot3_node/share/turtlebot3_node/local_setup.sh
-- Symlinking: /home/toby/ThirdYearProject/ros2TurtleBot3_ws/install/turtlebot3_node/share/turtlebot3_node/local_setup.zsh
-- Symlinking: /home/toby/ThirdYearProject/ros2TurtleBot3_ws/install/turtlebot3_node/share/ament_index/resource_index/packages/turtlebot3_node
-- Symlinking: /home/toby/ThirdYearProject/ros2TurtleBot3_ws/install/turtlebot3_node/share/turtlebot3_node/cmake/ament_cmake_export_include_directories-extras.cmake
-- Symlinking: /home/toby/ThirdYearProject/ros2TurtleBot3_ws/install/turtlebot3_node/share/turtlebot3_node/cmake/turtlebot3_nodeConfig.cmake
-- Symlinking: /home/toby/ThirdYearProject/ros2TurtleBot3_ws/install/turtlebot3_node/share/turtlebot3_node/cmake/turtlebot3_nodeConfig-version.cmake
-- Symlinking: /home/toby/ThirdYearProject/ros2TurtleBot3_ws/install/turtlebot3_node/share/turtlebot3_node/package.xml
Invoked command in '/home/toby/ThirdYearProject/ros2TurtleBot3_ws/build/turtlebot3_node' returned '0': AMENT_PREFIX_PATH=/home/toby/ThirdYearProject/ros2TurtleBot3_ws/install/turtlebot3_msgs:/home/toby/ThirdYearProject/ros2TurtleBot3_ws/install/dynamixel_sdk:${AMENT_PREFIX_PATH} CMAKE_PREFIX_PATH=/home/toby/ThirdYearProject/ros2TurtleBot3_ws/install/turtlebot3_msgs:/home/toby/ThirdYearProject/ros2TurtleBot3_ws/install/dynamixel_sdk:/home/toby/ThirdYearProject/ros2TurtleBot3_ws/install/cpp_pubsub:/home/toby/turtlebot3_ws/install/turtlebot3:/home/toby/turtlebot3_ws/install/turtlebot3_simulations:/home/toby/turtlebot3_ws/install/turtlebot3_bringup:/home/toby/turtlebot3_ws/install/turtlebot3_node:/home/toby/turtlebot3_ws/install/turtlebot3_navigation2:/home/toby/turtlebot3_ws/install/turtlebot3_fake_node:/home/toby/turtlebot3_ws/install/turtlebot3_msgs:/home/toby/turtlebot3_ws/install/turtlebot3_gazebo:/home/toby/turtlebot3_ws/install/turtlebot3_description:/home/toby/turtlebot3_ws/install/turtlebot3_cartographer:/home/toby/turtlebot3_ws/install/hls_lfcd_lds_driver:/home/toby/turtlebot3_ws/install/dynamixel_sdk:/home/toby/turtlebot3_ws/install/turtlebot3_teleop:/opt/ros/dashing LD_LIBRARY_PATH=/home/toby/ThirdYearProject/ros2TurtleBot3_ws/install/turtlebot3_msgs/lib:/home/toby/ThirdYearProject/ros2TurtleBot3_ws/install/dynamixel_sdk/lib:${LD_LIBRARY_PATH} PYTHONPATH=/home/toby/ThirdYearProject/ros2TurtleBot3_ws/install/turtlebot3_msgs/lib/python3.6/site-packages:${PYTHONPATH} /usr/bin/cmake --build /home/toby/ThirdYearProject/ros2TurtleBot3_ws/build/turtlebot3_node --target install -- -j4 -l4
