[0.270s] DEBUG:colcon:Command line arguments: ['/usr/bin/colcon', 'build']
[0.270s] DEBUG:colcon:Parsed command line arguments: Namespace(ament_cmake_args=None, base_paths='.', build_base='build', catkin_cmake_args=None, catkin_skip_building_tests=False, cmake_args=None, cmake_clean_cache=False, cmake_clean_first=False, cmake_force_configure=False, cmake_target=None, cmake_target_skip_unavailable=False, continue_on_error=False, event_handlers=None, executor='parallel', ignore_user_meta=False, install_base='install', log_base='log', log_level=None, main=<bound method BuildVerb.main of <colcon_core.verb.build.BuildVerb object at 0x7f7e55be2240>>, merge_install=False, metas='./colcon.meta', packages_above=None, packages_above_depth=None, packages_end=None, packages_ignore=None, packages_ignore_regex=None, packages_select=None, packages_select_build_failed=False, packages_select_by_dep=None, packages_select_regex=None, packages_select_test_failures=False, packages_skip=None, packages_skip_build_finished=False, packages_skip_by_dep=None, packages_skip_regex=None, packages_skip_test_passed=False, packages_skip_up_to=None, packages_start=None, packages_up_to=None, parallel_workers=4, paths=None, symlink_install=False, test_result_base=None, verb_extension=<colcon_core.verb.build.BuildVerb object at 0x7f7e55be2240>, verb_name='build', verb_parser=<colcon_defaults.argument_parser.defaults.DefaultArgumentsDecorator object at 0x7f7e55be2470>)
[0.335s] Level 1:colcon.colcon_core.package_discovery:discover_packages(colcon_meta) check parameters
[0.335s] Level 1:colcon.colcon_core.package_discovery:discover_packages(recursive) check parameters
[0.335s] Level 1:colcon.colcon_core.package_discovery:discover_packages(ignore) check parameters
[0.335s] Level 1:colcon.colcon_core.package_discovery:discover_packages(path) check parameters
[0.335s] Level 1:colcon.colcon_core.package_discovery:discover_packages(recursive) discover
[0.336s] INFO:colcon.colcon_core.package_discovery:Crawling recursively for packages in '/home/toby/ThirdYearProject/ros2TurtleBot3_ws'
[0.336s] Level 1:colcon.colcon_core.package_identification:_identify(/home/toby/ThirdYearProject/ros2TurtleBot3_ws) by extensions ['ignore', 'ignore_ament_install']
[0.336s] Level 1:colcon.colcon_core.package_identification:_identify(/home/toby/ThirdYearProject/ros2TurtleBot3_ws) by extension 'ignore'
[0.336s] Level 1:colcon.colcon_core.package_identification:_identify(/home/toby/ThirdYearProject/ros2TurtleBot3_ws) by extension 'ignore_ament_install'
[0.337s] Level 1:colcon.colcon_core.package_identification:_identify(/home/toby/ThirdYearProject/ros2TurtleBot3_ws) by extensions ['colcon_pkg']
[0.337s] Level 1:colcon.colcon_core.package_identification:_identify(/home/toby/ThirdYearProject/ros2TurtleBot3_ws) by extension 'colcon_pkg'
[0.337s] Level 1:colcon.colcon_core.package_identification:_identify(/home/toby/ThirdYearProject/ros2TurtleBot3_ws) by extensions ['colcon_meta']
[0.337s] Level 1:colcon.colcon_core.package_identification:_identify(/home/toby/ThirdYearProject/ros2TurtleBot3_ws) by extension 'colcon_meta'
[0.337s] Level 1:colcon.colcon_core.package_identification:_identify(/home/toby/ThirdYearProject/ros2TurtleBot3_ws) by extensions ['ros']
[0.337s] Level 1:colcon.colcon_core.package_identification:_identify(/home/toby/ThirdYearProject/ros2TurtleBot3_ws) by extension 'ros'
[0.357s] Level 1:colcon.colcon_core.package_identification:_identify(/home/toby/ThirdYearProject/ros2TurtleBot3_ws) by extensions ['cmake', 'python']
[0.357s] Level 1:colcon.colcon_core.package_identification:_identify(/home/toby/ThirdYearProject/ros2TurtleBot3_ws) by extension 'cmake'
[0.357s] Level 1:colcon.colcon_core.package_identification:_identify(/home/toby/ThirdYearProject/ros2TurtleBot3_ws) by extension 'python'
[0.358s] Level 1:colcon.colcon_core.package_identification:_identify(/home/toby/ThirdYearProject/ros2TurtleBot3_ws) by extensions ['python_setup_py']
[0.358s] Level 1:colcon.colcon_core.package_identification:_identify(/home/toby/ThirdYearProject/ros2TurtleBot3_ws) by extension 'python_setup_py'
[0.358s] Level 1:colcon.colcon_core.package_identification:_identify(/home/toby/ThirdYearProject/ros2TurtleBot3_ws/build) by extensions ['ignore', 'ignore_ament_install']
[0.358s] Level 1:colcon.colcon_core.package_identification:_identify(/home/toby/ThirdYearProject/ros2TurtleBot3_ws/build) by extension 'ignore'
[0.358s] Level 1:colcon.colcon_core.package_identification:_identify(/home/toby/ThirdYearProject/ros2TurtleBot3_ws/build) ignored
[0.359s] Level 1:colcon.colcon_core.package_identification:_identify(/home/toby/ThirdYearProject/ros2TurtleBot3_ws/install) by extensions ['ignore', 'ignore_ament_install']
[0.359s] Level 1:colcon.colcon_core.package_identification:_identify(/home/toby/ThirdYearProject/ros2TurtleBot3_ws/install) by extension 'ignore'
[0.359s] Level 1:colcon.colcon_core.package_identification:_identify(/home/toby/ThirdYearProject/ros2TurtleBot3_ws/install) ignored
[0.359s] Level 1:colcon.colcon_core.package_identification:_identify(/home/toby/ThirdYearProject/ros2TurtleBot3_ws/log) by extensions ['ignore', 'ignore_ament_install']
[0.359s] Level 1:colcon.colcon_core.package_identification:_identify(/home/toby/ThirdYearProject/ros2TurtleBot3_ws/log) by extension 'ignore'
[0.360s] Level 1:colcon.colcon_core.package_identification:_identify(/home/toby/ThirdYearProject/ros2TurtleBot3_ws/log) ignored
[0.360s] Level 1:colcon.colcon_core.package_identification:_identify(/home/toby/ThirdYearProject/ros2TurtleBot3_ws/src) by extensions ['ignore', 'ignore_ament_install']
[0.360s] Level 1:colcon.colcon_core.package_identification:_identify(/home/toby/ThirdYearProject/ros2TurtleBot3_ws/src) by extension 'ignore'
[0.360s] Level 1:colcon.colcon_core.package_identification:_identify(/home/toby/ThirdYearProject/ros2TurtleBot3_ws/src) by extension 'ignore_ament_install'
[0.360s] Level 1:colcon.colcon_core.package_identification:_identify(/home/toby/ThirdYearProject/ros2TurtleBot3_ws/src) by extensions ['colcon_pkg']
[0.360s] Level 1:colcon.colcon_core.package_identification:_identify(/home/toby/ThirdYearProject/ros2TurtleBot3_ws/src) by extension 'colcon_pkg'
[0.360s] Level 1:colcon.colcon_core.package_identification:_identify(/home/toby/ThirdYearProject/ros2TurtleBot3_ws/src) by extensions ['colcon_meta']
[0.361s] Level 1:colcon.colcon_core.package_identification:_identify(/home/toby/ThirdYearProject/ros2TurtleBot3_ws/src) by extension 'colcon_meta'
[0.361s] Level 1:colcon.colcon_core.package_identification:_identify(/home/toby/ThirdYearProject/ros2TurtleBot3_ws/src) by extensions ['ros']
[0.361s] Level 1:colcon.colcon_core.package_identification:_identify(/home/toby/ThirdYearProject/ros2TurtleBot3_ws/src) by extension 'ros'
[0.361s] Level 1:colcon.colcon_core.package_identification:_identify(/home/toby/ThirdYearProject/ros2TurtleBot3_ws/src) by extensions ['cmake', 'python']
[0.361s] Level 1:colcon.colcon_core.package_identification:_identify(/home/toby/ThirdYearProject/ros2TurtleBot3_ws/src) by extension 'cmake'
[0.361s] Level 1:colcon.colcon_core.package_identification:_identify(/home/toby/ThirdYearProject/ros2TurtleBot3_ws/src) by extension 'python'
[0.362s] Level 1:colcon.colcon_core.package_identification:_identify(/home/toby/ThirdYearProject/ros2TurtleBot3_ws/src) by extensions ['python_setup_py']
[0.362s] Level 1:colcon.colcon_core.package_identification:_identify(/home/toby/ThirdYearProject/ros2TurtleBot3_ws/src) by extension 'python_setup_py'
[0.362s] Level 1:colcon.colcon_core.package_discovery:discover_packages(recursive) using defaults
[0.369s] INFO:colcon.colcon_core.executor:Executing jobs using 'parallel' executor
[0.370s] DEBUG:colcon.colcon_parallel_executor.executor.parallel:run_until_complete
[0.370s] DEBUG:colcon.colcon_parallel_executor.executor.parallel:closing loop
[0.370s] DEBUG:colcon.colcon_parallel_executor.executor.parallel:loop closed
[0.371s] DEBUG:colcon.colcon_parallel_executor.executor.parallel:run_until_complete finished with '0'
[0.371s] DEBUG:colcon.colcon_core.event_reactor:joining thread
[0.381s] INFO:colcon.colcon_core.plugin_system:Skipping extension 'colcon_notification.desktop_notification.terminal_notifier': Not used on non-Darwin systems
[0.381s] INFO:colcon.colcon_core.plugin_system:Skipping extension 'colcon_notification.desktop_notification.win32': Not used on non-Windows systems
[0.381s] INFO:colcon.colcon_notification.desktop_notification:Sending desktop notification using 'notify2'
[0.463s] DEBUG:colcon.colcon_core.event_reactor:joined thread
[0.474s] INFO:colcon.colcon_core.plugin_system:Skipping extension 'colcon_core.shell.bat': Not used on non-Windows systems
[0.474s] INFO:colcon.colcon_core.shell:Creating prefix script '/home/toby/ThirdYearProject/ros2TurtleBot3_ws/install/local_setup.ps1'
[0.476s] INFO:colcon.colcon_core.shell:Creating prefix util module '/home/toby/ThirdYearProject/ros2TurtleBot3_ws/install/_local_setup_util_ps1.py'
[0.478s] INFO:colcon.colcon_core.shell:Creating prefix chain script '/home/toby/ThirdYearProject/ros2TurtleBot3_ws/install/setup.ps1'
[0.482s] WARNING:colcon.colcon_core.prefix_path.colcon:The path '/home/toby/ThirdYearProject/ros2_ws/install' in the environment variable COLCON_PREFIX_PATH doesn't exist
[0.482s] WARNING:colcon.colcon_core.prefix_path.colcon:The path '/home/toby/ros2_ws/install' in the environment variable COLCON_PREFIX_PATH doesn't exist
[0.482s] WARNING:colcon.colcon_ros.prefix_path.ament:The path '/home/toby/ros2_ws/install/ros2_cpp_pkg' in the environment variable AMENT_PREFIX_PATH doesn't exist
[0.484s] WARNING:colcon.colcon_ros.prefix_path.catkin:The path '/home/toby/ThirdYearProject/ros2_ws/install/ros2_cpp_pkg' in the environment variable CMAKE_PREFIX_PATH doesn't exist
[0.484s] WARNING:colcon.colcon_ros.prefix_path.catkin:The path '/home/toby/ros2_ws/install/ros2_cpp_pkg' in the environment variable CMAKE_PREFIX_PATH doesn't exist
[0.485s] INFO:colcon.colcon_core.shell:Creating prefix script '/home/toby/ThirdYearProject/ros2TurtleBot3_ws/install/local_setup.sh'
[0.486s] INFO:colcon.colcon_core.shell:Creating prefix util module '/home/toby/ThirdYearProject/ros2TurtleBot3_ws/install/_local_setup_util_sh.py'
[0.487s] INFO:colcon.colcon_core.shell:Creating prefix chain script '/home/toby/ThirdYearProject/ros2TurtleBot3_ws/install/setup.sh'
[0.492s] INFO:colcon.colcon_core.shell:Creating prefix script '/home/toby/ThirdYearProject/ros2TurtleBot3_ws/install/local_setup.bash'
[0.493s] INFO:colcon.colcon_core.shell:Creating prefix chain script '/home/toby/ThirdYearProject/ros2TurtleBot3_ws/install/setup.bash'
[0.502s] INFO:colcon.colcon_core.shell:Creating prefix script '/home/toby/ThirdYearProject/ros2TurtleBot3_ws/install/local_setup.zsh'
[0.503s] INFO:colcon.colcon_core.shell:Creating prefix chain script '/home/toby/ThirdYearProject/ros2TurtleBot3_ws/install/setup.zsh'
