[0.285s] DEBUG:colcon:Command line arguments: ['/usr/bin/colcon', 'build', '--symlink-install', '--packages-select', 'videoRead']
[0.285s] DEBUG:colcon:Parsed command line arguments: Namespace(ament_cmake_args=None, base_paths='.', build_base='build', catkin_cmake_args=None, catkin_skip_building_tests=False, cmake_args=None, cmake_clean_cache=False, cmake_clean_first=False, cmake_force_configure=False, cmake_target=None, cmake_target_skip_unavailable=False, continue_on_error=False, event_handlers=None, executor='parallel', ignore_user_meta=False, install_base='install', log_base=None, log_level=None, main=<bound method BuildVerb.main of <colcon_core.verb.build.BuildVerb object at 0x7f111704d518>>, merge_install=False, metas='./colcon.meta', packages_above=None, packages_above_depth=None, packages_end=None, packages_ignore=None, packages_ignore_regex=None, packages_select=['videoRead'], packages_select_build_failed=False, packages_select_by_dep=None, packages_select_regex=None, packages_select_test_failures=False, packages_skip=None, packages_skip_build_finished=False, packages_skip_by_dep=None, packages_skip_regex=None, packages_skip_test_passed=False, packages_skip_up_to=None, packages_start=None, packages_up_to=None, parallel_workers=4, paths=None, symlink_install=True, test_result_base=None, verb_extension=<colcon_core.verb.build.BuildVerb object at 0x7f111704d518>, verb_name='build', verb_parser=<colcon_defaults.argument_parser.defaults.DefaultArgumentsDecorator object at 0x7f111704d748>)
[0.353s] Level 1:colcon.colcon_core.package_discovery:discover_packages(colcon_meta) check parameters
[0.354s] Level 1:colcon.colcon_core.package_discovery:discover_packages(recursive) check parameters
[0.354s] Level 1:colcon.colcon_core.package_discovery:discover_packages(ignore) check parameters
[0.354s] Level 1:colcon.colcon_core.package_discovery:discover_packages(path) check parameters
[0.354s] Level 1:colcon.colcon_core.package_discovery:discover_packages(recursive) discover
[0.354s] INFO:colcon.colcon_core.package_discovery:Crawling recursively for packages in '/home/toby/ros2OnLaptop_ws'
[0.355s] Level 1:colcon.colcon_core.package_identification:_identify(/home/toby/ros2OnLaptop_ws) by extensions ['ignore', 'ignore_ament_install']
[0.355s] Level 1:colcon.colcon_core.package_identification:_identify(/home/toby/ros2OnLaptop_ws) by extension 'ignore'
[0.355s] Level 1:colcon.colcon_core.package_identification:_identify(/home/toby/ros2OnLaptop_ws) by extension 'ignore_ament_install'
[0.355s] Level 1:colcon.colcon_core.package_identification:_identify(/home/toby/ros2OnLaptop_ws) by extensions ['colcon_pkg']
[0.355s] Level 1:colcon.colcon_core.package_identification:_identify(/home/toby/ros2OnLaptop_ws) by extension 'colcon_pkg'
[0.355s] Level 1:colcon.colcon_core.package_identification:_identify(/home/toby/ros2OnLaptop_ws) by extensions ['colcon_meta']
[0.355s] Level 1:colcon.colcon_core.package_identification:_identify(/home/toby/ros2OnLaptop_ws) by extension 'colcon_meta'
[0.355s] Level 1:colcon.colcon_core.package_identification:_identify(/home/toby/ros2OnLaptop_ws) by extensions ['ros']
[0.355s] Level 1:colcon.colcon_core.package_identification:_identify(/home/toby/ros2OnLaptop_ws) by extension 'ros'
[0.384s] Level 1:colcon.colcon_core.package_identification:_identify(/home/toby/ros2OnLaptop_ws) by extensions ['cmake', 'python']
[0.384s] Level 1:colcon.colcon_core.package_identification:_identify(/home/toby/ros2OnLaptop_ws) by extension 'cmake'
[0.384s] Level 1:colcon.colcon_core.package_identification:_identify(/home/toby/ros2OnLaptop_ws) by extension 'python'
[0.384s] Level 1:colcon.colcon_core.package_identification:_identify(/home/toby/ros2OnLaptop_ws) by extensions ['python_setup_py']
[0.384s] Level 1:colcon.colcon_core.package_identification:_identify(/home/toby/ros2OnLaptop_ws) by extension 'python_setup_py'
[0.385s] Level 1:colcon.colcon_core.package_identification:_identify(/home/toby/ros2OnLaptop_ws/build) by extensions ['ignore', 'ignore_ament_install']
[0.385s] Level 1:colcon.colcon_core.package_identification:_identify(/home/toby/ros2OnLaptop_ws/build) by extension 'ignore'
[0.385s] Level 1:colcon.colcon_core.package_identification:_identify(/home/toby/ros2OnLaptop_ws/build) ignored
[0.386s] Level 1:colcon.colcon_core.package_identification:_identify(/home/toby/ros2OnLaptop_ws/install) by extensions ['ignore', 'ignore_ament_install']
[0.387s] Level 1:colcon.colcon_core.package_identification:_identify(/home/toby/ros2OnLaptop_ws/install) by extension 'ignore'
[0.387s] Level 1:colcon.colcon_core.package_identification:_identify(/home/toby/ros2OnLaptop_ws/install) ignored
[0.387s] Level 1:colcon.colcon_core.package_identification:_identify(/home/toby/ros2OnLaptop_ws/log) by extensions ['ignore', 'ignore_ament_install']
[0.388s] Level 1:colcon.colcon_core.package_identification:_identify(/home/toby/ros2OnLaptop_ws/log) by extension 'ignore'
[0.388s] Level 1:colcon.colcon_core.package_identification:_identify(/home/toby/ros2OnLaptop_ws/log) ignored
[0.388s] Level 1:colcon.colcon_core.package_identification:_identify(/home/toby/ros2OnLaptop_ws/src) by extensions ['ignore', 'ignore_ament_install']
[0.388s] Level 1:colcon.colcon_core.package_identification:_identify(/home/toby/ros2OnLaptop_ws/src) by extension 'ignore'
[0.389s] Level 1:colcon.colcon_core.package_identification:_identify(/home/toby/ros2OnLaptop_ws/src) by extension 'ignore_ament_install'
[0.389s] Level 1:colcon.colcon_core.package_identification:_identify(/home/toby/ros2OnLaptop_ws/src) by extensions ['colcon_pkg']
[0.389s] Level 1:colcon.colcon_core.package_identification:_identify(/home/toby/ros2OnLaptop_ws/src) by extension 'colcon_pkg'
[0.389s] Level 1:colcon.colcon_core.package_identification:_identify(/home/toby/ros2OnLaptop_ws/src) by extensions ['colcon_meta']
[0.389s] Level 1:colcon.colcon_core.package_identification:_identify(/home/toby/ros2OnLaptop_ws/src) by extension 'colcon_meta'
[0.389s] Level 1:colcon.colcon_core.package_identification:_identify(/home/toby/ros2OnLaptop_ws/src) by extensions ['ros']
[0.390s] Level 1:colcon.colcon_core.package_identification:_identify(/home/toby/ros2OnLaptop_ws/src) by extension 'ros'
[0.390s] Level 1:colcon.colcon_core.package_identification:_identify(/home/toby/ros2OnLaptop_ws/src) by extensions ['cmake', 'python']
[0.390s] Level 1:colcon.colcon_core.package_identification:_identify(/home/toby/ros2OnLaptop_ws/src) by extension 'cmake'
[0.390s] Level 1:colcon.colcon_core.package_identification:_identify(/home/toby/ros2OnLaptop_ws/src) by extension 'python'
[0.390s] Level 1:colcon.colcon_core.package_identification:_identify(/home/toby/ros2OnLaptop_ws/src) by extensions ['python_setup_py']
[0.390s] Level 1:colcon.colcon_core.package_identification:_identify(/home/toby/ros2OnLaptop_ws/src) by extension 'python_setup_py'
[0.391s] Level 1:colcon.colcon_core.package_identification:_identify(/home/toby/ros2OnLaptop_ws/src/DynamixelSDK) by extensions ['ignore', 'ignore_ament_install']
[0.391s] Level 1:colcon.colcon_core.package_identification:_identify(/home/toby/ros2OnLaptop_ws/src/DynamixelSDK) by extension 'ignore'
[0.391s] Level 1:colcon.colcon_core.package_identification:_identify(/home/toby/ros2OnLaptop_ws/src/DynamixelSDK) by extension 'ignore_ament_install'
[0.392s] Level 1:colcon.colcon_core.package_identification:_identify(/home/toby/ros2OnLaptop_ws/src/DynamixelSDK) by extensions ['colcon_pkg']
[0.392s] Level 1:colcon.colcon_core.package_identification:_identify(/home/toby/ros2OnLaptop_ws/src/DynamixelSDK) by extension 'colcon_pkg'
[0.392s] Level 1:colcon.colcon_core.package_identification:_identify(/home/toby/ros2OnLaptop_ws/src/DynamixelSDK) by extensions ['colcon_meta']
[0.392s] Level 1:colcon.colcon_core.package_identification:_identify(/home/toby/ros2OnLaptop_ws/src/DynamixelSDK) by extension 'colcon_meta'
[0.392s] Level 1:colcon.colcon_core.package_identification:_identify(/home/toby/ros2OnLaptop_ws/src/DynamixelSDK) by extensions ['ros']
[0.392s] Level 1:colcon.colcon_core.package_identification:_identify(/home/toby/ros2OnLaptop_ws/src/DynamixelSDK) by extension 'ros'
[0.392s] Level 1:colcon.colcon_core.package_identification:_identify(/home/toby/ros2OnLaptop_ws/src/DynamixelSDK) by extensions ['cmake', 'python']
[0.393s] Level 1:colcon.colcon_core.package_identification:_identify(/home/toby/ros2OnLaptop_ws/src/DynamixelSDK) by extension 'cmake'
[0.393s] Level 1:colcon.colcon_core.package_identification:_identify(/home/toby/ros2OnLaptop_ws/src/DynamixelSDK) by extension 'python'
[0.393s] Level 1:colcon.colcon_core.package_identification:_identify(/home/toby/ros2OnLaptop_ws/src/DynamixelSDK) by extensions ['python_setup_py']
[0.393s] Level 1:colcon.colcon_core.package_identification:_identify(/home/toby/ros2OnLaptop_ws/src/DynamixelSDK) by extension 'python_setup_py'
[0.393s] Level 1:colcon.colcon_core.package_identification:_identify(/home/toby/ros2OnLaptop_ws/src/DynamixelSDK/dynamixel_sdk) by extensions ['ignore', 'ignore_ament_install']
[0.394s] Level 1:colcon.colcon_core.package_identification:_identify(/home/toby/ros2OnLaptop_ws/src/DynamixelSDK/dynamixel_sdk) by extension 'ignore'
[0.394s] Level 1:colcon.colcon_core.package_identification:_identify(/home/toby/ros2OnLaptop_ws/src/DynamixelSDK/dynamixel_sdk) by extension 'ignore_ament_install'
[0.394s] Level 1:colcon.colcon_core.package_identification:_identify(/home/toby/ros2OnLaptop_ws/src/DynamixelSDK/dynamixel_sdk) by extensions ['colcon_pkg']
[0.394s] Level 1:colcon.colcon_core.package_identification:_identify(/home/toby/ros2OnLaptop_ws/src/DynamixelSDK/dynamixel_sdk) by extension 'colcon_pkg'
[0.394s] Level 1:colcon.colcon_core.package_identification:_identify(/home/toby/ros2OnLaptop_ws/src/DynamixelSDK/dynamixel_sdk) by extensions ['colcon_meta']
[0.395s] Level 1:colcon.colcon_core.package_identification:_identify(/home/toby/ros2OnLaptop_ws/src/DynamixelSDK/dynamixel_sdk) by extension 'colcon_meta'
[0.395s] Level 1:colcon.colcon_core.package_identification:_identify(/home/toby/ros2OnLaptop_ws/src/DynamixelSDK/dynamixel_sdk) by extensions ['ros']
[0.395s] Level 1:colcon.colcon_core.package_identification:_identify(/home/toby/ros2OnLaptop_ws/src/DynamixelSDK/dynamixel_sdk) by extension 'ros'
[0.402s] DEBUG:colcon.colcon_core.package_identification:Package '/home/toby/ros2OnLaptop_ws/src/DynamixelSDK/dynamixel_sdk' with type 'ros.ament_cmake' and name 'dynamixel_sdk'
[0.402s] Level 1:colcon.colcon_core.package_identification:_identify(/home/toby/ros2OnLaptop_ws/src/cpp_pubsub) by extensions ['ignore', 'ignore_ament_install']
[0.402s] Level 1:colcon.colcon_core.package_identification:_identify(/home/toby/ros2OnLaptop_ws/src/cpp_pubsub) by extension 'ignore'
[0.403s] Level 1:colcon.colcon_core.package_identification:_identify(/home/toby/ros2OnLaptop_ws/src/cpp_pubsub) by extension 'ignore_ament_install'
[0.403s] Level 1:colcon.colcon_core.package_identification:_identify(/home/toby/ros2OnLaptop_ws/src/cpp_pubsub) by extensions ['colcon_pkg']
[0.403s] Level 1:colcon.colcon_core.package_identification:_identify(/home/toby/ros2OnLaptop_ws/src/cpp_pubsub) by extension 'colcon_pkg'
[0.403s] Level 1:colcon.colcon_core.package_identification:_identify(/home/toby/ros2OnLaptop_ws/src/cpp_pubsub) by extensions ['colcon_meta']
[0.403s] Level 1:colcon.colcon_core.package_identification:_identify(/home/toby/ros2OnLaptop_ws/src/cpp_pubsub) by extension 'colcon_meta'
[0.403s] Level 1:colcon.colcon_core.package_identification:_identify(/home/toby/ros2OnLaptop_ws/src/cpp_pubsub) by extensions ['ros']
[0.403s] Level 1:colcon.colcon_core.package_identification:_identify(/home/toby/ros2OnLaptop_ws/src/cpp_pubsub) by extension 'ros'
[0.405s] DEBUG:colcon.colcon_core.package_identification:Package '/home/toby/ros2OnLaptop_ws/src/cpp_pubsub' with type 'ros.ament_cmake' and name 'cpp_pubsub'
[0.406s] Level 1:colcon.colcon_core.package_identification:_identify(/home/toby/ros2OnLaptop_ws/src/followIssue) by extensions ['ignore', 'ignore_ament_install']
[0.406s] Level 1:colcon.colcon_core.package_identification:_identify(/home/toby/ros2OnLaptop_ws/src/followIssue) by extension 'ignore'
[0.406s] Level 1:colcon.colcon_core.package_identification:_identify(/home/toby/ros2OnLaptop_ws/src/followIssue) by extension 'ignore_ament_install'
[0.406s] Level 1:colcon.colcon_core.package_identification:_identify(/home/toby/ros2OnLaptop_ws/src/followIssue) by extensions ['colcon_pkg']
[0.406s] Level 1:colcon.colcon_core.package_identification:_identify(/home/toby/ros2OnLaptop_ws/src/followIssue) by extension 'colcon_pkg'
[0.407s] Level 1:colcon.colcon_core.package_identification:_identify(/home/toby/ros2OnLaptop_ws/src/followIssue) by extensions ['colcon_meta']
[0.407s] Level 1:colcon.colcon_core.package_identification:_identify(/home/toby/ros2OnLaptop_ws/src/followIssue) by extension 'colcon_meta'
[0.407s] Level 1:colcon.colcon_core.package_identification:_identify(/home/toby/ros2OnLaptop_ws/src/followIssue) by extensions ['ros']
[0.407s] Level 1:colcon.colcon_core.package_identification:_identify(/home/toby/ros2OnLaptop_ws/src/followIssue) by extension 'ros'
[0.411s] DEBUG:colcon.colcon_core.package_identification:Package '/home/toby/ros2OnLaptop_ws/src/followIssue' with type 'ros.ament_cmake' and name 'followIssue'
[0.411s] Level 1:colcon.colcon_core.package_identification:_identify(/home/toby/ros2OnLaptop_ws/src/hls_lfcd_lds_driver) by extensions ['ignore', 'ignore_ament_install']
[0.411s] Level 1:colcon.colcon_core.package_identification:_identify(/home/toby/ros2OnLaptop_ws/src/hls_lfcd_lds_driver) by extension 'ignore'
[0.412s] Level 1:colcon.colcon_core.package_identification:_identify(/home/toby/ros2OnLaptop_ws/src/hls_lfcd_lds_driver) by extension 'ignore_ament_install'
[0.412s] Level 1:colcon.colcon_core.package_identification:_identify(/home/toby/ros2OnLaptop_ws/src/hls_lfcd_lds_driver) by extensions ['colcon_pkg']
[0.412s] Level 1:colcon.colcon_core.package_identification:_identify(/home/toby/ros2OnLaptop_ws/src/hls_lfcd_lds_driver) by extension 'colcon_pkg'
[0.412s] Level 1:colcon.colcon_core.package_identification:_identify(/home/toby/ros2OnLaptop_ws/src/hls_lfcd_lds_driver) by extensions ['colcon_meta']
[0.412s] Level 1:colcon.colcon_core.package_identification:_identify(/home/toby/ros2OnLaptop_ws/src/hls_lfcd_lds_driver) by extension 'colcon_meta'
[0.412s] Level 1:colcon.colcon_core.package_identification:_identify(/home/toby/ros2OnLaptop_ws/src/hls_lfcd_lds_driver) by extensions ['ros']
[0.412s] Level 1:colcon.colcon_core.package_identification:_identify(/home/toby/ros2OnLaptop_ws/src/hls_lfcd_lds_driver) by extension 'ros'
[0.415s] DEBUG:colcon.colcon_core.package_identification:Package '/home/toby/ros2OnLaptop_ws/src/hls_lfcd_lds_driver' with type 'ros.ament_cmake' and name 'hls_lfcd_lds_driver'
[0.416s] Level 1:colcon.colcon_core.package_identification:_identify(/home/toby/ros2OnLaptop_ws/src/image_pipeline) by extensions ['ignore', 'ignore_ament_install']
[0.416s] Level 1:colcon.colcon_core.package_identification:_identify(/home/toby/ros2OnLaptop_ws/src/image_pipeline) by extension 'ignore'
[0.416s] Level 1:colcon.colcon_core.package_identification:_identify(/home/toby/ros2OnLaptop_ws/src/image_pipeline) by extension 'ignore_ament_install'
[0.416s] Level 1:colcon.colcon_core.package_identification:_identify(/home/toby/ros2OnLaptop_ws/src/image_pipeline) by extensions ['colcon_pkg']
[0.416s] Level 1:colcon.colcon_core.package_identification:_identify(/home/toby/ros2OnLaptop_ws/src/image_pipeline) by extension 'colcon_pkg'
[0.417s] Level 1:colcon.colcon_core.package_identification:_identify(/home/toby/ros2OnLaptop_ws/src/image_pipeline) by extensions ['colcon_meta']
[0.417s] Level 1:colcon.colcon_core.package_identification:_identify(/home/toby/ros2OnLaptop_ws/src/image_pipeline) by extension 'colcon_meta'
[0.417s] Level 1:colcon.colcon_core.package_identification:_identify(/home/toby/ros2OnLaptop_ws/src/image_pipeline) by extensions ['ros']
[0.417s] Level 1:colcon.colcon_core.package_identification:_identify(/home/toby/ros2OnLaptop_ws/src/image_pipeline) by extension 'ros'
[0.417s] Level 1:colcon.colcon_core.package_identification:_identify(/home/toby/ros2OnLaptop_ws/src/image_pipeline) by extensions ['cmake', 'python']
[0.417s] Level 1:colcon.colcon_core.package_identification:_identify(/home/toby/ros2OnLaptop_ws/src/image_pipeline) by extension 'cmake'
[0.418s] Level 1:colcon.colcon_core.package_identification:_identify(/home/toby/ros2OnLaptop_ws/src/image_pipeline) by extension 'python'
[0.418s] Level 1:colcon.colcon_core.package_identification:_identify(/home/toby/ros2OnLaptop_ws/src/image_pipeline) by extensions ['python_setup_py']
[0.418s] Level 1:colcon.colcon_core.package_identification:_identify(/home/toby/ros2OnLaptop_ws/src/image_pipeline) by extension 'python_setup_py'
[0.418s] Level 1:colcon.colcon_core.package_identification:_identify(/home/toby/ros2OnLaptop_ws/src/image_pipeline/camera_calibration) by extensions ['ignore', 'ignore_ament_install']
[0.419s] Level 1:colcon.colcon_core.package_identification:_identify(/home/toby/ros2OnLaptop_ws/src/image_pipeline/camera_calibration) by extension 'ignore'
[0.419s] Level 1:colcon.colcon_core.package_identification:_identify(/home/toby/ros2OnLaptop_ws/src/image_pipeline/camera_calibration) ignored
[0.419s] Level 1:colcon.colcon_core.package_identification:_identify(/home/toby/ros2OnLaptop_ws/src/image_pipeline/depth_image_proc) by extensions ['ignore', 'ignore_ament_install']
[0.419s] Level 1:colcon.colcon_core.package_identification:_identify(/home/toby/ros2OnLaptop_ws/src/image_pipeline/depth_image_proc) by extension 'ignore'
[0.420s] Level 1:colcon.colcon_core.package_identification:_identify(/home/toby/ros2OnLaptop_ws/src/image_pipeline/depth_image_proc) by extension 'ignore_ament_install'
[0.420s] Level 1:colcon.colcon_core.package_identification:_identify(/home/toby/ros2OnLaptop_ws/src/image_pipeline/depth_image_proc) by extensions ['colcon_pkg']
[0.420s] Level 1:colcon.colcon_core.package_identification:_identify(/home/toby/ros2OnLaptop_ws/src/image_pipeline/depth_image_proc) by extension 'colcon_pkg'
[0.420s] Level 1:colcon.colcon_core.package_identification:_identify(/home/toby/ros2OnLaptop_ws/src/image_pipeline/depth_image_proc) by extensions ['colcon_meta']
[0.420s] Level 1:colcon.colcon_core.package_identification:_identify(/home/toby/ros2OnLaptop_ws/src/image_pipeline/depth_image_proc) by extension 'colcon_meta'
[0.420s] Level 1:colcon.colcon_core.package_identification:_identify(/home/toby/ros2OnLaptop_ws/src/image_pipeline/depth_image_proc) by extensions ['ros']
[0.420s] Level 1:colcon.colcon_core.package_identification:_identify(/home/toby/ros2OnLaptop_ws/src/image_pipeline/depth_image_proc) by extension 'ros'
[0.425s] DEBUG:colcon.colcon_core.package_identification:Package '/home/toby/ros2OnLaptop_ws/src/image_pipeline/depth_image_proc' with type 'ros.ament_cmake' and name 'depth_image_proc'
[0.426s] Level 1:colcon.colcon_core.package_identification:_identify(/home/toby/ros2OnLaptop_ws/src/image_pipeline/image_pipeline) by extensions ['ignore', 'ignore_ament_install']
[0.427s] Level 1:colcon.colcon_core.package_identification:_identify(/home/toby/ros2OnLaptop_ws/src/image_pipeline/image_pipeline) by extension 'ignore'
[0.428s] Level 1:colcon.colcon_core.package_identification:_identify(/home/toby/ros2OnLaptop_ws/src/image_pipeline/image_pipeline) by extension 'ignore_ament_install'
[0.429s] Level 1:colcon.colcon_core.package_identification:_identify(/home/toby/ros2OnLaptop_ws/src/image_pipeline/image_pipeline) by extensions ['colcon_pkg']
[0.429s] Level 1:colcon.colcon_core.package_identification:_identify(/home/toby/ros2OnLaptop_ws/src/image_pipeline/image_pipeline) by extension 'colcon_pkg'
[0.429s] Level 1:colcon.colcon_core.package_identification:_identify(/home/toby/ros2OnLaptop_ws/src/image_pipeline/image_pipeline) by extensions ['colcon_meta']
[0.429s] Level 1:colcon.colcon_core.package_identification:_identify(/home/toby/ros2OnLaptop_ws/src/image_pipeline/image_pipeline) by extension 'colcon_meta'
[0.429s] Level 1:colcon.colcon_core.package_identification:_identify(/home/toby/ros2OnLaptop_ws/src/image_pipeline/image_pipeline) by extensions ['ros']
[0.430s] Level 1:colcon.colcon_core.package_identification:_identify(/home/toby/ros2OnLaptop_ws/src/image_pipeline/image_pipeline) by extension 'ros'
[0.432s] DEBUG:colcon.colcon_core.package_identification:Package '/home/toby/ros2OnLaptop_ws/src/image_pipeline/image_pipeline' with type 'ros.ament_cmake' and name 'image_pipeline'
[0.433s] Level 1:colcon.colcon_core.package_identification:_identify(/home/toby/ros2OnLaptop_ws/src/image_pipeline/image_proc) by extensions ['ignore', 'ignore_ament_install']
[0.433s] Level 1:colcon.colcon_core.package_identification:_identify(/home/toby/ros2OnLaptop_ws/src/image_pipeline/image_proc) by extension 'ignore'
[0.433s] Level 1:colcon.colcon_core.package_identification:_identify(/home/toby/ros2OnLaptop_ws/src/image_pipeline/image_proc) by extension 'ignore_ament_install'
[0.433s] Level 1:colcon.colcon_core.package_identification:_identify(/home/toby/ros2OnLaptop_ws/src/image_pipeline/image_proc) by extensions ['colcon_pkg']
[0.434s] Level 1:colcon.colcon_core.package_identification:_identify(/home/toby/ros2OnLaptop_ws/src/image_pipeline/image_proc) by extension 'colcon_pkg'
[0.434s] Level 1:colcon.colcon_core.package_identification:_identify(/home/toby/ros2OnLaptop_ws/src/image_pipeline/image_proc) by extensions ['colcon_meta']
[0.434s] Level 1:colcon.colcon_core.package_identification:_identify(/home/toby/ros2OnLaptop_ws/src/image_pipeline/image_proc) by extension 'colcon_meta'
[0.434s] Level 1:colcon.colcon_core.package_identification:_identify(/home/toby/ros2OnLaptop_ws/src/image_pipeline/image_proc) by extensions ['ros']
[0.434s] Level 1:colcon.colcon_core.package_identification:_identify(/home/toby/ros2OnLaptop_ws/src/image_pipeline/image_proc) by extension 'ros'
[0.438s] DEBUG:colcon.colcon_core.package_identification:Package '/home/toby/ros2OnLaptop_ws/src/image_pipeline/image_proc' with type 'ros.ament_cmake' and name 'image_proc'
[0.438s] Level 1:colcon.colcon_core.package_identification:_identify(/home/toby/ros2OnLaptop_ws/src/image_pipeline/image_publisher) by extensions ['ignore', 'ignore_ament_install']
[0.439s] Level 1:colcon.colcon_core.package_identification:_identify(/home/toby/ros2OnLaptop_ws/src/image_pipeline/image_publisher) by extension 'ignore'
[0.439s] Level 1:colcon.colcon_core.package_identification:_identify(/home/toby/ros2OnLaptop_ws/src/image_pipeline/image_publisher) by extension 'ignore_ament_install'
[0.439s] Level 1:colcon.colcon_core.package_identification:_identify(/home/toby/ros2OnLaptop_ws/src/image_pipeline/image_publisher) by extensions ['colcon_pkg']
[0.439s] Level 1:colcon.colcon_core.package_identification:_identify(/home/toby/ros2OnLaptop_ws/src/image_pipeline/image_publisher) by extension 'colcon_pkg'
[0.440s] Level 1:colcon.colcon_core.package_identification:_identify(/home/toby/ros2OnLaptop_ws/src/image_pipeline/image_publisher) by extensions ['colcon_meta']
[0.440s] Level 1:colcon.colcon_core.package_identification:_identify(/home/toby/ros2OnLaptop_ws/src/image_pipeline/image_publisher) by extension 'colcon_meta'
[0.440s] Level 1:colcon.colcon_core.package_identification:_identify(/home/toby/ros2OnLaptop_ws/src/image_pipeline/image_publisher) by extensions ['ros']
[0.440s] Level 1:colcon.colcon_core.package_identification:_identify(/home/toby/ros2OnLaptop_ws/src/image_pipeline/image_publisher) by extension 'ros'
[0.443s] DEBUG:colcon.colcon_core.package_identification:Package '/home/toby/ros2OnLaptop_ws/src/image_pipeline/image_publisher' with type 'ros.ament_cmake' and name 'image_publisher'
[0.444s] Level 1:colcon.colcon_core.package_identification:_identify(/home/toby/ros2OnLaptop_ws/src/image_pipeline/image_rotate) by extensions ['ignore', 'ignore_ament_install']
[0.446s] Level 1:colcon.colcon_core.package_identification:_identify(/home/toby/ros2OnLaptop_ws/src/image_pipeline/image_rotate) by extension 'ignore'
[0.447s] Level 1:colcon.colcon_core.package_identification:_identify(/home/toby/ros2OnLaptop_ws/src/image_pipeline/image_rotate) by extension 'ignore_ament_install'
[0.448s] Level 1:colcon.colcon_core.package_identification:_identify(/home/toby/ros2OnLaptop_ws/src/image_pipeline/image_rotate) by extensions ['colcon_pkg']
[0.448s] Level 1:colcon.colcon_core.package_identification:_identify(/home/toby/ros2OnLaptop_ws/src/image_pipeline/image_rotate) by extension 'colcon_pkg'
[0.449s] Level 1:colcon.colcon_core.package_identification:_identify(/home/toby/ros2OnLaptop_ws/src/image_pipeline/image_rotate) by extensions ['colcon_meta']
[0.450s] Level 1:colcon.colcon_core.package_identification:_identify(/home/toby/ros2OnLaptop_ws/src/image_pipeline/image_rotate) by extension 'colcon_meta'
[0.450s] Level 1:colcon.colcon_core.package_identification:_identify(/home/toby/ros2OnLaptop_ws/src/image_pipeline/image_rotate) by extensions ['ros']
[0.450s] Level 1:colcon.colcon_core.package_identification:_identify(/home/toby/ros2OnLaptop_ws/src/image_pipeline/image_rotate) by extension 'ros'
[0.455s] DEBUG:colcon.colcon_core.package_identification:Package '/home/toby/ros2OnLaptop_ws/src/image_pipeline/image_rotate' with type 'ros.ament_cmake' and name 'image_rotate'
[0.455s] Level 1:colcon.colcon_core.package_identification:_identify(/home/toby/ros2OnLaptop_ws/src/image_pipeline/image_view) by extensions ['ignore', 'ignore_ament_install']
[0.455s] Level 1:colcon.colcon_core.package_identification:_identify(/home/toby/ros2OnLaptop_ws/src/image_pipeline/image_view) by extension 'ignore'
[0.456s] Level 1:colcon.colcon_core.package_identification:_identify(/home/toby/ros2OnLaptop_ws/src/image_pipeline/image_view) ignored
[0.456s] Level 1:colcon.colcon_core.package_identification:_identify(/home/toby/ros2OnLaptop_ws/src/image_pipeline/stereo_image_proc) by extensions ['ignore', 'ignore_ament_install']
[0.456s] Level 1:colcon.colcon_core.package_identification:_identify(/home/toby/ros2OnLaptop_ws/src/image_pipeline/stereo_image_proc) by extension 'ignore'
[0.456s] Level 1:colcon.colcon_core.package_identification:_identify(/home/toby/ros2OnLaptop_ws/src/image_pipeline/stereo_image_proc) ignored
[0.457s] Level 1:colcon.colcon_core.package_identification:_identify(/home/toby/ros2OnLaptop_ws/src/image_pipeline/wiki_files) by extensions ['ignore', 'ignore_ament_install']
[0.457s] Level 1:colcon.colcon_core.package_identification:_identify(/home/toby/ros2OnLaptop_ws/src/image_pipeline/wiki_files) by extension 'ignore'
[0.457s] Level 1:colcon.colcon_core.package_identification:_identify(/home/toby/ros2OnLaptop_ws/src/image_pipeline/wiki_files) by extension 'ignore_ament_install'
[0.458s] Level 1:colcon.colcon_core.package_identification:_identify(/home/toby/ros2OnLaptop_ws/src/image_pipeline/wiki_files) by extensions ['colcon_pkg']
[0.458s] Level 1:colcon.colcon_core.package_identification:_identify(/home/toby/ros2OnLaptop_ws/src/image_pipeline/wiki_files) by extension 'colcon_pkg'
[0.458s] Level 1:colcon.colcon_core.package_identification:_identify(/home/toby/ros2OnLaptop_ws/src/image_pipeline/wiki_files) by extensions ['colcon_meta']
[0.458s] Level 1:colcon.colcon_core.package_identification:_identify(/home/toby/ros2OnLaptop_ws/src/image_pipeline/wiki_files) by extension 'colcon_meta'
[0.458s] Level 1:colcon.colcon_core.package_identification:_identify(/home/toby/ros2OnLaptop_ws/src/image_pipeline/wiki_files) by extensions ['ros']
[0.458s] Level 1:colcon.colcon_core.package_identification:_identify(/home/toby/ros2OnLaptop_ws/src/image_pipeline/wiki_files) by extension 'ros'
[0.459s] Level 1:colcon.colcon_core.package_identification:_identify(/home/toby/ros2OnLaptop_ws/src/image_pipeline/wiki_files) by extensions ['cmake', 'python']
[0.459s] Level 1:colcon.colcon_core.package_identification:_identify(/home/toby/ros2OnLaptop_ws/src/image_pipeline/wiki_files) by extension 'cmake'
[0.459s] Level 1:colcon.colcon_core.package_identification:_identify(/home/toby/ros2OnLaptop_ws/src/image_pipeline/wiki_files) by extension 'python'
[0.459s] Level 1:colcon.colcon_core.package_identification:_identify(/home/toby/ros2OnLaptop_ws/src/image_pipeline/wiki_files) by extensions ['python_setup_py']
[0.459s] Level 1:colcon.colcon_core.package_identification:_identify(/home/toby/ros2OnLaptop_ws/src/image_pipeline/wiki_files) by extension 'python_setup_py'
[0.459s] Level 1:colcon.colcon_core.package_identification:_identify(/home/toby/ros2OnLaptop_ws/src/image_transport_plugins) by extensions ['ignore', 'ignore_ament_install']
[0.460s] Level 1:colcon.colcon_core.package_identification:_identify(/home/toby/ros2OnLaptop_ws/src/image_transport_plugins) by extension 'ignore'
[0.460s] Level 1:colcon.colcon_core.package_identification:_identify(/home/toby/ros2OnLaptop_ws/src/image_transport_plugins) by extension 'ignore_ament_install'
[0.460s] Level 1:colcon.colcon_core.package_identification:_identify(/home/toby/ros2OnLaptop_ws/src/image_transport_plugins) by extensions ['colcon_pkg']
[0.460s] Level 1:colcon.colcon_core.package_identification:_identify(/home/toby/ros2OnLaptop_ws/src/image_transport_plugins) by extension 'colcon_pkg'
[0.460s] Level 1:colcon.colcon_core.package_identification:_identify(/home/toby/ros2OnLaptop_ws/src/image_transport_plugins) by extensions ['colcon_meta']
[0.461s] Level 1:colcon.colcon_core.package_identification:_identify(/home/toby/ros2OnLaptop_ws/src/image_transport_plugins) by extension 'colcon_meta'
[0.461s] Level 1:colcon.colcon_core.package_identification:_identify(/home/toby/ros2OnLaptop_ws/src/image_transport_plugins) by extensions ['ros']
[0.461s] Level 1:colcon.colcon_core.package_identification:_identify(/home/toby/ros2OnLaptop_ws/src/image_transport_plugins) by extension 'ros'
[0.462s] Level 1:colcon.colcon_core.package_identification:_identify(/home/toby/ros2OnLaptop_ws/src/image_transport_plugins) by extensions ['cmake', 'python']
[0.463s] Level 1:colcon.colcon_core.package_identification:_identify(/home/toby/ros2OnLaptop_ws/src/image_transport_plugins) by extension 'cmake'
[0.463s] Level 1:colcon.colcon_core.package_identification:_identify(/home/toby/ros2OnLaptop_ws/src/image_transport_plugins) by extension 'python'
[0.463s] Level 1:colcon.colcon_core.package_identification:_identify(/home/toby/ros2OnLaptop_ws/src/image_transport_plugins) by extensions ['python_setup_py']
[0.463s] Level 1:colcon.colcon_core.package_identification:_identify(/home/toby/ros2OnLaptop_ws/src/image_transport_plugins) by extension 'python_setup_py'
[0.464s] Level 1:colcon.colcon_core.package_identification:_identify(/home/toby/ros2OnLaptop_ws/src/image_transport_plugins/compressed_depth_image_transport) by extensions ['ignore', 'ignore_ament_install']
[0.464s] Level 1:colcon.colcon_core.package_identification:_identify(/home/toby/ros2OnLaptop_ws/src/image_transport_plugins/compressed_depth_image_transport) by extension 'ignore'
[0.464s] Level 1:colcon.colcon_core.package_identification:_identify(/home/toby/ros2OnLaptop_ws/src/image_transport_plugins/compressed_depth_image_transport) by extension 'ignore_ament_install'
[0.465s] Level 1:colcon.colcon_core.package_identification:_identify(/home/toby/ros2OnLaptop_ws/src/image_transport_plugins/compressed_depth_image_transport) by extensions ['colcon_pkg']
[0.465s] Level 1:colcon.colcon_core.package_identification:_identify(/home/toby/ros2OnLaptop_ws/src/image_transport_plugins/compressed_depth_image_transport) by extension 'colcon_pkg'
[0.465s] Level 1:colcon.colcon_core.package_identification:_identify(/home/toby/ros2OnLaptop_ws/src/image_transport_plugins/compressed_depth_image_transport) by extensions ['colcon_meta']
[0.465s] Level 1:colcon.colcon_core.package_identification:_identify(/home/toby/ros2OnLaptop_ws/src/image_transport_plugins/compressed_depth_image_transport) by extension 'colcon_meta'
[0.465s] Level 1:colcon.colcon_core.package_identification:_identify(/home/toby/ros2OnLaptop_ws/src/image_transport_plugins/compressed_depth_image_transport) by extensions ['ros']
[0.465s] Level 1:colcon.colcon_core.package_identification:_identify(/home/toby/ros2OnLaptop_ws/src/image_transport_plugins/compressed_depth_image_transport) by extension 'ros'
[0.467s] DEBUG:colcon.colcon_core.package_identification:Package '/home/toby/ros2OnLaptop_ws/src/image_transport_plugins/compressed_depth_image_transport' with type 'ros.ament_cmake' and name 'compressed_depth_image_transport'
[0.468s] Level 1:colcon.colcon_core.package_identification:_identify(/home/toby/ros2OnLaptop_ws/src/image_transport_plugins/compressed_image_transport) by extensions ['ignore', 'ignore_ament_install']
[0.468s] Level 1:colcon.colcon_core.package_identification:_identify(/home/toby/ros2OnLaptop_ws/src/image_transport_plugins/compressed_image_transport) by extension 'ignore'
[0.468s] Level 1:colcon.colcon_core.package_identification:_identify(/home/toby/ros2OnLaptop_ws/src/image_transport_plugins/compressed_image_transport) by extension 'ignore_ament_install'
[0.469s] Level 1:colcon.colcon_core.package_identification:_identify(/home/toby/ros2OnLaptop_ws/src/image_transport_plugins/compressed_image_transport) by extensions ['colcon_pkg']
[0.469s] Level 1:colcon.colcon_core.package_identification:_identify(/home/toby/ros2OnLaptop_ws/src/image_transport_plugins/compressed_image_transport) by extension 'colcon_pkg'
[0.469s] Level 1:colcon.colcon_core.package_identification:_identify(/home/toby/ros2OnLaptop_ws/src/image_transport_plugins/compressed_image_transport) by extensions ['colcon_meta']
[0.469s] Level 1:colcon.colcon_core.package_identification:_identify(/home/toby/ros2OnLaptop_ws/src/image_transport_plugins/compressed_image_transport) by extension 'colcon_meta'
[0.469s] Level 1:colcon.colcon_core.package_identification:_identify(/home/toby/ros2OnLaptop_ws/src/image_transport_plugins/compressed_image_transport) by extensions ['ros']
[0.469s] Level 1:colcon.colcon_core.package_identification:_identify(/home/toby/ros2OnLaptop_ws/src/image_transport_plugins/compressed_image_transport) by extension 'ros'
[0.471s] DEBUG:colcon.colcon_core.package_identification:Package '/home/toby/ros2OnLaptop_ws/src/image_transport_plugins/compressed_image_transport' with type 'ros.ament_cmake' and name 'compressed_image_transport'
[0.472s] Level 1:colcon.colcon_core.package_identification:_identify(/home/toby/ros2OnLaptop_ws/src/image_transport_plugins/image_transport_plugins) by extensions ['ignore', 'ignore_ament_install']
[0.472s] Level 1:colcon.colcon_core.package_identification:_identify(/home/toby/ros2OnLaptop_ws/src/image_transport_plugins/image_transport_plugins) by extension 'ignore'
[0.472s] Level 1:colcon.colcon_core.package_identification:_identify(/home/toby/ros2OnLaptop_ws/src/image_transport_plugins/image_transport_plugins) by extension 'ignore_ament_install'
[0.472s] Level 1:colcon.colcon_core.package_identification:_identify(/home/toby/ros2OnLaptop_ws/src/image_transport_plugins/image_transport_plugins) by extensions ['colcon_pkg']
[0.473s] Level 1:colcon.colcon_core.package_identification:_identify(/home/toby/ros2OnLaptop_ws/src/image_transport_plugins/image_transport_plugins) by extension 'colcon_pkg'
[0.473s] Level 1:colcon.colcon_core.package_identification:_identify(/home/toby/ros2OnLaptop_ws/src/image_transport_plugins/image_transport_plugins) by extensions ['colcon_meta']
[0.473s] Level 1:colcon.colcon_core.package_identification:_identify(/home/toby/ros2OnLaptop_ws/src/image_transport_plugins/image_transport_plugins) by extension 'colcon_meta'
[0.473s] Level 1:colcon.colcon_core.package_identification:_identify(/home/toby/ros2OnLaptop_ws/src/image_transport_plugins/image_transport_plugins) by extensions ['ros']
[0.473s] Level 1:colcon.colcon_core.package_identification:_identify(/home/toby/ros2OnLaptop_ws/src/image_transport_plugins/image_transport_plugins) by extension 'ros'
[0.475s] DEBUG:colcon.colcon_core.package_identification:Package '/home/toby/ros2OnLaptop_ws/src/image_transport_plugins/image_transport_plugins' with type 'ros.ament_cmake' and name 'image_transport_plugins'
[0.475s] Level 1:colcon.colcon_core.package_identification:_identify(/home/toby/ros2OnLaptop_ws/src/image_transport_plugins/theora_image_transport) by extensions ['ignore', 'ignore_ament_install']
[0.475s] Level 1:colcon.colcon_core.package_identification:_identify(/home/toby/ros2OnLaptop_ws/src/image_transport_plugins/theora_image_transport) by extension 'ignore'
[0.476s] Level 1:colcon.colcon_core.package_identification:_identify(/home/toby/ros2OnLaptop_ws/src/image_transport_plugins/theora_image_transport) by extension 'ignore_ament_install'
[0.476s] Level 1:colcon.colcon_core.package_identification:_identify(/home/toby/ros2OnLaptop_ws/src/image_transport_plugins/theora_image_transport) by extensions ['colcon_pkg']
[0.476s] Level 1:colcon.colcon_core.package_identification:_identify(/home/toby/ros2OnLaptop_ws/src/image_transport_plugins/theora_image_transport) by extension 'colcon_pkg'
[0.476s] Level 1:colcon.colcon_core.package_identification:_identify(/home/toby/ros2OnLaptop_ws/src/image_transport_plugins/theora_image_transport) by extensions ['colcon_meta']
[0.476s] Level 1:colcon.colcon_core.package_identification:_identify(/home/toby/ros2OnLaptop_ws/src/image_transport_plugins/theora_image_transport) by extension 'colcon_meta'
[0.476s] Level 1:colcon.colcon_core.package_identification:_identify(/home/toby/ros2OnLaptop_ws/src/image_transport_plugins/theora_image_transport) by extensions ['ros']
[0.477s] Level 1:colcon.colcon_core.package_identification:_identify(/home/toby/ros2OnLaptop_ws/src/image_transport_plugins/theora_image_transport) by extension 'ros'
[0.481s] DEBUG:colcon.colcon_core.package_identification:Package '/home/toby/ros2OnLaptop_ws/src/image_transport_plugins/theora_image_transport' with type 'ros.ament_cmake' and name 'theora_image_transport'
[0.481s] Level 1:colcon.colcon_core.package_identification:_identify(/home/toby/ros2OnLaptop_ws/src/square_move) by extensions ['ignore', 'ignore_ament_install']
[0.481s] Level 1:colcon.colcon_core.package_identification:_identify(/home/toby/ros2OnLaptop_ws/src/square_move) by extension 'ignore'
[0.481s] Level 1:colcon.colcon_core.package_identification:_identify(/home/toby/ros2OnLaptop_ws/src/square_move) by extension 'ignore_ament_install'
[0.482s] Level 1:colcon.colcon_core.package_identification:_identify(/home/toby/ros2OnLaptop_ws/src/square_move) by extensions ['colcon_pkg']
[0.482s] Level 1:colcon.colcon_core.package_identification:_identify(/home/toby/ros2OnLaptop_ws/src/square_move) by extension 'colcon_pkg'
[0.482s] Level 1:colcon.colcon_core.package_identification:_identify(/home/toby/ros2OnLaptop_ws/src/square_move) by extensions ['colcon_meta']
[0.482s] Level 1:colcon.colcon_core.package_identification:_identify(/home/toby/ros2OnLaptop_ws/src/square_move) by extension 'colcon_meta'
[0.482s] Level 1:colcon.colcon_core.package_identification:_identify(/home/toby/ros2OnLaptop_ws/src/square_move) by extensions ['ros']
[0.482s] Level 1:colcon.colcon_core.package_identification:_identify(/home/toby/ros2OnLaptop_ws/src/square_move) by extension 'ros'
[0.484s] DEBUG:colcon.colcon_core.package_identification:Package '/home/toby/ros2OnLaptop_ws/src/square_move' with type 'ros.ament_cmake' and name 'square_move'
[0.484s] Level 1:colcon.colcon_core.package_identification:_identify(/home/toby/ros2OnLaptop_ws/src/turtlebot3) by extensions ['ignore', 'ignore_ament_install']
[0.484s] Level 1:colcon.colcon_core.package_identification:_identify(/home/toby/ros2OnLaptop_ws/src/turtlebot3) by extension 'ignore'
[0.485s] Level 1:colcon.colcon_core.package_identification:_identify(/home/toby/ros2OnLaptop_ws/src/turtlebot3) by extension 'ignore_ament_install'
[0.485s] Level 1:colcon.colcon_core.package_identification:_identify(/home/toby/ros2OnLaptop_ws/src/turtlebot3) by extensions ['colcon_pkg']
[0.485s] Level 1:colcon.colcon_core.package_identification:_identify(/home/toby/ros2OnLaptop_ws/src/turtlebot3) by extension 'colcon_pkg'
[0.485s] Level 1:colcon.colcon_core.package_identification:_identify(/home/toby/ros2OnLaptop_ws/src/turtlebot3) by extensions ['colcon_meta']
[0.485s] Level 1:colcon.colcon_core.package_identification:_identify(/home/toby/ros2OnLaptop_ws/src/turtlebot3) by extension 'colcon_meta'
[0.485s] Level 1:colcon.colcon_core.package_identification:_identify(/home/toby/ros2OnLaptop_ws/src/turtlebot3) by extensions ['ros']
[0.485s] Level 1:colcon.colcon_core.package_identification:_identify(/home/toby/ros2OnLaptop_ws/src/turtlebot3) by extension 'ros'
[0.486s] Level 1:colcon.colcon_core.package_identification:_identify(/home/toby/ros2OnLaptop_ws/src/turtlebot3) by extensions ['cmake', 'python']
[0.486s] Level 1:colcon.colcon_core.package_identification:_identify(/home/toby/ros2OnLaptop_ws/src/turtlebot3) by extension 'cmake'
[0.486s] Level 1:colcon.colcon_core.package_identification:_identify(/home/toby/ros2OnLaptop_ws/src/turtlebot3) by extension 'python'
[0.486s] Level 1:colcon.colcon_core.package_identification:_identify(/home/toby/ros2OnLaptop_ws/src/turtlebot3) by extensions ['python_setup_py']
[0.486s] Level 1:colcon.colcon_core.package_identification:_identify(/home/toby/ros2OnLaptop_ws/src/turtlebot3) by extension 'python_setup_py'
[0.487s] Level 1:colcon.colcon_core.package_identification:_identify(/home/toby/ros2OnLaptop_ws/src/turtlebot3/turtlebot3) by extensions ['ignore', 'ignore_ament_install']
[0.487s] Level 1:colcon.colcon_core.package_identification:_identify(/home/toby/ros2OnLaptop_ws/src/turtlebot3/turtlebot3) by extension 'ignore'
[0.487s] Level 1:colcon.colcon_core.package_identification:_identify(/home/toby/ros2OnLaptop_ws/src/turtlebot3/turtlebot3) by extension 'ignore_ament_install'
[0.487s] Level 1:colcon.colcon_core.package_identification:_identify(/home/toby/ros2OnLaptop_ws/src/turtlebot3/turtlebot3) by extensions ['colcon_pkg']
[0.488s] Level 1:colcon.colcon_core.package_identification:_identify(/home/toby/ros2OnLaptop_ws/src/turtlebot3/turtlebot3) by extension 'colcon_pkg'
[0.488s] Level 1:colcon.colcon_core.package_identification:_identify(/home/toby/ros2OnLaptop_ws/src/turtlebot3/turtlebot3) by extensions ['colcon_meta']
[0.488s] Level 1:colcon.colcon_core.package_identification:_identify(/home/toby/ros2OnLaptop_ws/src/turtlebot3/turtlebot3) by extension 'colcon_meta'
[0.488s] Level 1:colcon.colcon_core.package_identification:_identify(/home/toby/ros2OnLaptop_ws/src/turtlebot3/turtlebot3) by extensions ['ros']
[0.488s] Level 1:colcon.colcon_core.package_identification:_identify(/home/toby/ros2OnLaptop_ws/src/turtlebot3/turtlebot3) by extension 'ros'
[0.490s] DEBUG:colcon.colcon_core.package_identification:Package '/home/toby/ros2OnLaptop_ws/src/turtlebot3/turtlebot3' with type 'ros.ament_cmake' and name 'turtlebot3'
[0.490s] Level 1:colcon.colcon_core.package_identification:_identify(/home/toby/ros2OnLaptop_ws/src/turtlebot3/turtlebot3_bringup) by extensions ['ignore', 'ignore_ament_install']
[0.491s] Level 1:colcon.colcon_core.package_identification:_identify(/home/toby/ros2OnLaptop_ws/src/turtlebot3/turtlebot3_bringup) by extension 'ignore'
[0.491s] Level 1:colcon.colcon_core.package_identification:_identify(/home/toby/ros2OnLaptop_ws/src/turtlebot3/turtlebot3_bringup) by extension 'ignore_ament_install'
[0.491s] Level 1:colcon.colcon_core.package_identification:_identify(/home/toby/ros2OnLaptop_ws/src/turtlebot3/turtlebot3_bringup) by extensions ['colcon_pkg']
[0.491s] Level 1:colcon.colcon_core.package_identification:_identify(/home/toby/ros2OnLaptop_ws/src/turtlebot3/turtlebot3_bringup) by extension 'colcon_pkg'
[0.491s] Level 1:colcon.colcon_core.package_identification:_identify(/home/toby/ros2OnLaptop_ws/src/turtlebot3/turtlebot3_bringup) by extensions ['colcon_meta']
[0.492s] Level 1:colcon.colcon_core.package_identification:_identify(/home/toby/ros2OnLaptop_ws/src/turtlebot3/turtlebot3_bringup) by extension 'colcon_meta'
[0.492s] Level 1:colcon.colcon_core.package_identification:_identify(/home/toby/ros2OnLaptop_ws/src/turtlebot3/turtlebot3_bringup) by extensions ['ros']
[0.492s] Level 1:colcon.colcon_core.package_identification:_identify(/home/toby/ros2OnLaptop_ws/src/turtlebot3/turtlebot3_bringup) by extension 'ros'
[0.494s] DEBUG:colcon.colcon_core.package_identification:Package '/home/toby/ros2OnLaptop_ws/src/turtlebot3/turtlebot3_bringup' with type 'ros.ament_cmake' and name 'turtlebot3_bringup'
[0.494s] Level 1:colcon.colcon_core.package_identification:_identify(/home/toby/ros2OnLaptop_ws/src/turtlebot3/turtlebot3_cartographer) by extensions ['ignore', 'ignore_ament_install']
[0.495s] Level 1:colcon.colcon_core.package_identification:_identify(/home/toby/ros2OnLaptop_ws/src/turtlebot3/turtlebot3_cartographer) by extension 'ignore'
[0.495s] Level 1:colcon.colcon_core.package_identification:_identify(/home/toby/ros2OnLaptop_ws/src/turtlebot3/turtlebot3_cartographer) by extension 'ignore_ament_install'
[0.495s] Level 1:colcon.colcon_core.package_identification:_identify(/home/toby/ros2OnLaptop_ws/src/turtlebot3/turtlebot3_cartographer) by extensions ['colcon_pkg']
[0.495s] Level 1:colcon.colcon_core.package_identification:_identify(/home/toby/ros2OnLaptop_ws/src/turtlebot3/turtlebot3_cartographer) by extension 'colcon_pkg'
[0.495s] Level 1:colcon.colcon_core.package_identification:_identify(/home/toby/ros2OnLaptop_ws/src/turtlebot3/turtlebot3_cartographer) by extensions ['colcon_meta']
[0.495s] Level 1:colcon.colcon_core.package_identification:_identify(/home/toby/ros2OnLaptop_ws/src/turtlebot3/turtlebot3_cartographer) by extension 'colcon_meta'
[0.496s] Level 1:colcon.colcon_core.package_identification:_identify(/home/toby/ros2OnLaptop_ws/src/turtlebot3/turtlebot3_cartographer) by extensions ['ros']
[0.496s] Level 1:colcon.colcon_core.package_identification:_identify(/home/toby/ros2OnLaptop_ws/src/turtlebot3/turtlebot3_cartographer) by extension 'ros'
[0.497s] DEBUG:colcon.colcon_core.package_identification:Package '/home/toby/ros2OnLaptop_ws/src/turtlebot3/turtlebot3_cartographer' with type 'ros.ament_cmake' and name 'turtlebot3_cartographer'
[0.498s] Level 1:colcon.colcon_core.package_identification:_identify(/home/toby/ros2OnLaptop_ws/src/turtlebot3/turtlebot3_description) by extensions ['ignore', 'ignore_ament_install']
[0.498s] Level 1:colcon.colcon_core.package_identification:_identify(/home/toby/ros2OnLaptop_ws/src/turtlebot3/turtlebot3_description) by extension 'ignore'
[0.498s] Level 1:colcon.colcon_core.package_identification:_identify(/home/toby/ros2OnLaptop_ws/src/turtlebot3/turtlebot3_description) by extension 'ignore_ament_install'
[0.499s] Level 1:colcon.colcon_core.package_identification:_identify(/home/toby/ros2OnLaptop_ws/src/turtlebot3/turtlebot3_description) by extensions ['colcon_pkg']
[0.499s] Level 1:colcon.colcon_core.package_identification:_identify(/home/toby/ros2OnLaptop_ws/src/turtlebot3/turtlebot3_description) by extension 'colcon_pkg'
[0.499s] Level 1:colcon.colcon_core.package_identification:_identify(/home/toby/ros2OnLaptop_ws/src/turtlebot3/turtlebot3_description) by extensions ['colcon_meta']
[0.499s] Level 1:colcon.colcon_core.package_identification:_identify(/home/toby/ros2OnLaptop_ws/src/turtlebot3/turtlebot3_description) by extension 'colcon_meta'
[0.499s] Level 1:colcon.colcon_core.package_identification:_identify(/home/toby/ros2OnLaptop_ws/src/turtlebot3/turtlebot3_description) by extensions ['ros']
[0.499s] Level 1:colcon.colcon_core.package_identification:_identify(/home/toby/ros2OnLaptop_ws/src/turtlebot3/turtlebot3_description) by extension 'ros'
[0.501s] DEBUG:colcon.colcon_core.package_identification:Package '/home/toby/ros2OnLaptop_ws/src/turtlebot3/turtlebot3_description' with type 'ros.ament_cmake' and name 'turtlebot3_description'
[0.502s] Level 1:colcon.colcon_core.package_identification:_identify(/home/toby/ros2OnLaptop_ws/src/turtlebot3/turtlebot3_navigation2) by extensions ['ignore', 'ignore_ament_install']
[0.502s] Level 1:colcon.colcon_core.package_identification:_identify(/home/toby/ros2OnLaptop_ws/src/turtlebot3/turtlebot3_navigation2) by extension 'ignore'
[0.502s] Level 1:colcon.colcon_core.package_identification:_identify(/home/toby/ros2OnLaptop_ws/src/turtlebot3/turtlebot3_navigation2) by extension 'ignore_ament_install'
[0.502s] Level 1:colcon.colcon_core.package_identification:_identify(/home/toby/ros2OnLaptop_ws/src/turtlebot3/turtlebot3_navigation2) by extensions ['colcon_pkg']
[0.502s] Level 1:colcon.colcon_core.package_identification:_identify(/home/toby/ros2OnLaptop_ws/src/turtlebot3/turtlebot3_navigation2) by extension 'colcon_pkg'
[0.503s] Level 1:colcon.colcon_core.package_identification:_identify(/home/toby/ros2OnLaptop_ws/src/turtlebot3/turtlebot3_navigation2) by extensions ['colcon_meta']
[0.503s] Level 1:colcon.colcon_core.package_identification:_identify(/home/toby/ros2OnLaptop_ws/src/turtlebot3/turtlebot3_navigation2) by extension 'colcon_meta'
[0.503s] Level 1:colcon.colcon_core.package_identification:_identify(/home/toby/ros2OnLaptop_ws/src/turtlebot3/turtlebot3_navigation2) by extensions ['ros']
[0.503s] Level 1:colcon.colcon_core.package_identification:_identify(/home/toby/ros2OnLaptop_ws/src/turtlebot3/turtlebot3_navigation2) by extension 'ros'
[0.505s] DEBUG:colcon.colcon_core.package_identification:Package '/home/toby/ros2OnLaptop_ws/src/turtlebot3/turtlebot3_navigation2' with type 'ros.ament_cmake' and name 'turtlebot3_navigation2'
[0.505s] Level 1:colcon.colcon_core.package_identification:_identify(/home/toby/ros2OnLaptop_ws/src/turtlebot3/turtlebot3_node) by extensions ['ignore', 'ignore_ament_install']
[0.505s] Level 1:colcon.colcon_core.package_identification:_identify(/home/toby/ros2OnLaptop_ws/src/turtlebot3/turtlebot3_node) by extension 'ignore'
[0.506s] Level 1:colcon.colcon_core.package_identification:_identify(/home/toby/ros2OnLaptop_ws/src/turtlebot3/turtlebot3_node) by extension 'ignore_ament_install'
[0.506s] Level 1:colcon.colcon_core.package_identification:_identify(/home/toby/ros2OnLaptop_ws/src/turtlebot3/turtlebot3_node) by extensions ['colcon_pkg']
[0.506s] Level 1:colcon.colcon_core.package_identification:_identify(/home/toby/ros2OnLaptop_ws/src/turtlebot3/turtlebot3_node) by extension 'colcon_pkg'
[0.506s] Level 1:colcon.colcon_core.package_identification:_identify(/home/toby/ros2OnLaptop_ws/src/turtlebot3/turtlebot3_node) by extensions ['colcon_meta']
[0.506s] Level 1:colcon.colcon_core.package_identification:_identify(/home/toby/ros2OnLaptop_ws/src/turtlebot3/turtlebot3_node) by extension 'colcon_meta'
[0.506s] Level 1:colcon.colcon_core.package_identification:_identify(/home/toby/ros2OnLaptop_ws/src/turtlebot3/turtlebot3_node) by extensions ['ros']
[0.506s] Level 1:colcon.colcon_core.package_identification:_identify(/home/toby/ros2OnLaptop_ws/src/turtlebot3/turtlebot3_node) by extension 'ros'
[0.514s] DEBUG:colcon.colcon_core.package_identification:Package '/home/toby/ros2OnLaptop_ws/src/turtlebot3/turtlebot3_node' with type 'ros.ament_cmake' and name 'turtlebot3_node'
[0.514s] Level 1:colcon.colcon_core.package_identification:_identify(/home/toby/ros2OnLaptop_ws/src/turtlebot3/turtlebot3_teleop) by extensions ['ignore', 'ignore_ament_install']
[0.514s] Level 1:colcon.colcon_core.package_identification:_identify(/home/toby/ros2OnLaptop_ws/src/turtlebot3/turtlebot3_teleop) by extension 'ignore'
[0.515s] Level 1:colcon.colcon_core.package_identification:_identify(/home/toby/ros2OnLaptop_ws/src/turtlebot3/turtlebot3_teleop) by extension 'ignore_ament_install'
[0.515s] Level 1:colcon.colcon_core.package_identification:_identify(/home/toby/ros2OnLaptop_ws/src/turtlebot3/turtlebot3_teleop) by extensions ['colcon_pkg']
[0.515s] Level 1:colcon.colcon_core.package_identification:_identify(/home/toby/ros2OnLaptop_ws/src/turtlebot3/turtlebot3_teleop) by extension 'colcon_pkg'
[0.515s] Level 1:colcon.colcon_core.package_identification:_identify(/home/toby/ros2OnLaptop_ws/src/turtlebot3/turtlebot3_teleop) by extensions ['colcon_meta']
[0.515s] Level 1:colcon.colcon_core.package_identification:_identify(/home/toby/ros2OnLaptop_ws/src/turtlebot3/turtlebot3_teleop) by extension 'colcon_meta'
[0.515s] Level 1:colcon.colcon_core.package_identification:_identify(/home/toby/ros2OnLaptop_ws/src/turtlebot3/turtlebot3_teleop) by extensions ['ros']
[0.516s] Level 1:colcon.colcon_core.package_identification:_identify(/home/toby/ros2OnLaptop_ws/src/turtlebot3/turtlebot3_teleop) by extension 'ros'
[0.518s] DEBUG:colcon.colcon_core.package_identification:Package '/home/toby/ros2OnLaptop_ws/src/turtlebot3/turtlebot3_teleop' with type 'ros.ament_python' and name 'turtlebot3_teleop'
[0.518s] Level 1:colcon.colcon_core.package_identification:_identify(/home/toby/ros2OnLaptop_ws/src/turtlebot3_msgs) by extensions ['ignore', 'ignore_ament_install']
[0.518s] Level 1:colcon.colcon_core.package_identification:_identify(/home/toby/ros2OnLaptop_ws/src/turtlebot3_msgs) by extension 'ignore'
[0.518s] Level 1:colcon.colcon_core.package_identification:_identify(/home/toby/ros2OnLaptop_ws/src/turtlebot3_msgs) by extension 'ignore_ament_install'
[0.519s] Level 1:colcon.colcon_core.package_identification:_identify(/home/toby/ros2OnLaptop_ws/src/turtlebot3_msgs) by extensions ['colcon_pkg']
[0.519s] Level 1:colcon.colcon_core.package_identification:_identify(/home/toby/ros2OnLaptop_ws/src/turtlebot3_msgs) by extension 'colcon_pkg'
[0.519s] Level 1:colcon.colcon_core.package_identification:_identify(/home/toby/ros2OnLaptop_ws/src/turtlebot3_msgs) by extensions ['colcon_meta']
[0.519s] Level 1:colcon.colcon_core.package_identification:_identify(/home/toby/ros2OnLaptop_ws/src/turtlebot3_msgs) by extension 'colcon_meta'
[0.519s] Level 1:colcon.colcon_core.package_identification:_identify(/home/toby/ros2OnLaptop_ws/src/turtlebot3_msgs) by extensions ['ros']
[0.519s] Level 1:colcon.colcon_core.package_identification:_identify(/home/toby/ros2OnLaptop_ws/src/turtlebot3_msgs) by extension 'ros'
[0.522s] DEBUG:colcon.colcon_core.package_identification:Package '/home/toby/ros2OnLaptop_ws/src/turtlebot3_msgs' with type 'ros.ament_cmake' and name 'turtlebot3_msgs'
[0.523s] Level 1:colcon.colcon_core.package_identification:_identify(/home/toby/ros2OnLaptop_ws/src/videoRead) by extensions ['ignore', 'ignore_ament_install']
[0.523s] Level 1:colcon.colcon_core.package_identification:_identify(/home/toby/ros2OnLaptop_ws/src/videoRead) by extension 'ignore'
[0.523s] Level 1:colcon.colcon_core.package_identification:_identify(/home/toby/ros2OnLaptop_ws/src/videoRead) by extension 'ignore_ament_install'
[0.524s] Level 1:colcon.colcon_core.package_identification:_identify(/home/toby/ros2OnLaptop_ws/src/videoRead) by extensions ['colcon_pkg']
[0.524s] Level 1:colcon.colcon_core.package_identification:_identify(/home/toby/ros2OnLaptop_ws/src/videoRead) by extension 'colcon_pkg'
[0.524s] Level 1:colcon.colcon_core.package_identification:_identify(/home/toby/ros2OnLaptop_ws/src/videoRead) by extensions ['colcon_meta']
[0.524s] Level 1:colcon.colcon_core.package_identification:_identify(/home/toby/ros2OnLaptop_ws/src/videoRead) by extension 'colcon_meta'
[0.524s] Level 1:colcon.colcon_core.package_identification:_identify(/home/toby/ros2OnLaptop_ws/src/videoRead) by extensions ['ros']
[0.524s] Level 1:colcon.colcon_core.package_identification:_identify(/home/toby/ros2OnLaptop_ws/src/videoRead) by extension 'ros'
[0.526s] DEBUG:colcon.colcon_core.package_identification:Package '/home/toby/ros2OnLaptop_ws/src/videoRead' with type 'ros.ament_cmake' and name 'videoRead'
[0.526s] Level 1:colcon.colcon_core.package_identification:_identify(/home/toby/ros2OnLaptop_ws/src/vision_opencv) by extensions ['ignore', 'ignore_ament_install']
[0.526s] Level 1:colcon.colcon_core.package_identification:_identify(/home/toby/ros2OnLaptop_ws/src/vision_opencv) by extension 'ignore'
[0.527s] Level 1:colcon.colcon_core.package_identification:_identify(/home/toby/ros2OnLaptop_ws/src/vision_opencv) by extension 'ignore_ament_install'
[0.527s] Level 1:colcon.colcon_core.package_identification:_identify(/home/toby/ros2OnLaptop_ws/src/vision_opencv) by extensions ['colcon_pkg']
[0.527s] Level 1:colcon.colcon_core.package_identification:_identify(/home/toby/ros2OnLaptop_ws/src/vision_opencv) by extension 'colcon_pkg'
[0.527s] Level 1:colcon.colcon_core.package_identification:_identify(/home/toby/ros2OnLaptop_ws/src/vision_opencv) by extensions ['colcon_meta']
[0.527s] Level 1:colcon.colcon_core.package_identification:_identify(/home/toby/ros2OnLaptop_ws/src/vision_opencv) by extension 'colcon_meta'
[0.527s] Level 1:colcon.colcon_core.package_identification:_identify(/home/toby/ros2OnLaptop_ws/src/vision_opencv) by extensions ['ros']
[0.528s] Level 1:colcon.colcon_core.package_identification:_identify(/home/toby/ros2OnLaptop_ws/src/vision_opencv) by extension 'ros'
[0.528s] Level 1:colcon.colcon_core.package_identification:_identify(/home/toby/ros2OnLaptop_ws/src/vision_opencv) by extensions ['cmake', 'python']
[0.528s] Level 1:colcon.colcon_core.package_identification:_identify(/home/toby/ros2OnLaptop_ws/src/vision_opencv) by extension 'cmake'
[0.528s] Level 1:colcon.colcon_core.package_identification:_identify(/home/toby/ros2OnLaptop_ws/src/vision_opencv) by extension 'python'
[0.528s] Level 1:colcon.colcon_core.package_identification:_identify(/home/toby/ros2OnLaptop_ws/src/vision_opencv) by extensions ['python_setup_py']
[0.528s] Level 1:colcon.colcon_core.package_identification:_identify(/home/toby/ros2OnLaptop_ws/src/vision_opencv) by extension 'python_setup_py'
[0.529s] Level 1:colcon.colcon_core.package_identification:_identify(/home/toby/ros2OnLaptop_ws/src/vision_opencv/cv_bridge) by extensions ['ignore', 'ignore_ament_install']
[0.529s] Level 1:colcon.colcon_core.package_identification:_identify(/home/toby/ros2OnLaptop_ws/src/vision_opencv/cv_bridge) by extension 'ignore'
[0.529s] Level 1:colcon.colcon_core.package_identification:_identify(/home/toby/ros2OnLaptop_ws/src/vision_opencv/cv_bridge) by extension 'ignore_ament_install'
[0.530s] Level 1:colcon.colcon_core.package_identification:_identify(/home/toby/ros2OnLaptop_ws/src/vision_opencv/cv_bridge) by extensions ['colcon_pkg']
[0.530s] Level 1:colcon.colcon_core.package_identification:_identify(/home/toby/ros2OnLaptop_ws/src/vision_opencv/cv_bridge) by extension 'colcon_pkg'
[0.530s] Level 1:colcon.colcon_core.package_identification:_identify(/home/toby/ros2OnLaptop_ws/src/vision_opencv/cv_bridge) by extensions ['colcon_meta']
[0.530s] Level 1:colcon.colcon_core.package_identification:_identify(/home/toby/ros2OnLaptop_ws/src/vision_opencv/cv_bridge) by extension 'colcon_meta'
[0.530s] Level 1:colcon.colcon_core.package_identification:_identify(/home/toby/ros2OnLaptop_ws/src/vision_opencv/cv_bridge) by extensions ['ros']
[0.530s] Level 1:colcon.colcon_core.package_identification:_identify(/home/toby/ros2OnLaptop_ws/src/vision_opencv/cv_bridge) by extension 'ros'
[0.560s] DEBUG:colcon.colcon_core.package_identification:Package '/home/toby/ros2OnLaptop_ws/src/vision_opencv/cv_bridge' with type 'ros.ament_cmake' and name 'cv_bridge'
[0.561s] Level 1:colcon.colcon_core.package_identification:_identify(/home/toby/ros2OnLaptop_ws/src/vision_opencv/image_geometry) by extensions ['ignore', 'ignore_ament_install']
[0.562s] Level 1:colcon.colcon_core.package_identification:_identify(/home/toby/ros2OnLaptop_ws/src/vision_opencv/image_geometry) by extension 'ignore'
[0.563s] Level 1:colcon.colcon_core.package_identification:_identify(/home/toby/ros2OnLaptop_ws/src/vision_opencv/image_geometry) by extension 'ignore_ament_install'
[0.564s] Level 1:colcon.colcon_core.package_identification:_identify(/home/toby/ros2OnLaptop_ws/src/vision_opencv/image_geometry) by extensions ['colcon_pkg']
[0.564s] Level 1:colcon.colcon_core.package_identification:_identify(/home/toby/ros2OnLaptop_ws/src/vision_opencv/image_geometry) by extension 'colcon_pkg'
[0.565s] Level 1:colcon.colcon_core.package_identification:_identify(/home/toby/ros2OnLaptop_ws/src/vision_opencv/image_geometry) by extensions ['colcon_meta']
[0.566s] Level 1:colcon.colcon_core.package_identification:_identify(/home/toby/ros2OnLaptop_ws/src/vision_opencv/image_geometry) by extension 'colcon_meta'
[0.566s] Level 1:colcon.colcon_core.package_identification:_identify(/home/toby/ros2OnLaptop_ws/src/vision_opencv/image_geometry) by extensions ['ros']
[0.566s] Level 1:colcon.colcon_core.package_identification:_identify(/home/toby/ros2OnLaptop_ws/src/vision_opencv/image_geometry) by extension 'ros'
[0.570s] DEBUG:colcon.colcon_core.package_identification:Package '/home/toby/ros2OnLaptop_ws/src/vision_opencv/image_geometry' with type 'ros.ament_cmake' and name 'image_geometry'
[0.570s] Level 1:colcon.colcon_core.package_identification:_identify(/home/toby/ros2OnLaptop_ws/src/vision_opencv/opencv_tests) by extensions ['ignore', 'ignore_ament_install']
[0.570s] Level 1:colcon.colcon_core.package_identification:_identify(/home/toby/ros2OnLaptop_ws/src/vision_opencv/opencv_tests) by extension 'ignore'
[0.571s] Level 1:colcon.colcon_core.package_identification:_identify(/home/toby/ros2OnLaptop_ws/src/vision_opencv/opencv_tests) by extension 'ignore_ament_install'
[0.571s] Level 1:colcon.colcon_core.package_identification:_identify(/home/toby/ros2OnLaptop_ws/src/vision_opencv/opencv_tests) by extensions ['colcon_pkg']
[0.571s] Level 1:colcon.colcon_core.package_identification:_identify(/home/toby/ros2OnLaptop_ws/src/vision_opencv/opencv_tests) by extension 'colcon_pkg'
[0.571s] Level 1:colcon.colcon_core.package_identification:_identify(/home/toby/ros2OnLaptop_ws/src/vision_opencv/opencv_tests) by extensions ['colcon_meta']
[0.571s] Level 1:colcon.colcon_core.package_identification:_identify(/home/toby/ros2OnLaptop_ws/src/vision_opencv/opencv_tests) by extension 'colcon_meta'
[0.571s] Level 1:colcon.colcon_core.package_identification:_identify(/home/toby/ros2OnLaptop_ws/src/vision_opencv/opencv_tests) by extensions ['ros']
[0.572s] Level 1:colcon.colcon_core.package_identification:_identify(/home/toby/ros2OnLaptop_ws/src/vision_opencv/opencv_tests) by extension 'ros'
[0.574s] DEBUG:colcon.colcon_core.package_identification:Package '/home/toby/ros2OnLaptop_ws/src/vision_opencv/opencv_tests' with type 'ros.ament_python' and name 'opencv_tests'
[0.574s] Level 1:colcon.colcon_core.package_identification:_identify(/home/toby/ros2OnLaptop_ws/src/vision_opencv/vision_opencv) by extensions ['ignore', 'ignore_ament_install']
[0.574s] Level 1:colcon.colcon_core.package_identification:_identify(/home/toby/ros2OnLaptop_ws/src/vision_opencv/vision_opencv) by extension 'ignore'
[0.574s] Level 1:colcon.colcon_core.package_identification:_identify(/home/toby/ros2OnLaptop_ws/src/vision_opencv/vision_opencv) by extension 'ignore_ament_install'
[0.575s] Level 1:colcon.colcon_core.package_identification:_identify(/home/toby/ros2OnLaptop_ws/src/vision_opencv/vision_opencv) by extensions ['colcon_pkg']
[0.575s] Level 1:colcon.colcon_core.package_identification:_identify(/home/toby/ros2OnLaptop_ws/src/vision_opencv/vision_opencv) by extension 'colcon_pkg'
[0.575s] Level 1:colcon.colcon_core.package_identification:_identify(/home/toby/ros2OnLaptop_ws/src/vision_opencv/vision_opencv) by extensions ['colcon_meta']
[0.575s] Level 1:colcon.colcon_core.package_identification:_identify(/home/toby/ros2OnLaptop_ws/src/vision_opencv/vision_opencv) by extension 'colcon_meta'
[0.575s] Level 1:colcon.colcon_core.package_identification:_identify(/home/toby/ros2OnLaptop_ws/src/vision_opencv/vision_opencv) by extensions ['ros']
[0.575s] Level 1:colcon.colcon_core.package_identification:_identify(/home/toby/ros2OnLaptop_ws/src/vision_opencv/vision_opencv) by extension 'ros'
[0.577s] DEBUG:colcon.colcon_core.package_identification:Package '/home/toby/ros2OnLaptop_ws/src/vision_opencv/vision_opencv' with type 'ros.ament_cmake' and name 'vision_opencv'
[0.577s] Level 1:colcon.colcon_core.package_discovery:discover_packages(recursive) using defaults
[0.588s] Level 1:colcon.colcon_core.package_augmentation.check_dependency_constraint:theora_image_transport depends on cv_bridge which has version 2.1.3: constraints {}
[0.588s] Level 1:colcon.colcon_core.package_augmentation.check_dependency_constraint:followIssue depends on cv_bridge which has version 2.1.3: constraints {}
[0.588s] Level 1:colcon.colcon_core.package_augmentation.check_dependency_constraint:vision_opencv depends on image_geometry which has version 2.1.3: constraints {}
[0.588s] Level 1:colcon.colcon_core.package_augmentation.check_dependency_constraint:vision_opencv depends on cv_bridge which has version 2.1.3: constraints {}
[0.589s] Level 1:colcon.colcon_core.package_augmentation.check_dependency_constraint:image_proc depends on cv_bridge which has version 2.1.3: constraints {}
[0.589s] Level 1:colcon.colcon_core.package_augmentation.check_dependency_constraint:image_proc depends on image_geometry which has version 2.1.3: constraints {}
[0.589s] Level 1:colcon.colcon_core.package_augmentation.check_dependency_constraint:depth_image_proc depends on cv_bridge which has version 2.1.3: constraints {}
[0.589s] Level 1:colcon.colcon_core.package_augmentation.check_dependency_constraint:depth_image_proc depends on image_geometry which has version 2.1.3: constraints {}
[0.589s] Level 1:colcon.colcon_core.package_augmentation.check_dependency_constraint:square_move depends on turtlebot3_node which has version 2.0.1: constraints {}
[0.590s] Level 1:colcon.colcon_core.package_augmentation.check_dependency_constraint:compressed_depth_image_transport depends on cv_bridge which has version 2.1.3: constraints {}
[0.590s] Level 1:colcon.colcon_core.package_augmentation.check_dependency_constraint:image_transport_plugins depends on compressed_image_transport which has version 2.2.1: constraints {}
[0.590s] Level 1:colcon.colcon_core.package_augmentation.check_dependency_constraint:image_transport_plugins depends on compressed_depth_image_transport which has version 2.2.1: constraints {}
[0.590s] Level 1:colcon.colcon_core.package_augmentation.check_dependency_constraint:image_transport_plugins depends on theora_image_transport which has version 2.2.1: constraints {}
[0.590s] Level 1:colcon.colcon_core.package_augmentation.check_dependency_constraint:turtlebot3 depends on turtlebot3_navigation2 which has version 2.0.1: constraints {}
[0.590s] Level 1:colcon.colcon_core.package_augmentation.check_dependency_constraint:turtlebot3 depends on turtlebot3_cartographer which has version 2.0.1: constraints {}
[0.591s] Level 1:colcon.colcon_core.package_augmentation.check_dependency_constraint:turtlebot3 depends on turtlebot3_bringup which has version 2.0.1: constraints {}
[0.591s] Level 1:colcon.colcon_core.package_augmentation.check_dependency_constraint:turtlebot3 depends on turtlebot3_node which has version 2.0.1: constraints {}
[0.591s] Level 1:colcon.colcon_core.package_augmentation.check_dependency_constraint:turtlebot3 depends on turtlebot3_description which has version 2.0.1: constraints {}
[0.591s] Level 1:colcon.colcon_core.package_augmentation.check_dependency_constraint:turtlebot3 depends on turtlebot3_teleop which has version 2.0.1: constraints {}
[0.591s] Level 1:colcon.colcon_core.package_augmentation.check_dependency_constraint:image_pipeline depends on image_rotate which has version 2.0.0: constraints {}
[0.591s] Level 1:colcon.colcon_core.package_augmentation.check_dependency_constraint:image_pipeline depends on image_publisher which has version 2.0.0: constraints {}
[0.592s] Level 1:colcon.colcon_core.package_augmentation.check_dependency_constraint:image_pipeline depends on depth_image_proc which has version 2.0.0: constraints {}
[0.592s] Level 1:colcon.colcon_core.package_augmentation.check_dependency_constraint:image_pipeline depends on image_proc which has version 1.12.23: constraints {}
[0.592s] Level 1:colcon.colcon_core.package_augmentation.check_dependency_constraint:image_publisher depends on cv_bridge which has version 2.1.3: constraints {}
[0.592s] Level 1:colcon.colcon_core.package_augmentation.check_dependency_constraint:image_publisher depends on image_geometry which has version 2.1.3: constraints {}
[0.592s] Level 1:colcon.colcon_core.package_augmentation.check_dependency_constraint:compressed_image_transport depends on cv_bridge which has version 2.1.3: constraints {}
[0.593s] Level 1:colcon.colcon_core.package_augmentation.check_dependency_constraint:opencv_tests depends on cv_bridge which has version 2.1.3: constraints {}
[0.593s] Level 1:colcon.colcon_core.package_augmentation.check_dependency_constraint:turtlebot3_bringup depends on turtlebot3_node which has version 2.0.1: constraints {}
[0.593s] Level 1:colcon.colcon_core.package_augmentation.check_dependency_constraint:turtlebot3_bringup depends on turtlebot3_description which has version 2.0.1: constraints {}
[0.593s] Level 1:colcon.colcon_core.package_augmentation.check_dependency_constraint:turtlebot3_bringup depends on hls_lfcd_lds_driver which has version 2.0.0: constraints {}
[0.593s] Level 1:colcon.colcon_core.package_augmentation.check_dependency_constraint:turtlebot3_node depends on dynamixel_sdk which has version 3.7.20: constraints {}
[0.593s] Level 1:colcon.colcon_core.package_augmentation.check_dependency_constraint:turtlebot3_node depends on turtlebot3_msgs which has version 2.2.0: constraints {}
[0.594s] Level 1:colcon.colcon_core.package_augmentation.check_dependency_constraint:image_rotate depends on cv_bridge which has version 2.1.3: constraints {}
[0.601s] INFO:colcon.colcon_core.package_selection:Skipping not selected package 'cpp_pubsub' in '/home/toby/ros2OnLaptop_ws/src/cpp_pubsub'
[0.601s] INFO:colcon.colcon_core.package_selection:Skipping not selected package 'cv_bridge' in '/home/toby/ros2OnLaptop_ws/src/vision_opencv/cv_bridge'
[0.602s] INFO:colcon.colcon_core.package_selection:Skipping not selected package 'dynamixel_sdk' in '/home/toby/ros2OnLaptop_ws/src/DynamixelSDK/dynamixel_sdk'
[0.602s] INFO:colcon.colcon_core.package_selection:Skipping not selected package 'hls_lfcd_lds_driver' in '/home/toby/ros2OnLaptop_ws/src/hls_lfcd_lds_driver'
[0.602s] INFO:colcon.colcon_core.package_selection:Skipping not selected package 'image_geometry' in '/home/toby/ros2OnLaptop_ws/src/vision_opencv/image_geometry'
[0.602s] INFO:colcon.colcon_core.package_selection:Skipping not selected package 'turtlebot3_cartographer' in '/home/toby/ros2OnLaptop_ws/src/turtlebot3/turtlebot3_cartographer'
[0.602s] INFO:colcon.colcon_core.package_selection:Skipping not selected package 'turtlebot3_description' in '/home/toby/ros2OnLaptop_ws/src/turtlebot3/turtlebot3_description'
[0.602s] INFO:colcon.colcon_core.package_selection:Skipping not selected package 'turtlebot3_msgs' in '/home/toby/ros2OnLaptop_ws/src/turtlebot3_msgs'
[0.602s] INFO:colcon.colcon_core.package_selection:Skipping not selected package 'turtlebot3_navigation2' in '/home/toby/ros2OnLaptop_ws/src/turtlebot3/turtlebot3_navigation2'
[0.602s] INFO:colcon.colcon_core.package_selection:Skipping not selected package 'turtlebot3_teleop' in '/home/toby/ros2OnLaptop_ws/src/turtlebot3/turtlebot3_teleop'
[0.602s] INFO:colcon.colcon_core.package_selection:Skipping not selected package 'compressed_depth_image_transport' in '/home/toby/ros2OnLaptop_ws/src/image_transport_plugins/compressed_depth_image_transport'
[0.602s] INFO:colcon.colcon_core.package_selection:Skipping not selected package 'compressed_image_transport' in '/home/toby/ros2OnLaptop_ws/src/image_transport_plugins/compressed_image_transport'
[0.602s] INFO:colcon.colcon_core.package_selection:Skipping not selected package 'depth_image_proc' in '/home/toby/ros2OnLaptop_ws/src/image_pipeline/depth_image_proc'
[0.603s] INFO:colcon.colcon_core.package_selection:Skipping not selected package 'followIssue' in '/home/toby/ros2OnLaptop_ws/src/followIssue'
[0.603s] INFO:colcon.colcon_core.package_selection:Skipping not selected package 'image_proc' in '/home/toby/ros2OnLaptop_ws/src/image_pipeline/image_proc'
[0.603s] INFO:colcon.colcon_core.package_selection:Skipping not selected package 'image_publisher' in '/home/toby/ros2OnLaptop_ws/src/image_pipeline/image_publisher'
[0.603s] INFO:colcon.colcon_core.package_selection:Skipping not selected package 'image_rotate' in '/home/toby/ros2OnLaptop_ws/src/image_pipeline/image_rotate'
[0.603s] INFO:colcon.colcon_core.package_selection:Skipping not selected package 'opencv_tests' in '/home/toby/ros2OnLaptop_ws/src/vision_opencv/opencv_tests'
[0.603s] INFO:colcon.colcon_core.package_selection:Skipping not selected package 'theora_image_transport' in '/home/toby/ros2OnLaptop_ws/src/image_transport_plugins/theora_image_transport'
[0.603s] INFO:colcon.colcon_core.package_selection:Skipping not selected package 'turtlebot3_node' in '/home/toby/ros2OnLaptop_ws/src/turtlebot3/turtlebot3_node'
[0.603s] INFO:colcon.colcon_core.package_selection:Skipping not selected package 'vision_opencv' in '/home/toby/ros2OnLaptop_ws/src/vision_opencv/vision_opencv'
[0.603s] INFO:colcon.colcon_core.package_selection:Skipping not selected package 'image_pipeline' in '/home/toby/ros2OnLaptop_ws/src/image_pipeline/image_pipeline'
[0.603s] INFO:colcon.colcon_core.package_selection:Skipping not selected package 'image_transport_plugins' in '/home/toby/ros2OnLaptop_ws/src/image_transport_plugins/image_transport_plugins'
[0.603s] INFO:colcon.colcon_core.package_selection:Skipping not selected package 'square_move' in '/home/toby/ros2OnLaptop_ws/src/square_move'
[0.603s] INFO:colcon.colcon_core.package_selection:Skipping not selected package 'turtlebot3_bringup' in '/home/toby/ros2OnLaptop_ws/src/turtlebot3/turtlebot3_bringup'
[0.603s] INFO:colcon.colcon_core.package_selection:Skipping not selected package 'turtlebot3' in '/home/toby/ros2OnLaptop_ws/src/turtlebot3/turtlebot3'
[0.610s] Level 5:colcon.colcon_core.verb:set package 'videoRead' build argument 'cmake_args' from command line to 'None'
[0.610s] Level 5:colcon.colcon_core.verb:set package 'videoRead' build argument 'cmake_target' from command line to 'None'
[0.610s] Level 5:colcon.colcon_core.verb:set package 'videoRead' build argument 'cmake_target_skip_unavailable' from command line to 'False'
[0.610s] Level 5:colcon.colcon_core.verb:set package 'videoRead' build argument 'cmake_clean_cache' from command line to 'False'
[0.610s] Level 5:colcon.colcon_core.verb:set package 'videoRead' build argument 'cmake_clean_first' from command line to 'False'
[0.610s] Level 5:colcon.colcon_core.verb:set package 'videoRead' build argument 'cmake_force_configure' from command line to 'False'
[0.610s] Level 5:colcon.colcon_core.verb:set package 'videoRead' build argument 'ament_cmake_args' from command line to 'None'
[0.610s] Level 5:colcon.colcon_core.verb:set package 'videoRead' build argument 'catkin_cmake_args' from command line to 'None'
[0.610s] Level 5:colcon.colcon_core.verb:set package 'videoRead' build argument 'catkin_skip_building_tests' from command line to 'False'
[0.610s] DEBUG:colcon.colcon_core.verb:Building package 'videoRead' with the following arguments: {'ament_cmake_args': None, 'build_base': '/home/toby/ros2OnLaptop_ws/build/videoRead', 'catkin_cmake_args': None, 'catkin_skip_building_tests': False, 'cmake_args': None, 'cmake_clean_cache': False, 'cmake_clean_first': False, 'cmake_force_configure': False, 'cmake_target': None, 'cmake_target_skip_unavailable': False, 'install_base': '/home/toby/ros2OnLaptop_ws/install/videoRead', 'merge_install': False, 'path': '/home/toby/ros2OnLaptop_ws/src/videoRead', 'symlink_install': True, 'test_result_base': None}
[0.611s] INFO:colcon.colcon_core.executor:Executing jobs using 'parallel' executor
[0.614s] DEBUG:colcon.colcon_parallel_executor.executor.parallel:run_until_complete
[0.614s] INFO:colcon.colcon_ros.task.ament_cmake.build:Building ROS package in '/home/toby/ros2OnLaptop_ws/src/videoRead' with build type 'ament_cmake'
[0.621s] INFO:colcon.colcon_core.plugin_system:Skipping extension 'colcon_core.shell.bat': Not used on non-Windows systems
[0.621s] INFO:colcon.colcon_cmake.task.cmake.build:Building CMake package in '/home/toby/ros2OnLaptop_ws/src/videoRead'
[0.622s] INFO:colcon.colcon_core.shell:Skip shell extension 'powershell' for command environment: Not usable outside of PowerShell
[0.622s] DEBUG:colcon.colcon_core.shell:Skip shell extension 'dsv' for command environment
[0.633s] DEBUG:colcon.colcon_core.shell:Ignoring prefix path '/opt/ros/dashing'
[0.649s] DEBUG:colcon.colcon_core.event_handler.log_command:Invoking command in '/home/toby/ros2OnLaptop_ws/build/videoRead': CMAKE_PREFIX_PATH=/home/toby/ros2OnLaptop_ws/install/vision_opencv:/home/toby/ros2OnLaptop_ws/install/videoRead:/home/toby/ros2OnLaptop_ws/install/turtlebot3:/home/toby/ros2OnLaptop_ws/install/turtlebot3_simulations:/home/toby/ros2OnLaptop_ws/install/turtlebot3_bringup:/home/toby/ros2OnLaptop_ws/install/square_move:/home/toby/ros2OnLaptop_ws/install/turtlebot3_node:/home/toby/ros2OnLaptop_ws/install/turtlebot3_navigation2:/home/toby/ros2OnLaptop_ws/install/turtlebot3_fake_node:/home/toby/ros2OnLaptop_ws/install/turtlebot3_teleop:/home/toby/ros2OnLaptop_ws/install/opencv_tests:/opt/ros/dashing:/home/toby/ros2OnLaptop_ws/install/turtlebot3_msgs:/home/toby/ros2OnLaptop_ws/install/turtlebot3_gazebo:/home/toby/ros2OnLaptop_ws/install/turtlebot3_description:/home/toby/ros2OnLaptop_ws/install/turtlebot3_cartographer:/home/toby/ros2OnLaptop_ws/install/image_transport_plugins:/home/toby/ros2OnLaptop_ws/install/theora_image_transport:/home/toby/ros2OnLaptop_ws/install/image_geometry:/home/toby/ros2OnLaptop_ws/install/hls_lfcd_lds_driver:/home/toby/ros2OnLaptop_ws/install/followIssue:/home/toby/ros2OnLaptop_ws/install/dynamixel_sdk:/home/toby/ros2OnLaptop_ws/install/compressed_image_transport:/home/toby/ros2OnLaptop_ws/install/compressed_depth_image_transport:/home/toby/ros2OnLaptop_ws/install/cv_bridge:/home/toby/ros2OnLaptop_ws/install/cpp_pubsub /usr/bin/cmake --build /home/toby/ros2OnLaptop_ws/build/videoRead -- -j4 -l4
[6.168s] DEBUG:colcon.colcon_core.event_handler.log_command:Invoked command in '/home/toby/ros2OnLaptop_ws/build/videoRead' returned '0': CMAKE_PREFIX_PATH=/home/toby/ros2OnLaptop_ws/install/vision_opencv:/home/toby/ros2OnLaptop_ws/install/videoRead:/home/toby/ros2OnLaptop_ws/install/turtlebot3:/home/toby/ros2OnLaptop_ws/install/turtlebot3_simulations:/home/toby/ros2OnLaptop_ws/install/turtlebot3_bringup:/home/toby/ros2OnLaptop_ws/install/square_move:/home/toby/ros2OnLaptop_ws/install/turtlebot3_node:/home/toby/ros2OnLaptop_ws/install/turtlebot3_navigation2:/home/toby/ros2OnLaptop_ws/install/turtlebot3_fake_node:/home/toby/ros2OnLaptop_ws/install/turtlebot3_teleop:/home/toby/ros2OnLaptop_ws/install/opencv_tests:/opt/ros/dashing:/home/toby/ros2OnLaptop_ws/install/turtlebot3_msgs:/home/toby/ros2OnLaptop_ws/install/turtlebot3_gazebo:/home/toby/ros2OnLaptop_ws/install/turtlebot3_description:/home/toby/ros2OnLaptop_ws/install/turtlebot3_cartographer:/home/toby/ros2OnLaptop_ws/install/image_transport_plugins:/home/toby/ros2OnLaptop_ws/install/theora_image_transport:/home/toby/ros2OnLaptop_ws/install/image_geometry:/home/toby/ros2OnLaptop_ws/install/hls_lfcd_lds_driver:/home/toby/ros2OnLaptop_ws/install/followIssue:/home/toby/ros2OnLaptop_ws/install/dynamixel_sdk:/home/toby/ros2OnLaptop_ws/install/compressed_image_transport:/home/toby/ros2OnLaptop_ws/install/compressed_depth_image_transport:/home/toby/ros2OnLaptop_ws/install/cv_bridge:/home/toby/ros2OnLaptop_ws/install/cpp_pubsub /usr/bin/cmake --build /home/toby/ros2OnLaptop_ws/build/videoRead -- -j4 -l4
[6.222s] DEBUG:colcon.colcon_core.event_handler.log_command:Invoking command in '/home/toby/ros2OnLaptop_ws/build/videoRead': CMAKE_PREFIX_PATH=/home/toby/ros2OnLaptop_ws/install/vision_opencv:/home/toby/ros2OnLaptop_ws/install/videoRead:/home/toby/ros2OnLaptop_ws/install/turtlebot3:/home/toby/ros2OnLaptop_ws/install/turtlebot3_simulations:/home/toby/ros2OnLaptop_ws/install/turtlebot3_bringup:/home/toby/ros2OnLaptop_ws/install/square_move:/home/toby/ros2OnLaptop_ws/install/turtlebot3_node:/home/toby/ros2OnLaptop_ws/install/turtlebot3_navigation2:/home/toby/ros2OnLaptop_ws/install/turtlebot3_fake_node:/home/toby/ros2OnLaptop_ws/install/turtlebot3_teleop:/home/toby/ros2OnLaptop_ws/install/opencv_tests:/opt/ros/dashing:/home/toby/ros2OnLaptop_ws/install/turtlebot3_msgs:/home/toby/ros2OnLaptop_ws/install/turtlebot3_gazebo:/home/toby/ros2OnLaptop_ws/install/turtlebot3_description:/home/toby/ros2OnLaptop_ws/install/turtlebot3_cartographer:/home/toby/ros2OnLaptop_ws/install/image_transport_plugins:/home/toby/ros2OnLaptop_ws/install/theora_image_transport:/home/toby/ros2OnLaptop_ws/install/image_geometry:/home/toby/ros2OnLaptop_ws/install/hls_lfcd_lds_driver:/home/toby/ros2OnLaptop_ws/install/followIssue:/home/toby/ros2OnLaptop_ws/install/dynamixel_sdk:/home/toby/ros2OnLaptop_ws/install/compressed_image_transport:/home/toby/ros2OnLaptop_ws/install/compressed_depth_image_transport:/home/toby/ros2OnLaptop_ws/install/cv_bridge:/home/toby/ros2OnLaptop_ws/install/cpp_pubsub /usr/bin/cmake --build /home/toby/ros2OnLaptop_ws/build/videoRead --target install -- -j4 -l4
[6.446s] Level 1:colcon.colcon_core.environment:create_environment_scripts_only(videoRead)
[6.449s] DEBUG:colcon.colcon_core.event_handler.log_command:Invoked command in '/home/toby/ros2OnLaptop_ws/build/videoRead' returned '0': CMAKE_PREFIX_PATH=/home/toby/ros2OnLaptop_ws/install/vision_opencv:/home/toby/ros2OnLaptop_ws/install/videoRead:/home/toby/ros2OnLaptop_ws/install/turtlebot3:/home/toby/ros2OnLaptop_ws/install/turtlebot3_simulations:/home/toby/ros2OnLaptop_ws/install/turtlebot3_bringup:/home/toby/ros2OnLaptop_ws/install/square_move:/home/toby/ros2OnLaptop_ws/install/turtlebot3_node:/home/toby/ros2OnLaptop_ws/install/turtlebot3_navigation2:/home/toby/ros2OnLaptop_ws/install/turtlebot3_fake_node:/home/toby/ros2OnLaptop_ws/install/turtlebot3_teleop:/home/toby/ros2OnLaptop_ws/install/opencv_tests:/opt/ros/dashing:/home/toby/ros2OnLaptop_ws/install/turtlebot3_msgs:/home/toby/ros2OnLaptop_ws/install/turtlebot3_gazebo:/home/toby/ros2OnLaptop_ws/install/turtlebot3_description:/home/toby/ros2OnLaptop_ws/install/turtlebot3_cartographer:/home/toby/ros2OnLaptop_ws/install/image_transport_plugins:/home/toby/ros2OnLaptop_ws/install/theora_image_transport:/home/toby/ros2OnLaptop_ws/install/image_geometry:/home/toby/ros2OnLaptop_ws/install/hls_lfcd_lds_driver:/home/toby/ros2OnLaptop_ws/install/followIssue:/home/toby/ros2OnLaptop_ws/install/dynamixel_sdk:/home/toby/ros2OnLaptop_ws/install/compressed_image_transport:/home/toby/ros2OnLaptop_ws/install/compressed_depth_image_transport:/home/toby/ros2OnLaptop_ws/install/cv_bridge:/home/toby/ros2OnLaptop_ws/install/cpp_pubsub /usr/bin/cmake --build /home/toby/ros2OnLaptop_ws/build/videoRead --target install -- -j4 -l4
[6.458s] Level 1:colcon.colcon_core.environment:checking '/home/toby/ros2OnLaptop_ws/install/videoRead' for CMake module files
[6.460s] Level 1:colcon.colcon_core.environment:checking '/home/toby/ros2OnLaptop_ws/install/videoRead' for CMake config files
[6.460s] Level 1:colcon.colcon_core.shell:create_environment_hook('videoRead', 'cmake_prefix_path')
[6.461s] INFO:colcon.colcon_core.shell:Creating environment hook '/home/toby/ros2OnLaptop_ws/install/videoRead/share/videoRead/hook/cmake_prefix_path.ps1'
[6.462s] INFO:colcon.colcon_core.shell:Creating environment descriptor '/home/toby/ros2OnLaptop_ws/install/videoRead/share/videoRead/hook/cmake_prefix_path.dsv'
[6.463s] INFO:colcon.colcon_core.shell:Creating environment hook '/home/toby/ros2OnLaptop_ws/install/videoRead/share/videoRead/hook/cmake_prefix_path.sh'
[6.465s] Level 1:colcon.colcon_core.environment:checking '/home/toby/ros2OnLaptop_ws/install/videoRead/lib'
[6.465s] Level 1:colcon.colcon_core.environment:checking '/home/toby/ros2OnLaptop_ws/install/videoRead/bin'
[6.466s] Level 1:colcon.colcon_core.environment:checking '/home/toby/ros2OnLaptop_ws/install/videoRead/lib/pkgconfig/videoRead.pc'
[6.466s] Level 1:colcon.colcon_core.environment:checking '/home/toby/ros2OnLaptop_ws/install/videoRead/lib/python3.6/site-packages'
[6.467s] INFO:colcon.colcon_core.shell:Creating package script '/home/toby/ros2OnLaptop_ws/install/videoRead/share/videoRead/package.ps1'
[6.468s] INFO:colcon.colcon_core.shell:Creating package descriptor '/home/toby/ros2OnLaptop_ws/install/videoRead/share/videoRead/package.dsv'
[6.469s] INFO:colcon.colcon_core.shell:Creating package script '/home/toby/ros2OnLaptop_ws/install/videoRead/share/videoRead/package.sh'
[6.471s] INFO:colcon.colcon_core.shell:Creating package script '/home/toby/ros2OnLaptop_ws/install/videoRead/share/videoRead/package.bash'
[6.472s] INFO:colcon.colcon_core.shell:Creating package script '/home/toby/ros2OnLaptop_ws/install/videoRead/share/videoRead/package.zsh'
[6.474s] Level 1:colcon.colcon_core.environment:create_file_with_runtime_dependencies(/home/toby/ros2OnLaptop_ws/install/videoRead/share/colcon-core/packages/videoRead)
[6.475s] DEBUG:colcon.colcon_parallel_executor.executor.parallel:closing loop
[6.475s] DEBUG:colcon.colcon_parallel_executor.executor.parallel:loop closed
[6.476s] DEBUG:colcon.colcon_parallel_executor.executor.parallel:run_until_complete finished with '0'
[6.476s] DEBUG:colcon.colcon_core.event_reactor:joining thread
[6.487s] INFO:colcon.colcon_core.plugin_system:Skipping extension 'colcon_notification.desktop_notification.terminal_notifier': Not used on non-Darwin systems
[6.487s] INFO:colcon.colcon_core.plugin_system:Skipping extension 'colcon_notification.desktop_notification.win32': Not used on non-Windows systems
[6.487s] INFO:colcon.colcon_notification.desktop_notification:Sending desktop notification using 'notify2'
[6.583s] DEBUG:colcon.colcon_core.event_reactor:joined thread
[6.586s] INFO:colcon.colcon_core.shell:Creating prefix script '/home/toby/ros2OnLaptop_ws/install/local_setup.ps1'
[6.589s] INFO:colcon.colcon_core.shell:Creating prefix util module '/home/toby/ros2OnLaptop_ws/install/_local_setup_util_ps1.py'
[6.594s] INFO:colcon.colcon_core.shell:Creating prefix chain script '/home/toby/ros2OnLaptop_ws/install/setup.ps1'
[6.600s] INFO:colcon.colcon_core.shell:Creating prefix script '/home/toby/ros2OnLaptop_ws/install/local_setup.sh'
[6.601s] INFO:colcon.colcon_core.shell:Creating prefix util module '/home/toby/ros2OnLaptop_ws/install/_local_setup_util_sh.py'
[6.602s] INFO:colcon.colcon_core.shell:Creating prefix chain script '/home/toby/ros2OnLaptop_ws/install/setup.sh'
[6.608s] INFO:colcon.colcon_core.shell:Creating prefix script '/home/toby/ros2OnLaptop_ws/install/local_setup.bash'
[6.609s] INFO:colcon.colcon_core.shell:Creating prefix chain script '/home/toby/ros2OnLaptop_ws/install/setup.bash'
[6.616s] INFO:colcon.colcon_core.shell:Creating prefix script '/home/toby/ros2OnLaptop_ws/install/local_setup.zsh'
[6.617s] INFO:colcon.colcon_core.shell:Creating prefix chain script '/home/toby/ros2OnLaptop_ws/install/setup.zsh'
