[4.417s] DEBUG:colcon:Command line arguments: ['/usr/bin/colcon', 'build', '--symlink-install', '--packages-select', 'square_move']
[4.418s] DEBUG:colcon:Parsed command line arguments: Namespace(ament_cmake_args=None, base_paths='.', build_base='build', catkin_cmake_args=None, catkin_skip_building_tests=False, cmake_args=None, cmake_clean_cache=False, cmake_clean_first=False, cmake_force_configure=False, cmake_target=None, cmake_target_skip_unavailable=False, continue_on_error=False, event_handlers=None, executor='parallel', ignore_user_meta=False, install_base='install', log_base='log', log_level=None, main=<bound method BuildVerb.main of <colcon_core.verb.build.BuildVerb object at 0x7f942de8e3c8>>, merge_install=False, metas='./colcon.meta', packages_above=None, packages_above_depth=None, packages_end=None, packages_ignore=None, packages_ignore_regex=None, packages_select=['square_move'], packages_select_build_failed=False, packages_select_by_dep=None, packages_select_regex=None, packages_select_test_failures=False, packages_skip=None, packages_skip_build_finished=False, packages_skip_by_dep=None, packages_skip_regex=None, packages_skip_test_passed=False, packages_skip_up_to=None, packages_start=None, packages_up_to=None, parallel_workers=4, paths=None, symlink_install=True, test_result_base=None, verb_extension=<colcon_core.verb.build.BuildVerb object at 0x7f942de8e3c8>, verb_name='build', verb_parser=<colcon_defaults.argument_parser.defaults.DefaultArgumentsDecorator object at 0x7f942de8e5f8>)
[5.597s] Level 1:colcon.colcon_core.package_discovery:discover_packages(colcon_meta) check parameters
[5.599s] Level 1:colcon.colcon_core.package_discovery:discover_packages(recursive) check parameters
[5.599s] Level 1:colcon.colcon_core.package_discovery:discover_packages(ignore) check parameters
[5.599s] Level 1:colcon.colcon_core.package_discovery:discover_packages(path) check parameters
[5.599s] Level 1:colcon.colcon_core.package_discovery:discover_packages(recursive) discover
[5.601s] INFO:colcon.colcon_core.package_discovery:Crawling recursively for packages in '/home/toby/ThirdYearProject/ros2TurtleBot3_ws'
[5.602s] Level 1:colcon.colcon_core.package_identification:_identify(/home/toby/ThirdYearProject/ros2TurtleBot3_ws) by extensions ['ignore', 'ignore_ament_install']
[5.602s] Level 1:colcon.colcon_core.package_identification:_identify(/home/toby/ThirdYearProject/ros2TurtleBot3_ws) by extension 'ignore'
[5.603s] Level 1:colcon.colcon_core.package_identification:_identify(/home/toby/ThirdYearProject/ros2TurtleBot3_ws) by extension 'ignore_ament_install'
[5.603s] Level 1:colcon.colcon_core.package_identification:_identify(/home/toby/ThirdYearProject/ros2TurtleBot3_ws) by extensions ['colcon_pkg']
[5.604s] Level 1:colcon.colcon_core.package_identification:_identify(/home/toby/ThirdYearProject/ros2TurtleBot3_ws) by extension 'colcon_pkg'
[5.604s] Level 1:colcon.colcon_core.package_identification:_identify(/home/toby/ThirdYearProject/ros2TurtleBot3_ws) by extensions ['colcon_meta']
[5.605s] Level 1:colcon.colcon_core.package_identification:_identify(/home/toby/ThirdYearProject/ros2TurtleBot3_ws) by extension 'colcon_meta'
[5.605s] Level 1:colcon.colcon_core.package_identification:_identify(/home/toby/ThirdYearProject/ros2TurtleBot3_ws) by extensions ['ros']
[5.605s] Level 1:colcon.colcon_core.package_identification:_identify(/home/toby/ThirdYearProject/ros2TurtleBot3_ws) by extension 'ros'
[5.755s] Level 1:colcon.colcon_core.package_identification:_identify(/home/toby/ThirdYearProject/ros2TurtleBot3_ws) by extensions ['cmake', 'python']
[5.755s] Level 1:colcon.colcon_core.package_identification:_identify(/home/toby/ThirdYearProject/ros2TurtleBot3_ws) by extension 'cmake'
[5.755s] Level 1:colcon.colcon_core.package_identification:_identify(/home/toby/ThirdYearProject/ros2TurtleBot3_ws) by extension 'python'
[5.756s] Level 1:colcon.colcon_core.package_identification:_identify(/home/toby/ThirdYearProject/ros2TurtleBot3_ws) by extensions ['python_setup_py']
[5.756s] Level 1:colcon.colcon_core.package_identification:_identify(/home/toby/ThirdYearProject/ros2TurtleBot3_ws) by extension 'python_setup_py'
[5.756s] Level 1:colcon.colcon_core.package_identification:_identify(/home/toby/ThirdYearProject/ros2TurtleBot3_ws/build) by extensions ['ignore', 'ignore_ament_install']
[5.756s] Level 1:colcon.colcon_core.package_identification:_identify(/home/toby/ThirdYearProject/ros2TurtleBot3_ws/build) by extension 'ignore'
[5.756s] Level 1:colcon.colcon_core.package_identification:_identify(/home/toby/ThirdYearProject/ros2TurtleBot3_ws/build) ignored
[5.757s] Level 1:colcon.colcon_core.package_identification:_identify(/home/toby/ThirdYearProject/ros2TurtleBot3_ws/install) by extensions ['ignore', 'ignore_ament_install']
[5.757s] Level 1:colcon.colcon_core.package_identification:_identify(/home/toby/ThirdYearProject/ros2TurtleBot3_ws/install) by extension 'ignore'
[5.757s] Level 1:colcon.colcon_core.package_identification:_identify(/home/toby/ThirdYearProject/ros2TurtleBot3_ws/install) ignored
[5.758s] Level 1:colcon.colcon_core.package_identification:_identify(/home/toby/ThirdYearProject/ros2TurtleBot3_ws/log) by extensions ['ignore', 'ignore_ament_install']
[5.758s] Level 1:colcon.colcon_core.package_identification:_identify(/home/toby/ThirdYearProject/ros2TurtleBot3_ws/log) by extension 'ignore'
[5.758s] Level 1:colcon.colcon_core.package_identification:_identify(/home/toby/ThirdYearProject/ros2TurtleBot3_ws/log) ignored
[5.758s] Level 1:colcon.colcon_core.package_identification:_identify(/home/toby/ThirdYearProject/ros2TurtleBot3_ws/src) by extensions ['ignore', 'ignore_ament_install']
[5.758s] Level 1:colcon.colcon_core.package_identification:_identify(/home/toby/ThirdYearProject/ros2TurtleBot3_ws/src) by extension 'ignore'
[5.759s] Level 1:colcon.colcon_core.package_identification:_identify(/home/toby/ThirdYearProject/ros2TurtleBot3_ws/src) by extension 'ignore_ament_install'
[5.759s] Level 1:colcon.colcon_core.package_identification:_identify(/home/toby/ThirdYearProject/ros2TurtleBot3_ws/src) by extensions ['colcon_pkg']
[5.759s] Level 1:colcon.colcon_core.package_identification:_identify(/home/toby/ThirdYearProject/ros2TurtleBot3_ws/src) by extension 'colcon_pkg'
[5.759s] Level 1:colcon.colcon_core.package_identification:_identify(/home/toby/ThirdYearProject/ros2TurtleBot3_ws/src) by extensions ['colcon_meta']
[5.759s] Level 1:colcon.colcon_core.package_identification:_identify(/home/toby/ThirdYearProject/ros2TurtleBot3_ws/src) by extension 'colcon_meta'
[5.759s] Level 1:colcon.colcon_core.package_identification:_identify(/home/toby/ThirdYearProject/ros2TurtleBot3_ws/src) by extensions ['ros']
[5.760s] Level 1:colcon.colcon_core.package_identification:_identify(/home/toby/ThirdYearProject/ros2TurtleBot3_ws/src) by extension 'ros'
[5.760s] Level 1:colcon.colcon_core.package_identification:_identify(/home/toby/ThirdYearProject/ros2TurtleBot3_ws/src) by extensions ['cmake', 'python']
[5.760s] Level 1:colcon.colcon_core.package_identification:_identify(/home/toby/ThirdYearProject/ros2TurtleBot3_ws/src) by extension 'cmake'
[5.760s] Level 1:colcon.colcon_core.package_identification:_identify(/home/toby/ThirdYearProject/ros2TurtleBot3_ws/src) by extension 'python'
[5.760s] Level 1:colcon.colcon_core.package_identification:_identify(/home/toby/ThirdYearProject/ros2TurtleBot3_ws/src) by extensions ['python_setup_py']
[5.761s] Level 1:colcon.colcon_core.package_identification:_identify(/home/toby/ThirdYearProject/ros2TurtleBot3_ws/src) by extension 'python_setup_py'
[5.761s] Level 1:colcon.colcon_core.package_identification:_identify(/home/toby/ThirdYearProject/ros2TurtleBot3_ws/src/DynamixelSDK) by extensions ['ignore', 'ignore_ament_install']
[5.761s] Level 1:colcon.colcon_core.package_identification:_identify(/home/toby/ThirdYearProject/ros2TurtleBot3_ws/src/DynamixelSDK) by extension 'ignore'
[5.761s] Level 1:colcon.colcon_core.package_identification:_identify(/home/toby/ThirdYearProject/ros2TurtleBot3_ws/src/DynamixelSDK) by extension 'ignore_ament_install'
[5.761s] Level 1:colcon.colcon_core.package_identification:_identify(/home/toby/ThirdYearProject/ros2TurtleBot3_ws/src/DynamixelSDK) by extensions ['colcon_pkg']
[5.762s] Level 1:colcon.colcon_core.package_identification:_identify(/home/toby/ThirdYearProject/ros2TurtleBot3_ws/src/DynamixelSDK) by extension 'colcon_pkg'
[5.762s] Level 1:colcon.colcon_core.package_identification:_identify(/home/toby/ThirdYearProject/ros2TurtleBot3_ws/src/DynamixelSDK) by extensions ['colcon_meta']
[5.762s] Level 1:colcon.colcon_core.package_identification:_identify(/home/toby/ThirdYearProject/ros2TurtleBot3_ws/src/DynamixelSDK) by extension 'colcon_meta'
[5.762s] Level 1:colcon.colcon_core.package_identification:_identify(/home/toby/ThirdYearProject/ros2TurtleBot3_ws/src/DynamixelSDK) by extensions ['ros']
[5.762s] Level 1:colcon.colcon_core.package_identification:_identify(/home/toby/ThirdYearProject/ros2TurtleBot3_ws/src/DynamixelSDK) by extension 'ros'
[5.762s] Level 1:colcon.colcon_core.package_identification:_identify(/home/toby/ThirdYearProject/ros2TurtleBot3_ws/src/DynamixelSDK) by extensions ['cmake', 'python']
[5.762s] Level 1:colcon.colcon_core.package_identification:_identify(/home/toby/ThirdYearProject/ros2TurtleBot3_ws/src/DynamixelSDK) by extension 'cmake'
[5.763s] Level 1:colcon.colcon_core.package_identification:_identify(/home/toby/ThirdYearProject/ros2TurtleBot3_ws/src/DynamixelSDK) by extension 'python'
[5.763s] Level 1:colcon.colcon_core.package_identification:_identify(/home/toby/ThirdYearProject/ros2TurtleBot3_ws/src/DynamixelSDK) by extensions ['python_setup_py']
[5.763s] Level 1:colcon.colcon_core.package_identification:_identify(/home/toby/ThirdYearProject/ros2TurtleBot3_ws/src/DynamixelSDK) by extension 'python_setup_py'
[5.763s] Level 1:colcon.colcon_core.package_identification:_identify(/home/toby/ThirdYearProject/ros2TurtleBot3_ws/src/DynamixelSDK/dynamixel_sdk) by extensions ['ignore', 'ignore_ament_install']
[5.763s] Level 1:colcon.colcon_core.package_identification:_identify(/home/toby/ThirdYearProject/ros2TurtleBot3_ws/src/DynamixelSDK/dynamixel_sdk) by extension 'ignore'
[5.763s] Level 1:colcon.colcon_core.package_identification:_identify(/home/toby/ThirdYearProject/ros2TurtleBot3_ws/src/DynamixelSDK/dynamixel_sdk) by extension 'ignore_ament_install'
[5.764s] Level 1:colcon.colcon_core.package_identification:_identify(/home/toby/ThirdYearProject/ros2TurtleBot3_ws/src/DynamixelSDK/dynamixel_sdk) by extensions ['colcon_pkg']
[5.764s] Level 1:colcon.colcon_core.package_identification:_identify(/home/toby/ThirdYearProject/ros2TurtleBot3_ws/src/DynamixelSDK/dynamixel_sdk) by extension 'colcon_pkg'
[5.764s] Level 1:colcon.colcon_core.package_identification:_identify(/home/toby/ThirdYearProject/ros2TurtleBot3_ws/src/DynamixelSDK/dynamixel_sdk) by extensions ['colcon_meta']
[5.764s] Level 1:colcon.colcon_core.package_identification:_identify(/home/toby/ThirdYearProject/ros2TurtleBot3_ws/src/DynamixelSDK/dynamixel_sdk) by extension 'colcon_meta'
[5.764s] Level 1:colcon.colcon_core.package_identification:_identify(/home/toby/ThirdYearProject/ros2TurtleBot3_ws/src/DynamixelSDK/dynamixel_sdk) by extensions ['ros']
[5.764s] Level 1:colcon.colcon_core.package_identification:_identify(/home/toby/ThirdYearProject/ros2TurtleBot3_ws/src/DynamixelSDK/dynamixel_sdk) by extension 'ros'
[5.770s] DEBUG:colcon.colcon_core.package_identification:Package '/home/toby/ThirdYearProject/ros2TurtleBot3_ws/src/DynamixelSDK/dynamixel_sdk' with type 'ros.ament_cmake' and name 'dynamixel_sdk'
[5.770s] Level 1:colcon.colcon_core.package_identification:_identify(/home/toby/ThirdYearProject/ros2TurtleBot3_ws/src/cpp_pubsub) by extensions ['ignore', 'ignore_ament_install']
[5.770s] Level 1:colcon.colcon_core.package_identification:_identify(/home/toby/ThirdYearProject/ros2TurtleBot3_ws/src/cpp_pubsub) by extension 'ignore'
[5.770s] Level 1:colcon.colcon_core.package_identification:_identify(/home/toby/ThirdYearProject/ros2TurtleBot3_ws/src/cpp_pubsub) by extension 'ignore_ament_install'
[5.770s] Level 1:colcon.colcon_core.package_identification:_identify(/home/toby/ThirdYearProject/ros2TurtleBot3_ws/src/cpp_pubsub) by extensions ['colcon_pkg']
[5.771s] Level 1:colcon.colcon_core.package_identification:_identify(/home/toby/ThirdYearProject/ros2TurtleBot3_ws/src/cpp_pubsub) by extension 'colcon_pkg'
[5.771s] Level 1:colcon.colcon_core.package_identification:_identify(/home/toby/ThirdYearProject/ros2TurtleBot3_ws/src/cpp_pubsub) by extensions ['colcon_meta']
[5.771s] Level 1:colcon.colcon_core.package_identification:_identify(/home/toby/ThirdYearProject/ros2TurtleBot3_ws/src/cpp_pubsub) by extension 'colcon_meta'
[5.771s] Level 1:colcon.colcon_core.package_identification:_identify(/home/toby/ThirdYearProject/ros2TurtleBot3_ws/src/cpp_pubsub) by extensions ['ros']
[5.771s] Level 1:colcon.colcon_core.package_identification:_identify(/home/toby/ThirdYearProject/ros2TurtleBot3_ws/src/cpp_pubsub) by extension 'ros'
[5.772s] DEBUG:colcon.colcon_core.package_identification:Package '/home/toby/ThirdYearProject/ros2TurtleBot3_ws/src/cpp_pubsub' with type 'ros.ament_cmake' and name 'cpp_pubsub'
[5.772s] Level 1:colcon.colcon_core.package_identification:_identify(/home/toby/ThirdYearProject/ros2TurtleBot3_ws/src/hls_lfcd_lds_driver) by extensions ['ignore', 'ignore_ament_install']
[5.772s] Level 1:colcon.colcon_core.package_identification:_identify(/home/toby/ThirdYearProject/ros2TurtleBot3_ws/src/hls_lfcd_lds_driver) by extension 'ignore'
[5.773s] Level 1:colcon.colcon_core.package_identification:_identify(/home/toby/ThirdYearProject/ros2TurtleBot3_ws/src/hls_lfcd_lds_driver) by extension 'ignore_ament_install'
[5.773s] Level 1:colcon.colcon_core.package_identification:_identify(/home/toby/ThirdYearProject/ros2TurtleBot3_ws/src/hls_lfcd_lds_driver) by extensions ['colcon_pkg']
[5.773s] Level 1:colcon.colcon_core.package_identification:_identify(/home/toby/ThirdYearProject/ros2TurtleBot3_ws/src/hls_lfcd_lds_driver) by extension 'colcon_pkg'
[5.773s] Level 1:colcon.colcon_core.package_identification:_identify(/home/toby/ThirdYearProject/ros2TurtleBot3_ws/src/hls_lfcd_lds_driver) by extensions ['colcon_meta']
[5.773s] Level 1:colcon.colcon_core.package_identification:_identify(/home/toby/ThirdYearProject/ros2TurtleBot3_ws/src/hls_lfcd_lds_driver) by extension 'colcon_meta'
[5.773s] Level 1:colcon.colcon_core.package_identification:_identify(/home/toby/ThirdYearProject/ros2TurtleBot3_ws/src/hls_lfcd_lds_driver) by extensions ['ros']
[5.774s] Level 1:colcon.colcon_core.package_identification:_identify(/home/toby/ThirdYearProject/ros2TurtleBot3_ws/src/hls_lfcd_lds_driver) by extension 'ros'
[5.775s] DEBUG:colcon.colcon_core.package_identification:Package '/home/toby/ThirdYearProject/ros2TurtleBot3_ws/src/hls_lfcd_lds_driver' with type 'ros.ament_cmake' and name 'hls_lfcd_lds_driver'
[5.775s] Level 1:colcon.colcon_core.package_identification:_identify(/home/toby/ThirdYearProject/ros2TurtleBot3_ws/src/square_move) by extensions ['ignore', 'ignore_ament_install']
[5.775s] Level 1:colcon.colcon_core.package_identification:_identify(/home/toby/ThirdYearProject/ros2TurtleBot3_ws/src/square_move) by extension 'ignore'
[5.776s] Level 1:colcon.colcon_core.package_identification:_identify(/home/toby/ThirdYearProject/ros2TurtleBot3_ws/src/square_move) by extension 'ignore_ament_install'
[5.776s] Level 1:colcon.colcon_core.package_identification:_identify(/home/toby/ThirdYearProject/ros2TurtleBot3_ws/src/square_move) by extensions ['colcon_pkg']
[5.776s] Level 1:colcon.colcon_core.package_identification:_identify(/home/toby/ThirdYearProject/ros2TurtleBot3_ws/src/square_move) by extension 'colcon_pkg'
[5.776s] Level 1:colcon.colcon_core.package_identification:_identify(/home/toby/ThirdYearProject/ros2TurtleBot3_ws/src/square_move) by extensions ['colcon_meta']
[5.776s] Level 1:colcon.colcon_core.package_identification:_identify(/home/toby/ThirdYearProject/ros2TurtleBot3_ws/src/square_move) by extension 'colcon_meta'
[5.776s] Level 1:colcon.colcon_core.package_identification:_identify(/home/toby/ThirdYearProject/ros2TurtleBot3_ws/src/square_move) by extensions ['ros']
[5.777s] Level 1:colcon.colcon_core.package_identification:_identify(/home/toby/ThirdYearProject/ros2TurtleBot3_ws/src/square_move) by extension 'ros'
[5.795s] DEBUG:colcon.colcon_core.package_identification:Package '/home/toby/ThirdYearProject/ros2TurtleBot3_ws/src/square_move' with type 'ros.ament_cmake' and name 'square_move'
[5.795s] Level 1:colcon.colcon_core.package_identification:_identify(/home/toby/ThirdYearProject/ros2TurtleBot3_ws/src/turtlebot3) by extensions ['ignore', 'ignore_ament_install']
[5.796s] Level 1:colcon.colcon_core.package_identification:_identify(/home/toby/ThirdYearProject/ros2TurtleBot3_ws/src/turtlebot3) by extension 'ignore'
[5.796s] Level 1:colcon.colcon_core.package_identification:_identify(/home/toby/ThirdYearProject/ros2TurtleBot3_ws/src/turtlebot3) by extension 'ignore_ament_install'
[5.796s] Level 1:colcon.colcon_core.package_identification:_identify(/home/toby/ThirdYearProject/ros2TurtleBot3_ws/src/turtlebot3) by extensions ['colcon_pkg']
[5.797s] Level 1:colcon.colcon_core.package_identification:_identify(/home/toby/ThirdYearProject/ros2TurtleBot3_ws/src/turtlebot3) by extension 'colcon_pkg'
[5.797s] Level 1:colcon.colcon_core.package_identification:_identify(/home/toby/ThirdYearProject/ros2TurtleBot3_ws/src/turtlebot3) by extensions ['colcon_meta']
[5.797s] Level 1:colcon.colcon_core.package_identification:_identify(/home/toby/ThirdYearProject/ros2TurtleBot3_ws/src/turtlebot3) by extension 'colcon_meta'
[5.797s] Level 1:colcon.colcon_core.package_identification:_identify(/home/toby/ThirdYearProject/ros2TurtleBot3_ws/src/turtlebot3) by extensions ['ros']
[5.798s] Level 1:colcon.colcon_core.package_identification:_identify(/home/toby/ThirdYearProject/ros2TurtleBot3_ws/src/turtlebot3) by extension 'ros'
[5.798s] Level 1:colcon.colcon_core.package_identification:_identify(/home/toby/ThirdYearProject/ros2TurtleBot3_ws/src/turtlebot3) by extensions ['cmake', 'python']
[5.798s] Level 1:colcon.colcon_core.package_identification:_identify(/home/toby/ThirdYearProject/ros2TurtleBot3_ws/src/turtlebot3) by extension 'cmake'
[5.799s] Level 1:colcon.colcon_core.package_identification:_identify(/home/toby/ThirdYearProject/ros2TurtleBot3_ws/src/turtlebot3) by extension 'python'
[5.799s] Level 1:colcon.colcon_core.package_identification:_identify(/home/toby/ThirdYearProject/ros2TurtleBot3_ws/src/turtlebot3) by extensions ['python_setup_py']
[5.799s] Level 1:colcon.colcon_core.package_identification:_identify(/home/toby/ThirdYearProject/ros2TurtleBot3_ws/src/turtlebot3) by extension 'python_setup_py'
[5.800s] Level 1:colcon.colcon_core.package_identification:_identify(/home/toby/ThirdYearProject/ros2TurtleBot3_ws/src/turtlebot3/turtlebot3) by extensions ['ignore', 'ignore_ament_install']
[5.800s] Level 1:colcon.colcon_core.package_identification:_identify(/home/toby/ThirdYearProject/ros2TurtleBot3_ws/src/turtlebot3/turtlebot3) by extension 'ignore'
[5.801s] Level 1:colcon.colcon_core.package_identification:_identify(/home/toby/ThirdYearProject/ros2TurtleBot3_ws/src/turtlebot3/turtlebot3) by extension 'ignore_ament_install'
[5.801s] Level 1:colcon.colcon_core.package_identification:_identify(/home/toby/ThirdYearProject/ros2TurtleBot3_ws/src/turtlebot3/turtlebot3) by extensions ['colcon_pkg']
[5.801s] Level 1:colcon.colcon_core.package_identification:_identify(/home/toby/ThirdYearProject/ros2TurtleBot3_ws/src/turtlebot3/turtlebot3) by extension 'colcon_pkg'
[5.802s] Level 1:colcon.colcon_core.package_identification:_identify(/home/toby/ThirdYearProject/ros2TurtleBot3_ws/src/turtlebot3/turtlebot3) by extensions ['colcon_meta']
[5.802s] Level 1:colcon.colcon_core.package_identification:_identify(/home/toby/ThirdYearProject/ros2TurtleBot3_ws/src/turtlebot3/turtlebot3) by extension 'colcon_meta'
[5.802s] Level 1:colcon.colcon_core.package_identification:_identify(/home/toby/ThirdYearProject/ros2TurtleBot3_ws/src/turtlebot3/turtlebot3) by extensions ['ros']
[5.802s] Level 1:colcon.colcon_core.package_identification:_identify(/home/toby/ThirdYearProject/ros2TurtleBot3_ws/src/turtlebot3/turtlebot3) by extension 'ros'
[5.805s] DEBUG:colcon.colcon_core.package_identification:Package '/home/toby/ThirdYearProject/ros2TurtleBot3_ws/src/turtlebot3/turtlebot3' with type 'ros.ament_cmake' and name 'turtlebot3'
[5.805s] Level 1:colcon.colcon_core.package_identification:_identify(/home/toby/ThirdYearProject/ros2TurtleBot3_ws/src/turtlebot3/turtlebot3_bringup) by extensions ['ignore', 'ignore_ament_install']
[5.806s] Level 1:colcon.colcon_core.package_identification:_identify(/home/toby/ThirdYearProject/ros2TurtleBot3_ws/src/turtlebot3/turtlebot3_bringup) by extension 'ignore'
[5.806s] Level 1:colcon.colcon_core.package_identification:_identify(/home/toby/ThirdYearProject/ros2TurtleBot3_ws/src/turtlebot3/turtlebot3_bringup) by extension 'ignore_ament_install'
[5.807s] Level 1:colcon.colcon_core.package_identification:_identify(/home/toby/ThirdYearProject/ros2TurtleBot3_ws/src/turtlebot3/turtlebot3_bringup) by extensions ['colcon_pkg']
[5.807s] Level 1:colcon.colcon_core.package_identification:_identify(/home/toby/ThirdYearProject/ros2TurtleBot3_ws/src/turtlebot3/turtlebot3_bringup) by extension 'colcon_pkg'
[5.807s] Level 1:colcon.colcon_core.package_identification:_identify(/home/toby/ThirdYearProject/ros2TurtleBot3_ws/src/turtlebot3/turtlebot3_bringup) by extensions ['colcon_meta']
[5.807s] Level 1:colcon.colcon_core.package_identification:_identify(/home/toby/ThirdYearProject/ros2TurtleBot3_ws/src/turtlebot3/turtlebot3_bringup) by extension 'colcon_meta'
[5.808s] Level 1:colcon.colcon_core.package_identification:_identify(/home/toby/ThirdYearProject/ros2TurtleBot3_ws/src/turtlebot3/turtlebot3_bringup) by extensions ['ros']
[5.808s] Level 1:colcon.colcon_core.package_identification:_identify(/home/toby/ThirdYearProject/ros2TurtleBot3_ws/src/turtlebot3/turtlebot3_bringup) by extension 'ros'
[5.809s] DEBUG:colcon.colcon_core.package_identification:Package '/home/toby/ThirdYearProject/ros2TurtleBot3_ws/src/turtlebot3/turtlebot3_bringup' with type 'ros.ament_cmake' and name 'turtlebot3_bringup'
[5.810s] Level 1:colcon.colcon_core.package_identification:_identify(/home/toby/ThirdYearProject/ros2TurtleBot3_ws/src/turtlebot3/turtlebot3_cartographer) by extensions ['ignore', 'ignore_ament_install']
[5.810s] Level 1:colcon.colcon_core.package_identification:_identify(/home/toby/ThirdYearProject/ros2TurtleBot3_ws/src/turtlebot3/turtlebot3_cartographer) by extension 'ignore'
[5.810s] Level 1:colcon.colcon_core.package_identification:_identify(/home/toby/ThirdYearProject/ros2TurtleBot3_ws/src/turtlebot3/turtlebot3_cartographer) by extension 'ignore_ament_install'
[5.810s] Level 1:colcon.colcon_core.package_identification:_identify(/home/toby/ThirdYearProject/ros2TurtleBot3_ws/src/turtlebot3/turtlebot3_cartographer) by extensions ['colcon_pkg']
[5.810s] Level 1:colcon.colcon_core.package_identification:_identify(/home/toby/ThirdYearProject/ros2TurtleBot3_ws/src/turtlebot3/turtlebot3_cartographer) by extension 'colcon_pkg'
[5.810s] Level 1:colcon.colcon_core.package_identification:_identify(/home/toby/ThirdYearProject/ros2TurtleBot3_ws/src/turtlebot3/turtlebot3_cartographer) by extensions ['colcon_meta']
[5.811s] Level 1:colcon.colcon_core.package_identification:_identify(/home/toby/ThirdYearProject/ros2TurtleBot3_ws/src/turtlebot3/turtlebot3_cartographer) by extension 'colcon_meta'
[5.811s] Level 1:colcon.colcon_core.package_identification:_identify(/home/toby/ThirdYearProject/ros2TurtleBot3_ws/src/turtlebot3/turtlebot3_cartographer) by extensions ['ros']
[5.811s] Level 1:colcon.colcon_core.package_identification:_identify(/home/toby/ThirdYearProject/ros2TurtleBot3_ws/src/turtlebot3/turtlebot3_cartographer) by extension 'ros'
[5.812s] DEBUG:colcon.colcon_core.package_identification:Package '/home/toby/ThirdYearProject/ros2TurtleBot3_ws/src/turtlebot3/turtlebot3_cartographer' with type 'ros.ament_cmake' and name 'turtlebot3_cartographer'
[5.812s] Level 1:colcon.colcon_core.package_identification:_identify(/home/toby/ThirdYearProject/ros2TurtleBot3_ws/src/turtlebot3/turtlebot3_description) by extensions ['ignore', 'ignore_ament_install']
[5.812s] Level 1:colcon.colcon_core.package_identification:_identify(/home/toby/ThirdYearProject/ros2TurtleBot3_ws/src/turtlebot3/turtlebot3_description) by extension 'ignore'
[5.812s] Level 1:colcon.colcon_core.package_identification:_identify(/home/toby/ThirdYearProject/ros2TurtleBot3_ws/src/turtlebot3/turtlebot3_description) by extension 'ignore_ament_install'
[5.813s] Level 1:colcon.colcon_core.package_identification:_identify(/home/toby/ThirdYearProject/ros2TurtleBot3_ws/src/turtlebot3/turtlebot3_description) by extensions ['colcon_pkg']
[5.813s] Level 1:colcon.colcon_core.package_identification:_identify(/home/toby/ThirdYearProject/ros2TurtleBot3_ws/src/turtlebot3/turtlebot3_description) by extension 'colcon_pkg'
[5.813s] Level 1:colcon.colcon_core.package_identification:_identify(/home/toby/ThirdYearProject/ros2TurtleBot3_ws/src/turtlebot3/turtlebot3_description) by extensions ['colcon_meta']
[5.813s] Level 1:colcon.colcon_core.package_identification:_identify(/home/toby/ThirdYearProject/ros2TurtleBot3_ws/src/turtlebot3/turtlebot3_description) by extension 'colcon_meta'
[5.813s] Level 1:colcon.colcon_core.package_identification:_identify(/home/toby/ThirdYearProject/ros2TurtleBot3_ws/src/turtlebot3/turtlebot3_description) by extensions ['ros']
[5.813s] Level 1:colcon.colcon_core.package_identification:_identify(/home/toby/ThirdYearProject/ros2TurtleBot3_ws/src/turtlebot3/turtlebot3_description) by extension 'ros'
[5.814s] DEBUG:colcon.colcon_core.package_identification:Package '/home/toby/ThirdYearProject/ros2TurtleBot3_ws/src/turtlebot3/turtlebot3_description' with type 'ros.ament_cmake' and name 'turtlebot3_description'
[5.815s] Level 1:colcon.colcon_core.package_identification:_identify(/home/toby/ThirdYearProject/ros2TurtleBot3_ws/src/turtlebot3/turtlebot3_navigation2) by extensions ['ignore', 'ignore_ament_install']
[5.815s] Level 1:colcon.colcon_core.package_identification:_identify(/home/toby/ThirdYearProject/ros2TurtleBot3_ws/src/turtlebot3/turtlebot3_navigation2) by extension 'ignore'
[5.815s] Level 1:colcon.colcon_core.package_identification:_identify(/home/toby/ThirdYearProject/ros2TurtleBot3_ws/src/turtlebot3/turtlebot3_navigation2) by extension 'ignore_ament_install'
[5.815s] Level 1:colcon.colcon_core.package_identification:_identify(/home/toby/ThirdYearProject/ros2TurtleBot3_ws/src/turtlebot3/turtlebot3_navigation2) by extensions ['colcon_pkg']
[5.815s] Level 1:colcon.colcon_core.package_identification:_identify(/home/toby/ThirdYearProject/ros2TurtleBot3_ws/src/turtlebot3/turtlebot3_navigation2) by extension 'colcon_pkg'
[5.815s] Level 1:colcon.colcon_core.package_identification:_identify(/home/toby/ThirdYearProject/ros2TurtleBot3_ws/src/turtlebot3/turtlebot3_navigation2) by extensions ['colcon_meta']
[5.816s] Level 1:colcon.colcon_core.package_identification:_identify(/home/toby/ThirdYearProject/ros2TurtleBot3_ws/src/turtlebot3/turtlebot3_navigation2) by extension 'colcon_meta'
[5.816s] Level 1:colcon.colcon_core.package_identification:_identify(/home/toby/ThirdYearProject/ros2TurtleBot3_ws/src/turtlebot3/turtlebot3_navigation2) by extensions ['ros']
[5.816s] Level 1:colcon.colcon_core.package_identification:_identify(/home/toby/ThirdYearProject/ros2TurtleBot3_ws/src/turtlebot3/turtlebot3_navigation2) by extension 'ros'
[5.817s] DEBUG:colcon.colcon_core.package_identification:Package '/home/toby/ThirdYearProject/ros2TurtleBot3_ws/src/turtlebot3/turtlebot3_navigation2' with type 'ros.ament_cmake' and name 'turtlebot3_navigation2'
[5.817s] Level 1:colcon.colcon_core.package_identification:_identify(/home/toby/ThirdYearProject/ros2TurtleBot3_ws/src/turtlebot3/turtlebot3_node) by extensions ['ignore', 'ignore_ament_install']
[5.817s] Level 1:colcon.colcon_core.package_identification:_identify(/home/toby/ThirdYearProject/ros2TurtleBot3_ws/src/turtlebot3/turtlebot3_node) by extension 'ignore'
[5.818s] Level 1:colcon.colcon_core.package_identification:_identify(/home/toby/ThirdYearProject/ros2TurtleBot3_ws/src/turtlebot3/turtlebot3_node) by extension 'ignore_ament_install'
[5.818s] Level 1:colcon.colcon_core.package_identification:_identify(/home/toby/ThirdYearProject/ros2TurtleBot3_ws/src/turtlebot3/turtlebot3_node) by extensions ['colcon_pkg']
[5.818s] Level 1:colcon.colcon_core.package_identification:_identify(/home/toby/ThirdYearProject/ros2TurtleBot3_ws/src/turtlebot3/turtlebot3_node) by extension 'colcon_pkg'
[5.818s] Level 1:colcon.colcon_core.package_identification:_identify(/home/toby/ThirdYearProject/ros2TurtleBot3_ws/src/turtlebot3/turtlebot3_node) by extensions ['colcon_meta']
[5.818s] Level 1:colcon.colcon_core.package_identification:_identify(/home/toby/ThirdYearProject/ros2TurtleBot3_ws/src/turtlebot3/turtlebot3_node) by extension 'colcon_meta'
[5.818s] Level 1:colcon.colcon_core.package_identification:_identify(/home/toby/ThirdYearProject/ros2TurtleBot3_ws/src/turtlebot3/turtlebot3_node) by extensions ['ros']
[5.819s] Level 1:colcon.colcon_core.package_identification:_identify(/home/toby/ThirdYearProject/ros2TurtleBot3_ws/src/turtlebot3/turtlebot3_node) by extension 'ros'
[5.821s] DEBUG:colcon.colcon_core.package_identification:Package '/home/toby/ThirdYearProject/ros2TurtleBot3_ws/src/turtlebot3/turtlebot3_node' with type 'ros.ament_cmake' and name 'turtlebot3_node'
[5.822s] Level 1:colcon.colcon_core.package_identification:_identify(/home/toby/ThirdYearProject/ros2TurtleBot3_ws/src/turtlebot3/turtlebot3_teleop) by extensions ['ignore', 'ignore_ament_install']
[5.822s] Level 1:colcon.colcon_core.package_identification:_identify(/home/toby/ThirdYearProject/ros2TurtleBot3_ws/src/turtlebot3/turtlebot3_teleop) by extension 'ignore'
[5.822s] Level 1:colcon.colcon_core.package_identification:_identify(/home/toby/ThirdYearProject/ros2TurtleBot3_ws/src/turtlebot3/turtlebot3_teleop) by extension 'ignore_ament_install'
[5.822s] Level 1:colcon.colcon_core.package_identification:_identify(/home/toby/ThirdYearProject/ros2TurtleBot3_ws/src/turtlebot3/turtlebot3_teleop) by extensions ['colcon_pkg']
[5.822s] Level 1:colcon.colcon_core.package_identification:_identify(/home/toby/ThirdYearProject/ros2TurtleBot3_ws/src/turtlebot3/turtlebot3_teleop) by extension 'colcon_pkg'
[5.822s] Level 1:colcon.colcon_core.package_identification:_identify(/home/toby/ThirdYearProject/ros2TurtleBot3_ws/src/turtlebot3/turtlebot3_teleop) by extensions ['colcon_meta']
[5.823s] Level 1:colcon.colcon_core.package_identification:_identify(/home/toby/ThirdYearProject/ros2TurtleBot3_ws/src/turtlebot3/turtlebot3_teleop) by extension 'colcon_meta'
[5.823s] Level 1:colcon.colcon_core.package_identification:_identify(/home/toby/ThirdYearProject/ros2TurtleBot3_ws/src/turtlebot3/turtlebot3_teleop) by extensions ['ros']
[5.823s] Level 1:colcon.colcon_core.package_identification:_identify(/home/toby/ThirdYearProject/ros2TurtleBot3_ws/src/turtlebot3/turtlebot3_teleop) by extension 'ros'
[5.825s] DEBUG:colcon.colcon_core.package_identification:Package '/home/toby/ThirdYearProject/ros2TurtleBot3_ws/src/turtlebot3/turtlebot3_teleop' with type 'ros.ament_python' and name 'turtlebot3_teleop'
[5.826s] Level 1:colcon.colcon_core.package_identification:_identify(/home/toby/ThirdYearProject/ros2TurtleBot3_ws/src/turtlebot3_msgs) by extensions ['ignore', 'ignore_ament_install']
[5.826s] Level 1:colcon.colcon_core.package_identification:_identify(/home/toby/ThirdYearProject/ros2TurtleBot3_ws/src/turtlebot3_msgs) by extension 'ignore'
[5.826s] Level 1:colcon.colcon_core.package_identification:_identify(/home/toby/ThirdYearProject/ros2TurtleBot3_ws/src/turtlebot3_msgs) by extension 'ignore_ament_install'
[5.826s] Level 1:colcon.colcon_core.package_identification:_identify(/home/toby/ThirdYearProject/ros2TurtleBot3_ws/src/turtlebot3_msgs) by extensions ['colcon_pkg']
[5.826s] Level 1:colcon.colcon_core.package_identification:_identify(/home/toby/ThirdYearProject/ros2TurtleBot3_ws/src/turtlebot3_msgs) by extension 'colcon_pkg'
[5.827s] Level 1:colcon.colcon_core.package_identification:_identify(/home/toby/ThirdYearProject/ros2TurtleBot3_ws/src/turtlebot3_msgs) by extensions ['colcon_meta']
[5.827s] Level 1:colcon.colcon_core.package_identification:_identify(/home/toby/ThirdYearProject/ros2TurtleBot3_ws/src/turtlebot3_msgs) by extension 'colcon_meta'
[5.827s] Level 1:colcon.colcon_core.package_identification:_identify(/home/toby/ThirdYearProject/ros2TurtleBot3_ws/src/turtlebot3_msgs) by extensions ['ros']
[5.827s] Level 1:colcon.colcon_core.package_identification:_identify(/home/toby/ThirdYearProject/ros2TurtleBot3_ws/src/turtlebot3_msgs) by extension 'ros'
[5.829s] DEBUG:colcon.colcon_core.package_identification:Package '/home/toby/ThirdYearProject/ros2TurtleBot3_ws/src/turtlebot3_msgs' with type 'ros.ament_cmake' and name 'turtlebot3_msgs'
[5.829s] Level 1:colcon.colcon_core.package_discovery:discover_packages(recursive) using defaults
[5.876s] Level 1:colcon.colcon_core.package_augmentation.check_dependency_constraint:turtlebot3 depends on turtlebot3_description which has version 2.0.1: constraints {}
[5.877s] Level 1:colcon.colcon_core.package_augmentation.check_dependency_constraint:turtlebot3 depends on turtlebot3_teleop which has version 2.0.1: constraints {}
[5.877s] Level 1:colcon.colcon_core.package_augmentation.check_dependency_constraint:turtlebot3 depends on turtlebot3_cartographer which has version 2.0.1: constraints {}
[5.877s] Level 1:colcon.colcon_core.package_augmentation.check_dependency_constraint:turtlebot3 depends on turtlebot3_bringup which has version 2.0.1: constraints {}
[5.877s] Level 1:colcon.colcon_core.package_augmentation.check_dependency_constraint:turtlebot3 depends on turtlebot3_node which has version 2.0.1: constraints {}
[5.878s] Level 1:colcon.colcon_core.package_augmentation.check_dependency_constraint:turtlebot3 depends on turtlebot3_navigation2 which has version 2.0.1: constraints {}
[5.878s] Level 1:colcon.colcon_core.package_augmentation.check_dependency_constraint:turtlebot3_node depends on dynamixel_sdk which has version 3.7.20: constraints {}
[5.878s] Level 1:colcon.colcon_core.package_augmentation.check_dependency_constraint:turtlebot3_node depends on turtlebot3_msgs which has version 2.2.0: constraints {}
[5.879s] Level 1:colcon.colcon_core.package_augmentation.check_dependency_constraint:turtlebot3_bringup depends on turtlebot3_description which has version 2.0.1: constraints {}
[5.879s] Level 1:colcon.colcon_core.package_augmentation.check_dependency_constraint:turtlebot3_bringup depends on hls_lfcd_lds_driver which has version 2.0.0: constraints {}
[5.879s] Level 1:colcon.colcon_core.package_augmentation.check_dependency_constraint:turtlebot3_bringup depends on turtlebot3_node which has version 2.0.1: constraints {}
[5.885s] INFO:colcon.colcon_core.package_selection:Skipping not selected package 'cpp_pubsub' in '/home/toby/ThirdYearProject/ros2TurtleBot3_ws/src/cpp_pubsub'
[5.885s] INFO:colcon.colcon_core.package_selection:Skipping not selected package 'dynamixel_sdk' in '/home/toby/ThirdYearProject/ros2TurtleBot3_ws/src/DynamixelSDK/dynamixel_sdk'
[5.885s] INFO:colcon.colcon_core.package_selection:Skipping not selected package 'hls_lfcd_lds_driver' in '/home/toby/ThirdYearProject/ros2TurtleBot3_ws/src/hls_lfcd_lds_driver'
[5.885s] INFO:colcon.colcon_core.package_selection:Skipping not selected package 'turtlebot3_cartographer' in '/home/toby/ThirdYearProject/ros2TurtleBot3_ws/src/turtlebot3/turtlebot3_cartographer'
[5.885s] INFO:colcon.colcon_core.package_selection:Skipping not selected package 'turtlebot3_description' in '/home/toby/ThirdYearProject/ros2TurtleBot3_ws/src/turtlebot3/turtlebot3_description'
[5.885s] INFO:colcon.colcon_core.package_selection:Skipping not selected package 'turtlebot3_msgs' in '/home/toby/ThirdYearProject/ros2TurtleBot3_ws/src/turtlebot3_msgs'
[5.886s] INFO:colcon.colcon_core.package_selection:Skipping not selected package 'turtlebot3_navigation2' in '/home/toby/ThirdYearProject/ros2TurtleBot3_ws/src/turtlebot3/turtlebot3_navigation2'
[5.886s] INFO:colcon.colcon_core.package_selection:Skipping not selected package 'turtlebot3_teleop' in '/home/toby/ThirdYearProject/ros2TurtleBot3_ws/src/turtlebot3/turtlebot3_teleop'
[5.886s] INFO:colcon.colcon_core.package_selection:Skipping not selected package 'turtlebot3_node' in '/home/toby/ThirdYearProject/ros2TurtleBot3_ws/src/turtlebot3/turtlebot3_node'
[5.886s] INFO:colcon.colcon_core.package_selection:Skipping not selected package 'turtlebot3_bringup' in '/home/toby/ThirdYearProject/ros2TurtleBot3_ws/src/turtlebot3/turtlebot3_bringup'
[5.886s] INFO:colcon.colcon_core.package_selection:Skipping not selected package 'turtlebot3' in '/home/toby/ThirdYearProject/ros2TurtleBot3_ws/src/turtlebot3/turtlebot3'
[5.891s] Level 5:colcon.colcon_core.verb:set package 'square_move' build argument 'cmake_args' from command line to 'None'
[5.891s] Level 5:colcon.colcon_core.verb:set package 'square_move' build argument 'cmake_target' from command line to 'None'
[5.891s] Level 5:colcon.colcon_core.verb:set package 'square_move' build argument 'cmake_target_skip_unavailable' from command line to 'False'
[5.891s] Level 5:colcon.colcon_core.verb:set package 'square_move' build argument 'cmake_clean_cache' from command line to 'False'
[5.891s] Level 5:colcon.colcon_core.verb:set package 'square_move' build argument 'cmake_clean_first' from command line to 'False'
[5.891s] Level 5:colcon.colcon_core.verb:set package 'square_move' build argument 'cmake_force_configure' from command line to 'False'
[5.892s] Level 5:colcon.colcon_core.verb:set package 'square_move' build argument 'ament_cmake_args' from command line to 'None'
[5.892s] Level 5:colcon.colcon_core.verb:set package 'square_move' build argument 'catkin_cmake_args' from command line to 'None'
[5.892s] Level 5:colcon.colcon_core.verb:set package 'square_move' build argument 'catkin_skip_building_tests' from command line to 'False'
[5.892s] DEBUG:colcon.colcon_core.verb:Building package 'square_move' with the following arguments: {'ament_cmake_args': None, 'build_base': '/home/toby/ThirdYearProject/ros2TurtleBot3_ws/build/square_move', 'catkin_cmake_args': None, 'catkin_skip_building_tests': False, 'cmake_args': None, 'cmake_clean_cache': False, 'cmake_clean_first': False, 'cmake_force_configure': False, 'cmake_target': None, 'cmake_target_skip_unavailable': False, 'install_base': '/home/toby/ThirdYearProject/ros2TurtleBot3_ws/install/square_move', 'merge_install': False, 'path': '/home/toby/ThirdYearProject/ros2TurtleBot3_ws/src/square_move', 'symlink_install': True, 'test_result_base': None}
[5.894s] INFO:colcon.colcon_core.executor:Executing jobs using 'parallel' executor
[5.896s] DEBUG:colcon.colcon_parallel_executor.executor.parallel:run_until_complete
[5.897s] INFO:colcon.colcon_ros.task.ament_cmake.build:Building ROS package in '/home/toby/ThirdYearProject/ros2TurtleBot3_ws/src/square_move' with build type 'ament_cmake'
[6.149s] INFO:colcon.colcon_core.plugin_system:Skipping extension 'colcon_core.shell.bat': Not used on non-Windows systems
[6.150s] INFO:colcon.colcon_cmake.task.cmake.build:Building CMake package in '/home/toby/ThirdYearProject/ros2TurtleBot3_ws/src/square_move'
[6.153s] INFO:colcon.colcon_core.shell:Skip shell extension 'powershell' for command environment: Not usable outside of PowerShell
[6.153s] DEBUG:colcon.colcon_core.shell:Skip shell extension 'dsv' for command environment
[6.338s] DEBUG:colcon.colcon_core.shell:Ignoring prefix path '/opt/ros/dashing'
[6.404s] DEBUG:colcon.colcon_core.event_handler.log_command:Invoking command in '/home/toby/ThirdYearProject/ros2TurtleBot3_ws/build/square_move': CMAKE_PREFIX_PATH=/home/toby/ThirdYearProject/ros2TurtleBot3_ws/install/turtlebot3:/home/toby/ThirdYearProject/ros2TurtleBot3_ws/install/turtlebot3_simulations:/home/toby/ThirdYearProject/ros2TurtleBot3_ws/install/turtlebot3_bringup:/home/toby/ThirdYearProject/ros2TurtleBot3_ws/install/turtlebot3_node:/home/toby/ThirdYearProject/ros2TurtleBot3_ws/install/turtlebot3_navigation2:/home/toby/ThirdYearProject/ros2TurtleBot3_ws/install/turtlebot3_fake_node:/home/toby/ThirdYearProject/ros2TurtleBot3_ws/install/turtlebot3_teleop:/home/toby/turtlebot3_ws/install/turtlebot3_teleop:/opt/ros/dashing:/home/toby/ThirdYearProject/ros2TurtleBot3_ws/install/turtlebot3_msgs:/home/toby/ThirdYearProject/ros2TurtleBot3_ws/install/turtlebot3_gazebo:/home/toby/ThirdYearProject/ros2TurtleBot3_ws/install/turtlebot3_description:/home/toby/ThirdYearProject/ros2TurtleBot3_ws/install/turtlebot3_cartographer:/home/toby/ThirdYearProject/ros2TurtleBot3_ws/install/hls_lfcd_lds_driver:/home/toby/ThirdYearProject/ros2TurtleBot3_ws/install/dynamixel_sdk:/home/toby/ThirdYearProject/ros2TurtleBot3_ws/install/cpp_pubsub:/home/toby/turtlebot3_ws/install/turtlebot3:/home/toby/turtlebot3_ws/install/turtlebot3_simulations:/home/toby/turtlebot3_ws/install/turtlebot3_bringup:/home/toby/turtlebot3_ws/install/turtlebot3_node:/home/toby/turtlebot3_ws/install/turtlebot3_navigation2:/home/toby/turtlebot3_ws/install/turtlebot3_fake_node:/home/toby/turtlebot3_ws/install/turtlebot3_msgs:/home/toby/turtlebot3_ws/install/turtlebot3_gazebo:/home/toby/turtlebot3_ws/install/turtlebot3_description:/home/toby/turtlebot3_ws/install/turtlebot3_cartographer:/home/toby/turtlebot3_ws/install/hls_lfcd_lds_driver:/home/toby/turtlebot3_ws/install/dynamixel_sdk /usr/bin/cmake --build /home/toby/ThirdYearProject/ros2TurtleBot3_ws/build/square_move -- -j4 -l4
[11.046s] DEBUG:colcon.colcon_core.event_handler.log_command:Invoked command in '/home/toby/ThirdYearProject/ros2TurtleBot3_ws/build/square_move' returned '2': CMAKE_PREFIX_PATH=/home/toby/ThirdYearProject/ros2TurtleBot3_ws/install/turtlebot3:/home/toby/ThirdYearProject/ros2TurtleBot3_ws/install/turtlebot3_simulations:/home/toby/ThirdYearProject/ros2TurtleBot3_ws/install/turtlebot3_bringup:/home/toby/ThirdYearProject/ros2TurtleBot3_ws/install/turtlebot3_node:/home/toby/ThirdYearProject/ros2TurtleBot3_ws/install/turtlebot3_navigation2:/home/toby/ThirdYearProject/ros2TurtleBot3_ws/install/turtlebot3_fake_node:/home/toby/ThirdYearProject/ros2TurtleBot3_ws/install/turtlebot3_teleop:/home/toby/turtlebot3_ws/install/turtlebot3_teleop:/opt/ros/dashing:/home/toby/ThirdYearProject/ros2TurtleBot3_ws/install/turtlebot3_msgs:/home/toby/ThirdYearProject/ros2TurtleBot3_ws/install/turtlebot3_gazebo:/home/toby/ThirdYearProject/ros2TurtleBot3_ws/install/turtlebot3_description:/home/toby/ThirdYearProject/ros2TurtleBot3_ws/install/turtlebot3_cartographer:/home/toby/ThirdYearProject/ros2TurtleBot3_ws/install/hls_lfcd_lds_driver:/home/toby/ThirdYearProject/ros2TurtleBot3_ws/install/dynamixel_sdk:/home/toby/ThirdYearProject/ros2TurtleBot3_ws/install/cpp_pubsub:/home/toby/turtlebot3_ws/install/turtlebot3:/home/toby/turtlebot3_ws/install/turtlebot3_simulations:/home/toby/turtlebot3_ws/install/turtlebot3_bringup:/home/toby/turtlebot3_ws/install/turtlebot3_node:/home/toby/turtlebot3_ws/install/turtlebot3_navigation2:/home/toby/turtlebot3_ws/install/turtlebot3_fake_node:/home/toby/turtlebot3_ws/install/turtlebot3_msgs:/home/toby/turtlebot3_ws/install/turtlebot3_gazebo:/home/toby/turtlebot3_ws/install/turtlebot3_description:/home/toby/turtlebot3_ws/install/turtlebot3_cartographer:/home/toby/turtlebot3_ws/install/hls_lfcd_lds_driver:/home/toby/turtlebot3_ws/install/dynamixel_sdk /usr/bin/cmake --build /home/toby/ThirdYearProject/ros2TurtleBot3_ws/build/square_move -- -j4 -l4
[11.055s] DEBUG:colcon.colcon_parallel_executor.executor.parallel:closing loop
[11.056s] DEBUG:colcon.colcon_parallel_executor.executor.parallel:loop closed
[11.057s] DEBUG:colcon.colcon_parallel_executor.executor.parallel:run_until_complete finished with '2'
[11.057s] DEBUG:colcon.colcon_core.event_reactor:joining thread
[11.437s] INFO:colcon.colcon_core.plugin_system:Skipping extension 'colcon_notification.desktop_notification.terminal_notifier': Not used on non-Darwin systems
[11.437s] INFO:colcon.colcon_core.plugin_system:Skipping extension 'colcon_notification.desktop_notification.win32': Not used on non-Windows systems
[11.437s] INFO:colcon.colcon_notification.desktop_notification:Sending desktop notification using 'notify2'
[11.603s] DEBUG:colcon.colcon_core.event_reactor:joined thread
[11.607s] INFO:colcon.colcon_core.shell:Creating prefix script '/home/toby/ThirdYearProject/ros2TurtleBot3_ws/install/local_setup.ps1'
[11.665s] INFO:colcon.colcon_core.shell:Creating prefix util module '/home/toby/ThirdYearProject/ros2TurtleBot3_ws/install/_local_setup_util_ps1.py'
[11.677s] INFO:colcon.colcon_core.shell:Creating prefix chain script '/home/toby/ThirdYearProject/ros2TurtleBot3_ws/install/setup.ps1'
[11.685s] INFO:colcon.colcon_core.shell:Creating prefix script '/home/toby/ThirdYearProject/ros2TurtleBot3_ws/install/local_setup.sh'
[11.725s] INFO:colcon.colcon_core.shell:Creating prefix util module '/home/toby/ThirdYearProject/ros2TurtleBot3_ws/install/_local_setup_util_sh.py'
[11.726s] INFO:colcon.colcon_core.shell:Creating prefix chain script '/home/toby/ThirdYearProject/ros2TurtleBot3_ws/install/setup.sh'
[11.733s] INFO:colcon.colcon_core.shell:Creating prefix script '/home/toby/ThirdYearProject/ros2TurtleBot3_ws/install/local_setup.bash'
[11.734s] INFO:colcon.colcon_core.shell:Creating prefix chain script '/home/toby/ThirdYearProject/ros2TurtleBot3_ws/install/setup.bash'
[11.741s] INFO:colcon.colcon_core.shell:Creating prefix script '/home/toby/ThirdYearProject/ros2TurtleBot3_ws/install/local_setup.zsh'
[11.742s] INFO:colcon.colcon_core.shell:Creating prefix chain script '/home/toby/ThirdYearProject/ros2TurtleBot3_ws/install/setup.zsh'
