-- The C compiler identification is GNU 7.4.0
-- The CXX compiler identification is GNU 7.4.0
-- Check for working C compiler: /usr/bin/cc
-- Check for working C compiler: /usr/bin/cc -- works
-- Detecting C compiler ABI info
-- Detecting C compiler ABI info - done
-- Detecting C compile features
-- Detecting C compile features - done
-- Check for working CXX compiler: /usr/bin/c++
-- Check for working CXX compiler: /usr/bin/c++ -- works
-- Detecting CXX compiler ABI info
-- Detecting CXX compiler ABI info - done
-- Detecting CXX compile features
-- Detecting CXX compile features - done
-- Found ament_cmake: 0.7.3 (/opt/ros/dashing/share/ament_cmake/cmake)
-- Found PythonInterp: /usr/bin/python3 (found suitable version "3.6.8", minimum required is "3") 
-- Using PYTHON_EXECUTABLE: /usr/bin/python3
-- Override CMake install command with custom implementation using symlinks instead of copying resources
-- Found geometry_msgs: 0.7.0 (/opt/ros/dashing/share/geometry_msgs/cmake)
-- Found rosidl_adapter: 0.7.7 (/opt/ros/dashing/share/rosidl_adapter/cmake)
-- Found nav_msgs: 0.7.0 (/opt/ros/dashing/share/nav_msgs/cmake)
-- Found rclcpp: 0.7.11 (/opt/ros/dashing/share/rclcpp/cmake)
-- Found rmw_implementation_cmake: 0.7.2 (/opt/ros/dashing/share/rmw_implementation_cmake/cmake)
-- Looking for pthread.h
-- Looking for pthread.h - found
-- Looking for pthread_create
-- Looking for pthread_create - not found
-- Looking for pthread_create in pthreads
-- Looking for pthread_create in pthreads - not found
-- Looking for pthread_create in pthread
-- Looking for pthread_create in pthread - found
-- Found Threads: TRUE  
-- Found sensor_msgs: 0.7.0 (/opt/ros/dashing/share/sensor_msgs/cmake)
-- Found tf2: 0.11.5 (/opt/ros/dashing/share/tf2/cmake)
-- Found tf2_msgs: 0.11.5 (/opt/ros/dashing/share/tf2_msgs/cmake)
-- Found turtlebot3_msgs: 2.2.0 (/home/toby/ThirdYearProject/ros2TurtleBot3_ws/install/turtlebot3_msgs/share/turtlebot3_msgs/cmake)
-- Configuring done
-- Generating done
-- Build files have been written to: /home/toby/ThirdYearProject/ros2TurtleBot3_ws/build/turtlebot3_fake_node
[35m[1mScanning dependencies of target turtlebot3_fake_node[0m
[ 50%] [32mBuilding CXX object CMakeFiles/turtlebot3_fake_node.dir/src/turtlebot3_fake_node.cpp.o[0m
[100%] [32m[1mLinking CXX executable turtlebot3_fake_node[0m
[100%] Built target turtlebot3_fake_node
[100%] Built target turtlebot3_fake_node
[36mInstall the project...[0m
-- Install configuration: ""
-- Execute custom install script
-- Symlinking: /home/toby/ThirdYearProject/ros2TurtleBot3_ws/install/turtlebot3_fake_node/lib/turtlebot3_fake_node/turtlebot3_fake_node
-- Symlinking: /home/toby/ThirdYearProject/ros2TurtleBot3_ws/install/turtlebot3_fake_node/share/turtlebot3_fake_node/launch/rviz2.launch.py
-- Symlinking: /home/toby/ThirdYearProject/ros2TurtleBot3_ws/install/turtlebot3_fake_node/share/turtlebot3_fake_node/launch/turtlebot3_fake_node.launch.py
-- Symlinking: /home/toby/ThirdYearProject/ros2TurtleBot3_ws/install/turtlebot3_fake_node/share/turtlebot3_fake_node/param/burger.yaml
-- Symlinking: /home/toby/ThirdYearProject/ros2TurtleBot3_ws/install/turtlebot3_fake_node/share/turtlebot3_fake_node/param/waffle.yaml
-- Symlinking: /home/toby/ThirdYearProject/ros2TurtleBot3_ws/install/turtlebot3_fake_node/share/turtlebot3_fake_node/param/waffle_pi.yaml
-- Symlinking: /home/toby/ThirdYearProject/ros2TurtleBot3_ws/install/turtlebot3_fake_node/share/turtlebot3_fake_node/rviz/model.rviz
-- Symlinking: /home/toby/ThirdYearProject/ros2TurtleBot3_ws/install/turtlebot3_fake_node/include//turtlebot3_fake_node/turtlebot3_fake_node.hpp
-- Symlinking: /home/toby/ThirdYearProject/ros2TurtleBot3_ws/install/turtlebot3_fake_node/share/ament_index/resource_index/package_run_dependencies/turtlebot3_fake_node
-- Symlinking: /home/toby/ThirdYearProject/ros2TurtleBot3_ws/install/turtlebot3_fake_node/share/ament_index/resource_index/parent_prefix_path/turtlebot3_fake_node
-- Symlinking: /home/toby/ThirdYearProject/ros2TurtleBot3_ws/install/turtlebot3_fake_node/share/turtlebot3_fake_node/environment/ament_prefix_path.sh
-- Symlinking: /home/toby/ThirdYearProject/ros2TurtleBot3_ws/install/turtlebot3_fake_node/share/turtlebot3_fake_node/environment/path.sh
-- Symlinking: /home/toby/ThirdYearProject/ros2TurtleBot3_ws/install/turtlebot3_fake_node/share/turtlebot3_fake_node/local_setup.bash
-- Symlinking: /home/toby/ThirdYearProject/ros2TurtleBot3_ws/install/turtlebot3_fake_node/share/turtlebot3_fake_node/local_setup.sh
-- Symlinking: /home/toby/ThirdYearProject/ros2TurtleBot3_ws/install/turtlebot3_fake_node/share/turtlebot3_fake_node/local_setup.zsh
-- Symlinking: /home/toby/ThirdYearProject/ros2TurtleBot3_ws/install/turtlebot3_fake_node/share/ament_index/resource_index/packages/turtlebot3_fake_node
-- Symlinking: /home/toby/ThirdYearProject/ros2TurtleBot3_ws/install/turtlebot3_fake_node/share/turtlebot3_fake_node/cmake/ament_cmake_export_include_directories-extras.cmake
-- Symlinking: /home/toby/ThirdYearProject/ros2TurtleBot3_ws/install/turtlebot3_fake_node/share/turtlebot3_fake_node/cmake/ament_cmake_export_dependencies-extras.cmake
-- Symlinking: /home/toby/ThirdYearProject/ros2TurtleBot3_ws/install/turtlebot3_fake_node/share/turtlebot3_fake_node/cmake/turtlebot3_fake_nodeConfig.cmake
-- Symlinking: /home/toby/ThirdYearProject/ros2TurtleBot3_ws/install/turtlebot3_fake_node/share/turtlebot3_fake_node/cmake/turtlebot3_fake_nodeConfig-version.cmake
-- Symlinking: /home/toby/ThirdYearProject/ros2TurtleBot3_ws/install/turtlebot3_fake_node/share/turtlebot3_fake_node/package.xml
