[35m[1mScanning dependencies of target VideoRead[0m
[ 50%] [32mBuilding CXX object CMakeFiles/VideoRead.dir/src/VideoRead.cpp.o[0m
[01m[K/home/toby/ros2OnLaptop_ws/src/videoRead/src/VideoRead.cpp:21:42:[m[K [01;31m[Kerror: [m[K‘[01m[KImageConstPtr[m[K’ in namespace ‘[01m[Ksensor_msgs[m[K’ does not name a type
     void displayImage(const sensor_msgs::[01;31m[KImageConstPtr[m[K img)
                                          [01;31m[K^~~~~~~~~~~~~[m[K
[01m[K/home/toby/ros2OnLaptop_ws/src/videoRead/src/VideoRead.cpp:34:39:[m[K [01;31m[Kerror: [m[K‘[01m[KImageConstPtr[m[K’ is not a member of ‘[01m[Ksensor_msgs[m[K’
     rclcpp::Subscription<sensor_msgs::[01;31m[KImageConstPtr[m[K>::SharedPtr sub;
                                       [01;31m[K^~~~~~~~~~~~~[m[K
[01m[K/home/toby/ros2OnLaptop_ws/src/videoRead/src/VideoRead.cpp:34:39:[m[K [01;31m[Kerror: [m[K‘[01m[KImageConstPtr[m[K’ is not a member of ‘[01m[Ksensor_msgs[m[K’
[01m[K/home/toby/ros2OnLaptop_ws/src/videoRead/src/VideoRead.cpp:34:52:[m[K [01;31m[Kerror: [m[Ktemplate argument 1 is invalid
     rclcpp::Subscription<sensor_msgs::ImageConstPtr[01;31m[K>[m[K::SharedPtr sub;
                                                    [01;31m[K^[m[K
[01m[K/home/toby/ros2OnLaptop_ws/src/videoRead/src/VideoRead.cpp:34:55:[m[K [01;31m[Kerror: [m[Kexpected ‘[01m[K;[m[K’ at end of member declaration
     rclcpp::Subscription<sensor_msgs::ImageConstPtr>::[01;31m[KSharedPtr[m[K sub;
                                                       [01;31m[K^~~~~~~~~[m[K
[01m[K/home/toby/ros2OnLaptop_ws/src/videoRead/src/VideoRead.cpp:34:65:[m[K [01;31m[Kerror: [m[K‘[01m[Ksub[m[K’ does not name a type
     rclcpp::Subscription<sensor_msgs::ImageConstPtr>::SharedPtr [01;31m[Ksub[m[K;
                                                                 [01;31m[K^~~[m[K
[01m[K/home/toby/ros2OnLaptop_ws/src/videoRead/src/VideoRead.cpp:[m[K In constructor ‘[01m[KvideoReader::videoReader()[m[K’:
[01m[K/home/toby/ros2OnLaptop_ws/src/videoRead/src/VideoRead.cpp:17:9:[m[K [01;31m[Kerror: [m[K‘[01m[Ksub[m[K’ was not declared in this scope
         [01;31m[Ksub[m[K = this->create_subscription<sensor_msgs::ImageConstPtr>("camera/image_raw", 1, bind(&videoReader::displayImage,this, _1));
         [01;31m[K^~~[m[K
[01m[K/home/toby/ros2OnLaptop_ws/src/videoRead/src/VideoRead.cpp:17:54:[m[K [01;31m[Kerror: [m[K‘[01m[KImageConstPtr[m[K’ is not a member of ‘[01m[Ksensor_msgs[m[K’
         sub = this->create_subscription<sensor_msgs::[01;31m[KImageConstPtr[m[K>("camera/image_raw", 1, bind(&videoReader::displayImage,this, _1));
                                                      [01;31m[K^~~~~~~~~~~~~[m[K
[01m[K/home/toby/ros2OnLaptop_ws/src/videoRead/src/VideoRead.cpp:17:54:[m[K [01;31m[Kerror: [m[K‘[01m[KImageConstPtr[m[K’ is not a member of ‘[01m[Ksensor_msgs[m[K’
[01m[K/home/toby/ros2OnLaptop_ws/src/videoRead/src/VideoRead.cpp:17:130:[m[K [01;31m[Kerror: [m[K‘[01m[K_1[m[K’ was not declared in this scope
         sub = this->create_subscription<sensor_msgs::ImageConstPtr>("camera/image_raw", 1, bind(&videoReader::displayImage,this, [01;31m[K_1[m[K));
                                                                                                                                  [01;31m[K^~[m[K
[01m[K/home/toby/ros2OnLaptop_ws/src/videoRead/src/VideoRead.cpp:17:130:[m[K [01;36m[Knote: [m[Ksuggested alternative:
In file included from [01m[K/opt/ros/dashing/include/rclcpp/context.hpp:19:0[m[K,
                 from [01m[K/opt/ros/dashing/include/rclcpp/contexts/default_context.hpp:18[m[K,
                 from [01m[K/opt/ros/dashing/include/rclcpp/executor.hpp:32[m[K,
                 from [01m[K/opt/ros/dashing/include/rclcpp/executors/multi_threaded_executor.hpp:24[m[K,
                 from [01m[K/opt/ros/dashing/include/rclcpp/executors.hpp:21[m[K,
                 from [01m[K/opt/ros/dashing/include/rclcpp/rclcpp.hpp:144[m[K,
                 from [01m[K/home/toby/ros2OnLaptop_ws/src/videoRead/src/VideoRead.cpp:2[m[K:
[01m[K/usr/include/c++/7/functional:275:34:[m[K [01;36m[Knote: [m[K  ‘[01m[Kstd::placeholders::_1[m[K’
     extern const _Placeholder<1> [01;36m[K_1[m[K;
                                  [01;36m[K^~[m[K
[01m[K/home/toby/ros2OnLaptop_ws/src/videoRead/src/VideoRead.cpp:[m[K In member function ‘[01m[Kvoid videoReader::displayImage(int)[m[K’:
[01m[K/home/toby/ros2OnLaptop_ws/src/videoRead/src/VideoRead.cpp:25:81:[m[K [01;31m[Kerror: [m[Kno matching function for call to ‘[01m[KtoCvCopy(const int&, const char [5])[m[K’
             cv_ptr = cv_bridge::toCvCopy(img, sensor_msgs::image_encodings::BGR8[01;31m[K)[m[K
                                                                                 [01;31m[K^[m[K
In file included from [01m[K/home/toby/ros2OnLaptop_ws/src/videoRead/src/VideoRead.cpp:5:0[m[K:
[01m[K/opt/ros/dashing/include/cv_bridge/cv_bridge.h:174:12:[m[K [01;36m[Knote: [m[Kcandidate: cv_bridge::CvImagePtr cv_bridge::toCvCopy(const ConstSharedPtr&, const string&)
 CvImagePtr [01;36m[KtoCvCopy[m[K(
            [01;36m[K^~~~~~~~[m[K
[01m[K/opt/ros/dashing/include/cv_bridge/cv_bridge.h:174:12:[m[K [01;36m[Knote: [m[K  no known conversion for argument 1 from ‘[01m[Kconst int[m[K’ to ‘[01m[Kconst ConstSharedPtr& {aka const std::shared_ptr<const sensor_msgs::msg::Image_<std::allocator<void> > >&}[m[K’
[01m[K/opt/ros/dashing/include/cv_bridge/cv_bridge.h:178:12:[m[K [01;36m[Knote: [m[Kcandidate: cv_bridge::CvImagePtr cv_bridge::toCvCopy(const ConstSharedPtr&, const string&)
 CvImagePtr [01;36m[KtoCvCopy[m[K(
            [01;36m[K^~~~~~~~[m[K
[01m[K/opt/ros/dashing/include/cv_bridge/cv_bridge.h:178:12:[m[K [01;36m[Knote: [m[K  no known conversion for argument 1 from ‘[01m[Kconst int[m[K’ to ‘[01m[Kconst ConstSharedPtr& {aka const std::shared_ptr<const sensor_msgs::msg::CompressedImage_<std::allocator<void> > >&}[m[K’
[01m[K/opt/ros/dashing/include/cv_bridge/cv_bridge.h:201:12:[m[K [01;36m[Knote: [m[Kcandidate: cv_bridge::CvImagePtr cv_bridge::toCvCopy(const Image&, const string&)
 CvImagePtr [01;36m[KtoCvCopy[m[K(
            [01;36m[K^~~~~~~~[m[K
[01m[K/opt/ros/dashing/include/cv_bridge/cv_bridge.h:201:12:[m[K [01;36m[Knote: [m[K  no known conversion for argument 1 from ‘[01m[Kconst int[m[K’ to ‘[01m[Kconst Image& {aka const sensor_msgs::msg::Image_<std::allocator<void> >&}[m[K’
[01m[K/opt/ros/dashing/include/cv_bridge/cv_bridge.h:205:12:[m[K [01;36m[Knote: [m[Kcandidate: cv_bridge::CvImagePtr cv_bridge::toCvCopy(const CompressedImage&, const string&)
 CvImagePtr [01;36m[KtoCvCopy[m[K(
            [01;36m[K^~~~~~~~[m[K
[01m[K/opt/ros/dashing/include/cv_bridge/cv_bridge.h:205:12:[m[K [01;36m[Knote: [m[K  no known conversion for argument 1 from ‘[01m[Kconst int[m[K’ to ‘[01m[Kconst CompressedImage& {aka const sensor_msgs::msg::CompressedImage_<std::allocator<void> >&}[m[K’
CMakeFiles/VideoRead.dir/build.make:62: recipe for target 'CMakeFiles/VideoRead.dir/src/VideoRead.cpp.o' failed
make[2]: *** [CMakeFiles/VideoRead.dir/src/VideoRead.cpp.o] Error 1
CMakeFiles/Makefile2:67: recipe for target 'CMakeFiles/VideoRead.dir/all' failed
make[1]: *** [CMakeFiles/VideoRead.dir/all] Error 2
Makefile:140: recipe for target 'all' failed
make: *** [all] Error 2
