Invoking command in '/home/toby/ros2OnLaptop_ws/build/compressed_image_transport': AMENT_PREFIX_PATH=/home/toby/ros2OnLaptop_ws/install/cv_bridge:${AMENT_PREFIX_PATH} CMAKE_PREFIX_PATH=/home/toby/ros2OnLaptop_ws/install/cv_bridge:/home/toby/ThirdYearProject/ros2TurtleBot3_ws/install/turtlebot3:/home/toby/ThirdYearProject/ros2TurtleBot3_ws/install/turtlebot3_simulations:/home/toby/ThirdYearProject/ros2TurtleBot3_ws/install/turtlebot3_bringup:/home/toby/ThirdYearProject/ros2TurtleBot3_ws/install/square_move:/home/toby/ThirdYearProject/ros2TurtleBot3_ws/install/turtlebot3_node:/home/toby/ThirdYearProject/ros2TurtleBot3_ws/install/turtlebot3_navigation2:/home/toby/ThirdYearProject/ros2TurtleBot3_ws/install/turtlebot3_fake_node:/home/toby/ThirdYearProject/ros2TurtleBot3_ws/install/turtlebot3_msgs:/home/toby/ThirdYearProject/ros2TurtleBot3_ws/install/turtlebot3_gazebo:/home/toby/ThirdYearProject/ros2TurtleBot3_ws/install/turtlebot3_description:/home/toby/ThirdYearProject/ros2TurtleBot3_ws/install/turtlebot3_cartographer:/home/toby/ThirdYearProject/ros2TurtleBot3_ws/install/hls_lfcd_lds_driver:/home/toby/ThirdYearProject/ros2TurtleBot3_ws/install/dynamixel_sdk:/home/toby/ThirdYearProject/ros2TurtleBot3_ws/install/cpp_pubsub:/home/toby/turtlebot3_ws/install/turtlebot3:/home/toby/turtlebot3_ws/install/turtlebot3_simulations:/home/toby/turtlebot3_ws/install/turtlebot3_bringup:/home/toby/turtlebot3_ws/install/turtlebot3_node:/home/toby/turtlebot3_ws/install/turtlebot3_navigation2:/home/toby/turtlebot3_ws/install/turtlebot3_fake_node:/home/toby/turtlebot3_ws/install/turtlebot3_msgs:/home/toby/turtlebot3_ws/install/turtlebot3_gazebo:/home/toby/turtlebot3_ws/install/turtlebot3_description:/home/toby/turtlebot3_ws/install/turtlebot3_cartographer:/home/toby/turtlebot3_ws/install/hls_lfcd_lds_driver:/home/toby/turtlebot3_ws/install/dynamixel_sdk:/home/toby/ThirdYearProject/ros2TurtleBot3_ws/install/turtlebot3_teleop:/home/toby/turtlebot3_ws/install/turtlebot3_teleop:/opt/ros/dashing LD_LIBRARY_PATH=/home/toby/ros2OnLaptop_ws/install/cv_bridge/lib:${LD_LIBRARY_PATH} PYTHONPATH=/home/toby/ros2OnLaptop_ws/install/cv_bridge/lib/python3.6/site-packages:${PYTHONPATH} /usr/bin/cmake /home/toby/ros2OnLaptop_ws/src/image_transport_plugins/compressed_image_transport -DAMENT_CMAKE_SYMLINK_INSTALL=1 -DCMAKE_INSTALL_PREFIX=/home/toby/ros2OnLaptop_ws/install/compressed_image_transport
-- The C compiler identification is GNU 7.4.0
-- The CXX compiler identification is GNU 7.4.0
-- Check for working C compiler: /usr/bin/cc
-- Check for working C compiler: /usr/bin/cc -- works
-- Detecting C compiler ABI info
-- Detecting C compiler ABI info - done
-- Detecting C compile features
-- Detecting C compile features - done
-- Check for working CXX compiler: /usr/bin/c++
-- Check for working CXX compiler: /usr/bin/c++ -- works
-- Detecting CXX compiler ABI info
-- Detecting CXX compiler ABI info - done
-- Detecting CXX compile features
-- Detecting CXX compile features - done
-- Found ament_cmake: 0.7.3 (/opt/ros/dashing/share/ament_cmake/cmake)
-- Found PythonInterp: /usr/bin/python3 (found suitable version "3.6.9", minimum required is "3") 
-- Using PYTHON_EXECUTABLE: /usr/bin/python3
-- Override CMake install command with custom implementation using symlinks instead of copying resources
-- Found image_transport: 2.1.1 (/opt/ros/dashing/share/image_transport/cmake)
-- Found rosidl_adapter: 0.7.7 (/opt/ros/dashing/share/rosidl_adapter/cmake)
-- Found rmw_implementation_cmake: 0.7.2 (/opt/ros/dashing/share/rmw_implementation_cmake/cmake)
-- Looking for pthread.h
-- Looking for pthread.h - found
-- Looking for pthread_create
-- Looking for pthread_create - not found
-- Looking for pthread_create in pthreads
-- Looking for pthread_create in pthreads - not found
-- Looking for pthread_create in pthread
-- Looking for pthread_create in pthread - found
-- Found Threads: TRUE  
-- Found tinyxml2_vendor:  (/opt/ros/dashing/share/tinyxml2_vendor/cmake)
-- Found TinyXML2: /usr/lib/x86_64-linux-gnu/libtinyxml2.so  
-- Found poco_vendor:  (/opt/ros/dashing/share/poco_vendor/cmake)
-- Found cv_bridge: 2.1.3 (/home/toby/ros2OnLaptop_ws/install/cv_bridge/share/cv_bridge/cmake)
-- Found OpenCV: /usr (found version "3.2.0") 
-- Configuring done
-- Generating done
-- Build files have been written to: /home/toby/ros2OnLaptop_ws/build/compressed_image_transport
Invoked command in '/home/toby/ros2OnLaptop_ws/build/compressed_image_transport' returned '0': AMENT_PREFIX_PATH=/home/toby/ros2OnLaptop_ws/install/cv_bridge:${AMENT_PREFIX_PATH} CMAKE_PREFIX_PATH=/home/toby/ros2OnLaptop_ws/install/cv_bridge:/home/toby/ThirdYearProject/ros2TurtleBot3_ws/install/turtlebot3:/home/toby/ThirdYearProject/ros2TurtleBot3_ws/install/turtlebot3_simulations:/home/toby/ThirdYearProject/ros2TurtleBot3_ws/install/turtlebot3_bringup:/home/toby/ThirdYearProject/ros2TurtleBot3_ws/install/square_move:/home/toby/ThirdYearProject/ros2TurtleBot3_ws/install/turtlebot3_node:/home/toby/ThirdYearProject/ros2TurtleBot3_ws/install/turtlebot3_navigation2:/home/toby/ThirdYearProject/ros2TurtleBot3_ws/install/turtlebot3_fake_node:/home/toby/ThirdYearProject/ros2TurtleBot3_ws/install/turtlebot3_msgs:/home/toby/ThirdYearProject/ros2TurtleBot3_ws/install/turtlebot3_gazebo:/home/toby/ThirdYearProject/ros2TurtleBot3_ws/install/turtlebot3_description:/home/toby/ThirdYearProject/ros2TurtleBot3_ws/install/turtlebot3_cartographer:/home/toby/ThirdYearProject/ros2TurtleBot3_ws/install/hls_lfcd_lds_driver:/home/toby/ThirdYearProject/ros2TurtleBot3_ws/install/dynamixel_sdk:/home/toby/ThirdYearProject/ros2TurtleBot3_ws/install/cpp_pubsub:/home/toby/turtlebot3_ws/install/turtlebot3:/home/toby/turtlebot3_ws/install/turtlebot3_simulations:/home/toby/turtlebot3_ws/install/turtlebot3_bringup:/home/toby/turtlebot3_ws/install/turtlebot3_node:/home/toby/turtlebot3_ws/install/turtlebot3_navigation2:/home/toby/turtlebot3_ws/install/turtlebot3_fake_node:/home/toby/turtlebot3_ws/install/turtlebot3_msgs:/home/toby/turtlebot3_ws/install/turtlebot3_gazebo:/home/toby/turtlebot3_ws/install/turtlebot3_description:/home/toby/turtlebot3_ws/install/turtlebot3_cartographer:/home/toby/turtlebot3_ws/install/hls_lfcd_lds_driver:/home/toby/turtlebot3_ws/install/dynamixel_sdk:/home/toby/ThirdYearProject/ros2TurtleBot3_ws/install/turtlebot3_teleop:/home/toby/turtlebot3_ws/install/turtlebot3_teleop:/opt/ros/dashing LD_LIBRARY_PATH=/home/toby/ros2OnLaptop_ws/install/cv_bridge/lib:${LD_LIBRARY_PATH} PYTHONPATH=/home/toby/ros2OnLaptop_ws/install/cv_bridge/lib/python3.6/site-packages:${PYTHONPATH} /usr/bin/cmake /home/toby/ros2OnLaptop_ws/src/image_transport_plugins/compressed_image_transport -DAMENT_CMAKE_SYMLINK_INSTALL=1 -DCMAKE_INSTALL_PREFIX=/home/toby/ros2OnLaptop_ws/install/compressed_image_transport
Invoking command in '/home/toby/ros2OnLaptop_ws/build/compressed_image_transport': AMENT_PREFIX_PATH=/home/toby/ros2OnLaptop_ws/install/cv_bridge:${AMENT_PREFIX_PATH} CMAKE_PREFIX_PATH=/home/toby/ros2OnLaptop_ws/install/cv_bridge:/home/toby/ThirdYearProject/ros2TurtleBot3_ws/install/turtlebot3:/home/toby/ThirdYearProject/ros2TurtleBot3_ws/install/turtlebot3_simulations:/home/toby/ThirdYearProject/ros2TurtleBot3_ws/install/turtlebot3_bringup:/home/toby/ThirdYearProject/ros2TurtleBot3_ws/install/square_move:/home/toby/ThirdYearProject/ros2TurtleBot3_ws/install/turtlebot3_node:/home/toby/ThirdYearProject/ros2TurtleBot3_ws/install/turtlebot3_navigation2:/home/toby/ThirdYearProject/ros2TurtleBot3_ws/install/turtlebot3_fake_node:/home/toby/ThirdYearProject/ros2TurtleBot3_ws/install/turtlebot3_msgs:/home/toby/ThirdYearProject/ros2TurtleBot3_ws/install/turtlebot3_gazebo:/home/toby/ThirdYearProject/ros2TurtleBot3_ws/install/turtlebot3_description:/home/toby/ThirdYearProject/ros2TurtleBot3_ws/install/turtlebot3_cartographer:/home/toby/ThirdYearProject/ros2TurtleBot3_ws/install/hls_lfcd_lds_driver:/home/toby/ThirdYearProject/ros2TurtleBot3_ws/install/dynamixel_sdk:/home/toby/ThirdYearProject/ros2TurtleBot3_ws/install/cpp_pubsub:/home/toby/turtlebot3_ws/install/turtlebot3:/home/toby/turtlebot3_ws/install/turtlebot3_simulations:/home/toby/turtlebot3_ws/install/turtlebot3_bringup:/home/toby/turtlebot3_ws/install/turtlebot3_node:/home/toby/turtlebot3_ws/install/turtlebot3_navigation2:/home/toby/turtlebot3_ws/install/turtlebot3_fake_node:/home/toby/turtlebot3_ws/install/turtlebot3_msgs:/home/toby/turtlebot3_ws/install/turtlebot3_gazebo:/home/toby/turtlebot3_ws/install/turtlebot3_description:/home/toby/turtlebot3_ws/install/turtlebot3_cartographer:/home/toby/turtlebot3_ws/install/hls_lfcd_lds_driver:/home/toby/turtlebot3_ws/install/dynamixel_sdk:/home/toby/ThirdYearProject/ros2TurtleBot3_ws/install/turtlebot3_teleop:/home/toby/turtlebot3_ws/install/turtlebot3_teleop:/opt/ros/dashing LD_LIBRARY_PATH=/home/toby/ros2OnLaptop_ws/install/cv_bridge/lib:${LD_LIBRARY_PATH} PYTHONPATH=/home/toby/ros2OnLaptop_ws/install/cv_bridge/lib/python3.6/site-packages:${PYTHONPATH} /usr/bin/cmake --build /home/toby/ros2OnLaptop_ws/build/compressed_image_transport -- -j4 -l4
[35m[1mScanning dependencies of target compressed_image_transport[0m
[ 25%] [32mBuilding CXX object CMakeFiles/compressed_image_transport.dir/src/compressed_publisher.cpp.o[0m
[ 50%] [32mBuilding CXX object CMakeFiles/compressed_image_transport.dir/src/compressed_subscriber.cpp.o[0m
[ 75%] [32mBuilding CXX object CMakeFiles/compressed_image_transport.dir/src/manifest.cpp.o[0m
[100%] [32m[1mLinking CXX shared library libcompressed_image_transport.so[0m
[100%] Built target compressed_image_transport
Invoked command in '/home/toby/ros2OnLaptop_ws/build/compressed_image_transport' returned '0': AMENT_PREFIX_PATH=/home/toby/ros2OnLaptop_ws/install/cv_bridge:${AMENT_PREFIX_PATH} CMAKE_PREFIX_PATH=/home/toby/ros2OnLaptop_ws/install/cv_bridge:/home/toby/ThirdYearProject/ros2TurtleBot3_ws/install/turtlebot3:/home/toby/ThirdYearProject/ros2TurtleBot3_ws/install/turtlebot3_simulations:/home/toby/ThirdYearProject/ros2TurtleBot3_ws/install/turtlebot3_bringup:/home/toby/ThirdYearProject/ros2TurtleBot3_ws/install/square_move:/home/toby/ThirdYearProject/ros2TurtleBot3_ws/install/turtlebot3_node:/home/toby/ThirdYearProject/ros2TurtleBot3_ws/install/turtlebot3_navigation2:/home/toby/ThirdYearProject/ros2TurtleBot3_ws/install/turtlebot3_fake_node:/home/toby/ThirdYearProject/ros2TurtleBot3_ws/install/turtlebot3_msgs:/home/toby/ThirdYearProject/ros2TurtleBot3_ws/install/turtlebot3_gazebo:/home/toby/ThirdYearProject/ros2TurtleBot3_ws/install/turtlebot3_description:/home/toby/ThirdYearProject/ros2TurtleBot3_ws/install/turtlebot3_cartographer:/home/toby/ThirdYearProject/ros2TurtleBot3_ws/install/hls_lfcd_lds_driver:/home/toby/ThirdYearProject/ros2TurtleBot3_ws/install/dynamixel_sdk:/home/toby/ThirdYearProject/ros2TurtleBot3_ws/install/cpp_pubsub:/home/toby/turtlebot3_ws/install/turtlebot3:/home/toby/turtlebot3_ws/install/turtlebot3_simulations:/home/toby/turtlebot3_ws/install/turtlebot3_bringup:/home/toby/turtlebot3_ws/install/turtlebot3_node:/home/toby/turtlebot3_ws/install/turtlebot3_navigation2:/home/toby/turtlebot3_ws/install/turtlebot3_fake_node:/home/toby/turtlebot3_ws/install/turtlebot3_msgs:/home/toby/turtlebot3_ws/install/turtlebot3_gazebo:/home/toby/turtlebot3_ws/install/turtlebot3_description:/home/toby/turtlebot3_ws/install/turtlebot3_cartographer:/home/toby/turtlebot3_ws/install/hls_lfcd_lds_driver:/home/toby/turtlebot3_ws/install/dynamixel_sdk:/home/toby/ThirdYearProject/ros2TurtleBot3_ws/install/turtlebot3_teleop:/home/toby/turtlebot3_ws/install/turtlebot3_teleop:/opt/ros/dashing LD_LIBRARY_PATH=/home/toby/ros2OnLaptop_ws/install/cv_bridge/lib:${LD_LIBRARY_PATH} PYTHONPATH=/home/toby/ros2OnLaptop_ws/install/cv_bridge/lib/python3.6/site-packages:${PYTHONPATH} /usr/bin/cmake --build /home/toby/ros2OnLaptop_ws/build/compressed_image_transport -- -j4 -l4
Invoking command in '/home/toby/ros2OnLaptop_ws/build/compressed_image_transport': AMENT_PREFIX_PATH=/home/toby/ros2OnLaptop_ws/install/cv_bridge:${AMENT_PREFIX_PATH} CMAKE_PREFIX_PATH=/home/toby/ros2OnLaptop_ws/install/cv_bridge:/home/toby/ThirdYearProject/ros2TurtleBot3_ws/install/turtlebot3:/home/toby/ThirdYearProject/ros2TurtleBot3_ws/install/turtlebot3_simulations:/home/toby/ThirdYearProject/ros2TurtleBot3_ws/install/turtlebot3_bringup:/home/toby/ThirdYearProject/ros2TurtleBot3_ws/install/square_move:/home/toby/ThirdYearProject/ros2TurtleBot3_ws/install/turtlebot3_node:/home/toby/ThirdYearProject/ros2TurtleBot3_ws/install/turtlebot3_navigation2:/home/toby/ThirdYearProject/ros2TurtleBot3_ws/install/turtlebot3_fake_node:/home/toby/ThirdYearProject/ros2TurtleBot3_ws/install/turtlebot3_msgs:/home/toby/ThirdYearProject/ros2TurtleBot3_ws/install/turtlebot3_gazebo:/home/toby/ThirdYearProject/ros2TurtleBot3_ws/install/turtlebot3_description:/home/toby/ThirdYearProject/ros2TurtleBot3_ws/install/turtlebot3_cartographer:/home/toby/ThirdYearProject/ros2TurtleBot3_ws/install/hls_lfcd_lds_driver:/home/toby/ThirdYearProject/ros2TurtleBot3_ws/install/dynamixel_sdk:/home/toby/ThirdYearProject/ros2TurtleBot3_ws/install/cpp_pubsub:/home/toby/turtlebot3_ws/install/turtlebot3:/home/toby/turtlebot3_ws/install/turtlebot3_simulations:/home/toby/turtlebot3_ws/install/turtlebot3_bringup:/home/toby/turtlebot3_ws/install/turtlebot3_node:/home/toby/turtlebot3_ws/install/turtlebot3_navigation2:/home/toby/turtlebot3_ws/install/turtlebot3_fake_node:/home/toby/turtlebot3_ws/install/turtlebot3_msgs:/home/toby/turtlebot3_ws/install/turtlebot3_gazebo:/home/toby/turtlebot3_ws/install/turtlebot3_description:/home/toby/turtlebot3_ws/install/turtlebot3_cartographer:/home/toby/turtlebot3_ws/install/hls_lfcd_lds_driver:/home/toby/turtlebot3_ws/install/dynamixel_sdk:/home/toby/ThirdYearProject/ros2TurtleBot3_ws/install/turtlebot3_teleop:/home/toby/turtlebot3_ws/install/turtlebot3_teleop:/opt/ros/dashing LD_LIBRARY_PATH=/home/toby/ros2OnLaptop_ws/install/cv_bridge/lib:${LD_LIBRARY_PATH} PYTHONPATH=/home/toby/ros2OnLaptop_ws/install/cv_bridge/lib/python3.6/site-packages:${PYTHONPATH} /usr/bin/cmake --build /home/toby/ros2OnLaptop_ws/build/compressed_image_transport --target install -- -j4 -l4
[100%] Built target compressed_image_transport
[36mInstall the project...[0m
-- Install configuration: ""
-- Execute custom install script
-- Symlinking: /home/toby/ros2OnLaptop_ws/install/compressed_image_transport/lib/libcompressed_image_transport.so
-- Symlinking: /home/toby/ros2OnLaptop_ws/install/compressed_image_transport/include/compressed_image_transport/compressed_publisher.h
-- Symlinking: /home/toby/ros2OnLaptop_ws/install/compressed_image_transport/include/compressed_image_transport/compressed_subscriber.h
-- Symlinking: /home/toby/ros2OnLaptop_ws/install/compressed_image_transport/include/compressed_image_transport/compression_common.h
-- Symlinking: /home/toby/ros2OnLaptop_ws/install/compressed_image_transport/share/compressed_image_transport//compressed_plugins.xml
-- Symlinking: /home/toby/ros2OnLaptop_ws/install/compressed_image_transport/share/ament_index/resource_index/package_run_dependencies/compressed_image_transport
-- Symlinking: /home/toby/ros2OnLaptop_ws/install/compressed_image_transport/share/ament_index/resource_index/parent_prefix_path/compressed_image_transport
-- Symlinking: /home/toby/ros2OnLaptop_ws/install/compressed_image_transport/share/compressed_image_transport/environment/ament_prefix_path.sh
-- Symlinking: /home/toby/ros2OnLaptop_ws/install/compressed_image_transport/share/compressed_image_transport/environment/path.sh
-- Symlinking: /home/toby/ros2OnLaptop_ws/install/compressed_image_transport/share/compressed_image_transport/local_setup.bash
-- Symlinking: /home/toby/ros2OnLaptop_ws/install/compressed_image_transport/share/compressed_image_transport/local_setup.sh
-- Symlinking: /home/toby/ros2OnLaptop_ws/install/compressed_image_transport/share/compressed_image_transport/local_setup.zsh
-- Symlinking: /home/toby/ros2OnLaptop_ws/install/compressed_image_transport/share/ament_index/resource_index/packages/compressed_image_transport
-- Symlinking: /home/toby/ros2OnLaptop_ws/install/compressed_image_transport/share/ament_index/resource_index/image_transport__pluginlib__plugin/compressed_image_transport
-- Symlinking: /home/toby/ros2OnLaptop_ws/install/compressed_image_transport/share/compressed_image_transport/cmake/compressed_image_transportConfig.cmake
-- Symlinking: /home/toby/ros2OnLaptop_ws/install/compressed_image_transport/share/compressed_image_transport/cmake/compressed_image_transportConfig-version.cmake
-- Symlinking: /home/toby/ros2OnLaptop_ws/install/compressed_image_transport/share/compressed_image_transport/package.xml
Invoked command in '/home/toby/ros2OnLaptop_ws/build/compressed_image_transport' returned '0': AMENT_PREFIX_PATH=/home/toby/ros2OnLaptop_ws/install/cv_bridge:${AMENT_PREFIX_PATH} CMAKE_PREFIX_PATH=/home/toby/ros2OnLaptop_ws/install/cv_bridge:/home/toby/ThirdYearProject/ros2TurtleBot3_ws/install/turtlebot3:/home/toby/ThirdYearProject/ros2TurtleBot3_ws/install/turtlebot3_simulations:/home/toby/ThirdYearProject/ros2TurtleBot3_ws/install/turtlebot3_bringup:/home/toby/ThirdYearProject/ros2TurtleBot3_ws/install/square_move:/home/toby/ThirdYearProject/ros2TurtleBot3_ws/install/turtlebot3_node:/home/toby/ThirdYearProject/ros2TurtleBot3_ws/install/turtlebot3_navigation2:/home/toby/ThirdYearProject/ros2TurtleBot3_ws/install/turtlebot3_fake_node:/home/toby/ThirdYearProject/ros2TurtleBot3_ws/install/turtlebot3_msgs:/home/toby/ThirdYearProject/ros2TurtleBot3_ws/install/turtlebot3_gazebo:/home/toby/ThirdYearProject/ros2TurtleBot3_ws/install/turtlebot3_description:/home/toby/ThirdYearProject/ros2TurtleBot3_ws/install/turtlebot3_cartographer:/home/toby/ThirdYearProject/ros2TurtleBot3_ws/install/hls_lfcd_lds_driver:/home/toby/ThirdYearProject/ros2TurtleBot3_ws/install/dynamixel_sdk:/home/toby/ThirdYearProject/ros2TurtleBot3_ws/install/cpp_pubsub:/home/toby/turtlebot3_ws/install/turtlebot3:/home/toby/turtlebot3_ws/install/turtlebot3_simulations:/home/toby/turtlebot3_ws/install/turtlebot3_bringup:/home/toby/turtlebot3_ws/install/turtlebot3_node:/home/toby/turtlebot3_ws/install/turtlebot3_navigation2:/home/toby/turtlebot3_ws/install/turtlebot3_fake_node:/home/toby/turtlebot3_ws/install/turtlebot3_msgs:/home/toby/turtlebot3_ws/install/turtlebot3_gazebo:/home/toby/turtlebot3_ws/install/turtlebot3_description:/home/toby/turtlebot3_ws/install/turtlebot3_cartographer:/home/toby/turtlebot3_ws/install/hls_lfcd_lds_driver:/home/toby/turtlebot3_ws/install/dynamixel_sdk:/home/toby/ThirdYearProject/ros2TurtleBot3_ws/install/turtlebot3_teleop:/home/toby/turtlebot3_ws/install/turtlebot3_teleop:/opt/ros/dashing LD_LIBRARY_PATH=/home/toby/ros2OnLaptop_ws/install/cv_bridge/lib:${LD_LIBRARY_PATH} PYTHONPATH=/home/toby/ros2OnLaptop_ws/install/cv_bridge/lib/python3.6/site-packages:${PYTHONPATH} /usr/bin/cmake --build /home/toby/ros2OnLaptop_ws/build/compressed_image_transport --target install -- -j4 -l4
