-- Found action_msgs: 0.7.4 (/opt/ros/dashing/share/action_msgs/cmake)
-- Found PythonInterp: /usr/bin/python3 (found suitable version "3.6.8", minimum required is "3") 
-- Using PYTHON_EXECUTABLE: /usr/bin/python3
-- Override CMake install command with custom implementation using symlinks instead of copying resources
-- Found rosidl_adapter: 0.7.7 (/opt/ros/dashing/share/rosidl_adapter/cmake)
-- Found ament_cmake: 0.7.3 (/opt/ros/dashing/share/ament_cmake/cmake)
-- Found rosidl_default_generators: 0.7.0 (/opt/ros/dashing/share/rosidl_default_generators/cmake)
-- Found std_msgs: 0.7.0 (/opt/ros/dashing/share/std_msgs/cmake)
-- Found PythonInterp: /usr/bin/python3 (found version "3.6.8") 
-- Found ament_cmake_cppcheck: 0.7.11 (/opt/ros/dashing/share/ament_cmake_cppcheck/cmake)
-- Found ament_cmake_cpplint: 0.7.11 (/opt/ros/dashing/share/ament_cmake_cpplint/cmake)
-- Found ament_cmake_uncrustify: 0.7.11 (/opt/ros/dashing/share/ament_cmake_uncrustify/cmake)
-- Using single matching rosidl_typesupport_c: rosidl_typesupport_fastrtps_c
-- Using single matching rosidl_typesupport_cpp: rosidl_typesupport_fastrtps_cpp
-- Found rmw_implementation_cmake: 0.7.2 (/opt/ros/dashing/share/rmw_implementation_cmake/cmake)
-- Found PythonInterp: /usr/bin/python3 (found suitable version "3.6.8", minimum required is "3.5") 
-- Found python_cmake_module: 0.7.9 (/opt/ros/dashing/share/python_cmake_module/cmake)
-- Using PYTHON_EXECUTABLE: /usr/bin/python3
-- Using PYTHON_INCLUDE_DIRS: /usr/include/python3.6m
-- Using PYTHON_LIBRARIES: /usr/lib/x86_64-linux-gnu/libpython3.6m.so
-- Found ament_cmake_flake8: 0.7.11 (/opt/ros/dashing/share/ament_cmake_flake8/cmake)
-- Found ament_cmake_pep257: 0.7.11 (/opt/ros/dashing/share/ament_cmake_pep257/cmake)
-- Configuring done
-- Generating done
-- Build files have been written to: /home/toby/ThirdYearProject/ros2TurtleBot3_ws/build/turtlebot3_msgs
[  1%] Built target turtlebot3_msgs__cpp
[ 13%] Built target turtlebot3_msgs__rosidl_generator_c
[ 24%] Built target turtlebot3_msgs__rosidl_typesupport_introspection_c
[ 36%] Built target turtlebot3_msgs__rosidl_typesupport_introspection_cpp
[ 47%] Built target turtlebot3_msgs__rosidl_typesupport_fastrtps_cpp
[ 59%] Built target turtlebot3_msgs__rosidl_typesupport_cpp
[ 70%] Built target turtlebot3_msgs__rosidl_typesupport_fastrtps_c
[ 81%] Built target turtlebot3_msgs__rosidl_typesupport_c
[ 81%] Built target turtlebot3_msgs
[ 83%] Built target turtlebot3_msgs__py
[ 93%] Built target turtlebot3_msgs__python
[ 96%] Built target turtlebot3_msgs__rosidl_typesupport_c__pyext
[100%] Built target turtlebot3_msgs__rosidl_typesupport_fastrtps_c__pyext
[ 11%] Built target turtlebot3_msgs__rosidl_generator_c
[ 13%] Built target turtlebot3_msgs__cpp
[ 24%] Built target turtlebot3_msgs__rosidl_typesupport_introspection_c
[ 36%] Built target turtlebot3_msgs__rosidl_typesupport_introspection_cpp
[ 47%] Built target turtlebot3_msgs__rosidl_typesupport_fastrtps_cpp
[ 59%] Built target turtlebot3_msgs__rosidl_typesupport_cpp
[ 70%] Built target turtlebot3_msgs__rosidl_typesupport_fastrtps_c
[ 81%] Built target turtlebot3_msgs__rosidl_typesupport_c
[ 81%] Built target turtlebot3_msgs
[ 83%] Built target turtlebot3_msgs__py
[ 93%] Built target turtlebot3_msgs__python
[100%] Built target turtlebot3_msgs__rosidl_typesupport_fastrtps_c__pyext
[100%] Built target turtlebot3_msgs__rosidl_typesupport_c__pyext
[36mInstall the project...[0m
-- Install configuration: ""
-- Execute custom install script
-- Up-to-date symlink: /home/toby/ThirdYearProject/ros2TurtleBot3_ws/install/turtlebot3_msgs/share/ament_index/resource_index/rosidl_interfaces/turtlebot3_msgs
-- Up-to-date symlink: /home/toby/ThirdYearProject/ros2TurtleBot3_ws/install/turtlebot3_msgs/include/turtlebot3_msgs/action/patrol.hpp
-- Up-to-date symlink: /home/toby/ThirdYearProject/ros2TurtleBot3_ws/install/turtlebot3_msgs/include/turtlebot3_msgs/action/patrol__struct.hpp
-- Up-to-date symlink: /home/toby/ThirdYearProject/ros2TurtleBot3_ws/install/turtlebot3_msgs/include/turtlebot3_msgs/action/patrol__traits.hpp
-- Up-to-date symlink: /home/toby/ThirdYearProject/ros2TurtleBot3_ws/install/turtlebot3_msgs/include/turtlebot3_msgs/msg/sensor_state.hpp
-- Up-to-date symlink: /home/toby/ThirdYearProject/ros2TurtleBot3_ws/install/turtlebot3_msgs/include/turtlebot3_msgs/msg/sensor_state__struct.hpp
-- Up-to-date symlink: /home/toby/ThirdYearProject/ros2TurtleBot3_ws/install/turtlebot3_msgs/include/turtlebot3_msgs/msg/sensor_state__traits.hpp
-- Up-to-date symlink: /home/toby/ThirdYearProject/ros2TurtleBot3_ws/install/turtlebot3_msgs/include/turtlebot3_msgs/msg/sound.hpp
-- Up-to-date symlink: /home/toby/ThirdYearProject/ros2TurtleBot3_ws/install/turtlebot3_msgs/include/turtlebot3_msgs/msg/sound__struct.hpp
-- Up-to-date symlink: /home/toby/ThirdYearProject/ros2TurtleBot3_ws/install/turtlebot3_msgs/include/turtlebot3_msgs/msg/sound__traits.hpp
-- Up-to-date symlink: /home/toby/ThirdYearProject/ros2TurtleBot3_ws/install/turtlebot3_msgs/include/turtlebot3_msgs/msg/version_info.hpp
-- Up-to-date symlink: /home/toby/ThirdYearProject/ros2TurtleBot3_ws/install/turtlebot3_msgs/include/turtlebot3_msgs/msg/version_info__struct.hpp
-- Up-to-date symlink: /home/toby/ThirdYearProject/ros2TurtleBot3_ws/install/turtlebot3_msgs/include/turtlebot3_msgs/msg/version_info__traits.hpp
-- Up-to-date symlink: /home/toby/ThirdYearProject/ros2TurtleBot3_ws/install/turtlebot3_msgs/include/turtlebot3_msgs/srv/sound.hpp
-- Up-to-date symlink: /home/toby/ThirdYearProject/ros2TurtleBot3_ws/install/turtlebot3_msgs/include/turtlebot3_msgs/srv/sound__struct.hpp
-- Up-to-date symlink: /home/toby/ThirdYearProject/ros2TurtleBot3_ws/install/turtlebot3_msgs/include/turtlebot3_msgs/srv/sound__traits.hpp
-- Up-to-date symlink: /home/toby/ThirdYearProject/ros2TurtleBot3_ws/install/turtlebot3_msgs/include/turtlebot3_msgs/action/patrol.h
-- Up-to-date symlink: /home/toby/ThirdYearProject/ros2TurtleBot3_ws/install/turtlebot3_msgs/include/turtlebot3_msgs/action/patrol__functions.h
-- Up-to-date symlink: /home/toby/ThirdYearProject/ros2TurtleBot3_ws/install/turtlebot3_msgs/include/turtlebot3_msgs/action/patrol__struct.h
-- Up-to-date symlink: /home/toby/ThirdYearProject/ros2TurtleBot3_ws/install/turtlebot3_msgs/include/turtlebot3_msgs/action/patrol__type_support.h
-- Up-to-date symlink: /home/toby/ThirdYearProject/ros2TurtleBot3_ws/install/turtlebot3_msgs/include/turtlebot3_msgs/msg/rosidl_generator_c__visibility_control.h
-- Up-to-date symlink: /home/toby/ThirdYearProject/ros2TurtleBot3_ws/install/turtlebot3_msgs/include/turtlebot3_msgs/msg/sensor_state.h
-- Up-to-date symlink: /home/toby/ThirdYearProject/ros2TurtleBot3_ws/install/turtlebot3_msgs/include/turtlebot3_msgs/msg/sensor_state__functions.h
-- Up-to-date symlink: /home/toby/ThirdYearProject/ros2TurtleBot3_ws/install/turtlebot3_msgs/include/turtlebot3_msgs/msg/sensor_state__struct.h
-- Up-to-date symlink: /home/toby/ThirdYearProject/ros2TurtleBot3_ws/install/turtlebot3_msgs/include/turtlebot3_msgs/msg/sensor_state__type_support.h
-- Up-to-date symlink: /home/toby/ThirdYearProject/ros2TurtleBot3_ws/install/turtlebot3_msgs/include/turtlebot3_msgs/msg/sound.h
-- Up-to-date symlink: /home/toby/ThirdYearProject/ros2TurtleBot3_ws/install/turtlebot3_msgs/include/turtlebot3_msgs/msg/sound__functions.h
-- Up-to-date symlink: /home/toby/ThirdYearProject/ros2TurtleBot3_ws/install/turtlebot3_msgs/include/turtlebot3_msgs/msg/sound__struct.h
-- Up-to-date symlink: /home/toby/ThirdYearProject/ros2TurtleBot3_ws/install/turtlebot3_msgs/include/turtlebot3_msgs/msg/sound__type_support.h
-- Up-to-date symlink: /home/toby/ThirdYearProject/ros2TurtleBot3_ws/install/turtlebot3_msgs/include/turtlebot3_msgs/msg/version_info.h
-- Up-to-date symlink: /home/toby/ThirdYearProject/ros2TurtleBot3_ws/install/turtlebot3_msgs/include/turtlebot3_msgs/msg/version_info__functions.h
-- Up-to-date symlink: /home/toby/ThirdYearProject/ros2TurtleBot3_ws/install/turtlebot3_msgs/include/turtlebot3_msgs/msg/version_info__struct.h
-- Up-to-date symlink: /home/toby/ThirdYearProject/ros2TurtleBot3_ws/install/turtlebot3_msgs/include/turtlebot3_msgs/msg/version_info__type_support.h
-- Up-to-date symlink: /home/toby/ThirdYearProject/ros2TurtleBot3_ws/install/turtlebot3_msgs/include/turtlebot3_msgs/srv/sound.h
-- Up-to-date symlink: /home/toby/ThirdYearProject/ros2TurtleBot3_ws/install/turtlebot3_msgs/include/turtlebot3_msgs/srv/sound__functions.h
-- Up-to-date symlink: /home/toby/ThirdYearProject/ros2TurtleBot3_ws/install/turtlebot3_msgs/include/turtlebot3_msgs/srv/sound__struct.h
-- Up-to-date symlink: /home/toby/ThirdYearProject/ros2TurtleBot3_ws/install/turtlebot3_msgs/include/turtlebot3_msgs/srv/sound__type_support.h
-- Up-to-date symlink: /home/toby/ThirdYearProject/ros2TurtleBot3_ws/install/turtlebot3_msgs/share/turtlebot3_msgs/environment/library_path.sh
-- Up-to-date symlink: /home/toby/ThirdYearProject/ros2TurtleBot3_ws/install/turtlebot3_msgs/lib/libturtlebot3_msgs__rosidl_generator_c.so
-- Up-to-date symlink: /home/toby/ThirdYearProject/ros2TurtleBot3_ws/install/turtlebot3_msgs/lib/libturtlebot3_msgs__rosidl_typesupport_c.so
-- Up-to-date symlink: /home/toby/ThirdYearProject/ros2TurtleBot3_ws/install/turtlebot3_msgs/lib/libturtlebot3_msgs__rosidl_typesupport_cpp.so
-- Up-to-date symlink: /home/toby/ThirdYearProject/ros2TurtleBot3_ws/install/turtlebot3_msgs/include/turtlebot3_msgs/action/patrol__rosidl_typesupport_introspection_c.h
-- Up-to-date symlink: /home/toby/ThirdYearProject/ros2TurtleBot3_ws/install/turtlebot3_msgs/include/turtlebot3_msgs/msg/rosidl_typesupport_introspection_c__visibility_control.h
-- Up-to-date symlink: /home/toby/ThirdYearProject/ros2TurtleBot3_ws/install/turtlebot3_msgs/include/turtlebot3_msgs/msg/sensor_state__rosidl_typesupport_introspection_c.h
-- Up-to-date symlink: /home/toby/ThirdYearProject/ros2TurtleBot3_ws/install/turtlebot3_msgs/include/turtlebot3_msgs/msg/sound__rosidl_typesupport_introspection_c.h
-- Up-to-date symlink: /home/toby/ThirdYearProject/ros2TurtleBot3_ws/install/turtlebot3_msgs/include/turtlebot3_msgs/msg/version_info__rosidl_typesupport_introspection_c.h
-- Up-to-date symlink: /home/toby/ThirdYearProject/ros2TurtleBot3_ws/install/turtlebot3_msgs/include/turtlebot3_msgs/srv/sound__rosidl_typesupport_introspection_c.h
-- Up-to-date symlink: /home/toby/ThirdYearProject/ros2TurtleBot3_ws/install/turtlebot3_msgs/lib/libturtlebot3_msgs__rosidl_typesupport_introspection_c.so
-- Up-to-date symlink: /home/toby/ThirdYearProject/ros2TurtleBot3_ws/install/turtlebot3_msgs/include/turtlebot3_msgs/action/patrol__rosidl_typesupport_introspection_cpp.hpp
-- Up-to-date symlink: /home/toby/ThirdYearProject/ros2TurtleBot3_ws/install/turtlebot3_msgs/include/turtlebot3_msgs/msg/sensor_state__rosidl_typesupport_introspection_cpp.hpp
-- Up-to-date symlink: /home/toby/ThirdYearProject/ros2TurtleBot3_ws/install/turtlebot3_msgs/include/turtlebot3_msgs/msg/sound__rosidl_typesupport_introspection_cpp.hpp
-- Up-to-date symlink: /home/toby/ThirdYearProject/ros2TurtleBot3_ws/install/turtlebot3_msgs/include/turtlebot3_msgs/msg/version_info__rosidl_typesupport_introspection_cpp.hpp
-- Up-to-date symlink: /home/toby/ThirdYearProject/ros2TurtleBot3_ws/install/turtlebot3_msgs/include/turtlebot3_msgs/srv/sound__rosidl_typesupport_introspection_cpp.hpp
-- Up-to-date symlink: /home/toby/ThirdYearProject/ros2TurtleBot3_ws/install/turtlebot3_msgs/lib/libturtlebot3_msgs__rosidl_typesupport_introspection_cpp.so
-- Up-to-date symlink: /home/toby/ThirdYearProject/ros2TurtleBot3_ws/install/turtlebot3_msgs/include/turtlebot3_msgs/action/patrol__rosidl_typesupport_fastrtps_c.h
-- Up-to-date symlink: /home/toby/ThirdYearProject/ros2TurtleBot3_ws/install/turtlebot3_msgs/include/turtlebot3_msgs/msg/rosidl_typesupport_fastrtps_c__visibility_control.h
-- Up-to-date symlink: /home/toby/ThirdYearProject/ros2TurtleBot3_ws/install/turtlebot3_msgs/include/turtlebot3_msgs/msg/sensor_state__rosidl_typesupport_fastrtps_c.h
-- Up-to-date symlink: /home/toby/ThirdYearProject/ros2TurtleBot3_ws/install/turtlebot3_msgs/include/turtlebot3_msgs/msg/sound__rosidl_typesupport_fastrtps_c.h
-- Up-to-date symlink: /home/toby/ThirdYearProject/ros2TurtleBot3_ws/install/turtlebot3_msgs/include/turtlebot3_msgs/msg/version_info__rosidl_typesupport_fastrtps_c.h
-- Up-to-date symlink: /home/toby/ThirdYearProject/ros2TurtleBot3_ws/install/turtlebot3_msgs/include/turtlebot3_msgs/srv/sound__rosidl_typesupport_fastrtps_c.h
-- Up-to-date symlink: /home/toby/ThirdYearProject/ros2TurtleBot3_ws/install/turtlebot3_msgs/lib/libturtlebot3_msgs__rosidl_typesupport_fastrtps_c.so
-- Up-to-date symlink: /home/toby/ThirdYearProject/ros2TurtleBot3_ws/install/turtlebot3_msgs/include/turtlebot3_msgs/action/patrol__rosidl_typesupport_fastrtps_cpp.hpp
-- Up-to-date symlink: /home/toby/ThirdYearProject/ros2TurtleBot3_ws/install/turtlebot3_msgs/include/turtlebot3_msgs/msg/rosidl_typesupport_fastrtps_cpp__visibility_control.h
-- Up-to-date symlink: /home/toby/ThirdYearProject/ros2TurtleBot3_ws/install/turtlebot3_msgs/include/turtlebot3_msgs/msg/sensor_state__rosidl_typesupport_fastrtps_cpp.hpp
-- Up-to-date symlink: /home/toby/ThirdYearProject/ros2TurtleBot3_ws/install/turtlebot3_msgs/include/turtlebot3_msgs/msg/sound__rosidl_typesupport_fastrtps_cpp.hpp
-- Up-to-date symlink: /home/toby/ThirdYearProject/ros2TurtleBot3_ws/install/turtlebot3_msgs/include/turtlebot3_msgs/msg/version_info__rosidl_typesupport_fastrtps_cpp.hpp
-- Up-to-date symlink: /home/toby/ThirdYearProject/ros2TurtleBot3_ws/install/turtlebot3_msgs/include/turtlebot3_msgs/srv/sound__rosidl_typesupport_fastrtps_cpp.hpp
-- Up-to-date symlink: /home/toby/ThirdYearProject/ros2TurtleBot3_ws/install/turtlebot3_msgs/lib/libturtlebot3_msgs__rosidl_typesupport_fastrtps_cpp.so
-- Up-to-date symlink: /home/toby/ThirdYearProject/ros2TurtleBot3_ws/install/turtlebot3_msgs/share/turtlebot3_msgs/environment/pythonpath.sh
-- Up-to-date symlink: /home/toby/ThirdYearProject/ros2TurtleBot3_ws/install/turtlebot3_msgs/lib/python3.6/site-packages/turtlebot3_msgs/__init__.py
-- Up-to-date symlink: /home/toby/ThirdYearProject/ros2TurtleBot3_ws/install/turtlebot3_msgs/lib/python3.6/site-packages/turtlebot3_msgs/msg/__init__.py
-- Up-to-date symlink: /home/toby/ThirdYearProject/ros2TurtleBot3_ws/install/turtlebot3_msgs/lib/python3.6/site-packages/turtlebot3_msgs/msg/_sensor_state.py
-- Up-to-date symlink: /home/toby/ThirdYearProject/ros2TurtleBot3_ws/install/turtlebot3_msgs/lib/python3.6/site-packages/turtlebot3_msgs/msg/_sound.py
-- Up-to-date symlink: /home/toby/ThirdYearProject/ros2TurtleBot3_ws/install/turtlebot3_msgs/lib/python3.6/site-packages/turtlebot3_msgs/msg/_version_info.py
-- Up-to-date symlink: /home/toby/ThirdYearProject/ros2TurtleBot3_ws/install/turtlebot3_msgs/lib/python3.6/site-packages/turtlebot3_msgs/srv/__init__.py
-- Up-to-date symlink: /home/toby/ThirdYearProject/ros2TurtleBot3_ws/install/turtlebot3_msgs/lib/python3.6/site-packages/turtlebot3_msgs/srv/_sound.py
-- Up-to-date symlink: /home/toby/ThirdYearProject/ros2TurtleBot3_ws/install/turtlebot3_msgs/lib/python3.6/site-packages/turtlebot3_msgs/action/__init__.py
-- Up-to-date symlink: /home/toby/ThirdYearProject/ros2TurtleBot3_ws/install/turtlebot3_msgs/lib/python3.6/site-packages/turtlebot3_msgs/action/_patrol.py
-- Up-to-date symlink: /home/toby/ThirdYearProject/ros2TurtleBot3_ws/install/turtlebot3_msgs/lib/python3.6/site-packages/turtlebot3_msgs/turtlebot3_msgs_s__rosidl_typesupport_c.cpython-36m-x86_64-linux-gnu.so
-- Up-to-date symlink: /home/toby/ThirdYearProject/ros2TurtleBot3_ws/install/turtlebot3_msgs/lib/python3.6/site-packages/turtlebot3_msgs/turtlebot3_msgs_s__rosidl_typesupport_fastrtps_c.cpython-36m-x86_64-linux-gnu.so
-- Up-to-date symlink: /home/toby/ThirdYearProject/ros2TurtleBot3_ws/install/turtlebot3_msgs/lib/libturtlebot3_msgs__python.so
-- Up-to-date symlink: /home/toby/ThirdYearProject/ros2TurtleBot3_ws/install/turtlebot3_msgs/share/turtlebot3_msgs/msg/SensorState.idl
-- Up-to-date symlink: /home/toby/ThirdYearProject/ros2TurtleBot3_ws/install/turtlebot3_msgs/share/turtlebot3_msgs/msg/Sound.idl
-- Up-to-date symlink: /home/toby/ThirdYearProject/ros2TurtleBot3_ws/install/turtlebot3_msgs/share/turtlebot3_msgs/msg/VersionInfo.idl
-- Up-to-date symlink: /home/toby/ThirdYearProject/ros2TurtleBot3_ws/install/turtlebot3_msgs/share/turtlebot3_msgs/srv/Sound.idl
-- Up-to-date symlink: /home/toby/ThirdYearProject/ros2TurtleBot3_ws/install/turtlebot3_msgs/share/turtlebot3_msgs/action/Patrol.idl
-- Up-to-date symlink: /home/toby/ThirdYearProject/ros2TurtleBot3_ws/install/turtlebot3_msgs/share/turtlebot3_msgs/msg/SensorState.msg
-- Up-to-date symlink: /home/toby/ThirdYearProject/ros2TurtleBot3_ws/install/turtlebot3_msgs/share/turtlebot3_msgs/msg/Sound.msg
-- Up-to-date symlink: /home/toby/ThirdYearProject/ros2TurtleBot3_ws/install/turtlebot3_msgs/share/turtlebot3_msgs/msg/VersionInfo.msg
-- Up-to-date symlink: /home/toby/ThirdYearProject/ros2TurtleBot3_ws/install/turtlebot3_msgs/share/turtlebot3_msgs/srv/Sound.srv
-- Up-to-date symlink: /home/toby/ThirdYearProject/ros2TurtleBot3_ws/install/turtlebot3_msgs/share/turtlebot3_msgs/srv/Sound_Request.msg
-- Up-to-date symlink: /home/toby/ThirdYearProject/ros2TurtleBot3_ws/install/turtlebot3_msgs/share/turtlebot3_msgs/srv/Sound_Response.msg
-- Up-to-date symlink: /home/toby/ThirdYearProject/ros2TurtleBot3_ws/install/turtlebot3_msgs/share/turtlebot3_msgs/action/Patrol.action
-- Up-to-date symlink: /home/toby/ThirdYearProject/ros2TurtleBot3_ws/install/turtlebot3_msgs/share/ament_index/resource_index/package_run_dependencies/turtlebot3_msgs
-- Up-to-date symlink: /home/toby/ThirdYearProject/ros2TurtleBot3_ws/install/turtlebot3_msgs/share/ament_index/resource_index/parent_prefix_path/turtlebot3_msgs
-- Up-to-date symlink: /home/toby/ThirdYearProject/ros2TurtleBot3_ws/install/turtlebot3_msgs/share/turtlebot3_msgs/environment/ament_prefix_path.sh
-- Up-to-date symlink: /home/toby/ThirdYearProject/ros2TurtleBot3_ws/install/turtlebot3_msgs/share/turtlebot3_msgs/environment/path.sh
-- Up-to-date symlink: /home/toby/ThirdYearProject/ros2TurtleBot3_ws/install/turtlebot3_msgs/share/turtlebot3_msgs/local_setup.bash
-- Up-to-date symlink: /home/toby/ThirdYearProject/ros2TurtleBot3_ws/install/turtlebot3_msgs/share/turtlebot3_msgs/local_setup.sh
-- Up-to-date symlink: /home/toby/ThirdYearProject/ros2TurtleBot3_ws/install/turtlebot3_msgs/share/turtlebot3_msgs/local_setup.zsh
-- Up-to-date symlink: /home/toby/ThirdYearProject/ros2TurtleBot3_ws/install/turtlebot3_msgs/share/ament_index/resource_index/packages/turtlebot3_msgs
-- Up-to-date symlink: /home/toby/ThirdYearProject/ros2TurtleBot3_ws/install/turtlebot3_msgs/share/turtlebot3_msgs/cmake/rosidl_cmake-extras.cmake
-- Up-to-date symlink: /home/toby/ThirdYearProject/ros2TurtleBot3_ws/install/turtlebot3_msgs/share/turtlebot3_msgs/cmake/ament_cmake_export_dependencies-extras.cmake
-- Up-to-date symlink: /home/toby/ThirdYearProject/ros2TurtleBot3_ws/install/turtlebot3_msgs/share/turtlebot3_msgs/cmake/ament_cmake_export_include_directories-extras.cmake
-- Up-to-date symlink: /home/toby/ThirdYearProject/ros2TurtleBot3_ws/install/turtlebot3_msgs/share/turtlebot3_msgs/cmake/ament_cmake_export_libraries-extras.cmake
-- Up-to-date symlink: /home/toby/ThirdYearProject/ros2TurtleBot3_ws/install/turtlebot3_msgs/share/turtlebot3_msgs/cmake/turtlebot3_msgsConfig.cmake
-- Up-to-date symlink: /home/toby/ThirdYearProject/ros2TurtleBot3_ws/install/turtlebot3_msgs/share/turtlebot3_msgs/cmake/turtlebot3_msgsConfig-version.cmake
-- Up-to-date symlink: /home/toby/ThirdYearProject/ros2TurtleBot3_ws/install/turtlebot3_msgs/share/turtlebot3_msgs/package.xml
Compiling '/home/toby/ThirdYearProject/ros2TurtleBot3_ws/install/turtlebot3_msgs/lib/python3.6/site-packages/turtlebot3_msgs/__init__.py'...
