[0.269s] DEBUG:colcon:Command line arguments: ['/usr/bin/colcon', 'build', '--symlink-install', '--packages-select', 'square_mover']
[0.269s] DEBUG:colcon:Parsed command line arguments: Namespace(ament_cmake_args=None, base_paths='.', build_base='build', catkin_cmake_args=None, catkin_skip_building_tests=False, cmake_args=None, cmake_clean_cache=False, cmake_clean_first=False, cmake_force_configure=False, cmake_target=None, cmake_target_skip_unavailable=False, continue_on_error=False, event_handlers=None, executor='parallel', ignore_user_meta=False, install_base='install', log_base='log', log_level=None, main=<bound method BuildVerb.main of <colcon_core.verb.build.BuildVerb object at 0x7fc26a9752b0>>, merge_install=False, metas='./colcon.meta', packages_above=None, packages_above_depth=None, packages_end=None, packages_ignore=None, packages_ignore_regex=None, packages_select=['square_mover'], packages_select_build_failed=False, packages_select_by_dep=None, packages_select_regex=None, packages_select_test_failures=False, packages_skip=None, packages_skip_build_finished=False, packages_skip_by_dep=None, packages_skip_regex=None, packages_skip_test_passed=False, packages_skip_up_to=None, packages_start=None, packages_up_to=None, parallel_workers=4, paths=None, symlink_install=True, test_result_base=None, verb_extension=<colcon_core.verb.build.BuildVerb object at 0x7fc26a9752b0>, verb_name='build', verb_parser=<colcon_defaults.argument_parser.defaults.DefaultArgumentsDecorator object at 0x7fc26a9754e0>)
[0.334s] Level 1:colcon.colcon_core.package_discovery:discover_packages(colcon_meta) check parameters
[0.334s] Level 1:colcon.colcon_core.package_discovery:discover_packages(recursive) check parameters
[0.334s] Level 1:colcon.colcon_core.package_discovery:discover_packages(ignore) check parameters
[0.334s] Level 1:colcon.colcon_core.package_discovery:discover_packages(path) check parameters
[0.334s] Level 1:colcon.colcon_core.package_discovery:discover_packages(recursive) discover
[0.335s] INFO:colcon.colcon_core.package_discovery:Crawling recursively for packages in '/home/toby/ThirdYearProject/ros2TurtleBot3_ws'
[0.335s] Level 1:colcon.colcon_core.package_identification:_identify(/home/toby/ThirdYearProject/ros2TurtleBot3_ws) by extensions ['ignore', 'ignore_ament_install']
[0.335s] Level 1:colcon.colcon_core.package_identification:_identify(/home/toby/ThirdYearProject/ros2TurtleBot3_ws) by extension 'ignore'
[0.336s] Level 1:colcon.colcon_core.package_identification:_identify(/home/toby/ThirdYearProject/ros2TurtleBot3_ws) by extension 'ignore_ament_install'
[0.336s] Level 1:colcon.colcon_core.package_identification:_identify(/home/toby/ThirdYearProject/ros2TurtleBot3_ws) by extensions ['colcon_pkg']
[0.336s] Level 1:colcon.colcon_core.package_identification:_identify(/home/toby/ThirdYearProject/ros2TurtleBot3_ws) by extension 'colcon_pkg'
[0.336s] Level 1:colcon.colcon_core.package_identification:_identify(/home/toby/ThirdYearProject/ros2TurtleBot3_ws) by extensions ['colcon_meta']
[0.336s] Level 1:colcon.colcon_core.package_identification:_identify(/home/toby/ThirdYearProject/ros2TurtleBot3_ws) by extension 'colcon_meta'
[0.336s] Level 1:colcon.colcon_core.package_identification:_identify(/home/toby/ThirdYearProject/ros2TurtleBot3_ws) by extensions ['ros']
[0.336s] Level 1:colcon.colcon_core.package_identification:_identify(/home/toby/ThirdYearProject/ros2TurtleBot3_ws) by extension 'ros'
[0.356s] Level 1:colcon.colcon_core.package_identification:_identify(/home/toby/ThirdYearProject/ros2TurtleBot3_ws) by extensions ['cmake', 'python']
[0.356s] Level 1:colcon.colcon_core.package_identification:_identify(/home/toby/ThirdYearProject/ros2TurtleBot3_ws) by extension 'cmake'
[0.357s] Level 1:colcon.colcon_core.package_identification:_identify(/home/toby/ThirdYearProject/ros2TurtleBot3_ws) by extension 'python'
[0.357s] Level 1:colcon.colcon_core.package_identification:_identify(/home/toby/ThirdYearProject/ros2TurtleBot3_ws) by extensions ['python_setup_py']
[0.357s] Level 1:colcon.colcon_core.package_identification:_identify(/home/toby/ThirdYearProject/ros2TurtleBot3_ws) by extension 'python_setup_py'
[0.357s] Level 1:colcon.colcon_core.package_identification:_identify(/home/toby/ThirdYearProject/ros2TurtleBot3_ws/build) by extensions ['ignore', 'ignore_ament_install']
[0.357s] Level 1:colcon.colcon_core.package_identification:_identify(/home/toby/ThirdYearProject/ros2TurtleBot3_ws/build) by extension 'ignore'
[0.357s] Level 1:colcon.colcon_core.package_identification:_identify(/home/toby/ThirdYearProject/ros2TurtleBot3_ws/build) ignored
[0.358s] Level 1:colcon.colcon_core.package_identification:_identify(/home/toby/ThirdYearProject/ros2TurtleBot3_ws/install) by extensions ['ignore', 'ignore_ament_install']
[0.358s] Level 1:colcon.colcon_core.package_identification:_identify(/home/toby/ThirdYearProject/ros2TurtleBot3_ws/install) by extension 'ignore'
[0.358s] Level 1:colcon.colcon_core.package_identification:_identify(/home/toby/ThirdYearProject/ros2TurtleBot3_ws/install) ignored
[0.359s] Level 1:colcon.colcon_core.package_identification:_identify(/home/toby/ThirdYearProject/ros2TurtleBot3_ws/log) by extensions ['ignore', 'ignore_ament_install']
[0.359s] Level 1:colcon.colcon_core.package_identification:_identify(/home/toby/ThirdYearProject/ros2TurtleBot3_ws/log) by extension 'ignore'
[0.359s] Level 1:colcon.colcon_core.package_identification:_identify(/home/toby/ThirdYearProject/ros2TurtleBot3_ws/log) ignored
[0.359s] Level 1:colcon.colcon_core.package_identification:_identify(/home/toby/ThirdYearProject/ros2TurtleBot3_ws/src) by extensions ['ignore', 'ignore_ament_install']
[0.359s] Level 1:colcon.colcon_core.package_identification:_identify(/home/toby/ThirdYearProject/ros2TurtleBot3_ws/src) by extension 'ignore'
[0.359s] Level 1:colcon.colcon_core.package_identification:_identify(/home/toby/ThirdYearProject/ros2TurtleBot3_ws/src) by extension 'ignore_ament_install'
[0.360s] Level 1:colcon.colcon_core.package_identification:_identify(/home/toby/ThirdYearProject/ros2TurtleBot3_ws/src) by extensions ['colcon_pkg']
[0.360s] Level 1:colcon.colcon_core.package_identification:_identify(/home/toby/ThirdYearProject/ros2TurtleBot3_ws/src) by extension 'colcon_pkg'
[0.360s] Level 1:colcon.colcon_core.package_identification:_identify(/home/toby/ThirdYearProject/ros2TurtleBot3_ws/src) by extensions ['colcon_meta']
[0.360s] Level 1:colcon.colcon_core.package_identification:_identify(/home/toby/ThirdYearProject/ros2TurtleBot3_ws/src) by extension 'colcon_meta'
[0.360s] Level 1:colcon.colcon_core.package_identification:_identify(/home/toby/ThirdYearProject/ros2TurtleBot3_ws/src) by extensions ['ros']
[0.360s] Level 1:colcon.colcon_core.package_identification:_identify(/home/toby/ThirdYearProject/ros2TurtleBot3_ws/src) by extension 'ros'
[0.361s] Level 1:colcon.colcon_core.package_identification:_identify(/home/toby/ThirdYearProject/ros2TurtleBot3_ws/src) by extensions ['cmake', 'python']
[0.361s] Level 1:colcon.colcon_core.package_identification:_identify(/home/toby/ThirdYearProject/ros2TurtleBot3_ws/src) by extension 'cmake'
[0.361s] Level 1:colcon.colcon_core.package_identification:_identify(/home/toby/ThirdYearProject/ros2TurtleBot3_ws/src) by extension 'python'
[0.361s] Level 1:colcon.colcon_core.package_identification:_identify(/home/toby/ThirdYearProject/ros2TurtleBot3_ws/src) by extensions ['python_setup_py']
[0.361s] Level 1:colcon.colcon_core.package_identification:_identify(/home/toby/ThirdYearProject/ros2TurtleBot3_ws/src) by extension 'python_setup_py'
[0.361s] Level 1:colcon.colcon_core.package_identification:_identify(/home/toby/ThirdYearProject/ros2TurtleBot3_ws/src/DynamixelSDK) by extensions ['ignore', 'ignore_ament_install']
[0.362s] Level 1:colcon.colcon_core.package_identification:_identify(/home/toby/ThirdYearProject/ros2TurtleBot3_ws/src/DynamixelSDK) by extension 'ignore'
[0.362s] Level 1:colcon.colcon_core.package_identification:_identify(/home/toby/ThirdYearProject/ros2TurtleBot3_ws/src/DynamixelSDK) by extension 'ignore_ament_install'
[0.362s] Level 1:colcon.colcon_core.package_identification:_identify(/home/toby/ThirdYearProject/ros2TurtleBot3_ws/src/DynamixelSDK) by extensions ['colcon_pkg']
[0.362s] Level 1:colcon.colcon_core.package_identification:_identify(/home/toby/ThirdYearProject/ros2TurtleBot3_ws/src/DynamixelSDK) by extension 'colcon_pkg'
[0.362s] Level 1:colcon.colcon_core.package_identification:_identify(/home/toby/ThirdYearProject/ros2TurtleBot3_ws/src/DynamixelSDK) by extensions ['colcon_meta']
[0.362s] Level 1:colcon.colcon_core.package_identification:_identify(/home/toby/ThirdYearProject/ros2TurtleBot3_ws/src/DynamixelSDK) by extension 'colcon_meta'
[0.362s] Level 1:colcon.colcon_core.package_identification:_identify(/home/toby/ThirdYearProject/ros2TurtleBot3_ws/src/DynamixelSDK) by extensions ['ros']
[0.363s] Level 1:colcon.colcon_core.package_identification:_identify(/home/toby/ThirdYearProject/ros2TurtleBot3_ws/src/DynamixelSDK) by extension 'ros'
[0.363s] Level 1:colcon.colcon_core.package_identification:_identify(/home/toby/ThirdYearProject/ros2TurtleBot3_ws/src/DynamixelSDK) by extensions ['cmake', 'python']
[0.363s] Level 1:colcon.colcon_core.package_identification:_identify(/home/toby/ThirdYearProject/ros2TurtleBot3_ws/src/DynamixelSDK) by extension 'cmake'
[0.363s] Level 1:colcon.colcon_core.package_identification:_identify(/home/toby/ThirdYearProject/ros2TurtleBot3_ws/src/DynamixelSDK) by extension 'python'
[0.363s] Level 1:colcon.colcon_core.package_identification:_identify(/home/toby/ThirdYearProject/ros2TurtleBot3_ws/src/DynamixelSDK) by extensions ['python_setup_py']
[0.363s] Level 1:colcon.colcon_core.package_identification:_identify(/home/toby/ThirdYearProject/ros2TurtleBot3_ws/src/DynamixelSDK) by extension 'python_setup_py'
[0.364s] Level 1:colcon.colcon_core.package_identification:_identify(/home/toby/ThirdYearProject/ros2TurtleBot3_ws/src/DynamixelSDK/dynamixel_sdk) by extensions ['ignore', 'ignore_ament_install']
[0.364s] Level 1:colcon.colcon_core.package_identification:_identify(/home/toby/ThirdYearProject/ros2TurtleBot3_ws/src/DynamixelSDK/dynamixel_sdk) by extension 'ignore'
[0.364s] Level 1:colcon.colcon_core.package_identification:_identify(/home/toby/ThirdYearProject/ros2TurtleBot3_ws/src/DynamixelSDK/dynamixel_sdk) by extension 'ignore_ament_install'
[0.364s] Level 1:colcon.colcon_core.package_identification:_identify(/home/toby/ThirdYearProject/ros2TurtleBot3_ws/src/DynamixelSDK/dynamixel_sdk) by extensions ['colcon_pkg']
[0.364s] Level 1:colcon.colcon_core.package_identification:_identify(/home/toby/ThirdYearProject/ros2TurtleBot3_ws/src/DynamixelSDK/dynamixel_sdk) by extension 'colcon_pkg'
[0.364s] Level 1:colcon.colcon_core.package_identification:_identify(/home/toby/ThirdYearProject/ros2TurtleBot3_ws/src/DynamixelSDK/dynamixel_sdk) by extensions ['colcon_meta']
[0.365s] Level 1:colcon.colcon_core.package_identification:_identify(/home/toby/ThirdYearProject/ros2TurtleBot3_ws/src/DynamixelSDK/dynamixel_sdk) by extension 'colcon_meta'
[0.365s] Level 1:colcon.colcon_core.package_identification:_identify(/home/toby/ThirdYearProject/ros2TurtleBot3_ws/src/DynamixelSDK/dynamixel_sdk) by extensions ['ros']
[0.365s] Level 1:colcon.colcon_core.package_identification:_identify(/home/toby/ThirdYearProject/ros2TurtleBot3_ws/src/DynamixelSDK/dynamixel_sdk) by extension 'ros'
[0.369s] DEBUG:colcon.colcon_core.package_identification:Package '/home/toby/ThirdYearProject/ros2TurtleBot3_ws/src/DynamixelSDK/dynamixel_sdk' with type 'ros.ament_cmake' and name 'dynamixel_sdk'
[0.369s] Level 1:colcon.colcon_core.package_identification:_identify(/home/toby/ThirdYearProject/ros2TurtleBot3_ws/src/cpp_pubsub) by extensions ['ignore', 'ignore_ament_install']
[0.369s] Level 1:colcon.colcon_core.package_identification:_identify(/home/toby/ThirdYearProject/ros2TurtleBot3_ws/src/cpp_pubsub) by extension 'ignore'
[0.370s] Level 1:colcon.colcon_core.package_identification:_identify(/home/toby/ThirdYearProject/ros2TurtleBot3_ws/src/cpp_pubsub) by extension 'ignore_ament_install'
[0.370s] Level 1:colcon.colcon_core.package_identification:_identify(/home/toby/ThirdYearProject/ros2TurtleBot3_ws/src/cpp_pubsub) by extensions ['colcon_pkg']
[0.370s] Level 1:colcon.colcon_core.package_identification:_identify(/home/toby/ThirdYearProject/ros2TurtleBot3_ws/src/cpp_pubsub) by extension 'colcon_pkg'
[0.370s] Level 1:colcon.colcon_core.package_identification:_identify(/home/toby/ThirdYearProject/ros2TurtleBot3_ws/src/cpp_pubsub) by extensions ['colcon_meta']
[0.370s] Level 1:colcon.colcon_core.package_identification:_identify(/home/toby/ThirdYearProject/ros2TurtleBot3_ws/src/cpp_pubsub) by extension 'colcon_meta'
[0.370s] Level 1:colcon.colcon_core.package_identification:_identify(/home/toby/ThirdYearProject/ros2TurtleBot3_ws/src/cpp_pubsub) by extensions ['ros']
[0.370s] Level 1:colcon.colcon_core.package_identification:_identify(/home/toby/ThirdYearProject/ros2TurtleBot3_ws/src/cpp_pubsub) by extension 'ros'
[0.371s] DEBUG:colcon.colcon_core.package_identification:Package '/home/toby/ThirdYearProject/ros2TurtleBot3_ws/src/cpp_pubsub' with type 'ros.ament_cmake' and name 'cpp_pubsub'
[0.371s] Level 1:colcon.colcon_core.package_identification:_identify(/home/toby/ThirdYearProject/ros2TurtleBot3_ws/src/hls_lfcd_lds_driver) by extensions ['ignore', 'ignore_ament_install']
[0.372s] Level 1:colcon.colcon_core.package_identification:_identify(/home/toby/ThirdYearProject/ros2TurtleBot3_ws/src/hls_lfcd_lds_driver) by extension 'ignore'
[0.372s] Level 1:colcon.colcon_core.package_identification:_identify(/home/toby/ThirdYearProject/ros2TurtleBot3_ws/src/hls_lfcd_lds_driver) by extension 'ignore_ament_install'
[0.372s] Level 1:colcon.colcon_core.package_identification:_identify(/home/toby/ThirdYearProject/ros2TurtleBot3_ws/src/hls_lfcd_lds_driver) by extensions ['colcon_pkg']
[0.372s] Level 1:colcon.colcon_core.package_identification:_identify(/home/toby/ThirdYearProject/ros2TurtleBot3_ws/src/hls_lfcd_lds_driver) by extension 'colcon_pkg'
[0.372s] Level 1:colcon.colcon_core.package_identification:_identify(/home/toby/ThirdYearProject/ros2TurtleBot3_ws/src/hls_lfcd_lds_driver) by extensions ['colcon_meta']
[0.372s] Level 1:colcon.colcon_core.package_identification:_identify(/home/toby/ThirdYearProject/ros2TurtleBot3_ws/src/hls_lfcd_lds_driver) by extension 'colcon_meta'
[0.373s] Level 1:colcon.colcon_core.package_identification:_identify(/home/toby/ThirdYearProject/ros2TurtleBot3_ws/src/hls_lfcd_lds_driver) by extensions ['ros']
[0.373s] Level 1:colcon.colcon_core.package_identification:_identify(/home/toby/ThirdYearProject/ros2TurtleBot3_ws/src/hls_lfcd_lds_driver) by extension 'ros'
[0.374s] DEBUG:colcon.colcon_core.package_identification:Package '/home/toby/ThirdYearProject/ros2TurtleBot3_ws/src/hls_lfcd_lds_driver' with type 'ros.ament_cmake' and name 'hls_lfcd_lds_driver'
[0.374s] Level 1:colcon.colcon_core.package_identification:_identify(/home/toby/ThirdYearProject/ros2TurtleBot3_ws/src/square_move) by extensions ['ignore', 'ignore_ament_install']
[0.375s] Level 1:colcon.colcon_core.package_identification:_identify(/home/toby/ThirdYearProject/ros2TurtleBot3_ws/src/square_move) by extension 'ignore'
[0.375s] Level 1:colcon.colcon_core.package_identification:_identify(/home/toby/ThirdYearProject/ros2TurtleBot3_ws/src/square_move) by extension 'ignore_ament_install'
[0.375s] Level 1:colcon.colcon_core.package_identification:_identify(/home/toby/ThirdYearProject/ros2TurtleBot3_ws/src/square_move) by extensions ['colcon_pkg']
[0.375s] Level 1:colcon.colcon_core.package_identification:_identify(/home/toby/ThirdYearProject/ros2TurtleBot3_ws/src/square_move) by extension 'colcon_pkg'
[0.375s] Level 1:colcon.colcon_core.package_identification:_identify(/home/toby/ThirdYearProject/ros2TurtleBot3_ws/src/square_move) by extensions ['colcon_meta']
[0.375s] Level 1:colcon.colcon_core.package_identification:_identify(/home/toby/ThirdYearProject/ros2TurtleBot3_ws/src/square_move) by extension 'colcon_meta'
[0.376s] Level 1:colcon.colcon_core.package_identification:_identify(/home/toby/ThirdYearProject/ros2TurtleBot3_ws/src/square_move) by extensions ['ros']
[0.376s] Level 1:colcon.colcon_core.package_identification:_identify(/home/toby/ThirdYearProject/ros2TurtleBot3_ws/src/square_move) by extension 'ros'
[0.376s] DEBUG:colcon.colcon_core.package_identification:Package '/home/toby/ThirdYearProject/ros2TurtleBot3_ws/src/square_move' with type 'ros.ament_cmake' and name 'square_move'
[0.377s] Level 1:colcon.colcon_core.package_identification:_identify(/home/toby/ThirdYearProject/ros2TurtleBot3_ws/src/turtlebot3) by extensions ['ignore', 'ignore_ament_install']
[0.377s] Level 1:colcon.colcon_core.package_identification:_identify(/home/toby/ThirdYearProject/ros2TurtleBot3_ws/src/turtlebot3) by extension 'ignore'
[0.377s] Level 1:colcon.colcon_core.package_identification:_identify(/home/toby/ThirdYearProject/ros2TurtleBot3_ws/src/turtlebot3) by extension 'ignore_ament_install'
[0.377s] Level 1:colcon.colcon_core.package_identification:_identify(/home/toby/ThirdYearProject/ros2TurtleBot3_ws/src/turtlebot3) by extensions ['colcon_pkg']
[0.377s] Level 1:colcon.colcon_core.package_identification:_identify(/home/toby/ThirdYearProject/ros2TurtleBot3_ws/src/turtlebot3) by extension 'colcon_pkg'
[0.378s] Level 1:colcon.colcon_core.package_identification:_identify(/home/toby/ThirdYearProject/ros2TurtleBot3_ws/src/turtlebot3) by extensions ['colcon_meta']
[0.378s] Level 1:colcon.colcon_core.package_identification:_identify(/home/toby/ThirdYearProject/ros2TurtleBot3_ws/src/turtlebot3) by extension 'colcon_meta'
[0.378s] Level 1:colcon.colcon_core.package_identification:_identify(/home/toby/ThirdYearProject/ros2TurtleBot3_ws/src/turtlebot3) by extensions ['ros']
[0.378s] Level 1:colcon.colcon_core.package_identification:_identify(/home/toby/ThirdYearProject/ros2TurtleBot3_ws/src/turtlebot3) by extension 'ros'
[0.378s] Level 1:colcon.colcon_core.package_identification:_identify(/home/toby/ThirdYearProject/ros2TurtleBot3_ws/src/turtlebot3) by extensions ['cmake', 'python']
[0.378s] Level 1:colcon.colcon_core.package_identification:_identify(/home/toby/ThirdYearProject/ros2TurtleBot3_ws/src/turtlebot3) by extension 'cmake'
[0.379s] Level 1:colcon.colcon_core.package_identification:_identify(/home/toby/ThirdYearProject/ros2TurtleBot3_ws/src/turtlebot3) by extension 'python'
[0.379s] Level 1:colcon.colcon_core.package_identification:_identify(/home/toby/ThirdYearProject/ros2TurtleBot3_ws/src/turtlebot3) by extensions ['python_setup_py']
[0.379s] Level 1:colcon.colcon_core.package_identification:_identify(/home/toby/ThirdYearProject/ros2TurtleBot3_ws/src/turtlebot3) by extension 'python_setup_py'
[0.379s] Level 1:colcon.colcon_core.package_identification:_identify(/home/toby/ThirdYearProject/ros2TurtleBot3_ws/src/turtlebot3/turtlebot3) by extensions ['ignore', 'ignore_ament_install']
[0.379s] Level 1:colcon.colcon_core.package_identification:_identify(/home/toby/ThirdYearProject/ros2TurtleBot3_ws/src/turtlebot3/turtlebot3) by extension 'ignore'
[0.379s] Level 1:colcon.colcon_core.package_identification:_identify(/home/toby/ThirdYearProject/ros2TurtleBot3_ws/src/turtlebot3/turtlebot3) by extension 'ignore_ament_install'
[0.380s] Level 1:colcon.colcon_core.package_identification:_identify(/home/toby/ThirdYearProject/ros2TurtleBot3_ws/src/turtlebot3/turtlebot3) by extensions ['colcon_pkg']
[0.380s] Level 1:colcon.colcon_core.package_identification:_identify(/home/toby/ThirdYearProject/ros2TurtleBot3_ws/src/turtlebot3/turtlebot3) by extension 'colcon_pkg'
[0.380s] Level 1:colcon.colcon_core.package_identification:_identify(/home/toby/ThirdYearProject/ros2TurtleBot3_ws/src/turtlebot3/turtlebot3) by extensions ['colcon_meta']
[0.380s] Level 1:colcon.colcon_core.package_identification:_identify(/home/toby/ThirdYearProject/ros2TurtleBot3_ws/src/turtlebot3/turtlebot3) by extension 'colcon_meta'
[0.380s] Level 1:colcon.colcon_core.package_identification:_identify(/home/toby/ThirdYearProject/ros2TurtleBot3_ws/src/turtlebot3/turtlebot3) by extensions ['ros']
[0.380s] Level 1:colcon.colcon_core.package_identification:_identify(/home/toby/ThirdYearProject/ros2TurtleBot3_ws/src/turtlebot3/turtlebot3) by extension 'ros'
[0.381s] DEBUG:colcon.colcon_core.package_identification:Package '/home/toby/ThirdYearProject/ros2TurtleBot3_ws/src/turtlebot3/turtlebot3' with type 'ros.ament_cmake' and name 'turtlebot3'
[0.382s] Level 1:colcon.colcon_core.package_identification:_identify(/home/toby/ThirdYearProject/ros2TurtleBot3_ws/src/turtlebot3/turtlebot3_bringup) by extensions ['ignore', 'ignore_ament_install']
[0.382s] Level 1:colcon.colcon_core.package_identification:_identify(/home/toby/ThirdYearProject/ros2TurtleBot3_ws/src/turtlebot3/turtlebot3_bringup) by extension 'ignore'
[0.382s] Level 1:colcon.colcon_core.package_identification:_identify(/home/toby/ThirdYearProject/ros2TurtleBot3_ws/src/turtlebot3/turtlebot3_bringup) by extension 'ignore_ament_install'
[0.382s] Level 1:colcon.colcon_core.package_identification:_identify(/home/toby/ThirdYearProject/ros2TurtleBot3_ws/src/turtlebot3/turtlebot3_bringup) by extensions ['colcon_pkg']
[0.382s] Level 1:colcon.colcon_core.package_identification:_identify(/home/toby/ThirdYearProject/ros2TurtleBot3_ws/src/turtlebot3/turtlebot3_bringup) by extension 'colcon_pkg'
[0.383s] Level 1:colcon.colcon_core.package_identification:_identify(/home/toby/ThirdYearProject/ros2TurtleBot3_ws/src/turtlebot3/turtlebot3_bringup) by extensions ['colcon_meta']
[0.383s] Level 1:colcon.colcon_core.package_identification:_identify(/home/toby/ThirdYearProject/ros2TurtleBot3_ws/src/turtlebot3/turtlebot3_bringup) by extension 'colcon_meta'
[0.383s] Level 1:colcon.colcon_core.package_identification:_identify(/home/toby/ThirdYearProject/ros2TurtleBot3_ws/src/turtlebot3/turtlebot3_bringup) by extensions ['ros']
[0.383s] Level 1:colcon.colcon_core.package_identification:_identify(/home/toby/ThirdYearProject/ros2TurtleBot3_ws/src/turtlebot3/turtlebot3_bringup) by extension 'ros'
[0.384s] DEBUG:colcon.colcon_core.package_identification:Package '/home/toby/ThirdYearProject/ros2TurtleBot3_ws/src/turtlebot3/turtlebot3_bringup' with type 'ros.ament_cmake' and name 'turtlebot3_bringup'
[0.384s] Level 1:colcon.colcon_core.package_identification:_identify(/home/toby/ThirdYearProject/ros2TurtleBot3_ws/src/turtlebot3/turtlebot3_cartographer) by extensions ['ignore', 'ignore_ament_install']
[0.384s] Level 1:colcon.colcon_core.package_identification:_identify(/home/toby/ThirdYearProject/ros2TurtleBot3_ws/src/turtlebot3/turtlebot3_cartographer) by extension 'ignore'
[0.385s] Level 1:colcon.colcon_core.package_identification:_identify(/home/toby/ThirdYearProject/ros2TurtleBot3_ws/src/turtlebot3/turtlebot3_cartographer) by extension 'ignore_ament_install'
[0.385s] Level 1:colcon.colcon_core.package_identification:_identify(/home/toby/ThirdYearProject/ros2TurtleBot3_ws/src/turtlebot3/turtlebot3_cartographer) by extensions ['colcon_pkg']
[0.385s] Level 1:colcon.colcon_core.package_identification:_identify(/home/toby/ThirdYearProject/ros2TurtleBot3_ws/src/turtlebot3/turtlebot3_cartographer) by extension 'colcon_pkg'
[0.385s] Level 1:colcon.colcon_core.package_identification:_identify(/home/toby/ThirdYearProject/ros2TurtleBot3_ws/src/turtlebot3/turtlebot3_cartographer) by extensions ['colcon_meta']
[0.385s] Level 1:colcon.colcon_core.package_identification:_identify(/home/toby/ThirdYearProject/ros2TurtleBot3_ws/src/turtlebot3/turtlebot3_cartographer) by extension 'colcon_meta'
[0.385s] Level 1:colcon.colcon_core.package_identification:_identify(/home/toby/ThirdYearProject/ros2TurtleBot3_ws/src/turtlebot3/turtlebot3_cartographer) by extensions ['ros']
[0.385s] Level 1:colcon.colcon_core.package_identification:_identify(/home/toby/ThirdYearProject/ros2TurtleBot3_ws/src/turtlebot3/turtlebot3_cartographer) by extension 'ros'
[0.386s] DEBUG:colcon.colcon_core.package_identification:Package '/home/toby/ThirdYearProject/ros2TurtleBot3_ws/src/turtlebot3/turtlebot3_cartographer' with type 'ros.ament_cmake' and name 'turtlebot3_cartographer'
[0.387s] Level 1:colcon.colcon_core.package_identification:_identify(/home/toby/ThirdYearProject/ros2TurtleBot3_ws/src/turtlebot3/turtlebot3_description) by extensions ['ignore', 'ignore_ament_install']
[0.387s] Level 1:colcon.colcon_core.package_identification:_identify(/home/toby/ThirdYearProject/ros2TurtleBot3_ws/src/turtlebot3/turtlebot3_description) by extension 'ignore'
[0.387s] Level 1:colcon.colcon_core.package_identification:_identify(/home/toby/ThirdYearProject/ros2TurtleBot3_ws/src/turtlebot3/turtlebot3_description) by extension 'ignore_ament_install'
[0.387s] Level 1:colcon.colcon_core.package_identification:_identify(/home/toby/ThirdYearProject/ros2TurtleBot3_ws/src/turtlebot3/turtlebot3_description) by extensions ['colcon_pkg']
[0.387s] Level 1:colcon.colcon_core.package_identification:_identify(/home/toby/ThirdYearProject/ros2TurtleBot3_ws/src/turtlebot3/turtlebot3_description) by extension 'colcon_pkg'
[0.387s] Level 1:colcon.colcon_core.package_identification:_identify(/home/toby/ThirdYearProject/ros2TurtleBot3_ws/src/turtlebot3/turtlebot3_description) by extensions ['colcon_meta']
[0.388s] Level 1:colcon.colcon_core.package_identification:_identify(/home/toby/ThirdYearProject/ros2TurtleBot3_ws/src/turtlebot3/turtlebot3_description) by extension 'colcon_meta'
[0.388s] Level 1:colcon.colcon_core.package_identification:_identify(/home/toby/ThirdYearProject/ros2TurtleBot3_ws/src/turtlebot3/turtlebot3_description) by extensions ['ros']
[0.388s] Level 1:colcon.colcon_core.package_identification:_identify(/home/toby/ThirdYearProject/ros2TurtleBot3_ws/src/turtlebot3/turtlebot3_description) by extension 'ros'
[0.389s] DEBUG:colcon.colcon_core.package_identification:Package '/home/toby/ThirdYearProject/ros2TurtleBot3_ws/src/turtlebot3/turtlebot3_description' with type 'ros.ament_cmake' and name 'turtlebot3_description'
[0.389s] Level 1:colcon.colcon_core.package_identification:_identify(/home/toby/ThirdYearProject/ros2TurtleBot3_ws/src/turtlebot3/turtlebot3_navigation2) by extensions ['ignore', 'ignore_ament_install']
[0.389s] Level 1:colcon.colcon_core.package_identification:_identify(/home/toby/ThirdYearProject/ros2TurtleBot3_ws/src/turtlebot3/turtlebot3_navigation2) by extension 'ignore'
[0.390s] Level 1:colcon.colcon_core.package_identification:_identify(/home/toby/ThirdYearProject/ros2TurtleBot3_ws/src/turtlebot3/turtlebot3_navigation2) by extension 'ignore_ament_install'
[0.390s] Level 1:colcon.colcon_core.package_identification:_identify(/home/toby/ThirdYearProject/ros2TurtleBot3_ws/src/turtlebot3/turtlebot3_navigation2) by extensions ['colcon_pkg']
[0.390s] Level 1:colcon.colcon_core.package_identification:_identify(/home/toby/ThirdYearProject/ros2TurtleBot3_ws/src/turtlebot3/turtlebot3_navigation2) by extension 'colcon_pkg'
[0.390s] Level 1:colcon.colcon_core.package_identification:_identify(/home/toby/ThirdYearProject/ros2TurtleBot3_ws/src/turtlebot3/turtlebot3_navigation2) by extensions ['colcon_meta']
[0.390s] Level 1:colcon.colcon_core.package_identification:_identify(/home/toby/ThirdYearProject/ros2TurtleBot3_ws/src/turtlebot3/turtlebot3_navigation2) by extension 'colcon_meta'
[0.390s] Level 1:colcon.colcon_core.package_identification:_identify(/home/toby/ThirdYearProject/ros2TurtleBot3_ws/src/turtlebot3/turtlebot3_navigation2) by extensions ['ros']
[0.390s] Level 1:colcon.colcon_core.package_identification:_identify(/home/toby/ThirdYearProject/ros2TurtleBot3_ws/src/turtlebot3/turtlebot3_navigation2) by extension 'ros'
[0.392s] DEBUG:colcon.colcon_core.package_identification:Package '/home/toby/ThirdYearProject/ros2TurtleBot3_ws/src/turtlebot3/turtlebot3_navigation2' with type 'ros.ament_cmake' and name 'turtlebot3_navigation2'
[0.392s] Level 1:colcon.colcon_core.package_identification:_identify(/home/toby/ThirdYearProject/ros2TurtleBot3_ws/src/turtlebot3/turtlebot3_node) by extensions ['ignore', 'ignore_ament_install']
[0.392s] Level 1:colcon.colcon_core.package_identification:_identify(/home/toby/ThirdYearProject/ros2TurtleBot3_ws/src/turtlebot3/turtlebot3_node) by extension 'ignore'
[0.392s] Level 1:colcon.colcon_core.package_identification:_identify(/home/toby/ThirdYearProject/ros2TurtleBot3_ws/src/turtlebot3/turtlebot3_node) by extension 'ignore_ament_install'
[0.392s] Level 1:colcon.colcon_core.package_identification:_identify(/home/toby/ThirdYearProject/ros2TurtleBot3_ws/src/turtlebot3/turtlebot3_node) by extensions ['colcon_pkg']
[0.393s] Level 1:colcon.colcon_core.package_identification:_identify(/home/toby/ThirdYearProject/ros2TurtleBot3_ws/src/turtlebot3/turtlebot3_node) by extension 'colcon_pkg'
[0.393s] Level 1:colcon.colcon_core.package_identification:_identify(/home/toby/ThirdYearProject/ros2TurtleBot3_ws/src/turtlebot3/turtlebot3_node) by extensions ['colcon_meta']
[0.393s] Level 1:colcon.colcon_core.package_identification:_identify(/home/toby/ThirdYearProject/ros2TurtleBot3_ws/src/turtlebot3/turtlebot3_node) by extension 'colcon_meta'
[0.393s] Level 1:colcon.colcon_core.package_identification:_identify(/home/toby/ThirdYearProject/ros2TurtleBot3_ws/src/turtlebot3/turtlebot3_node) by extensions ['ros']
[0.393s] Level 1:colcon.colcon_core.package_identification:_identify(/home/toby/ThirdYearProject/ros2TurtleBot3_ws/src/turtlebot3/turtlebot3_node) by extension 'ros'
[0.396s] DEBUG:colcon.colcon_core.package_identification:Package '/home/toby/ThirdYearProject/ros2TurtleBot3_ws/src/turtlebot3/turtlebot3_node' with type 'ros.ament_cmake' and name 'turtlebot3_node'
[0.396s] Level 1:colcon.colcon_core.package_identification:_identify(/home/toby/ThirdYearProject/ros2TurtleBot3_ws/src/turtlebot3/turtlebot3_teleop) by extensions ['ignore', 'ignore_ament_install']
[0.396s] Level 1:colcon.colcon_core.package_identification:_identify(/home/toby/ThirdYearProject/ros2TurtleBot3_ws/src/turtlebot3/turtlebot3_teleop) by extension 'ignore'
[0.396s] Level 1:colcon.colcon_core.package_identification:_identify(/home/toby/ThirdYearProject/ros2TurtleBot3_ws/src/turtlebot3/turtlebot3_teleop) by extension 'ignore_ament_install'
[0.397s] Level 1:colcon.colcon_core.package_identification:_identify(/home/toby/ThirdYearProject/ros2TurtleBot3_ws/src/turtlebot3/turtlebot3_teleop) by extensions ['colcon_pkg']
[0.397s] Level 1:colcon.colcon_core.package_identification:_identify(/home/toby/ThirdYearProject/ros2TurtleBot3_ws/src/turtlebot3/turtlebot3_teleop) by extension 'colcon_pkg'
[0.397s] Level 1:colcon.colcon_core.package_identification:_identify(/home/toby/ThirdYearProject/ros2TurtleBot3_ws/src/turtlebot3/turtlebot3_teleop) by extensions ['colcon_meta']
[0.397s] Level 1:colcon.colcon_core.package_identification:_identify(/home/toby/ThirdYearProject/ros2TurtleBot3_ws/src/turtlebot3/turtlebot3_teleop) by extension 'colcon_meta'
[0.397s] Level 1:colcon.colcon_core.package_identification:_identify(/home/toby/ThirdYearProject/ros2TurtleBot3_ws/src/turtlebot3/turtlebot3_teleop) by extensions ['ros']
[0.397s] Level 1:colcon.colcon_core.package_identification:_identify(/home/toby/ThirdYearProject/ros2TurtleBot3_ws/src/turtlebot3/turtlebot3_teleop) by extension 'ros'
[0.400s] DEBUG:colcon.colcon_core.package_identification:Package '/home/toby/ThirdYearProject/ros2TurtleBot3_ws/src/turtlebot3/turtlebot3_teleop' with type 'ros.ament_python' and name 'turtlebot3_teleop'
[0.400s] Level 1:colcon.colcon_core.package_identification:_identify(/home/toby/ThirdYearProject/ros2TurtleBot3_ws/src/turtlebot3_msgs) by extensions ['ignore', 'ignore_ament_install']
[0.400s] Level 1:colcon.colcon_core.package_identification:_identify(/home/toby/ThirdYearProject/ros2TurtleBot3_ws/src/turtlebot3_msgs) by extension 'ignore'
[0.400s] Level 1:colcon.colcon_core.package_identification:_identify(/home/toby/ThirdYearProject/ros2TurtleBot3_ws/src/turtlebot3_msgs) by extension 'ignore_ament_install'
[0.401s] Level 1:colcon.colcon_core.package_identification:_identify(/home/toby/ThirdYearProject/ros2TurtleBot3_ws/src/turtlebot3_msgs) by extensions ['colcon_pkg']
[0.401s] Level 1:colcon.colcon_core.package_identification:_identify(/home/toby/ThirdYearProject/ros2TurtleBot3_ws/src/turtlebot3_msgs) by extension 'colcon_pkg'
[0.401s] Level 1:colcon.colcon_core.package_identification:_identify(/home/toby/ThirdYearProject/ros2TurtleBot3_ws/src/turtlebot3_msgs) by extensions ['colcon_meta']
[0.401s] Level 1:colcon.colcon_core.package_identification:_identify(/home/toby/ThirdYearProject/ros2TurtleBot3_ws/src/turtlebot3_msgs) by extension 'colcon_meta'
[0.401s] Level 1:colcon.colcon_core.package_identification:_identify(/home/toby/ThirdYearProject/ros2TurtleBot3_ws/src/turtlebot3_msgs) by extensions ['ros']
[0.401s] Level 1:colcon.colcon_core.package_identification:_identify(/home/toby/ThirdYearProject/ros2TurtleBot3_ws/src/turtlebot3_msgs) by extension 'ros'
[0.403s] DEBUG:colcon.colcon_core.package_identification:Package '/home/toby/ThirdYearProject/ros2TurtleBot3_ws/src/turtlebot3_msgs' with type 'ros.ament_cmake' and name 'turtlebot3_msgs'
[0.403s] Level 1:colcon.colcon_core.package_discovery:discover_packages(recursive) using defaults
[0.405s] WARNING:colcon.colcon_core.package_selection:ignoring unknown package 'square_mover' in --packages-select
[0.408s] Level 1:colcon.colcon_core.package_augmentation.check_dependency_constraint:turtlebot3 depends on turtlebot3_navigation2 which has version 2.0.1: constraints {}
[0.408s] Level 1:colcon.colcon_core.package_augmentation.check_dependency_constraint:turtlebot3 depends on turtlebot3_node which has version 2.0.1: constraints {}
[0.408s] Level 1:colcon.colcon_core.package_augmentation.check_dependency_constraint:turtlebot3 depends on turtlebot3_bringup which has version 2.0.1: constraints {}
[0.408s] Level 1:colcon.colcon_core.package_augmentation.check_dependency_constraint:turtlebot3 depends on turtlebot3_description which has version 2.0.1: constraints {}
[0.408s] Level 1:colcon.colcon_core.package_augmentation.check_dependency_constraint:turtlebot3 depends on turtlebot3_teleop which has version 2.0.1: constraints {}
[0.408s] Level 1:colcon.colcon_core.package_augmentation.check_dependency_constraint:turtlebot3 depends on turtlebot3_cartographer which has version 2.0.1: constraints {}
[0.408s] Level 1:colcon.colcon_core.package_augmentation.check_dependency_constraint:turtlebot3_node depends on turtlebot3_msgs which has version 2.2.0: constraints {}
[0.408s] Level 1:colcon.colcon_core.package_augmentation.check_dependency_constraint:turtlebot3_node depends on dynamixel_sdk which has version 3.7.20: constraints {}
[0.408s] Level 1:colcon.colcon_core.package_augmentation.check_dependency_constraint:turtlebot3_bringup depends on turtlebot3_node which has version 2.0.1: constraints {}
[0.409s] Level 1:colcon.colcon_core.package_augmentation.check_dependency_constraint:turtlebot3_bringup depends on turtlebot3_description which has version 2.0.1: constraints {}
[0.409s] Level 1:colcon.colcon_core.package_augmentation.check_dependency_constraint:turtlebot3_bringup depends on hls_lfcd_lds_driver which has version 2.0.0: constraints {}
[0.409s] Level 1:colcon.colcon_core.package_augmentation.check_dependency_constraint:square_move depends on turtlebot3_node which has version 2.0.1: constraints {}
[0.411s] INFO:colcon.colcon_core.package_selection:Skipping not selected package 'cpp_pubsub' in '/home/toby/ThirdYearProject/ros2TurtleBot3_ws/src/cpp_pubsub'
[0.412s] INFO:colcon.colcon_core.package_selection:Skipping not selected package 'dynamixel_sdk' in '/home/toby/ThirdYearProject/ros2TurtleBot3_ws/src/DynamixelSDK/dynamixel_sdk'
[0.412s] INFO:colcon.colcon_core.package_selection:Skipping not selected package 'hls_lfcd_lds_driver' in '/home/toby/ThirdYearProject/ros2TurtleBot3_ws/src/hls_lfcd_lds_driver'
[0.412s] INFO:colcon.colcon_core.package_selection:Skipping not selected package 'turtlebot3_cartographer' in '/home/toby/ThirdYearProject/ros2TurtleBot3_ws/src/turtlebot3/turtlebot3_cartographer'
[0.412s] INFO:colcon.colcon_core.package_selection:Skipping not selected package 'turtlebot3_description' in '/home/toby/ThirdYearProject/ros2TurtleBot3_ws/src/turtlebot3/turtlebot3_description'
[0.412s] INFO:colcon.colcon_core.package_selection:Skipping not selected package 'turtlebot3_msgs' in '/home/toby/ThirdYearProject/ros2TurtleBot3_ws/src/turtlebot3_msgs'
[0.412s] INFO:colcon.colcon_core.package_selection:Skipping not selected package 'turtlebot3_navigation2' in '/home/toby/ThirdYearProject/ros2TurtleBot3_ws/src/turtlebot3/turtlebot3_navigation2'
[0.412s] INFO:colcon.colcon_core.package_selection:Skipping not selected package 'turtlebot3_teleop' in '/home/toby/ThirdYearProject/ros2TurtleBot3_ws/src/turtlebot3/turtlebot3_teleop'
[0.412s] INFO:colcon.colcon_core.package_selection:Skipping not selected package 'turtlebot3_node' in '/home/toby/ThirdYearProject/ros2TurtleBot3_ws/src/turtlebot3/turtlebot3_node'
[0.412s] INFO:colcon.colcon_core.package_selection:Skipping not selected package 'square_move' in '/home/toby/ThirdYearProject/ros2TurtleBot3_ws/src/square_move'
[0.412s] INFO:colcon.colcon_core.package_selection:Skipping not selected package 'turtlebot3_bringup' in '/home/toby/ThirdYearProject/ros2TurtleBot3_ws/src/turtlebot3/turtlebot3_bringup'
[0.412s] INFO:colcon.colcon_core.package_selection:Skipping not selected package 'turtlebot3' in '/home/toby/ThirdYearProject/ros2TurtleBot3_ws/src/turtlebot3/turtlebot3'
[0.415s] INFO:colcon.colcon_core.executor:Executing jobs using 'parallel' executor
[0.417s] DEBUG:colcon.colcon_parallel_executor.executor.parallel:run_until_complete
[0.418s] DEBUG:colcon.colcon_parallel_executor.executor.parallel:closing loop
[0.418s] DEBUG:colcon.colcon_parallel_executor.executor.parallel:loop closed
[0.419s] DEBUG:colcon.colcon_parallel_executor.executor.parallel:run_until_complete finished with '0'
[0.419s] DEBUG:colcon.colcon_core.event_reactor:joining thread
[0.432s] INFO:colcon.colcon_core.plugin_system:Skipping extension 'colcon_notification.desktop_notification.terminal_notifier': Not used on non-Darwin systems
[0.432s] INFO:colcon.colcon_core.plugin_system:Skipping extension 'colcon_notification.desktop_notification.win32': Not used on non-Windows systems
[0.432s] INFO:colcon.colcon_notification.desktop_notification:Sending desktop notification using 'notify2'
[0.475s] DEBUG:colcon.colcon_core.event_reactor:joined thread
[0.487s] INFO:colcon.colcon_core.plugin_system:Skipping extension 'colcon_core.shell.bat': Not used on non-Windows systems
[0.488s] INFO:colcon.colcon_core.shell:Creating prefix script '/home/toby/ThirdYearProject/ros2TurtleBot3_ws/install/local_setup.ps1'
[0.491s] INFO:colcon.colcon_core.shell:Creating prefix util module '/home/toby/ThirdYearProject/ros2TurtleBot3_ws/install/_local_setup_util_ps1.py'
[0.493s] INFO:colcon.colcon_core.shell:Creating prefix chain script '/home/toby/ThirdYearProject/ros2TurtleBot3_ws/install/setup.ps1'
[0.501s] INFO:colcon.colcon_core.shell:Creating prefix script '/home/toby/ThirdYearProject/ros2TurtleBot3_ws/install/local_setup.sh'
[0.502s] INFO:colcon.colcon_core.shell:Creating prefix util module '/home/toby/ThirdYearProject/ros2TurtleBot3_ws/install/_local_setup_util_sh.py'
[0.503s] INFO:colcon.colcon_core.shell:Creating prefix chain script '/home/toby/ThirdYearProject/ros2TurtleBot3_ws/install/setup.sh'
[0.524s] INFO:colcon.colcon_core.shell:Creating prefix script '/home/toby/ThirdYearProject/ros2TurtleBot3_ws/install/local_setup.bash'
[0.525s] INFO:colcon.colcon_core.shell:Creating prefix chain script '/home/toby/ThirdYearProject/ros2TurtleBot3_ws/install/setup.bash'
[0.531s] INFO:colcon.colcon_core.shell:Creating prefix script '/home/toby/ThirdYearProject/ros2TurtleBot3_ws/install/local_setup.zsh'
[0.532s] INFO:colcon.colcon_core.shell:Creating prefix chain script '/home/toby/ThirdYearProject/ros2TurtleBot3_ws/install/setup.zsh'
