Invoking command in '/home/toby/ros2OnLaptop_ws/build/videoRead': CMAKE_PREFIX_PATH=/opt/ros/dashing /usr/bin/cmake --build /home/toby/ros2OnLaptop_ws/build/videoRead -- -j4 -l4
[100%] Built target VideoRead
Invoked command in '/home/toby/ros2OnLaptop_ws/build/videoRead' returned '0': CMAKE_PREFIX_PATH=/opt/ros/dashing /usr/bin/cmake --build /home/toby/ros2OnLaptop_ws/build/videoRead -- -j4 -l4
Invoking command in '/home/toby/ros2OnLaptop_ws/build/videoRead': CMAKE_PREFIX_PATH=/opt/ros/dashing /usr/bin/cmake --build /home/toby/ros2OnLaptop_ws/build/videoRead --target install -- -j4 -l4
[100%] Built target VideoRead
[36mInstall the project...[0m
-- Install configuration: ""
-- Execute custom install script
-- Up-to-date symlink: /home/toby/ros2OnLaptop_ws/install/videoRead/share/ament_index/resource_index/package_run_dependencies/videoRead
-- Up-to-date symlink: /home/toby/ros2OnLaptop_ws/install/videoRead/share/ament_index/resource_index/parent_prefix_path/videoRead
-- Up-to-date symlink: /home/toby/ros2OnLaptop_ws/install/videoRead/share/videoRead/environment/ament_prefix_path.sh
-- Up-to-date symlink: /home/toby/ros2OnLaptop_ws/install/videoRead/share/videoRead/environment/path.sh
-- Up-to-date symlink: /home/toby/ros2OnLaptop_ws/install/videoRead/share/videoRead/local_setup.bash
-- Up-to-date symlink: /home/toby/ros2OnLaptop_ws/install/videoRead/share/videoRead/local_setup.sh
-- Up-to-date symlink: /home/toby/ros2OnLaptop_ws/install/videoRead/share/videoRead/local_setup.zsh
-- Up-to-date symlink: /home/toby/ros2OnLaptop_ws/install/videoRead/share/ament_index/resource_index/packages/videoRead
-- Up-to-date symlink: /home/toby/ros2OnLaptop_ws/install/videoRead/share/videoRead/cmake/videoReadConfig.cmake
-- Up-to-date symlink: /home/toby/ros2OnLaptop_ws/install/videoRead/share/videoRead/cmake/videoReadConfig-version.cmake
-- Up-to-date symlink: /home/toby/ros2OnLaptop_ws/install/videoRead/share/videoRead/package.xml
-- Up-to-date symlink: /home/toby/ros2OnLaptop_ws/install/videoRead/lib/videoRead/VideoRead
Invoked command in '/home/toby/ros2OnLaptop_ws/build/videoRead' returned '0': CMAKE_PREFIX_PATH=/opt/ros/dashing /usr/bin/cmake --build /home/toby/ros2OnLaptop_ws/build/videoRead --target install -- -j4 -l4
