Invoking command in '/home/toby/ros2OnLaptop_ws/build/image_publisher': CMAKE_PREFIX_PATH=/home/toby/ros2OnLaptop_ws/install/image_geometry:/home/toby/ros2OnLaptop_ws/install/cv_bridge:/home/toby/ros2OnLaptop_ws/install/vision_opencv:/home/toby/ros2OnLaptop_ws/install/videoRead:/home/toby/ros2OnLaptop_ws/install/turtlebot3:/home/toby/ros2OnLaptop_ws/install/turtlebot3_simulations:/home/toby/ros2OnLaptop_ws/install/turtlebot3_bringup:/home/toby/ros2OnLaptop_ws/install/square_move:/home/toby/ros2OnLaptop_ws/install/turtlebot3_node:/home/toby/ros2OnLaptop_ws/install/turtlebot3_navigation2:/home/toby/ros2OnLaptop_ws/install/turtlebot3_fake_node:/home/toby/ros2OnLaptop_ws/install/turtlebot3_teleop:/home/toby/ros2OnLaptop_ws/install/opencv_tests:/opt/ros/dashing:/home/toby/ros2OnLaptop_ws/install/turtlebot3_msgs:/home/toby/ros2OnLaptop_ws/install/turtlebot3_gazebo:/home/toby/ros2OnLaptop_ws/install/turtlebot3_description:/home/toby/ros2OnLaptop_ws/install/turtlebot3_cartographer:/home/toby/ros2OnLaptop_ws/install/image_transport_plugins:/home/toby/ros2OnLaptop_ws/install/theora_image_transport:/home/toby/ros2OnLaptop_ws/install/hls_lfcd_lds_driver:/home/toby/ros2OnLaptop_ws/install/followIssue:/home/toby/ros2OnLaptop_ws/install/dynamixel_sdk:/home/toby/ros2OnLaptop_ws/install/compressed_image_transport:/home/toby/ros2OnLaptop_ws/install/compressed_depth_image_transport:/home/toby/ros2OnLaptop_ws/install/cpp_pubsub LD_LIBRARY_PATH=/home/toby/ros2OnLaptop_ws/install/image_geometry/lib:/home/toby/ros2OnLaptop_ws/install/cv_bridge/lib:/home/toby/ros2OnLaptop_ws/install/turtlebot3_msgs/lib:/home/toby/ros2OnLaptop_ws/install/theora_image_transport/lib:/home/toby/ros2OnLaptop_ws/install/dynamixel_sdk/lib:/home/toby/ros2OnLaptop_ws/install/compressed_image_transport/lib:/home/toby/ros2OnLaptop_ws/install/compressed_depth_image_transport/lib:/usr/lib/x86_64-linux-gnu/gazebo-9/plugins:/opt/ros/dashing/opt/yaml_cpp_vendor/lib:/opt/ros/dashing/opt/rviz_ogre_vendor/lib:/opt/ros/dashing/lib PYTHONPATH=/home/toby/ros2OnLaptop_ws/install/image_geometry/lib/python3.6/site-packages:/home/toby/ros2OnLaptop_ws/install/cv_bridge/lib/python3.6/site-packages:/home/toby/ros2OnLaptop_ws/build/turtlebot3_teleop:/home/toby/ros2OnLaptop_ws/install/turtlebot3_teleop/lib/python3.6/site-packages:/home/toby/ros2OnLaptop_ws/install/turtlebot3_msgs/lib/python3.6/site-packages:/home/toby/ros2OnLaptop_ws/install/theora_image_transport/lib/python3.6/site-packages:/home/toby/ros2OnLaptop_ws/build/opencv_tests:/home/toby/ros2OnLaptop_ws/install/opencv_tests/lib/python3.6/site-packages:/opt/ros/dashing/lib/python3.6/site-packages /usr/bin/cmake /home/toby/ros2OnLaptop_ws/src/image_pipeline/image_publisher -DAMENT_CMAKE_SYMLINK_INSTALL=1 -DCMAKE_INSTALL_PREFIX=/home/toby/ros2OnLaptop_ws/install/image_publisher
-- The C compiler identification is GNU 7.4.0
-- The CXX compiler identification is GNU 7.4.0
-- Check for working C compiler: /usr/bin/cc
-- Check for working C compiler: /usr/bin/cc -- works
-- Detecting C compiler ABI info
-- Detecting C compiler ABI info - done
-- Detecting C compile features
-- Detecting C compile features - done
-- Check for working CXX compiler: /usr/bin/c++
-- Check for working CXX compiler: /usr/bin/c++ -- works
-- Detecting CXX compiler ABI info
-- Detecting CXX compiler ABI info - done
-- Detecting CXX compile features
-- Detecting CXX compile features - done
-- Found ament_cmake: 0.7.3 (/opt/ros/dashing/share/ament_cmake/cmake)
-- Found PythonInterp: /usr/bin/python3 (found suitable version "3.6.9", minimum required is "3") 
-- Using PYTHON_EXECUTABLE: /usr/bin/python3
-- Override CMake install command with custom implementation using symlinks instead of copying resources
-- Found cv_bridge: 2.1.3 (/home/toby/ros2OnLaptop_ws/install/cv_bridge/share/cv_bridge/cmake)
-- Found camera_info_manager: 2.1.1 (/opt/ros/dashing/share/camera_info_manager/cmake)
-- Found image_transport: 2.1.1 (/opt/ros/dashing/share/image_transport/cmake)
-- Found rosidl_adapter: 0.7.7 (/opt/ros/dashing/share/rosidl_adapter/cmake)
-- Found rmw_implementation_cmake: 0.7.2 (/opt/ros/dashing/share/rmw_implementation_cmake/cmake)
-- Looking for pthread.h
-- Looking for pthread.h - found
-- Looking for pthread_create
-- Looking for pthread_create - not found
-- Looking for pthread_create in pthreads
-- Looking for pthread_create in pthreads - not found
-- Looking for pthread_create in pthread
-- Looking for pthread_create in pthread - found
-- Found Threads: TRUE  
-- Found tinyxml2_vendor:  (/opt/ros/dashing/share/tinyxml2_vendor/cmake)
-- Found TinyXML2: /usr/lib/x86_64-linux-gnu/libtinyxml2.so  
-- Found poco_vendor:  (/opt/ros/dashing/share/poco_vendor/cmake)
-- Found image_geometry: 2.1.3 (/home/toby/ros2OnLaptop_ws/install/image_geometry/share/image_geometry/cmake)
-- Found rclcpp_components: 0.7.11 (/opt/ros/dashing/share/rclcpp_components/cmake)
-- Found OpenCV: /usr (found version "3.2.0") found components:  core 
-- opencv version 3.2.0
-- Found OpenCV: /usr (found suitable version "3.2.0", minimum required is "3") found components:  core imgcodecs videoio 
-- Found ament_lint_auto: 0.7.11 (/opt/ros/dashing/share/ament_lint_auto/cmake)
-- Added test 'copyright' to check for copyright in CMake / C / C++ / Python code
-- Added test 'cppcheck' to perform static code analysis on C / C++ code
-- Configured cppcheck include dirs: /home/toby/ros2OnLaptop_ws/src/image_pipeline/image_publisher/include
-- Added test 'cpplint' to check C / C++ code against the Google style
-- Added test 'flake8' to check Python code syntax and style conventions
-- Added test 'lint_cmake' to check CMake code style
-- Added test 'pep257' to check Python code against some of the style conventions in PEP 257
-- Added test 'uncrustify' to check C / C++ code style
-- Added test 'xmllint' to check XML markup files
-- Configuring done
-- Generating done
-- Build files have been written to: /home/toby/ros2OnLaptop_ws/build/image_publisher
Invoked command in '/home/toby/ros2OnLaptop_ws/build/image_publisher' returned '0': CMAKE_PREFIX_PATH=/home/toby/ros2OnLaptop_ws/install/image_geometry:/home/toby/ros2OnLaptop_ws/install/cv_bridge:/home/toby/ros2OnLaptop_ws/install/vision_opencv:/home/toby/ros2OnLaptop_ws/install/videoRead:/home/toby/ros2OnLaptop_ws/install/turtlebot3:/home/toby/ros2OnLaptop_ws/install/turtlebot3_simulations:/home/toby/ros2OnLaptop_ws/install/turtlebot3_bringup:/home/toby/ros2OnLaptop_ws/install/square_move:/home/toby/ros2OnLaptop_ws/install/turtlebot3_node:/home/toby/ros2OnLaptop_ws/install/turtlebot3_navigation2:/home/toby/ros2OnLaptop_ws/install/turtlebot3_fake_node:/home/toby/ros2OnLaptop_ws/install/turtlebot3_teleop:/home/toby/ros2OnLaptop_ws/install/opencv_tests:/opt/ros/dashing:/home/toby/ros2OnLaptop_ws/install/turtlebot3_msgs:/home/toby/ros2OnLaptop_ws/install/turtlebot3_gazebo:/home/toby/ros2OnLaptop_ws/install/turtlebot3_description:/home/toby/ros2OnLaptop_ws/install/turtlebot3_cartographer:/home/toby/ros2OnLaptop_ws/install/image_transport_plugins:/home/toby/ros2OnLaptop_ws/install/theora_image_transport:/home/toby/ros2OnLaptop_ws/install/hls_lfcd_lds_driver:/home/toby/ros2OnLaptop_ws/install/followIssue:/home/toby/ros2OnLaptop_ws/install/dynamixel_sdk:/home/toby/ros2OnLaptop_ws/install/compressed_image_transport:/home/toby/ros2OnLaptop_ws/install/compressed_depth_image_transport:/home/toby/ros2OnLaptop_ws/install/cpp_pubsub LD_LIBRARY_PATH=/home/toby/ros2OnLaptop_ws/install/image_geometry/lib:/home/toby/ros2OnLaptop_ws/install/cv_bridge/lib:/home/toby/ros2OnLaptop_ws/install/turtlebot3_msgs/lib:/home/toby/ros2OnLaptop_ws/install/theora_image_transport/lib:/home/toby/ros2OnLaptop_ws/install/dynamixel_sdk/lib:/home/toby/ros2OnLaptop_ws/install/compressed_image_transport/lib:/home/toby/ros2OnLaptop_ws/install/compressed_depth_image_transport/lib:/usr/lib/x86_64-linux-gnu/gazebo-9/plugins:/opt/ros/dashing/opt/yaml_cpp_vendor/lib:/opt/ros/dashing/opt/rviz_ogre_vendor/lib:/opt/ros/dashing/lib PYTHONPATH=/home/toby/ros2OnLaptop_ws/install/image_geometry/lib/python3.6/site-packages:/home/toby/ros2OnLaptop_ws/install/cv_bridge/lib/python3.6/site-packages:/home/toby/ros2OnLaptop_ws/build/turtlebot3_teleop:/home/toby/ros2OnLaptop_ws/install/turtlebot3_teleop/lib/python3.6/site-packages:/home/toby/ros2OnLaptop_ws/install/turtlebot3_msgs/lib/python3.6/site-packages:/home/toby/ros2OnLaptop_ws/install/theora_image_transport/lib/python3.6/site-packages:/home/toby/ros2OnLaptop_ws/build/opencv_tests:/home/toby/ros2OnLaptop_ws/install/opencv_tests/lib/python3.6/site-packages:/opt/ros/dashing/lib/python3.6/site-packages /usr/bin/cmake /home/toby/ros2OnLaptop_ws/src/image_pipeline/image_publisher -DAMENT_CMAKE_SYMLINK_INSTALL=1 -DCMAKE_INSTALL_PREFIX=/home/toby/ros2OnLaptop_ws/install/image_publisher
Invoking command in '/home/toby/ros2OnLaptop_ws/build/image_publisher': CMAKE_PREFIX_PATH=/home/toby/ros2OnLaptop_ws/install/image_geometry:/home/toby/ros2OnLaptop_ws/install/cv_bridge:/home/toby/ros2OnLaptop_ws/install/vision_opencv:/home/toby/ros2OnLaptop_ws/install/videoRead:/home/toby/ros2OnLaptop_ws/install/turtlebot3:/home/toby/ros2OnLaptop_ws/install/turtlebot3_simulations:/home/toby/ros2OnLaptop_ws/install/turtlebot3_bringup:/home/toby/ros2OnLaptop_ws/install/square_move:/home/toby/ros2OnLaptop_ws/install/turtlebot3_node:/home/toby/ros2OnLaptop_ws/install/turtlebot3_navigation2:/home/toby/ros2OnLaptop_ws/install/turtlebot3_fake_node:/home/toby/ros2OnLaptop_ws/install/turtlebot3_teleop:/home/toby/ros2OnLaptop_ws/install/opencv_tests:/opt/ros/dashing:/home/toby/ros2OnLaptop_ws/install/turtlebot3_msgs:/home/toby/ros2OnLaptop_ws/install/turtlebot3_gazebo:/home/toby/ros2OnLaptop_ws/install/turtlebot3_description:/home/toby/ros2OnLaptop_ws/install/turtlebot3_cartographer:/home/toby/ros2OnLaptop_ws/install/image_transport_plugins:/home/toby/ros2OnLaptop_ws/install/theora_image_transport:/home/toby/ros2OnLaptop_ws/install/hls_lfcd_lds_driver:/home/toby/ros2OnLaptop_ws/install/followIssue:/home/toby/ros2OnLaptop_ws/install/dynamixel_sdk:/home/toby/ros2OnLaptop_ws/install/compressed_image_transport:/home/toby/ros2OnLaptop_ws/install/compressed_depth_image_transport:/home/toby/ros2OnLaptop_ws/install/cpp_pubsub LD_LIBRARY_PATH=/home/toby/ros2OnLaptop_ws/install/image_geometry/lib:/home/toby/ros2OnLaptop_ws/install/cv_bridge/lib:/home/toby/ros2OnLaptop_ws/install/turtlebot3_msgs/lib:/home/toby/ros2OnLaptop_ws/install/theora_image_transport/lib:/home/toby/ros2OnLaptop_ws/install/dynamixel_sdk/lib:/home/toby/ros2OnLaptop_ws/install/compressed_image_transport/lib:/home/toby/ros2OnLaptop_ws/install/compressed_depth_image_transport/lib:/usr/lib/x86_64-linux-gnu/gazebo-9/plugins:/opt/ros/dashing/opt/yaml_cpp_vendor/lib:/opt/ros/dashing/opt/rviz_ogre_vendor/lib:/opt/ros/dashing/lib PYTHONPATH=/home/toby/ros2OnLaptop_ws/install/image_geometry/lib/python3.6/site-packages:/home/toby/ros2OnLaptop_ws/install/cv_bridge/lib/python3.6/site-packages:/home/toby/ros2OnLaptop_ws/build/turtlebot3_teleop:/home/toby/ros2OnLaptop_ws/install/turtlebot3_teleop/lib/python3.6/site-packages:/home/toby/ros2OnLaptop_ws/install/turtlebot3_msgs/lib/python3.6/site-packages:/home/toby/ros2OnLaptop_ws/install/theora_image_transport/lib/python3.6/site-packages:/home/toby/ros2OnLaptop_ws/build/opencv_tests:/home/toby/ros2OnLaptop_ws/install/opencv_tests/lib/python3.6/site-packages:/opt/ros/dashing/lib/python3.6/site-packages /usr/bin/cmake --build /home/toby/ros2OnLaptop_ws/build/image_publisher -- -j4 -l4
[35m[1mScanning dependencies of target image_publisher[0m
[ 25%] [32mBuilding CXX object CMakeFiles/image_publisher.dir/src/image_publisher.cpp.o[0m
[ 50%] [32m[1mLinking CXX shared library libimage_publisher.so[0m
[ 50%] Built target image_publisher
[35m[1mScanning dependencies of target image_publisher_node[0m
[ 75%] [32mBuilding CXX object CMakeFiles/image_publisher_node.dir/src/image_publisher_node.cpp.o[0m
[100%] [32m[1mLinking CXX executable image_publisher_node[0m
[100%] Built target image_publisher_node
Invoked command in '/home/toby/ros2OnLaptop_ws/build/image_publisher' returned '0': CMAKE_PREFIX_PATH=/home/toby/ros2OnLaptop_ws/install/image_geometry:/home/toby/ros2OnLaptop_ws/install/cv_bridge:/home/toby/ros2OnLaptop_ws/install/vision_opencv:/home/toby/ros2OnLaptop_ws/install/videoRead:/home/toby/ros2OnLaptop_ws/install/turtlebot3:/home/toby/ros2OnLaptop_ws/install/turtlebot3_simulations:/home/toby/ros2OnLaptop_ws/install/turtlebot3_bringup:/home/toby/ros2OnLaptop_ws/install/square_move:/home/toby/ros2OnLaptop_ws/install/turtlebot3_node:/home/toby/ros2OnLaptop_ws/install/turtlebot3_navigation2:/home/toby/ros2OnLaptop_ws/install/turtlebot3_fake_node:/home/toby/ros2OnLaptop_ws/install/turtlebot3_teleop:/home/toby/ros2OnLaptop_ws/install/opencv_tests:/opt/ros/dashing:/home/toby/ros2OnLaptop_ws/install/turtlebot3_msgs:/home/toby/ros2OnLaptop_ws/install/turtlebot3_gazebo:/home/toby/ros2OnLaptop_ws/install/turtlebot3_description:/home/toby/ros2OnLaptop_ws/install/turtlebot3_cartographer:/home/toby/ros2OnLaptop_ws/install/image_transport_plugins:/home/toby/ros2OnLaptop_ws/install/theora_image_transport:/home/toby/ros2OnLaptop_ws/install/hls_lfcd_lds_driver:/home/toby/ros2OnLaptop_ws/install/followIssue:/home/toby/ros2OnLaptop_ws/install/dynamixel_sdk:/home/toby/ros2OnLaptop_ws/install/compressed_image_transport:/home/toby/ros2OnLaptop_ws/install/compressed_depth_image_transport:/home/toby/ros2OnLaptop_ws/install/cpp_pubsub LD_LIBRARY_PATH=/home/toby/ros2OnLaptop_ws/install/image_geometry/lib:/home/toby/ros2OnLaptop_ws/install/cv_bridge/lib:/home/toby/ros2OnLaptop_ws/install/turtlebot3_msgs/lib:/home/toby/ros2OnLaptop_ws/install/theora_image_transport/lib:/home/toby/ros2OnLaptop_ws/install/dynamixel_sdk/lib:/home/toby/ros2OnLaptop_ws/install/compressed_image_transport/lib:/home/toby/ros2OnLaptop_ws/install/compressed_depth_image_transport/lib:/usr/lib/x86_64-linux-gnu/gazebo-9/plugins:/opt/ros/dashing/opt/yaml_cpp_vendor/lib:/opt/ros/dashing/opt/rviz_ogre_vendor/lib:/opt/ros/dashing/lib PYTHONPATH=/home/toby/ros2OnLaptop_ws/install/image_geometry/lib/python3.6/site-packages:/home/toby/ros2OnLaptop_ws/install/cv_bridge/lib/python3.6/site-packages:/home/toby/ros2OnLaptop_ws/build/turtlebot3_teleop:/home/toby/ros2OnLaptop_ws/install/turtlebot3_teleop/lib/python3.6/site-packages:/home/toby/ros2OnLaptop_ws/install/turtlebot3_msgs/lib/python3.6/site-packages:/home/toby/ros2OnLaptop_ws/install/theora_image_transport/lib/python3.6/site-packages:/home/toby/ros2OnLaptop_ws/build/opencv_tests:/home/toby/ros2OnLaptop_ws/install/opencv_tests/lib/python3.6/site-packages:/opt/ros/dashing/lib/python3.6/site-packages /usr/bin/cmake --build /home/toby/ros2OnLaptop_ws/build/image_publisher -- -j4 -l4
Invoking command in '/home/toby/ros2OnLaptop_ws/build/image_publisher': CMAKE_PREFIX_PATH=/home/toby/ros2OnLaptop_ws/install/image_geometry:/home/toby/ros2OnLaptop_ws/install/cv_bridge:/home/toby/ros2OnLaptop_ws/install/vision_opencv:/home/toby/ros2OnLaptop_ws/install/videoRead:/home/toby/ros2OnLaptop_ws/install/turtlebot3:/home/toby/ros2OnLaptop_ws/install/turtlebot3_simulations:/home/toby/ros2OnLaptop_ws/install/turtlebot3_bringup:/home/toby/ros2OnLaptop_ws/install/square_move:/home/toby/ros2OnLaptop_ws/install/turtlebot3_node:/home/toby/ros2OnLaptop_ws/install/turtlebot3_navigation2:/home/toby/ros2OnLaptop_ws/install/turtlebot3_fake_node:/home/toby/ros2OnLaptop_ws/install/turtlebot3_teleop:/home/toby/ros2OnLaptop_ws/install/opencv_tests:/opt/ros/dashing:/home/toby/ros2OnLaptop_ws/install/turtlebot3_msgs:/home/toby/ros2OnLaptop_ws/install/turtlebot3_gazebo:/home/toby/ros2OnLaptop_ws/install/turtlebot3_description:/home/toby/ros2OnLaptop_ws/install/turtlebot3_cartographer:/home/toby/ros2OnLaptop_ws/install/image_transport_plugins:/home/toby/ros2OnLaptop_ws/install/theora_image_transport:/home/toby/ros2OnLaptop_ws/install/hls_lfcd_lds_driver:/home/toby/ros2OnLaptop_ws/install/followIssue:/home/toby/ros2OnLaptop_ws/install/dynamixel_sdk:/home/toby/ros2OnLaptop_ws/install/compressed_image_transport:/home/toby/ros2OnLaptop_ws/install/compressed_depth_image_transport:/home/toby/ros2OnLaptop_ws/install/cpp_pubsub LD_LIBRARY_PATH=/home/toby/ros2OnLaptop_ws/install/image_geometry/lib:/home/toby/ros2OnLaptop_ws/install/cv_bridge/lib:/home/toby/ros2OnLaptop_ws/install/turtlebot3_msgs/lib:/home/toby/ros2OnLaptop_ws/install/theora_image_transport/lib:/home/toby/ros2OnLaptop_ws/install/dynamixel_sdk/lib:/home/toby/ros2OnLaptop_ws/install/compressed_image_transport/lib:/home/toby/ros2OnLaptop_ws/install/compressed_depth_image_transport/lib:/usr/lib/x86_64-linux-gnu/gazebo-9/plugins:/opt/ros/dashing/opt/yaml_cpp_vendor/lib:/opt/ros/dashing/opt/rviz_ogre_vendor/lib:/opt/ros/dashing/lib PYTHONPATH=/home/toby/ros2OnLaptop_ws/install/image_geometry/lib/python3.6/site-packages:/home/toby/ros2OnLaptop_ws/install/cv_bridge/lib/python3.6/site-packages:/home/toby/ros2OnLaptop_ws/build/turtlebot3_teleop:/home/toby/ros2OnLaptop_ws/install/turtlebot3_teleop/lib/python3.6/site-packages:/home/toby/ros2OnLaptop_ws/install/turtlebot3_msgs/lib/python3.6/site-packages:/home/toby/ros2OnLaptop_ws/install/theora_image_transport/lib/python3.6/site-packages:/home/toby/ros2OnLaptop_ws/build/opencv_tests:/home/toby/ros2OnLaptop_ws/install/opencv_tests/lib/python3.6/site-packages:/opt/ros/dashing/lib/python3.6/site-packages /usr/bin/cmake --build /home/toby/ros2OnLaptop_ws/build/image_publisher --target install -- -j4 -l4
[ 50%] Built target image_publisher
[100%] Built target image_publisher_node
[36mInstall the project...[0m
-- Install configuration: ""
-- Execute custom install script
-- Symlinking: /home/toby/ros2OnLaptop_ws/install/image_publisher/lib/image_publisher/image_publisher_node
-- Symlinking: /home/toby/ros2OnLaptop_ws/install/image_publisher/lib/image_publisher/libimage_publisher.so
-- Symlinking: /home/toby/ros2OnLaptop_ws/install/image_publisher/bin/libimage_publisher.so
-- Symlinking: /home/toby/ros2OnLaptop_ws/install/image_publisher/share/image_publisher//launch/image_publisher_file.launch.py
-- Symlinking: /home/toby/ros2OnLaptop_ws/install/image_publisher/share/image_publisher//launch/image_publisher_mono.launch.py
-- Symlinking: /home/toby/ros2OnLaptop_ws/install/image_publisher/share/image_publisher//launch/image_publisher_stereo.launch.py
-- Symlinking: /home/toby/ros2OnLaptop_ws/install/image_publisher/share/image_publisher//launch/splash.png
-- Symlinking: /home/toby/ros2OnLaptop_ws/install/image_publisher/share/ament_index/resource_index/package_run_dependencies/image_publisher
-- Symlinking: /home/toby/ros2OnLaptop_ws/install/image_publisher/share/ament_index/resource_index/parent_prefix_path/image_publisher
-- Symlinking: /home/toby/ros2OnLaptop_ws/install/image_publisher/share/image_publisher/environment/ament_prefix_path.sh
-- Symlinking: /home/toby/ros2OnLaptop_ws/install/image_publisher/share/image_publisher/environment/path.sh
-- Symlinking: /home/toby/ros2OnLaptop_ws/install/image_publisher/share/image_publisher/local_setup.bash
-- Symlinking: /home/toby/ros2OnLaptop_ws/install/image_publisher/share/image_publisher/local_setup.sh
-- Symlinking: /home/toby/ros2OnLaptop_ws/install/image_publisher/share/image_publisher/local_setup.zsh
-- Symlinking: /home/toby/ros2OnLaptop_ws/install/image_publisher/share/ament_index/resource_index/packages/image_publisher
-- Symlinking: /home/toby/ros2OnLaptop_ws/install/image_publisher/share/ament_index/resource_index/rclcpp_components/image_publisher
-- Symlinking: /home/toby/ros2OnLaptop_ws/install/image_publisher/share/image_publisher/cmake/ament_cmake_export_dependencies-extras.cmake
-- Symlinking: /home/toby/ros2OnLaptop_ws/install/image_publisher/share/image_publisher/cmake/image_publisherConfig.cmake
-- Symlinking: /home/toby/ros2OnLaptop_ws/install/image_publisher/share/image_publisher/cmake/image_publisherConfig-version.cmake
-- Symlinking: /home/toby/ros2OnLaptop_ws/install/image_publisher/share/image_publisher/package.xml
-- Installing: /home/toby/ros2OnLaptop_ws/install/image_publisher/include/image_publisher
-- Installing: /home/toby/ros2OnLaptop_ws/install/image_publisher/include/image_publisher/visibility.h
Invoked command in '/home/toby/ros2OnLaptop_ws/build/image_publisher' returned '0': CMAKE_PREFIX_PATH=/home/toby/ros2OnLaptop_ws/install/image_geometry:/home/toby/ros2OnLaptop_ws/install/cv_bridge:/home/toby/ros2OnLaptop_ws/install/vision_opencv:/home/toby/ros2OnLaptop_ws/install/videoRead:/home/toby/ros2OnLaptop_ws/install/turtlebot3:/home/toby/ros2OnLaptop_ws/install/turtlebot3_simulations:/home/toby/ros2OnLaptop_ws/install/turtlebot3_bringup:/home/toby/ros2OnLaptop_ws/install/square_move:/home/toby/ros2OnLaptop_ws/install/turtlebot3_node:/home/toby/ros2OnLaptop_ws/install/turtlebot3_navigation2:/home/toby/ros2OnLaptop_ws/install/turtlebot3_fake_node:/home/toby/ros2OnLaptop_ws/install/turtlebot3_teleop:/home/toby/ros2OnLaptop_ws/install/opencv_tests:/opt/ros/dashing:/home/toby/ros2OnLaptop_ws/install/turtlebot3_msgs:/home/toby/ros2OnLaptop_ws/install/turtlebot3_gazebo:/home/toby/ros2OnLaptop_ws/install/turtlebot3_description:/home/toby/ros2OnLaptop_ws/install/turtlebot3_cartographer:/home/toby/ros2OnLaptop_ws/install/image_transport_plugins:/home/toby/ros2OnLaptop_ws/install/theora_image_transport:/home/toby/ros2OnLaptop_ws/install/hls_lfcd_lds_driver:/home/toby/ros2OnLaptop_ws/install/followIssue:/home/toby/ros2OnLaptop_ws/install/dynamixel_sdk:/home/toby/ros2OnLaptop_ws/install/compressed_image_transport:/home/toby/ros2OnLaptop_ws/install/compressed_depth_image_transport:/home/toby/ros2OnLaptop_ws/install/cpp_pubsub LD_LIBRARY_PATH=/home/toby/ros2OnLaptop_ws/install/image_geometry/lib:/home/toby/ros2OnLaptop_ws/install/cv_bridge/lib:/home/toby/ros2OnLaptop_ws/install/turtlebot3_msgs/lib:/home/toby/ros2OnLaptop_ws/install/theora_image_transport/lib:/home/toby/ros2OnLaptop_ws/install/dynamixel_sdk/lib:/home/toby/ros2OnLaptop_ws/install/compressed_image_transport/lib:/home/toby/ros2OnLaptop_ws/install/compressed_depth_image_transport/lib:/usr/lib/x86_64-linux-gnu/gazebo-9/plugins:/opt/ros/dashing/opt/yaml_cpp_vendor/lib:/opt/ros/dashing/opt/rviz_ogre_vendor/lib:/opt/ros/dashing/lib PYTHONPATH=/home/toby/ros2OnLaptop_ws/install/image_geometry/lib/python3.6/site-packages:/home/toby/ros2OnLaptop_ws/install/cv_bridge/lib/python3.6/site-packages:/home/toby/ros2OnLaptop_ws/build/turtlebot3_teleop:/home/toby/ros2OnLaptop_ws/install/turtlebot3_teleop/lib/python3.6/site-packages:/home/toby/ros2OnLaptop_ws/install/turtlebot3_msgs/lib/python3.6/site-packages:/home/toby/ros2OnLaptop_ws/install/theora_image_transport/lib/python3.6/site-packages:/home/toby/ros2OnLaptop_ws/build/opencv_tests:/home/toby/ros2OnLaptop_ws/install/opencv_tests/lib/python3.6/site-packages:/opt/ros/dashing/lib/python3.6/site-packages /usr/bin/cmake --build /home/toby/ros2OnLaptop_ws/build/image_publisher --target install -- -j4 -l4
