Invoking command in '/home/toby/ros2OnLaptop_ws/build/image_geometry': CMAKE_PREFIX_PATH=/home/toby/ros2OnLaptop_ws/install/vision_opencv:/home/toby/ros2OnLaptop_ws/install/videoRead:/home/toby/ros2OnLaptop_ws/install/turtlebot3:/home/toby/ros2OnLaptop_ws/install/turtlebot3_simulations:/home/toby/ros2OnLaptop_ws/install/turtlebot3_bringup:/home/toby/ros2OnLaptop_ws/install/square_move:/home/toby/ros2OnLaptop_ws/install/turtlebot3_node:/home/toby/ros2OnLaptop_ws/install/turtlebot3_navigation2:/home/toby/ros2OnLaptop_ws/install/turtlebot3_fake_node:/home/toby/ros2OnLaptop_ws/install/turtlebot3_teleop:/home/toby/ros2OnLaptop_ws/install/opencv_tests:/opt/ros/dashing:/home/toby/ros2OnLaptop_ws/install/turtlebot3_msgs:/home/toby/ros2OnLaptop_ws/install/turtlebot3_gazebo:/home/toby/ros2OnLaptop_ws/install/turtlebot3_description:/home/toby/ros2OnLaptop_ws/install/turtlebot3_cartographer:/home/toby/ros2OnLaptop_ws/install/image_transport_plugins:/home/toby/ros2OnLaptop_ws/install/theora_image_transport:/home/toby/ros2OnLaptop_ws/install/image_geometry:/home/toby/ros2OnLaptop_ws/install/hls_lfcd_lds_driver:/home/toby/ros2OnLaptop_ws/install/followIssue:/home/toby/ros2OnLaptop_ws/install/dynamixel_sdk:/home/toby/ros2OnLaptop_ws/install/compressed_image_transport:/home/toby/ros2OnLaptop_ws/install/compressed_depth_image_transport:/home/toby/ros2OnLaptop_ws/install/cv_bridge:/home/toby/ros2OnLaptop_ws/install/cpp_pubsub /usr/bin/cmake --build /home/toby/ros2OnLaptop_ws/build/image_geometry -- -j4 -l4
[ 33%] Built target image_geometry
[ 55%] Built target gtest_main
[ 77%] Built target gtest
[100%] Built target image_geometry-utest
Invoked command in '/home/toby/ros2OnLaptop_ws/build/image_geometry' returned '0': CMAKE_PREFIX_PATH=/home/toby/ros2OnLaptop_ws/install/vision_opencv:/home/toby/ros2OnLaptop_ws/install/videoRead:/home/toby/ros2OnLaptop_ws/install/turtlebot3:/home/toby/ros2OnLaptop_ws/install/turtlebot3_simulations:/home/toby/ros2OnLaptop_ws/install/turtlebot3_bringup:/home/toby/ros2OnLaptop_ws/install/square_move:/home/toby/ros2OnLaptop_ws/install/turtlebot3_node:/home/toby/ros2OnLaptop_ws/install/turtlebot3_navigation2:/home/toby/ros2OnLaptop_ws/install/turtlebot3_fake_node:/home/toby/ros2OnLaptop_ws/install/turtlebot3_teleop:/home/toby/ros2OnLaptop_ws/install/opencv_tests:/opt/ros/dashing:/home/toby/ros2OnLaptop_ws/install/turtlebot3_msgs:/home/toby/ros2OnLaptop_ws/install/turtlebot3_gazebo:/home/toby/ros2OnLaptop_ws/install/turtlebot3_description:/home/toby/ros2OnLaptop_ws/install/turtlebot3_cartographer:/home/toby/ros2OnLaptop_ws/install/image_transport_plugins:/home/toby/ros2OnLaptop_ws/install/theora_image_transport:/home/toby/ros2OnLaptop_ws/install/image_geometry:/home/toby/ros2OnLaptop_ws/install/hls_lfcd_lds_driver:/home/toby/ros2OnLaptop_ws/install/followIssue:/home/toby/ros2OnLaptop_ws/install/dynamixel_sdk:/home/toby/ros2OnLaptop_ws/install/compressed_image_transport:/home/toby/ros2OnLaptop_ws/install/compressed_depth_image_transport:/home/toby/ros2OnLaptop_ws/install/cv_bridge:/home/toby/ros2OnLaptop_ws/install/cpp_pubsub /usr/bin/cmake --build /home/toby/ros2OnLaptop_ws/build/image_geometry -- -j4 -l4
Invoking command in '/home/toby/ros2OnLaptop_ws/build/image_geometry': CMAKE_PREFIX_PATH=/home/toby/ros2OnLaptop_ws/install/vision_opencv:/home/toby/ros2OnLaptop_ws/install/videoRead:/home/toby/ros2OnLaptop_ws/install/turtlebot3:/home/toby/ros2OnLaptop_ws/install/turtlebot3_simulations:/home/toby/ros2OnLaptop_ws/install/turtlebot3_bringup:/home/toby/ros2OnLaptop_ws/install/square_move:/home/toby/ros2OnLaptop_ws/install/turtlebot3_node:/home/toby/ros2OnLaptop_ws/install/turtlebot3_navigation2:/home/toby/ros2OnLaptop_ws/install/turtlebot3_fake_node:/home/toby/ros2OnLaptop_ws/install/turtlebot3_teleop:/home/toby/ros2OnLaptop_ws/install/opencv_tests:/opt/ros/dashing:/home/toby/ros2OnLaptop_ws/install/turtlebot3_msgs:/home/toby/ros2OnLaptop_ws/install/turtlebot3_gazebo:/home/toby/ros2OnLaptop_ws/install/turtlebot3_description:/home/toby/ros2OnLaptop_ws/install/turtlebot3_cartographer:/home/toby/ros2OnLaptop_ws/install/image_transport_plugins:/home/toby/ros2OnLaptop_ws/install/theora_image_transport:/home/toby/ros2OnLaptop_ws/install/image_geometry:/home/toby/ros2OnLaptop_ws/install/hls_lfcd_lds_driver:/home/toby/ros2OnLaptop_ws/install/followIssue:/home/toby/ros2OnLaptop_ws/install/dynamixel_sdk:/home/toby/ros2OnLaptop_ws/install/compressed_image_transport:/home/toby/ros2OnLaptop_ws/install/compressed_depth_image_transport:/home/toby/ros2OnLaptop_ws/install/cv_bridge:/home/toby/ros2OnLaptop_ws/install/cpp_pubsub /usr/bin/cmake --build /home/toby/ros2OnLaptop_ws/build/image_geometry --target install -- -j4 -l4
[ 22%] Built target gtest
[ 44%] Built target gtest_main
[ 77%] Built target image_geometry
[100%] Built target image_geometry-utest
[36mInstall the project...[0m
-- Install configuration: ""
-- Execute custom install script
-- Up-to-date symlink: /home/toby/ros2OnLaptop_ws/install/image_geometry/share/image_geometry/environment/pythonpath.sh
-- Up-to-date symlink: /home/toby/ros2OnLaptop_ws/install/image_geometry/lib/python3.6/site-packages/image_geometry/__init__.py
-- Up-to-date symlink: /home/toby/ros2OnLaptop_ws/install/image_geometry/lib/python3.6/site-packages/image_geometry/cameramodels.py
-- Up-to-date symlink: /home/toby/ros2OnLaptop_ws/install/image_geometry/include/image_geometry/pinhole_camera_model.h
-- Up-to-date symlink: /home/toby/ros2OnLaptop_ws/install/image_geometry/include/image_geometry/stereo_camera_model.h
-- Up-to-date symlink: /home/toby/ros2OnLaptop_ws/install/image_geometry/include/image_geometry/visibility_control.hpp
-- Up-to-date symlink: /home/toby/ros2OnLaptop_ws/install/image_geometry/lib/libimage_geometry.so
-- Up-to-date symlink: /home/toby/ros2OnLaptop_ws/install/image_geometry/share/image_geometry/environment/library_path.sh
-- Up-to-date symlink: /home/toby/ros2OnLaptop_ws/install/image_geometry/share/ament_index/resource_index/package_run_dependencies/image_geometry
-- Up-to-date symlink: /home/toby/ros2OnLaptop_ws/install/image_geometry/share/ament_index/resource_index/parent_prefix_path/image_geometry
-- Up-to-date symlink: /home/toby/ros2OnLaptop_ws/install/image_geometry/share/image_geometry/environment/ament_prefix_path.sh
-- Up-to-date symlink: /home/toby/ros2OnLaptop_ws/install/image_geometry/share/image_geometry/environment/path.sh
-- Up-to-date symlink: /home/toby/ros2OnLaptop_ws/install/image_geometry/share/image_geometry/local_setup.bash
-- Up-to-date symlink: /home/toby/ros2OnLaptop_ws/install/image_geometry/share/image_geometry/local_setup.sh
-- Up-to-date symlink: /home/toby/ros2OnLaptop_ws/install/image_geometry/share/image_geometry/local_setup.zsh
-- Up-to-date symlink: /home/toby/ros2OnLaptop_ws/install/image_geometry/share/ament_index/resource_index/packages/image_geometry
-- Up-to-date symlink: /home/toby/ros2OnLaptop_ws/install/image_geometry/share/image_geometry/cmake/ament_cmake_export_libraries-extras.cmake
-- Up-to-date symlink: /home/toby/ros2OnLaptop_ws/install/image_geometry/share/image_geometry/cmake/ament_cmake_export_dependencies-extras.cmake
-- Up-to-date symlink: /home/toby/ros2OnLaptop_ws/install/image_geometry/share/image_geometry/cmake/ament_cmake_export_include_directories-extras.cmake
-- Up-to-date symlink: /home/toby/ros2OnLaptop_ws/install/image_geometry/share/image_geometry/cmake/image_geometryConfig.cmake
-- Up-to-date symlink: /home/toby/ros2OnLaptop_ws/install/image_geometry/share/image_geometry/cmake/image_geometryConfig-version.cmake
-- Up-to-date symlink: /home/toby/ros2OnLaptop_ws/install/image_geometry/share/image_geometry/package.xml
Listing '/home/toby/ros2OnLaptop_ws/install/image_geometry/lib/python3.6/site-packages/image_geometry'...
Invoked command in '/home/toby/ros2OnLaptop_ws/build/image_geometry' returned '0': CMAKE_PREFIX_PATH=/home/toby/ros2OnLaptop_ws/install/vision_opencv:/home/toby/ros2OnLaptop_ws/install/videoRead:/home/toby/ros2OnLaptop_ws/install/turtlebot3:/home/toby/ros2OnLaptop_ws/install/turtlebot3_simulations:/home/toby/ros2OnLaptop_ws/install/turtlebot3_bringup:/home/toby/ros2OnLaptop_ws/install/square_move:/home/toby/ros2OnLaptop_ws/install/turtlebot3_node:/home/toby/ros2OnLaptop_ws/install/turtlebot3_navigation2:/home/toby/ros2OnLaptop_ws/install/turtlebot3_fake_node:/home/toby/ros2OnLaptop_ws/install/turtlebot3_teleop:/home/toby/ros2OnLaptop_ws/install/opencv_tests:/opt/ros/dashing:/home/toby/ros2OnLaptop_ws/install/turtlebot3_msgs:/home/toby/ros2OnLaptop_ws/install/turtlebot3_gazebo:/home/toby/ros2OnLaptop_ws/install/turtlebot3_description:/home/toby/ros2OnLaptop_ws/install/turtlebot3_cartographer:/home/toby/ros2OnLaptop_ws/install/image_transport_plugins:/home/toby/ros2OnLaptop_ws/install/theora_image_transport:/home/toby/ros2OnLaptop_ws/install/image_geometry:/home/toby/ros2OnLaptop_ws/install/hls_lfcd_lds_driver:/home/toby/ros2OnLaptop_ws/install/followIssue:/home/toby/ros2OnLaptop_ws/install/dynamixel_sdk:/home/toby/ros2OnLaptop_ws/install/compressed_image_transport:/home/toby/ros2OnLaptop_ws/install/compressed_depth_image_transport:/home/toby/ros2OnLaptop_ws/install/cv_bridge:/home/toby/ros2OnLaptop_ws/install/cpp_pubsub /usr/bin/cmake --build /home/toby/ros2OnLaptop_ws/build/image_geometry --target install -- -j4 -l4
