[0.530s] DEBUG:colcon:Command line arguments: ['/usr/bin/colcon', 'build', '--packages-select', 'cpp_pubsub']
[0.530s] DEBUG:colcon:Parsed command line arguments: Namespace(ament_cmake_args=None, base_paths='.', build_base='build', catkin_cmake_args=None, catkin_skip_building_tests=False, cmake_args=None, cmake_clean_cache=False, cmake_clean_first=False, cmake_force_configure=False, cmake_target=None, cmake_target_skip_unavailable=False, continue_on_error=False, event_handlers=None, executor='parallel', ignore_user_meta=False, install_base='install', log_base='log', log_level=None, main=<bound method BuildVerb.main of <colcon_core.verb.build.BuildVerb object at 0x7fae32b2f438>>, merge_install=False, metas='./colcon.meta', packages_above=None, packages_above_depth=None, packages_end=None, packages_ignore=None, packages_ignore_regex=None, packages_select=['cpp_pubsub'], packages_select_build_failed=False, packages_select_by_dep=None, packages_select_regex=None, packages_select_test_failures=False, packages_skip=None, packages_skip_build_finished=False, packages_skip_by_dep=None, packages_skip_regex=None, packages_skip_test_passed=False, packages_skip_up_to=None, packages_start=None, packages_up_to=None, parallel_workers=4, paths=None, symlink_install=False, test_result_base=None, verb_extension=<colcon_core.verb.build.BuildVerb object at 0x7fae32b2f438>, verb_name='build', verb_parser=<colcon_defaults.argument_parser.defaults.DefaultArgumentsDecorator object at 0x7fae32b2f668>)
[0.647s] Level 1:colcon.colcon_core.package_discovery:discover_packages(colcon_meta) check parameters
[0.647s] Level 1:colcon.colcon_core.package_discovery:discover_packages(recursive) check parameters
[0.647s] Level 1:colcon.colcon_core.package_discovery:discover_packages(ignore) check parameters
[0.647s] Level 1:colcon.colcon_core.package_discovery:discover_packages(path) check parameters
[0.648s] Level 1:colcon.colcon_core.package_discovery:discover_packages(recursive) discover
[0.648s] INFO:colcon.colcon_core.package_discovery:Crawling recursively for packages in '/home/toby/ThirdYearProject/ros2TurtleBot3_ws'
[0.648s] Level 1:colcon.colcon_core.package_identification:_identify(/home/toby/ThirdYearProject/ros2TurtleBot3_ws) by extensions ['ignore', 'ignore_ament_install']
[0.648s] Level 1:colcon.colcon_core.package_identification:_identify(/home/toby/ThirdYearProject/ros2TurtleBot3_ws) by extension 'ignore'
[0.649s] Level 1:colcon.colcon_core.package_identification:_identify(/home/toby/ThirdYearProject/ros2TurtleBot3_ws) by extension 'ignore_ament_install'
[0.649s] Level 1:colcon.colcon_core.package_identification:_identify(/home/toby/ThirdYearProject/ros2TurtleBot3_ws) by extensions ['colcon_pkg']
[0.649s] Level 1:colcon.colcon_core.package_identification:_identify(/home/toby/ThirdYearProject/ros2TurtleBot3_ws) by extension 'colcon_pkg'
[0.649s] Level 1:colcon.colcon_core.package_identification:_identify(/home/toby/ThirdYearProject/ros2TurtleBot3_ws) by extensions ['colcon_meta']
[0.649s] Level 1:colcon.colcon_core.package_identification:_identify(/home/toby/ThirdYearProject/ros2TurtleBot3_ws) by extension 'colcon_meta'
[0.649s] Level 1:colcon.colcon_core.package_identification:_identify(/home/toby/ThirdYearProject/ros2TurtleBot3_ws) by extensions ['ros']
[0.650s] Level 1:colcon.colcon_core.package_identification:_identify(/home/toby/ThirdYearProject/ros2TurtleBot3_ws) by extension 'ros'
[0.670s] Level 1:colcon.colcon_core.package_identification:_identify(/home/toby/ThirdYearProject/ros2TurtleBot3_ws) by extensions ['cmake', 'python']
[0.670s] Level 1:colcon.colcon_core.package_identification:_identify(/home/toby/ThirdYearProject/ros2TurtleBot3_ws) by extension 'cmake'
[0.670s] Level 1:colcon.colcon_core.package_identification:_identify(/home/toby/ThirdYearProject/ros2TurtleBot3_ws) by extension 'python'
[0.671s] Level 1:colcon.colcon_core.package_identification:_identify(/home/toby/ThirdYearProject/ros2TurtleBot3_ws) by extensions ['python_setup_py']
[0.671s] Level 1:colcon.colcon_core.package_identification:_identify(/home/toby/ThirdYearProject/ros2TurtleBot3_ws) by extension 'python_setup_py'
[0.671s] Level 1:colcon.colcon_core.package_identification:_identify(/home/toby/ThirdYearProject/ros2TurtleBot3_ws/build) by extensions ['ignore', 'ignore_ament_install']
[0.671s] Level 1:colcon.colcon_core.package_identification:_identify(/home/toby/ThirdYearProject/ros2TurtleBot3_ws/build) by extension 'ignore'
[0.671s] Level 1:colcon.colcon_core.package_identification:_identify(/home/toby/ThirdYearProject/ros2TurtleBot3_ws/build) ignored
[0.672s] Level 1:colcon.colcon_core.package_identification:_identify(/home/toby/ThirdYearProject/ros2TurtleBot3_ws/install) by extensions ['ignore', 'ignore_ament_install']
[0.672s] Level 1:colcon.colcon_core.package_identification:_identify(/home/toby/ThirdYearProject/ros2TurtleBot3_ws/install) by extension 'ignore'
[0.672s] Level 1:colcon.colcon_core.package_identification:_identify(/home/toby/ThirdYearProject/ros2TurtleBot3_ws/install) ignored
[0.672s] Level 1:colcon.colcon_core.package_identification:_identify(/home/toby/ThirdYearProject/ros2TurtleBot3_ws/log) by extensions ['ignore', 'ignore_ament_install']
[0.673s] Level 1:colcon.colcon_core.package_identification:_identify(/home/toby/ThirdYearProject/ros2TurtleBot3_ws/log) by extension 'ignore'
[0.673s] Level 1:colcon.colcon_core.package_identification:_identify(/home/toby/ThirdYearProject/ros2TurtleBot3_ws/log) ignored
[0.673s] Level 1:colcon.colcon_core.package_identification:_identify(/home/toby/ThirdYearProject/ros2TurtleBot3_ws/src) by extensions ['ignore', 'ignore_ament_install']
[0.673s] Level 1:colcon.colcon_core.package_identification:_identify(/home/toby/ThirdYearProject/ros2TurtleBot3_ws/src) by extension 'ignore'
[0.673s] Level 1:colcon.colcon_core.package_identification:_identify(/home/toby/ThirdYearProject/ros2TurtleBot3_ws/src) by extension 'ignore_ament_install'
[0.673s] Level 1:colcon.colcon_core.package_identification:_identify(/home/toby/ThirdYearProject/ros2TurtleBot3_ws/src) by extensions ['colcon_pkg']
[0.674s] Level 1:colcon.colcon_core.package_identification:_identify(/home/toby/ThirdYearProject/ros2TurtleBot3_ws/src) by extension 'colcon_pkg'
[0.674s] Level 1:colcon.colcon_core.package_identification:_identify(/home/toby/ThirdYearProject/ros2TurtleBot3_ws/src) by extensions ['colcon_meta']
[0.674s] Level 1:colcon.colcon_core.package_identification:_identify(/home/toby/ThirdYearProject/ros2TurtleBot3_ws/src) by extension 'colcon_meta'
[0.674s] Level 1:colcon.colcon_core.package_identification:_identify(/home/toby/ThirdYearProject/ros2TurtleBot3_ws/src) by extensions ['ros']
[0.674s] Level 1:colcon.colcon_core.package_identification:_identify(/home/toby/ThirdYearProject/ros2TurtleBot3_ws/src) by extension 'ros'
[0.674s] Level 1:colcon.colcon_core.package_identification:_identify(/home/toby/ThirdYearProject/ros2TurtleBot3_ws/src) by extensions ['cmake', 'python']
[0.675s] Level 1:colcon.colcon_core.package_identification:_identify(/home/toby/ThirdYearProject/ros2TurtleBot3_ws/src) by extension 'cmake'
[0.675s] Level 1:colcon.colcon_core.package_identification:_identify(/home/toby/ThirdYearProject/ros2TurtleBot3_ws/src) by extension 'python'
[0.675s] Level 1:colcon.colcon_core.package_identification:_identify(/home/toby/ThirdYearProject/ros2TurtleBot3_ws/src) by extensions ['python_setup_py']
[0.675s] Level 1:colcon.colcon_core.package_identification:_identify(/home/toby/ThirdYearProject/ros2TurtleBot3_ws/src) by extension 'python_setup_py'
[0.675s] Level 1:colcon.colcon_core.package_identification:_identify(/home/toby/ThirdYearProject/ros2TurtleBot3_ws/src/cpp_pubsub) by extensions ['ignore', 'ignore_ament_install']
[0.675s] Level 1:colcon.colcon_core.package_identification:_identify(/home/toby/ThirdYearProject/ros2TurtleBot3_ws/src/cpp_pubsub) by extension 'ignore'
[0.676s] Level 1:colcon.colcon_core.package_identification:_identify(/home/toby/ThirdYearProject/ros2TurtleBot3_ws/src/cpp_pubsub) by extension 'ignore_ament_install'
[0.676s] Level 1:colcon.colcon_core.package_identification:_identify(/home/toby/ThirdYearProject/ros2TurtleBot3_ws/src/cpp_pubsub) by extensions ['colcon_pkg']
[0.676s] Level 1:colcon.colcon_core.package_identification:_identify(/home/toby/ThirdYearProject/ros2TurtleBot3_ws/src/cpp_pubsub) by extension 'colcon_pkg'
[0.676s] Level 1:colcon.colcon_core.package_identification:_identify(/home/toby/ThirdYearProject/ros2TurtleBot3_ws/src/cpp_pubsub) by extensions ['colcon_meta']
[0.676s] Level 1:colcon.colcon_core.package_identification:_identify(/home/toby/ThirdYearProject/ros2TurtleBot3_ws/src/cpp_pubsub) by extension 'colcon_meta'
[0.676s] Level 1:colcon.colcon_core.package_identification:_identify(/home/toby/ThirdYearProject/ros2TurtleBot3_ws/src/cpp_pubsub) by extensions ['ros']
[0.676s] Level 1:colcon.colcon_core.package_identification:_identify(/home/toby/ThirdYearProject/ros2TurtleBot3_ws/src/cpp_pubsub) by extension 'ros'
[0.681s] DEBUG:colcon.colcon_core.package_identification:Package '/home/toby/ThirdYearProject/ros2TurtleBot3_ws/src/cpp_pubsub' with type 'ros.ament_cmake' and name 'cpp_pubsub'
[0.681s] Level 1:colcon.colcon_core.package_identification:_identify(/home/toby/ThirdYearProject/ros2TurtleBot3_ws/src/turtlebot3) by extensions ['ignore', 'ignore_ament_install']
[0.682s] Level 1:colcon.colcon_core.package_identification:_identify(/home/toby/ThirdYearProject/ros2TurtleBot3_ws/src/turtlebot3) by extension 'ignore'
[0.682s] Level 1:colcon.colcon_core.package_identification:_identify(/home/toby/ThirdYearProject/ros2TurtleBot3_ws/src/turtlebot3) by extension 'ignore_ament_install'
[0.682s] Level 1:colcon.colcon_core.package_identification:_identify(/home/toby/ThirdYearProject/ros2TurtleBot3_ws/src/turtlebot3) by extensions ['colcon_pkg']
[0.682s] Level 1:colcon.colcon_core.package_identification:_identify(/home/toby/ThirdYearProject/ros2TurtleBot3_ws/src/turtlebot3) by extension 'colcon_pkg'
[0.682s] Level 1:colcon.colcon_core.package_identification:_identify(/home/toby/ThirdYearProject/ros2TurtleBot3_ws/src/turtlebot3) by extensions ['colcon_meta']
[0.683s] Level 1:colcon.colcon_core.package_identification:_identify(/home/toby/ThirdYearProject/ros2TurtleBot3_ws/src/turtlebot3) by extension 'colcon_meta'
[0.683s] Level 1:colcon.colcon_core.package_identification:_identify(/home/toby/ThirdYearProject/ros2TurtleBot3_ws/src/turtlebot3) by extensions ['ros']
[0.683s] Level 1:colcon.colcon_core.package_identification:_identify(/home/toby/ThirdYearProject/ros2TurtleBot3_ws/src/turtlebot3) by extension 'ros'
[0.684s] Level 1:colcon.colcon_core.package_identification:_identify(/home/toby/ThirdYearProject/ros2TurtleBot3_ws/src/turtlebot3) by extensions ['cmake', 'python']
[0.684s] Level 1:colcon.colcon_core.package_identification:_identify(/home/toby/ThirdYearProject/ros2TurtleBot3_ws/src/turtlebot3) by extension 'cmake'
[0.685s] Level 1:colcon.colcon_core.package_identification:_identify(/home/toby/ThirdYearProject/ros2TurtleBot3_ws/src/turtlebot3) by extension 'python'
[0.685s] Level 1:colcon.colcon_core.package_identification:_identify(/home/toby/ThirdYearProject/ros2TurtleBot3_ws/src/turtlebot3) by extensions ['python_setup_py']
[0.685s] Level 1:colcon.colcon_core.package_identification:_identify(/home/toby/ThirdYearProject/ros2TurtleBot3_ws/src/turtlebot3) by extension 'python_setup_py'
[0.686s] Level 1:colcon.colcon_core.package_identification:_identify(/home/toby/ThirdYearProject/ros2TurtleBot3_ws/src/turtlebot3/turtlebot3) by extensions ['ignore', 'ignore_ament_install']
[0.686s] Level 1:colcon.colcon_core.package_identification:_identify(/home/toby/ThirdYearProject/ros2TurtleBot3_ws/src/turtlebot3/turtlebot3) by extension 'ignore'
[0.686s] Level 1:colcon.colcon_core.package_identification:_identify(/home/toby/ThirdYearProject/ros2TurtleBot3_ws/src/turtlebot3/turtlebot3) by extension 'ignore_ament_install'
[0.686s] Level 1:colcon.colcon_core.package_identification:_identify(/home/toby/ThirdYearProject/ros2TurtleBot3_ws/src/turtlebot3/turtlebot3) by extensions ['colcon_pkg']
[0.686s] Level 1:colcon.colcon_core.package_identification:_identify(/home/toby/ThirdYearProject/ros2TurtleBot3_ws/src/turtlebot3/turtlebot3) by extension 'colcon_pkg'
[0.687s] Level 1:colcon.colcon_core.package_identification:_identify(/home/toby/ThirdYearProject/ros2TurtleBot3_ws/src/turtlebot3/turtlebot3) by extensions ['colcon_meta']
[0.687s] Level 1:colcon.colcon_core.package_identification:_identify(/home/toby/ThirdYearProject/ros2TurtleBot3_ws/src/turtlebot3/turtlebot3) by extension 'colcon_meta'
[0.687s] Level 1:colcon.colcon_core.package_identification:_identify(/home/toby/ThirdYearProject/ros2TurtleBot3_ws/src/turtlebot3/turtlebot3) by extensions ['ros']
[0.687s] Level 1:colcon.colcon_core.package_identification:_identify(/home/toby/ThirdYearProject/ros2TurtleBot3_ws/src/turtlebot3/turtlebot3) by extension 'ros'
[0.687s] Level 1:colcon.colcon_core.package_identification:_identify(/home/toby/ThirdYearProject/ros2TurtleBot3_ws/src/turtlebot3/turtlebot3) by extensions ['cmake', 'python']
[0.687s] Level 1:colcon.colcon_core.package_identification:_identify(/home/toby/ThirdYearProject/ros2TurtleBot3_ws/src/turtlebot3/turtlebot3) by extension 'cmake'
[0.688s] Level 1:colcon.colcon_core.package_identification:_identify(/home/toby/ThirdYearProject/ros2TurtleBot3_ws/src/turtlebot3/turtlebot3) by extension 'python'
[0.688s] Level 1:colcon.colcon_core.package_identification:_identify(/home/toby/ThirdYearProject/ros2TurtleBot3_ws/src/turtlebot3/turtlebot3) by extensions ['python_setup_py']
[0.688s] Level 1:colcon.colcon_core.package_identification:_identify(/home/toby/ThirdYearProject/ros2TurtleBot3_ws/src/turtlebot3/turtlebot3) by extension 'python_setup_py'
[0.688s] Level 1:colcon.colcon_core.package_identification:_identify(/home/toby/ThirdYearProject/ros2TurtleBot3_ws/src/turtlebot3/turtlebot3/turtlebot3) by extensions ['ignore', 'ignore_ament_install']
[0.688s] Level 1:colcon.colcon_core.package_identification:_identify(/home/toby/ThirdYearProject/ros2TurtleBot3_ws/src/turtlebot3/turtlebot3/turtlebot3) by extension 'ignore'
[0.689s] Level 1:colcon.colcon_core.package_identification:_identify(/home/toby/ThirdYearProject/ros2TurtleBot3_ws/src/turtlebot3/turtlebot3/turtlebot3) by extension 'ignore_ament_install'
[0.689s] Level 1:colcon.colcon_core.package_identification:_identify(/home/toby/ThirdYearProject/ros2TurtleBot3_ws/src/turtlebot3/turtlebot3/turtlebot3) by extensions ['colcon_pkg']
[0.689s] Level 1:colcon.colcon_core.package_identification:_identify(/home/toby/ThirdYearProject/ros2TurtleBot3_ws/src/turtlebot3/turtlebot3/turtlebot3) by extension 'colcon_pkg'
[0.689s] Level 1:colcon.colcon_core.package_identification:_identify(/home/toby/ThirdYearProject/ros2TurtleBot3_ws/src/turtlebot3/turtlebot3/turtlebot3) by extensions ['colcon_meta']
[0.689s] Level 1:colcon.colcon_core.package_identification:_identify(/home/toby/ThirdYearProject/ros2TurtleBot3_ws/src/turtlebot3/turtlebot3/turtlebot3) by extension 'colcon_meta'
[0.689s] Level 1:colcon.colcon_core.package_identification:_identify(/home/toby/ThirdYearProject/ros2TurtleBot3_ws/src/turtlebot3/turtlebot3/turtlebot3) by extensions ['ros']
[0.689s] Level 1:colcon.colcon_core.package_identification:_identify(/home/toby/ThirdYearProject/ros2TurtleBot3_ws/src/turtlebot3/turtlebot3/turtlebot3) by extension 'ros'
[0.691s] DEBUG:colcon.colcon_core.package_identification:Package '/home/toby/ThirdYearProject/ros2TurtleBot3_ws/src/turtlebot3/turtlebot3/turtlebot3' with type 'ros.ament_cmake' and name 'turtlebot3'
[0.691s] Level 1:colcon.colcon_core.package_identification:_identify(/home/toby/ThirdYearProject/ros2TurtleBot3_ws/src/turtlebot3/turtlebot3/turtlebot3_bringup) by extensions ['ignore', 'ignore_ament_install']
[0.691s] Level 1:colcon.colcon_core.package_identification:_identify(/home/toby/ThirdYearProject/ros2TurtleBot3_ws/src/turtlebot3/turtlebot3/turtlebot3_bringup) by extension 'ignore'
[0.691s] Level 1:colcon.colcon_core.package_identification:_identify(/home/toby/ThirdYearProject/ros2TurtleBot3_ws/src/turtlebot3/turtlebot3/turtlebot3_bringup) by extension 'ignore_ament_install'
[0.691s] Level 1:colcon.colcon_core.package_identification:_identify(/home/toby/ThirdYearProject/ros2TurtleBot3_ws/src/turtlebot3/turtlebot3/turtlebot3_bringup) by extensions ['colcon_pkg']
[0.692s] Level 1:colcon.colcon_core.package_identification:_identify(/home/toby/ThirdYearProject/ros2TurtleBot3_ws/src/turtlebot3/turtlebot3/turtlebot3_bringup) by extension 'colcon_pkg'
[0.692s] Level 1:colcon.colcon_core.package_identification:_identify(/home/toby/ThirdYearProject/ros2TurtleBot3_ws/src/turtlebot3/turtlebot3/turtlebot3_bringup) by extensions ['colcon_meta']
[0.692s] Level 1:colcon.colcon_core.package_identification:_identify(/home/toby/ThirdYearProject/ros2TurtleBot3_ws/src/turtlebot3/turtlebot3/turtlebot3_bringup) by extension 'colcon_meta'
[0.692s] Level 1:colcon.colcon_core.package_identification:_identify(/home/toby/ThirdYearProject/ros2TurtleBot3_ws/src/turtlebot3/turtlebot3/turtlebot3_bringup) by extensions ['ros']
[0.692s] Level 1:colcon.colcon_core.package_identification:_identify(/home/toby/ThirdYearProject/ros2TurtleBot3_ws/src/turtlebot3/turtlebot3/turtlebot3_bringup) by extension 'ros'
[0.693s] DEBUG:colcon.colcon_core.package_identification:Package '/home/toby/ThirdYearProject/ros2TurtleBot3_ws/src/turtlebot3/turtlebot3/turtlebot3_bringup' with type 'ros.ament_cmake' and name 'turtlebot3_bringup'
[0.694s] Level 1:colcon.colcon_core.package_identification:_identify(/home/toby/ThirdYearProject/ros2TurtleBot3_ws/src/turtlebot3/turtlebot3/turtlebot3_cartographer) by extensions ['ignore', 'ignore_ament_install']
[0.694s] Level 1:colcon.colcon_core.package_identification:_identify(/home/toby/ThirdYearProject/ros2TurtleBot3_ws/src/turtlebot3/turtlebot3/turtlebot3_cartographer) by extension 'ignore'
[0.694s] Level 1:colcon.colcon_core.package_identification:_identify(/home/toby/ThirdYearProject/ros2TurtleBot3_ws/src/turtlebot3/turtlebot3/turtlebot3_cartographer) by extension 'ignore_ament_install'
[0.694s] Level 1:colcon.colcon_core.package_identification:_identify(/home/toby/ThirdYearProject/ros2TurtleBot3_ws/src/turtlebot3/turtlebot3/turtlebot3_cartographer) by extensions ['colcon_pkg']
[0.695s] Level 1:colcon.colcon_core.package_identification:_identify(/home/toby/ThirdYearProject/ros2TurtleBot3_ws/src/turtlebot3/turtlebot3/turtlebot3_cartographer) by extension 'colcon_pkg'
[0.695s] Level 1:colcon.colcon_core.package_identification:_identify(/home/toby/ThirdYearProject/ros2TurtleBot3_ws/src/turtlebot3/turtlebot3/turtlebot3_cartographer) by extensions ['colcon_meta']
[0.695s] Level 1:colcon.colcon_core.package_identification:_identify(/home/toby/ThirdYearProject/ros2TurtleBot3_ws/src/turtlebot3/turtlebot3/turtlebot3_cartographer) by extension 'colcon_meta'
[0.695s] Level 1:colcon.colcon_core.package_identification:_identify(/home/toby/ThirdYearProject/ros2TurtleBot3_ws/src/turtlebot3/turtlebot3/turtlebot3_cartographer) by extensions ['ros']
[0.695s] Level 1:colcon.colcon_core.package_identification:_identify(/home/toby/ThirdYearProject/ros2TurtleBot3_ws/src/turtlebot3/turtlebot3/turtlebot3_cartographer) by extension 'ros'
[0.696s] DEBUG:colcon.colcon_core.package_identification:Package '/home/toby/ThirdYearProject/ros2TurtleBot3_ws/src/turtlebot3/turtlebot3/turtlebot3_cartographer' with type 'ros.ament_cmake' and name 'turtlebot3_cartographer'
[0.697s] Level 1:colcon.colcon_core.package_identification:_identify(/home/toby/ThirdYearProject/ros2TurtleBot3_ws/src/turtlebot3/turtlebot3/turtlebot3_description) by extensions ['ignore', 'ignore_ament_install']
[0.697s] Level 1:colcon.colcon_core.package_identification:_identify(/home/toby/ThirdYearProject/ros2TurtleBot3_ws/src/turtlebot3/turtlebot3/turtlebot3_description) by extension 'ignore'
[0.697s] Level 1:colcon.colcon_core.package_identification:_identify(/home/toby/ThirdYearProject/ros2TurtleBot3_ws/src/turtlebot3/turtlebot3/turtlebot3_description) by extension 'ignore_ament_install'
[0.697s] Level 1:colcon.colcon_core.package_identification:_identify(/home/toby/ThirdYearProject/ros2TurtleBot3_ws/src/turtlebot3/turtlebot3/turtlebot3_description) by extensions ['colcon_pkg']
[0.697s] Level 1:colcon.colcon_core.package_identification:_identify(/home/toby/ThirdYearProject/ros2TurtleBot3_ws/src/turtlebot3/turtlebot3/turtlebot3_description) by extension 'colcon_pkg'
[0.698s] Level 1:colcon.colcon_core.package_identification:_identify(/home/toby/ThirdYearProject/ros2TurtleBot3_ws/src/turtlebot3/turtlebot3/turtlebot3_description) by extensions ['colcon_meta']
[0.698s] Level 1:colcon.colcon_core.package_identification:_identify(/home/toby/ThirdYearProject/ros2TurtleBot3_ws/src/turtlebot3/turtlebot3/turtlebot3_description) by extension 'colcon_meta'
[0.698s] Level 1:colcon.colcon_core.package_identification:_identify(/home/toby/ThirdYearProject/ros2TurtleBot3_ws/src/turtlebot3/turtlebot3/turtlebot3_description) by extensions ['ros']
[0.698s] Level 1:colcon.colcon_core.package_identification:_identify(/home/toby/ThirdYearProject/ros2TurtleBot3_ws/src/turtlebot3/turtlebot3/turtlebot3_description) by extension 'ros'
[0.699s] DEBUG:colcon.colcon_core.package_identification:Package '/home/toby/ThirdYearProject/ros2TurtleBot3_ws/src/turtlebot3/turtlebot3/turtlebot3_description' with type 'ros.ament_cmake' and name 'turtlebot3_description'
[0.699s] Level 1:colcon.colcon_core.package_identification:_identify(/home/toby/ThirdYearProject/ros2TurtleBot3_ws/src/turtlebot3/turtlebot3/turtlebot3_navigation2) by extensions ['ignore', 'ignore_ament_install']
[0.700s] Level 1:colcon.colcon_core.package_identification:_identify(/home/toby/ThirdYearProject/ros2TurtleBot3_ws/src/turtlebot3/turtlebot3/turtlebot3_navigation2) by extension 'ignore'
[0.700s] Level 1:colcon.colcon_core.package_identification:_identify(/home/toby/ThirdYearProject/ros2TurtleBot3_ws/src/turtlebot3/turtlebot3/turtlebot3_navigation2) by extension 'ignore_ament_install'
[0.700s] Level 1:colcon.colcon_core.package_identification:_identify(/home/toby/ThirdYearProject/ros2TurtleBot3_ws/src/turtlebot3/turtlebot3/turtlebot3_navigation2) by extensions ['colcon_pkg']
[0.700s] Level 1:colcon.colcon_core.package_identification:_identify(/home/toby/ThirdYearProject/ros2TurtleBot3_ws/src/turtlebot3/turtlebot3/turtlebot3_navigation2) by extension 'colcon_pkg'
[0.700s] Level 1:colcon.colcon_core.package_identification:_identify(/home/toby/ThirdYearProject/ros2TurtleBot3_ws/src/turtlebot3/turtlebot3/turtlebot3_navigation2) by extensions ['colcon_meta']
[0.701s] Level 1:colcon.colcon_core.package_identification:_identify(/home/toby/ThirdYearProject/ros2TurtleBot3_ws/src/turtlebot3/turtlebot3/turtlebot3_navigation2) by extension 'colcon_meta'
[0.701s] Level 1:colcon.colcon_core.package_identification:_identify(/home/toby/ThirdYearProject/ros2TurtleBot3_ws/src/turtlebot3/turtlebot3/turtlebot3_navigation2) by extensions ['ros']
[0.701s] Level 1:colcon.colcon_core.package_identification:_identify(/home/toby/ThirdYearProject/ros2TurtleBot3_ws/src/turtlebot3/turtlebot3/turtlebot3_navigation2) by extension 'ros'
[0.702s] DEBUG:colcon.colcon_core.package_identification:Package '/home/toby/ThirdYearProject/ros2TurtleBot3_ws/src/turtlebot3/turtlebot3/turtlebot3_navigation2' with type 'ros.ament_cmake' and name 'turtlebot3_navigation2'
[0.702s] Level 1:colcon.colcon_core.package_identification:_identify(/home/toby/ThirdYearProject/ros2TurtleBot3_ws/src/turtlebot3/turtlebot3/turtlebot3_node) by extensions ['ignore', 'ignore_ament_install']
[0.702s] Level 1:colcon.colcon_core.package_identification:_identify(/home/toby/ThirdYearProject/ros2TurtleBot3_ws/src/turtlebot3/turtlebot3/turtlebot3_node) by extension 'ignore'
[0.702s] Level 1:colcon.colcon_core.package_identification:_identify(/home/toby/ThirdYearProject/ros2TurtleBot3_ws/src/turtlebot3/turtlebot3/turtlebot3_node) by extension 'ignore_ament_install'
[0.703s] Level 1:colcon.colcon_core.package_identification:_identify(/home/toby/ThirdYearProject/ros2TurtleBot3_ws/src/turtlebot3/turtlebot3/turtlebot3_node) by extensions ['colcon_pkg']
[0.703s] Level 1:colcon.colcon_core.package_identification:_identify(/home/toby/ThirdYearProject/ros2TurtleBot3_ws/src/turtlebot3/turtlebot3/turtlebot3_node) by extension 'colcon_pkg'
[0.703s] Level 1:colcon.colcon_core.package_identification:_identify(/home/toby/ThirdYearProject/ros2TurtleBot3_ws/src/turtlebot3/turtlebot3/turtlebot3_node) by extensions ['colcon_meta']
[0.703s] Level 1:colcon.colcon_core.package_identification:_identify(/home/toby/ThirdYearProject/ros2TurtleBot3_ws/src/turtlebot3/turtlebot3/turtlebot3_node) by extension 'colcon_meta'
[0.703s] Level 1:colcon.colcon_core.package_identification:_identify(/home/toby/ThirdYearProject/ros2TurtleBot3_ws/src/turtlebot3/turtlebot3/turtlebot3_node) by extensions ['ros']
[0.703s] Level 1:colcon.colcon_core.package_identification:_identify(/home/toby/ThirdYearProject/ros2TurtleBot3_ws/src/turtlebot3/turtlebot3/turtlebot3_node) by extension 'ros'
[0.706s] DEBUG:colcon.colcon_core.package_identification:Package '/home/toby/ThirdYearProject/ros2TurtleBot3_ws/src/turtlebot3/turtlebot3/turtlebot3_node' with type 'ros.ament_cmake' and name 'turtlebot3_node'
[0.706s] Level 1:colcon.colcon_core.package_identification:_identify(/home/toby/ThirdYearProject/ros2TurtleBot3_ws/src/turtlebot3/turtlebot3/turtlebot3_teleop) by extensions ['ignore', 'ignore_ament_install']
[0.707s] Level 1:colcon.colcon_core.package_identification:_identify(/home/toby/ThirdYearProject/ros2TurtleBot3_ws/src/turtlebot3/turtlebot3/turtlebot3_teleop) by extension 'ignore'
[0.707s] Level 1:colcon.colcon_core.package_identification:_identify(/home/toby/ThirdYearProject/ros2TurtleBot3_ws/src/turtlebot3/turtlebot3/turtlebot3_teleop) by extension 'ignore_ament_install'
[0.707s] Level 1:colcon.colcon_core.package_identification:_identify(/home/toby/ThirdYearProject/ros2TurtleBot3_ws/src/turtlebot3/turtlebot3/turtlebot3_teleop) by extensions ['colcon_pkg']
[0.707s] Level 1:colcon.colcon_core.package_identification:_identify(/home/toby/ThirdYearProject/ros2TurtleBot3_ws/src/turtlebot3/turtlebot3/turtlebot3_teleop) by extension 'colcon_pkg'
[0.707s] Level 1:colcon.colcon_core.package_identification:_identify(/home/toby/ThirdYearProject/ros2TurtleBot3_ws/src/turtlebot3/turtlebot3/turtlebot3_teleop) by extensions ['colcon_meta']
[0.707s] Level 1:colcon.colcon_core.package_identification:_identify(/home/toby/ThirdYearProject/ros2TurtleBot3_ws/src/turtlebot3/turtlebot3/turtlebot3_teleop) by extension 'colcon_meta'
[0.708s] Level 1:colcon.colcon_core.package_identification:_identify(/home/toby/ThirdYearProject/ros2TurtleBot3_ws/src/turtlebot3/turtlebot3/turtlebot3_teleop) by extensions ['ros']
[0.708s] Level 1:colcon.colcon_core.package_identification:_identify(/home/toby/ThirdYearProject/ros2TurtleBot3_ws/src/turtlebot3/turtlebot3/turtlebot3_teleop) by extension 'ros'
[0.710s] DEBUG:colcon.colcon_core.package_identification:Package '/home/toby/ThirdYearProject/ros2TurtleBot3_ws/src/turtlebot3/turtlebot3/turtlebot3_teleop' with type 'ros.ament_python' and name 'turtlebot3_teleop'
[0.711s] Level 1:colcon.colcon_core.package_identification:_identify(/home/toby/ThirdYearProject/ros2TurtleBot3_ws/src/turtlebot3/turtlebot3_msgs) by extensions ['ignore', 'ignore_ament_install']
[0.711s] Level 1:colcon.colcon_core.package_identification:_identify(/home/toby/ThirdYearProject/ros2TurtleBot3_ws/src/turtlebot3/turtlebot3_msgs) by extension 'ignore'
[0.711s] Level 1:colcon.colcon_core.package_identification:_identify(/home/toby/ThirdYearProject/ros2TurtleBot3_ws/src/turtlebot3/turtlebot3_msgs) by extension 'ignore_ament_install'
[0.712s] Level 1:colcon.colcon_core.package_identification:_identify(/home/toby/ThirdYearProject/ros2TurtleBot3_ws/src/turtlebot3/turtlebot3_msgs) by extensions ['colcon_pkg']
[0.712s] Level 1:colcon.colcon_core.package_identification:_identify(/home/toby/ThirdYearProject/ros2TurtleBot3_ws/src/turtlebot3/turtlebot3_msgs) by extension 'colcon_pkg'
[0.712s] Level 1:colcon.colcon_core.package_identification:_identify(/home/toby/ThirdYearProject/ros2TurtleBot3_ws/src/turtlebot3/turtlebot3_msgs) by extensions ['colcon_meta']
[0.712s] Level 1:colcon.colcon_core.package_identification:_identify(/home/toby/ThirdYearProject/ros2TurtleBot3_ws/src/turtlebot3/turtlebot3_msgs) by extension 'colcon_meta'
[0.712s] Level 1:colcon.colcon_core.package_identification:_identify(/home/toby/ThirdYearProject/ros2TurtleBot3_ws/src/turtlebot3/turtlebot3_msgs) by extensions ['ros']
[0.713s] Level 1:colcon.colcon_core.package_identification:_identify(/home/toby/ThirdYearProject/ros2TurtleBot3_ws/src/turtlebot3/turtlebot3_msgs) by extension 'ros'
[0.714s] DEBUG:colcon.colcon_core.package_identification:Package '/home/toby/ThirdYearProject/ros2TurtleBot3_ws/src/turtlebot3/turtlebot3_msgs' with type 'ros.ament_cmake' and name 'turtlebot3_msgs'
[0.715s] Level 1:colcon.colcon_core.package_identification:_identify(/home/toby/ThirdYearProject/ros2TurtleBot3_ws/src/turtlebot3/turtlebot3_simulations) by extensions ['ignore', 'ignore_ament_install']
[0.715s] Level 1:colcon.colcon_core.package_identification:_identify(/home/toby/ThirdYearProject/ros2TurtleBot3_ws/src/turtlebot3/turtlebot3_simulations) by extension 'ignore'
[0.715s] Level 1:colcon.colcon_core.package_identification:_identify(/home/toby/ThirdYearProject/ros2TurtleBot3_ws/src/turtlebot3/turtlebot3_simulations) by extension 'ignore_ament_install'
[0.716s] Level 1:colcon.colcon_core.package_identification:_identify(/home/toby/ThirdYearProject/ros2TurtleBot3_ws/src/turtlebot3/turtlebot3_simulations) by extensions ['colcon_pkg']
[0.716s] Level 1:colcon.colcon_core.package_identification:_identify(/home/toby/ThirdYearProject/ros2TurtleBot3_ws/src/turtlebot3/turtlebot3_simulations) by extension 'colcon_pkg'
[0.716s] Level 1:colcon.colcon_core.package_identification:_identify(/home/toby/ThirdYearProject/ros2TurtleBot3_ws/src/turtlebot3/turtlebot3_simulations) by extensions ['colcon_meta']
[0.716s] Level 1:colcon.colcon_core.package_identification:_identify(/home/toby/ThirdYearProject/ros2TurtleBot3_ws/src/turtlebot3/turtlebot3_simulations) by extension 'colcon_meta'
[0.716s] Level 1:colcon.colcon_core.package_identification:_identify(/home/toby/ThirdYearProject/ros2TurtleBot3_ws/src/turtlebot3/turtlebot3_simulations) by extensions ['ros']
[0.716s] Level 1:colcon.colcon_core.package_identification:_identify(/home/toby/ThirdYearProject/ros2TurtleBot3_ws/src/turtlebot3/turtlebot3_simulations) by extension 'ros'
[0.716s] Level 1:colcon.colcon_core.package_identification:_identify(/home/toby/ThirdYearProject/ros2TurtleBot3_ws/src/turtlebot3/turtlebot3_simulations) by extensions ['cmake', 'python']
[0.717s] Level 1:colcon.colcon_core.package_identification:_identify(/home/toby/ThirdYearProject/ros2TurtleBot3_ws/src/turtlebot3/turtlebot3_simulations) by extension 'cmake'
[0.717s] Level 1:colcon.colcon_core.package_identification:_identify(/home/toby/ThirdYearProject/ros2TurtleBot3_ws/src/turtlebot3/turtlebot3_simulations) by extension 'python'
[0.717s] Level 1:colcon.colcon_core.package_identification:_identify(/home/toby/ThirdYearProject/ros2TurtleBot3_ws/src/turtlebot3/turtlebot3_simulations) by extensions ['python_setup_py']
[0.717s] Level 1:colcon.colcon_core.package_identification:_identify(/home/toby/ThirdYearProject/ros2TurtleBot3_ws/src/turtlebot3/turtlebot3_simulations) by extension 'python_setup_py'
[0.717s] Level 1:colcon.colcon_core.package_identification:_identify(/home/toby/ThirdYearProject/ros2TurtleBot3_ws/src/turtlebot3/turtlebot3_simulations/turtlebot3_fake_node) by extensions ['ignore', 'ignore_ament_install']
[0.718s] Level 1:colcon.colcon_core.package_identification:_identify(/home/toby/ThirdYearProject/ros2TurtleBot3_ws/src/turtlebot3/turtlebot3_simulations/turtlebot3_fake_node) by extension 'ignore'
[0.718s] Level 1:colcon.colcon_core.package_identification:_identify(/home/toby/ThirdYearProject/ros2TurtleBot3_ws/src/turtlebot3/turtlebot3_simulations/turtlebot3_fake_node) by extension 'ignore_ament_install'
[0.718s] Level 1:colcon.colcon_core.package_identification:_identify(/home/toby/ThirdYearProject/ros2TurtleBot3_ws/src/turtlebot3/turtlebot3_simulations/turtlebot3_fake_node) by extensions ['colcon_pkg']
[0.718s] Level 1:colcon.colcon_core.package_identification:_identify(/home/toby/ThirdYearProject/ros2TurtleBot3_ws/src/turtlebot3/turtlebot3_simulations/turtlebot3_fake_node) by extension 'colcon_pkg'
[0.718s] Level 1:colcon.colcon_core.package_identification:_identify(/home/toby/ThirdYearProject/ros2TurtleBot3_ws/src/turtlebot3/turtlebot3_simulations/turtlebot3_fake_node) by extensions ['colcon_meta']
[0.718s] Level 1:colcon.colcon_core.package_identification:_identify(/home/toby/ThirdYearProject/ros2TurtleBot3_ws/src/turtlebot3/turtlebot3_simulations/turtlebot3_fake_node) by extension 'colcon_meta'
[0.718s] Level 1:colcon.colcon_core.package_identification:_identify(/home/toby/ThirdYearProject/ros2TurtleBot3_ws/src/turtlebot3/turtlebot3_simulations/turtlebot3_fake_node) by extensions ['ros']
[0.719s] Level 1:colcon.colcon_core.package_identification:_identify(/home/toby/ThirdYearProject/ros2TurtleBot3_ws/src/turtlebot3/turtlebot3_simulations/turtlebot3_fake_node) by extension 'ros'
[0.721s] DEBUG:colcon.colcon_core.package_identification:Package '/home/toby/ThirdYearProject/ros2TurtleBot3_ws/src/turtlebot3/turtlebot3_simulations/turtlebot3_fake_node' with type 'ros.ament_cmake' and name 'turtlebot3_fake_node'
[0.721s] Level 1:colcon.colcon_core.package_identification:_identify(/home/toby/ThirdYearProject/ros2TurtleBot3_ws/src/turtlebot3/turtlebot3_simulations/turtlebot3_gazebo) by extensions ['ignore', 'ignore_ament_install']
[0.721s] Level 1:colcon.colcon_core.package_identification:_identify(/home/toby/ThirdYearProject/ros2TurtleBot3_ws/src/turtlebot3/turtlebot3_simulations/turtlebot3_gazebo) by extension 'ignore'
[0.722s] Level 1:colcon.colcon_core.package_identification:_identify(/home/toby/ThirdYearProject/ros2TurtleBot3_ws/src/turtlebot3/turtlebot3_simulations/turtlebot3_gazebo) by extension 'ignore_ament_install'
[0.722s] Level 1:colcon.colcon_core.package_identification:_identify(/home/toby/ThirdYearProject/ros2TurtleBot3_ws/src/turtlebot3/turtlebot3_simulations/turtlebot3_gazebo) by extensions ['colcon_pkg']
[0.722s] Level 1:colcon.colcon_core.package_identification:_identify(/home/toby/ThirdYearProject/ros2TurtleBot3_ws/src/turtlebot3/turtlebot3_simulations/turtlebot3_gazebo) by extension 'colcon_pkg'
[0.722s] Level 1:colcon.colcon_core.package_identification:_identify(/home/toby/ThirdYearProject/ros2TurtleBot3_ws/src/turtlebot3/turtlebot3_simulations/turtlebot3_gazebo) by extensions ['colcon_meta']
[0.722s] Level 1:colcon.colcon_core.package_identification:_identify(/home/toby/ThirdYearProject/ros2TurtleBot3_ws/src/turtlebot3/turtlebot3_simulations/turtlebot3_gazebo) by extension 'colcon_meta'
[0.722s] Level 1:colcon.colcon_core.package_identification:_identify(/home/toby/ThirdYearProject/ros2TurtleBot3_ws/src/turtlebot3/turtlebot3_simulations/turtlebot3_gazebo) by extensions ['ros']
[0.723s] Level 1:colcon.colcon_core.package_identification:_identify(/home/toby/ThirdYearProject/ros2TurtleBot3_ws/src/turtlebot3/turtlebot3_simulations/turtlebot3_gazebo) by extension 'ros'
[0.724s] DEBUG:colcon.colcon_core.package_identification:Package '/home/toby/ThirdYearProject/ros2TurtleBot3_ws/src/turtlebot3/turtlebot3_simulations/turtlebot3_gazebo' with type 'ros.ament_cmake' and name 'turtlebot3_gazebo'
[0.724s] Level 1:colcon.colcon_core.package_identification:_identify(/home/toby/ThirdYearProject/ros2TurtleBot3_ws/src/turtlebot3/turtlebot3_simulations/turtlebot3_simulations) by extensions ['ignore', 'ignore_ament_install']
[0.724s] Level 1:colcon.colcon_core.package_identification:_identify(/home/toby/ThirdYearProject/ros2TurtleBot3_ws/src/turtlebot3/turtlebot3_simulations/turtlebot3_simulations) by extension 'ignore'
[0.724s] Level 1:colcon.colcon_core.package_identification:_identify(/home/toby/ThirdYearProject/ros2TurtleBot3_ws/src/turtlebot3/turtlebot3_simulations/turtlebot3_simulations) by extension 'ignore_ament_install'
[0.724s] Level 1:colcon.colcon_core.package_identification:_identify(/home/toby/ThirdYearProject/ros2TurtleBot3_ws/src/turtlebot3/turtlebot3_simulations/turtlebot3_simulations) by extensions ['colcon_pkg']
[0.725s] Level 1:colcon.colcon_core.package_identification:_identify(/home/toby/ThirdYearProject/ros2TurtleBot3_ws/src/turtlebot3/turtlebot3_simulations/turtlebot3_simulations) by extension 'colcon_pkg'
[0.725s] Level 1:colcon.colcon_core.package_identification:_identify(/home/toby/ThirdYearProject/ros2TurtleBot3_ws/src/turtlebot3/turtlebot3_simulations/turtlebot3_simulations) by extensions ['colcon_meta']
[0.725s] Level 1:colcon.colcon_core.package_identification:_identify(/home/toby/ThirdYearProject/ros2TurtleBot3_ws/src/turtlebot3/turtlebot3_simulations/turtlebot3_simulations) by extension 'colcon_meta'
[0.725s] Level 1:colcon.colcon_core.package_identification:_identify(/home/toby/ThirdYearProject/ros2TurtleBot3_ws/src/turtlebot3/turtlebot3_simulations/turtlebot3_simulations) by extensions ['ros']
[0.725s] Level 1:colcon.colcon_core.package_identification:_identify(/home/toby/ThirdYearProject/ros2TurtleBot3_ws/src/turtlebot3/turtlebot3_simulations/turtlebot3_simulations) by extension 'ros'
[0.726s] DEBUG:colcon.colcon_core.package_identification:Package '/home/toby/ThirdYearProject/ros2TurtleBot3_ws/src/turtlebot3/turtlebot3_simulations/turtlebot3_simulations' with type 'ros.ament_cmake' and name 'turtlebot3_simulations'
[0.726s] Level 1:colcon.colcon_core.package_identification:_identify(/home/toby/ThirdYearProject/ros2TurtleBot3_ws/src/utils) by extensions ['ignore', 'ignore_ament_install']
[0.727s] Level 1:colcon.colcon_core.package_identification:_identify(/home/toby/ThirdYearProject/ros2TurtleBot3_ws/src/utils) by extension 'ignore'
[0.727s] Level 1:colcon.colcon_core.package_identification:_identify(/home/toby/ThirdYearProject/ros2TurtleBot3_ws/src/utils) by extension 'ignore_ament_install'
[0.727s] Level 1:colcon.colcon_core.package_identification:_identify(/home/toby/ThirdYearProject/ros2TurtleBot3_ws/src/utils) by extensions ['colcon_pkg']
[0.727s] Level 1:colcon.colcon_core.package_identification:_identify(/home/toby/ThirdYearProject/ros2TurtleBot3_ws/src/utils) by extension 'colcon_pkg'
[0.727s] Level 1:colcon.colcon_core.package_identification:_identify(/home/toby/ThirdYearProject/ros2TurtleBot3_ws/src/utils) by extensions ['colcon_meta']
[0.727s] Level 1:colcon.colcon_core.package_identification:_identify(/home/toby/ThirdYearProject/ros2TurtleBot3_ws/src/utils) by extension 'colcon_meta'
[0.728s] Level 1:colcon.colcon_core.package_identification:_identify(/home/toby/ThirdYearProject/ros2TurtleBot3_ws/src/utils) by extensions ['ros']
[0.728s] Level 1:colcon.colcon_core.package_identification:_identify(/home/toby/ThirdYearProject/ros2TurtleBot3_ws/src/utils) by extension 'ros'
[0.728s] Level 1:colcon.colcon_core.package_identification:_identify(/home/toby/ThirdYearProject/ros2TurtleBot3_ws/src/utils) by extensions ['cmake', 'python']
[0.728s] Level 1:colcon.colcon_core.package_identification:_identify(/home/toby/ThirdYearProject/ros2TurtleBot3_ws/src/utils) by extension 'cmake'
[0.728s] Level 1:colcon.colcon_core.package_identification:_identify(/home/toby/ThirdYearProject/ros2TurtleBot3_ws/src/utils) by extension 'python'
[0.728s] Level 1:colcon.colcon_core.package_identification:_identify(/home/toby/ThirdYearProject/ros2TurtleBot3_ws/src/utils) by extensions ['python_setup_py']
[0.729s] Level 1:colcon.colcon_core.package_identification:_identify(/home/toby/ThirdYearProject/ros2TurtleBot3_ws/src/utils) by extension 'python_setup_py'
[0.729s] Level 1:colcon.colcon_core.package_identification:_identify(/home/toby/ThirdYearProject/ros2TurtleBot3_ws/src/utils/DynamixelSDK) by extensions ['ignore', 'ignore_ament_install']
[0.729s] Level 1:colcon.colcon_core.package_identification:_identify(/home/toby/ThirdYearProject/ros2TurtleBot3_ws/src/utils/DynamixelSDK) by extension 'ignore'
[0.729s] Level 1:colcon.colcon_core.package_identification:_identify(/home/toby/ThirdYearProject/ros2TurtleBot3_ws/src/utils/DynamixelSDK) by extension 'ignore_ament_install'
[0.729s] Level 1:colcon.colcon_core.package_identification:_identify(/home/toby/ThirdYearProject/ros2TurtleBot3_ws/src/utils/DynamixelSDK) by extensions ['colcon_pkg']
[0.730s] Level 1:colcon.colcon_core.package_identification:_identify(/home/toby/ThirdYearProject/ros2TurtleBot3_ws/src/utils/DynamixelSDK) by extension 'colcon_pkg'
[0.730s] Level 1:colcon.colcon_core.package_identification:_identify(/home/toby/ThirdYearProject/ros2TurtleBot3_ws/src/utils/DynamixelSDK) by extensions ['colcon_meta']
[0.730s] Level 1:colcon.colcon_core.package_identification:_identify(/home/toby/ThirdYearProject/ros2TurtleBot3_ws/src/utils/DynamixelSDK) by extension 'colcon_meta'
[0.730s] Level 1:colcon.colcon_core.package_identification:_identify(/home/toby/ThirdYearProject/ros2TurtleBot3_ws/src/utils/DynamixelSDK) by extensions ['ros']
[0.730s] Level 1:colcon.colcon_core.package_identification:_identify(/home/toby/ThirdYearProject/ros2TurtleBot3_ws/src/utils/DynamixelSDK) by extension 'ros'
[0.730s] Level 1:colcon.colcon_core.package_identification:_identify(/home/toby/ThirdYearProject/ros2TurtleBot3_ws/src/utils/DynamixelSDK) by extensions ['cmake', 'python']
[0.730s] Level 1:colcon.colcon_core.package_identification:_identify(/home/toby/ThirdYearProject/ros2TurtleBot3_ws/src/utils/DynamixelSDK) by extension 'cmake'
[0.731s] Level 1:colcon.colcon_core.package_identification:_identify(/home/toby/ThirdYearProject/ros2TurtleBot3_ws/src/utils/DynamixelSDK) by extension 'python'
[0.731s] Level 1:colcon.colcon_core.package_identification:_identify(/home/toby/ThirdYearProject/ros2TurtleBot3_ws/src/utils/DynamixelSDK) by extensions ['python_setup_py']
[0.731s] Level 1:colcon.colcon_core.package_identification:_identify(/home/toby/ThirdYearProject/ros2TurtleBot3_ws/src/utils/DynamixelSDK) by extension 'python_setup_py'
[0.731s] Level 1:colcon.colcon_core.package_identification:_identify(/home/toby/ThirdYearProject/ros2TurtleBot3_ws/src/utils/DynamixelSDK/dynamixel_sdk) by extensions ['ignore', 'ignore_ament_install']
[0.731s] Level 1:colcon.colcon_core.package_identification:_identify(/home/toby/ThirdYearProject/ros2TurtleBot3_ws/src/utils/DynamixelSDK/dynamixel_sdk) by extension 'ignore'
[0.732s] Level 1:colcon.colcon_core.package_identification:_identify(/home/toby/ThirdYearProject/ros2TurtleBot3_ws/src/utils/DynamixelSDK/dynamixel_sdk) by extension 'ignore_ament_install'
[0.732s] Level 1:colcon.colcon_core.package_identification:_identify(/home/toby/ThirdYearProject/ros2TurtleBot3_ws/src/utils/DynamixelSDK/dynamixel_sdk) by extensions ['colcon_pkg']
[0.732s] Level 1:colcon.colcon_core.package_identification:_identify(/home/toby/ThirdYearProject/ros2TurtleBot3_ws/src/utils/DynamixelSDK/dynamixel_sdk) by extension 'colcon_pkg'
[0.732s] Level 1:colcon.colcon_core.package_identification:_identify(/home/toby/ThirdYearProject/ros2TurtleBot3_ws/src/utils/DynamixelSDK/dynamixel_sdk) by extensions ['colcon_meta']
[0.732s] Level 1:colcon.colcon_core.package_identification:_identify(/home/toby/ThirdYearProject/ros2TurtleBot3_ws/src/utils/DynamixelSDK/dynamixel_sdk) by extension 'colcon_meta'
[0.732s] Level 1:colcon.colcon_core.package_identification:_identify(/home/toby/ThirdYearProject/ros2TurtleBot3_ws/src/utils/DynamixelSDK/dynamixel_sdk) by extensions ['ros']
[0.733s] Level 1:colcon.colcon_core.package_identification:_identify(/home/toby/ThirdYearProject/ros2TurtleBot3_ws/src/utils/DynamixelSDK/dynamixel_sdk) by extension 'ros'
[0.734s] DEBUG:colcon.colcon_core.package_identification:Package '/home/toby/ThirdYearProject/ros2TurtleBot3_ws/src/utils/DynamixelSDK/dynamixel_sdk' with type 'ros.ament_cmake' and name 'dynamixel_sdk'
[0.734s] Level 1:colcon.colcon_core.package_identification:_identify(/home/toby/ThirdYearProject/ros2TurtleBot3_ws/src/utils/hls_lfcd_lds_driver) by extensions ['ignore', 'ignore_ament_install']
[0.734s] Level 1:colcon.colcon_core.package_identification:_identify(/home/toby/ThirdYearProject/ros2TurtleBot3_ws/src/utils/hls_lfcd_lds_driver) by extension 'ignore'
[0.734s] Level 1:colcon.colcon_core.package_identification:_identify(/home/toby/ThirdYearProject/ros2TurtleBot3_ws/src/utils/hls_lfcd_lds_driver) by extension 'ignore_ament_install'
[0.735s] Level 1:colcon.colcon_core.package_identification:_identify(/home/toby/ThirdYearProject/ros2TurtleBot3_ws/src/utils/hls_lfcd_lds_driver) by extensions ['colcon_pkg']
[0.735s] Level 1:colcon.colcon_core.package_identification:_identify(/home/toby/ThirdYearProject/ros2TurtleBot3_ws/src/utils/hls_lfcd_lds_driver) by extension 'colcon_pkg'
[0.735s] Level 1:colcon.colcon_core.package_identification:_identify(/home/toby/ThirdYearProject/ros2TurtleBot3_ws/src/utils/hls_lfcd_lds_driver) by extensions ['colcon_meta']
[0.735s] Level 1:colcon.colcon_core.package_identification:_identify(/home/toby/ThirdYearProject/ros2TurtleBot3_ws/src/utils/hls_lfcd_lds_driver) by extension 'colcon_meta'
[0.735s] Level 1:colcon.colcon_core.package_identification:_identify(/home/toby/ThirdYearProject/ros2TurtleBot3_ws/src/utils/hls_lfcd_lds_driver) by extensions ['ros']
[0.735s] Level 1:colcon.colcon_core.package_identification:_identify(/home/toby/ThirdYearProject/ros2TurtleBot3_ws/src/utils/hls_lfcd_lds_driver) by extension 'ros'
[0.737s] DEBUG:colcon.colcon_core.package_identification:Package '/home/toby/ThirdYearProject/ros2TurtleBot3_ws/src/utils/hls_lfcd_lds_driver' with type 'ros.ament_cmake' and name 'hls_lfcd_lds_driver'
[0.737s] Level 1:colcon.colcon_core.package_discovery:discover_packages(recursive) using defaults
[0.742s] Level 1:colcon.colcon_core.package_augmentation.check_dependency_constraint:turtlebot3_gazebo depends on turtlebot3_description which has version 2.0.1: constraints {}
[0.742s] Level 1:colcon.colcon_core.package_augmentation.check_dependency_constraint:turtlebot3_simulations depends on turtlebot3_fake_node which has version 2.1.0: constraints {}
[0.742s] Level 1:colcon.colcon_core.package_augmentation.check_dependency_constraint:turtlebot3_simulations depends on turtlebot3_gazebo which has version 2.1.0: constraints {}
[0.742s] Level 1:colcon.colcon_core.package_augmentation.check_dependency_constraint:turtlebot3_fake_node depends on turtlebot3_msgs which has version 2.2.0: constraints {}
[0.742s] Level 1:colcon.colcon_core.package_augmentation.check_dependency_constraint:turtlebot3 depends on turtlebot3_teleop which has version 2.0.1: constraints {}
[0.742s] Level 1:colcon.colcon_core.package_augmentation.check_dependency_constraint:turtlebot3 depends on turtlebot3_node which has version 2.0.1: constraints {}
[0.742s] Level 1:colcon.colcon_core.package_augmentation.check_dependency_constraint:turtlebot3 depends on turtlebot3_description which has version 2.0.1: constraints {}
[0.742s] Level 1:colcon.colcon_core.package_augmentation.check_dependency_constraint:turtlebot3 depends on turtlebot3_navigation2 which has version 2.0.1: constraints {}
[0.742s] Level 1:colcon.colcon_core.package_augmentation.check_dependency_constraint:turtlebot3 depends on turtlebot3_bringup which has version 2.0.1: constraints {}
[0.743s] Level 1:colcon.colcon_core.package_augmentation.check_dependency_constraint:turtlebot3 depends on turtlebot3_cartographer which has version 2.0.1: constraints {}
[0.743s] Level 1:colcon.colcon_core.package_augmentation.check_dependency_constraint:turtlebot3_node depends on dynamixel_sdk which has version 3.7.20: constraints {}
[0.743s] Level 1:colcon.colcon_core.package_augmentation.check_dependency_constraint:turtlebot3_node depends on turtlebot3_msgs which has version 2.2.0: constraints {}
[0.743s] Level 1:colcon.colcon_core.package_augmentation.check_dependency_constraint:turtlebot3_bringup depends on turtlebot3_node which has version 2.0.1: constraints {}
[0.743s] Level 1:colcon.colcon_core.package_augmentation.check_dependency_constraint:turtlebot3_bringup depends on turtlebot3_description which has version 2.0.1: constraints {}
[0.743s] Level 1:colcon.colcon_core.package_augmentation.check_dependency_constraint:turtlebot3_bringup depends on hls_lfcd_lds_driver which has version 2.0.0: constraints {}
[0.747s] INFO:colcon.colcon_core.package_selection:Skipping not selected package 'dynamixel_sdk' in '/home/toby/ThirdYearProject/ros2TurtleBot3_ws/src/utils/DynamixelSDK/dynamixel_sdk'
[0.747s] INFO:colcon.colcon_core.package_selection:Skipping not selected package 'hls_lfcd_lds_driver' in '/home/toby/ThirdYearProject/ros2TurtleBot3_ws/src/utils/hls_lfcd_lds_driver'
[0.747s] INFO:colcon.colcon_core.package_selection:Skipping not selected package 'turtlebot3_cartographer' in '/home/toby/ThirdYearProject/ros2TurtleBot3_ws/src/turtlebot3/turtlebot3/turtlebot3_cartographer'
[0.747s] INFO:colcon.colcon_core.package_selection:Skipping not selected package 'turtlebot3_description' in '/home/toby/ThirdYearProject/ros2TurtleBot3_ws/src/turtlebot3/turtlebot3/turtlebot3_description'
[0.748s] INFO:colcon.colcon_core.package_selection:Skipping not selected package 'turtlebot3_msgs' in '/home/toby/ThirdYearProject/ros2TurtleBot3_ws/src/turtlebot3/turtlebot3_msgs'
[0.748s] INFO:colcon.colcon_core.package_selection:Skipping not selected package 'turtlebot3_navigation2' in '/home/toby/ThirdYearProject/ros2TurtleBot3_ws/src/turtlebot3/turtlebot3/turtlebot3_navigation2'
[0.748s] INFO:colcon.colcon_core.package_selection:Skipping not selected package 'turtlebot3_teleop' in '/home/toby/ThirdYearProject/ros2TurtleBot3_ws/src/turtlebot3/turtlebot3/turtlebot3_teleop'
[0.748s] INFO:colcon.colcon_core.package_selection:Skipping not selected package 'turtlebot3_fake_node' in '/home/toby/ThirdYearProject/ros2TurtleBot3_ws/src/turtlebot3/turtlebot3_simulations/turtlebot3_fake_node'
[0.748s] INFO:colcon.colcon_core.package_selection:Skipping not selected package 'turtlebot3_gazebo' in '/home/toby/ThirdYearProject/ros2TurtleBot3_ws/src/turtlebot3/turtlebot3_simulations/turtlebot3_gazebo'
[0.748s] INFO:colcon.colcon_core.package_selection:Skipping not selected package 'turtlebot3_node' in '/home/toby/ThirdYearProject/ros2TurtleBot3_ws/src/turtlebot3/turtlebot3/turtlebot3_node'
[0.748s] INFO:colcon.colcon_core.package_selection:Skipping not selected package 'turtlebot3_bringup' in '/home/toby/ThirdYearProject/ros2TurtleBot3_ws/src/turtlebot3/turtlebot3/turtlebot3_bringup'
[0.748s] INFO:colcon.colcon_core.package_selection:Skipping not selected package 'turtlebot3_simulations' in '/home/toby/ThirdYearProject/ros2TurtleBot3_ws/src/turtlebot3/turtlebot3_simulations/turtlebot3_simulations'
[0.748s] INFO:colcon.colcon_core.package_selection:Skipping not selected package 'turtlebot3' in '/home/toby/ThirdYearProject/ros2TurtleBot3_ws/src/turtlebot3/turtlebot3/turtlebot3'
[0.753s] Level 5:colcon.colcon_core.verb:set package 'cpp_pubsub' build argument 'cmake_args' from command line to 'None'
[0.753s] Level 5:colcon.colcon_core.verb:set package 'cpp_pubsub' build argument 'cmake_target' from command line to 'None'
[0.754s] Level 5:colcon.colcon_core.verb:set package 'cpp_pubsub' build argument 'cmake_target_skip_unavailable' from command line to 'False'
[0.754s] Level 5:colcon.colcon_core.verb:set package 'cpp_pubsub' build argument 'cmake_clean_cache' from command line to 'False'
[0.754s] Level 5:colcon.colcon_core.verb:set package 'cpp_pubsub' build argument 'cmake_clean_first' from command line to 'False'
[0.754s] Level 5:colcon.colcon_core.verb:set package 'cpp_pubsub' build argument 'cmake_force_configure' from command line to 'False'
[0.754s] Level 5:colcon.colcon_core.verb:set package 'cpp_pubsub' build argument 'ament_cmake_args' from command line to 'None'
[0.754s] Level 5:colcon.colcon_core.verb:set package 'cpp_pubsub' build argument 'catkin_cmake_args' from command line to 'None'
[0.754s] Level 5:colcon.colcon_core.verb:set package 'cpp_pubsub' build argument 'catkin_skip_building_tests' from command line to 'False'
[0.754s] DEBUG:colcon.colcon_core.verb:Building package 'cpp_pubsub' with the following arguments: {'ament_cmake_args': None, 'build_base': '/home/toby/ThirdYearProject/ros2TurtleBot3_ws/build/cpp_pubsub', 'catkin_cmake_args': None, 'catkin_skip_building_tests': False, 'cmake_args': None, 'cmake_clean_cache': False, 'cmake_clean_first': False, 'cmake_force_configure': False, 'cmake_target': None, 'cmake_target_skip_unavailable': False, 'install_base': '/home/toby/ThirdYearProject/ros2TurtleBot3_ws/install/cpp_pubsub', 'merge_install': False, 'path': '/home/toby/ThirdYearProject/ros2TurtleBot3_ws/src/cpp_pubsub', 'symlink_install': False, 'test_result_base': None}
[0.757s] INFO:colcon.colcon_core.executor:Executing jobs using 'parallel' executor
[0.758s] DEBUG:colcon.colcon_parallel_executor.executor.parallel:run_until_complete
[0.758s] INFO:colcon.colcon_ros.task.ament_cmake.build:Building ROS package in '/home/toby/ThirdYearProject/ros2TurtleBot3_ws/src/cpp_pubsub' with build type 'ament_cmake'
[0.766s] INFO:colcon.colcon_core.plugin_system:Skipping extension 'colcon_core.shell.bat': Not used on non-Windows systems
[0.768s] INFO:colcon.colcon_cmake.task.cmake.build:Building CMake package in '/home/toby/ThirdYearProject/ros2TurtleBot3_ws/src/cpp_pubsub'
[0.769s] INFO:colcon.colcon_core.shell:Skip shell extension 'powershell' for command environment: Not usable outside of PowerShell
[0.769s] DEBUG:colcon.colcon_core.shell:Skip shell extension 'dsv' for command environment
[0.778s] DEBUG:colcon.colcon_core.shell:Ignoring prefix path '/opt/ros/dashing'
[0.844s] DEBUG:colcon.colcon_core.event_handler.log_command:Invoking command in '/home/toby/ThirdYearProject/ros2TurtleBot3_ws/build/cpp_pubsub': CMAKE_PREFIX_PATH=${CMAKE_PREFIX_PATH}:/home/toby/ThirdYearProject/ros2TurtleBot3_ws/install/turtlebot3_teleop:/home/toby/turtlebot3_ws/install/turtlebot3_teleop:/opt/ros/dashing /usr/bin/cmake /home/toby/ThirdYearProject/ros2TurtleBot3_ws/src/cpp_pubsub -DCMAKE_INSTALL_PREFIX=/home/toby/ThirdYearProject/ros2TurtleBot3_ws/install/cpp_pubsub
[4.869s] DEBUG:colcon.colcon_core.event_handler.log_command:Invoked command in '/home/toby/ThirdYearProject/ros2TurtleBot3_ws/build/cpp_pubsub' returned '0': CMAKE_PREFIX_PATH=${CMAKE_PREFIX_PATH}:/home/toby/ThirdYearProject/ros2TurtleBot3_ws/install/turtlebot3_teleop:/home/toby/turtlebot3_ws/install/turtlebot3_teleop:/opt/ros/dashing /usr/bin/cmake /home/toby/ThirdYearProject/ros2TurtleBot3_ws/src/cpp_pubsub -DCMAKE_INSTALL_PREFIX=/home/toby/ThirdYearProject/ros2TurtleBot3_ws/install/cpp_pubsub
[4.877s] DEBUG:colcon.colcon_core.event_handler.log_command:Invoking command in '/home/toby/ThirdYearProject/ros2TurtleBot3_ws/build/cpp_pubsub': CMAKE_PREFIX_PATH=${CMAKE_PREFIX_PATH}:/home/toby/ThirdYearProject/ros2TurtleBot3_ws/install/turtlebot3_teleop:/home/toby/turtlebot3_ws/install/turtlebot3_teleop:/opt/ros/dashing /usr/bin/cmake --build /home/toby/ThirdYearProject/ros2TurtleBot3_ws/build/cpp_pubsub -- -j4 -l4
[57.120s] DEBUG:colcon.colcon_core.event_handler.log_command:Invoked command in '/home/toby/ThirdYearProject/ros2TurtleBot3_ws/build/cpp_pubsub' returned '0': CMAKE_PREFIX_PATH=${CMAKE_PREFIX_PATH}:/home/toby/ThirdYearProject/ros2TurtleBot3_ws/install/turtlebot3_teleop:/home/toby/turtlebot3_ws/install/turtlebot3_teleop:/opt/ros/dashing /usr/bin/cmake --build /home/toby/ThirdYearProject/ros2TurtleBot3_ws/build/cpp_pubsub -- -j4 -l4
[57.359s] DEBUG:colcon.colcon_core.event_handler.log_command:Invoking command in '/home/toby/ThirdYearProject/ros2TurtleBot3_ws/build/cpp_pubsub': CMAKE_PREFIX_PATH=${CMAKE_PREFIX_PATH}:/home/toby/ThirdYearProject/ros2TurtleBot3_ws/install/turtlebot3_teleop:/home/toby/turtlebot3_ws/install/turtlebot3_teleop:/opt/ros/dashing /usr/bin/cmake --build /home/toby/ThirdYearProject/ros2TurtleBot3_ws/build/cpp_pubsub --target install -- -j4 -l4
[58.070s] Level 1:colcon.colcon_core.environment:create_environment_scripts_only(cpp_pubsub)
[58.108s] DEBUG:colcon.colcon_core.event_handler.log_command:Invoked command in '/home/toby/ThirdYearProject/ros2TurtleBot3_ws/build/cpp_pubsub' returned '0': CMAKE_PREFIX_PATH=${CMAKE_PREFIX_PATH}:/home/toby/ThirdYearProject/ros2TurtleBot3_ws/install/turtlebot3_teleop:/home/toby/turtlebot3_ws/install/turtlebot3_teleop:/opt/ros/dashing /usr/bin/cmake --build /home/toby/ThirdYearProject/ros2TurtleBot3_ws/build/cpp_pubsub --target install -- -j4 -l4
[58.308s] Level 1:colcon.colcon_core.environment:checking '/home/toby/ThirdYearProject/ros2TurtleBot3_ws/install/cpp_pubsub' for CMake module files
[58.310s] Level 1:colcon.colcon_core.environment:checking '/home/toby/ThirdYearProject/ros2TurtleBot3_ws/install/cpp_pubsub' for CMake config files
[58.311s] Level 1:colcon.colcon_core.shell:create_environment_hook('cpp_pubsub', 'cmake_prefix_path')
[58.312s] INFO:colcon.colcon_core.shell:Creating environment hook '/home/toby/ThirdYearProject/ros2TurtleBot3_ws/install/cpp_pubsub/share/cpp_pubsub/hook/cmake_prefix_path.ps1'
[58.383s] INFO:colcon.colcon_core.shell:Creating environment descriptor '/home/toby/ThirdYearProject/ros2TurtleBot3_ws/install/cpp_pubsub/share/cpp_pubsub/hook/cmake_prefix_path.dsv'
[58.415s] INFO:colcon.colcon_core.shell:Creating environment hook '/home/toby/ThirdYearProject/ros2TurtleBot3_ws/install/cpp_pubsub/share/cpp_pubsub/hook/cmake_prefix_path.sh'
[58.418s] Level 1:colcon.colcon_core.environment:checking '/home/toby/ThirdYearProject/ros2TurtleBot3_ws/install/cpp_pubsub/lib'
[58.418s] Level 1:colcon.colcon_core.environment:checking '/home/toby/ThirdYearProject/ros2TurtleBot3_ws/install/cpp_pubsub/bin'
[58.418s] Level 1:colcon.colcon_core.environment:checking '/home/toby/ThirdYearProject/ros2TurtleBot3_ws/install/cpp_pubsub/lib/pkgconfig/cpp_pubsub.pc'
[58.418s] Level 1:colcon.colcon_core.environment:checking '/home/toby/ThirdYearProject/ros2TurtleBot3_ws/install/cpp_pubsub/lib/python3.6/site-packages'
[58.443s] INFO:colcon.colcon_core.shell:Creating package script '/home/toby/ThirdYearProject/ros2TurtleBot3_ws/install/cpp_pubsub/share/cpp_pubsub/package.ps1'
[58.447s] INFO:colcon.colcon_core.shell:Creating package descriptor '/home/toby/ThirdYearProject/ros2TurtleBot3_ws/install/cpp_pubsub/share/cpp_pubsub/package.dsv'
[58.449s] INFO:colcon.colcon_core.shell:Creating package script '/home/toby/ThirdYearProject/ros2TurtleBot3_ws/install/cpp_pubsub/share/cpp_pubsub/package.sh'
[58.451s] INFO:colcon.colcon_core.shell:Creating package script '/home/toby/ThirdYearProject/ros2TurtleBot3_ws/install/cpp_pubsub/share/cpp_pubsub/package.bash'
[58.452s] INFO:colcon.colcon_core.shell:Creating package script '/home/toby/ThirdYearProject/ros2TurtleBot3_ws/install/cpp_pubsub/share/cpp_pubsub/package.zsh'
[58.454s] Level 1:colcon.colcon_core.environment:create_file_with_runtime_dependencies(/home/toby/ThirdYearProject/ros2TurtleBot3_ws/install/cpp_pubsub/share/colcon-core/packages/cpp_pubsub)
[58.455s] DEBUG:colcon.colcon_parallel_executor.executor.parallel:closing loop
[58.457s] DEBUG:colcon.colcon_parallel_executor.executor.parallel:loop closed
[58.457s] DEBUG:colcon.colcon_parallel_executor.executor.parallel:run_until_complete finished with '0'
[58.457s] DEBUG:colcon.colcon_core.event_reactor:joining thread
[59.065s] INFO:colcon.colcon_core.plugin_system:Skipping extension 'colcon_notification.desktop_notification.terminal_notifier': Not used on non-Darwin systems
[59.065s] INFO:colcon.colcon_core.plugin_system:Skipping extension 'colcon_notification.desktop_notification.win32': Not used on non-Windows systems
[59.065s] INFO:colcon.colcon_notification.desktop_notification:Sending desktop notification using 'notify2'
[59.481s] DEBUG:colcon.colcon_core.event_reactor:joined thread
[59.483s] INFO:colcon.colcon_core.shell:Creating prefix script '/home/toby/ThirdYearProject/ros2TurtleBot3_ws/install/local_setup.ps1'
[59.588s] INFO:colcon.colcon_core.shell:Creating prefix util module '/home/toby/ThirdYearProject/ros2TurtleBot3_ws/install/_local_setup_util_ps1.py'
[59.633s] INFO:colcon.colcon_core.shell:Creating prefix chain script '/home/toby/ThirdYearProject/ros2TurtleBot3_ws/install/setup.ps1'
[60.519s] INFO:colcon.colcon_core.shell:Creating prefix script '/home/toby/ThirdYearProject/ros2TurtleBot3_ws/install/local_setup.sh'
[60.553s] INFO:colcon.colcon_core.shell:Creating prefix util module '/home/toby/ThirdYearProject/ros2TurtleBot3_ws/install/_local_setup_util_sh.py'
[60.555s] INFO:colcon.colcon_core.shell:Creating prefix chain script '/home/toby/ThirdYearProject/ros2TurtleBot3_ws/install/setup.sh'
[60.563s] INFO:colcon.colcon_core.shell:Creating prefix script '/home/toby/ThirdYearProject/ros2TurtleBot3_ws/install/local_setup.bash'
[60.586s] INFO:colcon.colcon_core.shell:Creating prefix chain script '/home/toby/ThirdYearProject/ros2TurtleBot3_ws/install/setup.bash'
[60.592s] INFO:colcon.colcon_core.shell:Creating prefix script '/home/toby/ThirdYearProject/ros2TurtleBot3_ws/install/local_setup.zsh'
[60.617s] INFO:colcon.colcon_core.shell:Creating prefix chain script '/home/toby/ThirdYearProject/ros2TurtleBot3_ws/install/setup.zsh'
