[01m[K/home/toby/ros2OnLaptop_ws/src/videoRead/src/VideoRead.cpp:[m[K In function ‘[01m[Kvoid displayImage(const ConstSharedPtr&)[m[K’:
[01m[K/home/toby/ros2OnLaptop_ws/src/videoRead/src/VideoRead.cpp:18:42:[m[K [01;31m[Kerror: [m[Kno match for ‘[01m[Koperator=[m[K’ (operand types are ‘[01m[Kcv_bridge::CvImagePtr {aka std::shared_ptr<cv_bridge::CvImage>}[m[K’ and ‘[01m[Kcv_bridge::CvImageConstPtr {aka std::shared_ptr<const cv_bridge::CvImage>}[m[K’)
         cv_ptr = cv_bridge::toCvShare(img[01;31m[K)[m[K;
                                          [01;31m[K^[m[K
In file included from [01m[K/usr/include/c++/7/memory:81:0[m[K,
                 from [01m[K/opt/ros/dashing/include/rclcpp/rclcpp.hpp:142[m[K,
                 from [01m[K/home/toby/ros2OnLaptop_ws/src/videoRead/src/VideoRead.cpp:2[m[K:
[01m[K/usr/include/c++/7/bits/shared_ptr.h:296:19:[m[K [01;36m[Knote: [m[Kcandidate: std::shared_ptr<_Tp>& std::shared_ptr<_Tp>::operator=(const std::shared_ptr<_Tp>&) [with _Tp = cv_bridge::CvImage]
       shared_ptr& [01;36m[Koperator[m[K=(const shared_ptr&) noexcept = default;
                   [01;36m[K^~~~~~~~[m[K
[01m[K/usr/include/c++/7/bits/shared_ptr.h:296:19:[m[K [01;36m[Knote: [m[K  no known conversion for argument 1 from ‘[01m[Kcv_bridge::CvImageConstPtr {aka std::shared_ptr<const cv_bridge::CvImage>}[m[K’ to ‘[01m[Kconst std::shared_ptr<cv_bridge::CvImage>&[m[K’
[01m[K/usr/include/c++/7/bits/shared_ptr.h:300:2:[m[K [01;36m[Knote: [m[Kcandidate: template<class _Yp> std::shared_ptr<_Tp>::_Assignable<const std::shared_ptr<_Yp>&> std::shared_ptr<_Tp>::operator=(const std::shared_ptr<_Yp>&) [with _Yp = _Yp; _Tp = cv_bridge::CvImage]
  [01;36m[Koperator[m[K=(const shared_ptr<_Yp>& __r) noexcept
  [01;36m[K^~~~~~~~[m[K
[01m[K/usr/include/c++/7/bits/shared_ptr.h:300:2:[m[K [01;36m[Knote: [m[K  template argument deduction/substitution failed:
[01m[K/usr/include/c++/7/bits/shared_ptr.h:309:2:[m[K [01;36m[Knote: [m[Kcandidate: template<class _Yp> std::shared_ptr<_Tp>::_Assignable<std::auto_ptr<_Up> > std::shared_ptr<_Tp>::operator=(std::auto_ptr<_Up>&&) [with _Yp = _Yp; _Tp = cv_bridge::CvImage]
  [01;36m[Koperator[m[K=(auto_ptr<_Yp>&& __r)
  [01;36m[K^~~~~~~~[m[K
[01m[K/usr/include/c++/7/bits/shared_ptr.h:309:2:[m[K [01;36m[Knote: [m[K  template argument deduction/substitution failed:
[01m[K/home/toby/ros2OnLaptop_ws/src/videoRead/src/VideoRead.cpp:18:42:[m[K [01;36m[Knote: [m[K  ‘[01m[Kcv_bridge::CvImageConstPtr {aka std::shared_ptr<const cv_bridge::CvImage>}[m[K’ is not derived from ‘[01m[Kstd::auto_ptr<_Up>[m[K’
         cv_ptr = cv_bridge::toCvShare(img[01;36m[K)[m[K;
                                          [01;36m[K^[m[K
In file included from [01m[K/usr/include/c++/7/memory:81:0[m[K,
                 from [01m[K/opt/ros/dashing/include/rclcpp/rclcpp.hpp:142[m[K,
                 from [01m[K/home/toby/ros2OnLaptop_ws/src/videoRead/src/VideoRead.cpp:2[m[K:
[01m[K/usr/include/c++/7/bits/shared_ptr.h:317:7:[m[K [01;36m[Knote: [m[Kcandidate: std::shared_ptr<_Tp>& std::shared_ptr<_Tp>::operator=(std::shared_ptr<_Tp>&&) [with _Tp = cv_bridge::CvImage]
       [01;36m[Koperator[m[K=(shared_ptr&& __r) noexcept
       [01;36m[K^~~~~~~~[m[K
[01m[K/usr/include/c++/7/bits/shared_ptr.h:317:7:[m[K [01;36m[Knote: [m[K  no known conversion for argument 1 from ‘[01m[Kcv_bridge::CvImageConstPtr {aka std::shared_ptr<const cv_bridge::CvImage>}[m[K’ to ‘[01m[Kstd::shared_ptr<cv_bridge::CvImage>&&[m[K’
[01m[K/usr/include/c++/7/bits/shared_ptr.h:325:2:[m[K [01;36m[Knote: [m[Kcandidate: template<class _Yp> std::shared_ptr<_Tp>::_Assignable<std::shared_ptr<_Yp> > std::shared_ptr<_Tp>::operator=(std::shared_ptr<_Yp>&&) [with _Yp = _Yp; _Tp = cv_bridge::CvImage]
  [01;36m[Koperator[m[K=(shared_ptr<_Yp>&& __r) noexcept
  [01;36m[K^~~~~~~~[m[K
[01m[K/usr/include/c++/7/bits/shared_ptr.h:325:2:[m[K [01;36m[Knote: [m[K  template argument deduction/substitution failed:
[01m[K/usr/include/c++/7/bits/shared_ptr.h:333:2:[m[K [01;36m[Knote: [m[Kcandidate: template<class _Yp, class _Del> std::shared_ptr<_Tp>::_Assignable<std::unique_ptr<_Up, _Ep> > std::shared_ptr<_Tp>::operator=(std::unique_ptr<_Up, _Ep>&&) [with _Yp = _Yp; _Del = _Del; _Tp = cv_bridge::CvImage]
  [01;36m[Koperator[m[K=(unique_ptr<_Yp, _Del>&& __r)
  [01;36m[K^~~~~~~~[m[K
[01m[K/usr/include/c++/7/bits/shared_ptr.h:333:2:[m[K [01;36m[Knote: [m[K  template argument deduction/substitution failed:
[01m[K/home/toby/ros2OnLaptop_ws/src/videoRead/src/VideoRead.cpp:18:42:[m[K [01;36m[Knote: [m[K  ‘[01m[Kcv_bridge::CvImageConstPtr {aka std::shared_ptr<const cv_bridge::CvImage>}[m[K’ is not derived from ‘[01m[Kstd::unique_ptr<_Tp, _Dp>[m[K’
         cv_ptr = cv_bridge::toCvShare(img[01;36m[K)[m[K;
                                          [01;36m[K^[m[K
make[2]: *** [CMakeFiles/VideoRead.dir/src/VideoRead.cpp.o] Error 1
make[1]: *** [CMakeFiles/VideoRead.dir/all] Error 2
make: *** [all] Error 2
