Invoking command in '/home/toby/ros2OnLaptop_ws/build/compressed_depth_image_transport': AMENT_PREFIX_PATH=/home/toby/ros2OnLaptop_ws/install/cv_bridge:${AMENT_PREFIX_PATH} CMAKE_PREFIX_PATH=/home/toby/ros2OnLaptop_ws/install/cv_bridge:/opt/ros/dashing LD_LIBRARY_PATH=/home/toby/ros2OnLaptop_ws/install/cv_bridge/lib:${LD_LIBRARY_PATH} PYTHONPATH=/home/toby/ros2OnLaptop_ws/install/cv_bridge/lib/python3.6/site-packages:${PYTHONPATH} /usr/bin/cmake --build /home/toby/ros2OnLaptop_ws/build/compressed_depth_image_transport -- -j4 -l4
[100%] Built target compressed_depth_image_transport
Invoked command in '/home/toby/ros2OnLaptop_ws/build/compressed_depth_image_transport' returned '0': AMENT_PREFIX_PATH=/home/toby/ros2OnLaptop_ws/install/cv_bridge:${AMENT_PREFIX_PATH} CMAKE_PREFIX_PATH=/home/toby/ros2OnLaptop_ws/install/cv_bridge:/opt/ros/dashing LD_LIBRARY_PATH=/home/toby/ros2OnLaptop_ws/install/cv_bridge/lib:${LD_LIBRARY_PATH} PYTHONPATH=/home/toby/ros2OnLaptop_ws/install/cv_bridge/lib/python3.6/site-packages:${PYTHONPATH} /usr/bin/cmake --build /home/toby/ros2OnLaptop_ws/build/compressed_depth_image_transport -- -j4 -l4
Invoking command in '/home/toby/ros2OnLaptop_ws/build/compressed_depth_image_transport': AMENT_PREFIX_PATH=/home/toby/ros2OnLaptop_ws/install/cv_bridge:${AMENT_PREFIX_PATH} CMAKE_PREFIX_PATH=/home/toby/ros2OnLaptop_ws/install/cv_bridge:/opt/ros/dashing LD_LIBRARY_PATH=/home/toby/ros2OnLaptop_ws/install/cv_bridge/lib:${LD_LIBRARY_PATH} PYTHONPATH=/home/toby/ros2OnLaptop_ws/install/cv_bridge/lib/python3.6/site-packages:${PYTHONPATH} /usr/bin/cmake --build /home/toby/ros2OnLaptop_ws/build/compressed_depth_image_transport --target install -- -j4 -l4
[100%] Built target compressed_depth_image_transport
[36mInstall the project...[0m
-- Install configuration: ""
-- Execute custom install script
-- Up-to-date symlink: /home/toby/ros2OnLaptop_ws/install/compressed_depth_image_transport/lib/libcompressed_depth_image_transport.so
-- Up-to-date symlink: /home/toby/ros2OnLaptop_ws/install/compressed_depth_image_transport/include/compressed_depth_image_transport/codec.h
-- Up-to-date symlink: /home/toby/ros2OnLaptop_ws/install/compressed_depth_image_transport/include/compressed_depth_image_transport/compressed_depth_publisher.h
-- Up-to-date symlink: /home/toby/ros2OnLaptop_ws/install/compressed_depth_image_transport/include/compressed_depth_image_transport/compressed_depth_subscriber.h
-- Up-to-date symlink: /home/toby/ros2OnLaptop_ws/install/compressed_depth_image_transport/include/compressed_depth_image_transport/compression_common.h
-- Up-to-date symlink: /home/toby/ros2OnLaptop_ws/install/compressed_depth_image_transport/share/compressed_depth_image_transport//compressed_depth_plugins.xml
-- Up-to-date symlink: /home/toby/ros2OnLaptop_ws/install/compressed_depth_image_transport/share/ament_index/resource_index/package_run_dependencies/compressed_depth_image_transport
-- Up-to-date symlink: /home/toby/ros2OnLaptop_ws/install/compressed_depth_image_transport/share/ament_index/resource_index/parent_prefix_path/compressed_depth_image_transport
-- Up-to-date symlink: /home/toby/ros2OnLaptop_ws/install/compressed_depth_image_transport/share/compressed_depth_image_transport/environment/ament_prefix_path.sh
-- Up-to-date symlink: /home/toby/ros2OnLaptop_ws/install/compressed_depth_image_transport/share/compressed_depth_image_transport/environment/path.sh
-- Up-to-date symlink: /home/toby/ros2OnLaptop_ws/install/compressed_depth_image_transport/share/compressed_depth_image_transport/local_setup.bash
-- Up-to-date symlink: /home/toby/ros2OnLaptop_ws/install/compressed_depth_image_transport/share/compressed_depth_image_transport/local_setup.sh
-- Up-to-date symlink: /home/toby/ros2OnLaptop_ws/install/compressed_depth_image_transport/share/compressed_depth_image_transport/local_setup.zsh
-- Up-to-date symlink: /home/toby/ros2OnLaptop_ws/install/compressed_depth_image_transport/share/ament_index/resource_index/packages/compressed_depth_image_transport
-- Up-to-date symlink: /home/toby/ros2OnLaptop_ws/install/compressed_depth_image_transport/share/ament_index/resource_index/image_transport__pluginlib__plugin/compressed_depth_image_transport
-- Up-to-date symlink: /home/toby/ros2OnLaptop_ws/install/compressed_depth_image_transport/share/compressed_depth_image_transport/cmake/compressed_depth_image_transportConfig.cmake
-- Up-to-date symlink: /home/toby/ros2OnLaptop_ws/install/compressed_depth_image_transport/share/compressed_depth_image_transport/cmake/compressed_depth_image_transportConfig-version.cmake
-- Up-to-date symlink: /home/toby/ros2OnLaptop_ws/install/compressed_depth_image_transport/share/compressed_depth_image_transport/package.xml
Invoked command in '/home/toby/ros2OnLaptop_ws/build/compressed_depth_image_transport' returned '0': AMENT_PREFIX_PATH=/home/toby/ros2OnLaptop_ws/install/cv_bridge:${AMENT_PREFIX_PATH} CMAKE_PREFIX_PATH=/home/toby/ros2OnLaptop_ws/install/cv_bridge:/opt/ros/dashing LD_LIBRARY_PATH=/home/toby/ros2OnLaptop_ws/install/cv_bridge/lib:${LD_LIBRARY_PATH} PYTHONPATH=/home/toby/ros2OnLaptop_ws/install/cv_bridge/lib/python3.6/site-packages:${PYTHONPATH} /usr/bin/cmake --build /home/toby/ros2OnLaptop_ws/build/compressed_depth_image_transport --target install -- -j4 -l4
