[ 18%] Built target rectify
[ 36%] Built target resize
[ 54%] Built target crop_decimate
[ 81%] Built target debayer
[100%] Built target image_proc
[ 18%] Built target rectify
[ 63%] Built target crop_decimate
[ 63%] Built target debayer
[ 81%] Built target resize
[100%] Built target image_proc
[36mInstall the project...[0m
-- Install configuration: ""
-- Execute custom install script
-- Up-to-date symlink: /home/toby/ros2OnLaptop_ws/install/image_proc/lib/image_proc/image_proc
-- Up-to-date symlink: /home/toby/ros2OnLaptop_ws/install/image_proc/share/image_proc/environment/library_path.sh
-- Up-to-date symlink: /home/toby/ros2OnLaptop_ws/install/image_proc/share/ament_index/resource_index/package_run_dependencies/image_proc
-- Up-to-date symlink: /home/toby/ros2OnLaptop_ws/install/image_proc/share/ament_index/resource_index/parent_prefix_path/image_proc
-- Up-to-date symlink: /home/toby/ros2OnLaptop_ws/install/image_proc/share/image_proc/environment/ament_prefix_path.sh
-- Up-to-date symlink: /home/toby/ros2OnLaptop_ws/install/image_proc/share/image_proc/environment/path.sh
-- Up-to-date symlink: /home/toby/ros2OnLaptop_ws/install/image_proc/share/image_proc/local_setup.bash
-- Up-to-date symlink: /home/toby/ros2OnLaptop_ws/install/image_proc/share/image_proc/local_setup.sh
-- Up-to-date symlink: /home/toby/ros2OnLaptop_ws/install/image_proc/share/image_proc/local_setup.zsh
-- Up-to-date symlink: /home/toby/ros2OnLaptop_ws/install/image_proc/share/ament_index/resource_index/packages/image_proc
-- Up-to-date symlink: /home/toby/ros2OnLaptop_ws/install/image_proc/share/ament_index/resource_index/rclcpp_components/image_proc
-- Up-to-date symlink: /home/toby/ros2OnLaptop_ws/install/image_proc/share/image_proc/cmake/ament_cmake_export_interfaces-extras.cmake
-- Up-to-date symlink: /home/toby/ros2OnLaptop_ws/install/image_proc/share/image_proc/cmake/ament_cmake_export_libraries-extras.cmake
-- Up-to-date symlink: /home/toby/ros2OnLaptop_ws/install/image_proc/share/image_proc/cmake/image_procConfig.cmake
-- Up-to-date symlink: /home/toby/ros2OnLaptop_ws/install/image_proc/share/image_proc/cmake/image_procConfig-version.cmake
-- Up-to-date symlink: /home/toby/ros2OnLaptop_ws/install/image_proc/share/image_proc/package.xml
-- Up-to-date: /home/toby/ros2OnLaptop_ws/install/image_proc/lib/libresize.so
-- Up-to-date: /home/toby/ros2OnLaptop_ws/install/image_proc/lib/libcrop_decimate.so
-- Up-to-date: /home/toby/ros2OnLaptop_ws/install/image_proc/lib/libdebayer.so
-- Up-to-date: /home/toby/ros2OnLaptop_ws/install/image_proc/lib/librectify.so
-- Up-to-date: /home/toby/ros2OnLaptop_ws/install/image_proc/share/image_proc/cmake/export_resizeExport.cmake
-- Up-to-date: /home/toby/ros2OnLaptop_ws/install/image_proc/share/image_proc/cmake/export_resizeExport-noconfig.cmake
-- Up-to-date: /home/toby/ros2OnLaptop_ws/install/image_proc/share/image_proc/cmake/export_debayerExport.cmake
-- Up-to-date: /home/toby/ros2OnLaptop_ws/install/image_proc/share/image_proc/cmake/export_debayerExport-noconfig.cmake
-- Up-to-date: /home/toby/ros2OnLaptop_ws/install/image_proc/share/image_proc/cmake/export_rectifyExport.cmake
-- Up-to-date: /home/toby/ros2OnLaptop_ws/install/image_proc/share/image_proc/cmake/export_rectifyExport-noconfig.cmake
-- Up-to-date: /home/toby/ros2OnLaptop_ws/install/image_proc/share/image_proc/cmake/export_crop_decimateExport.cmake
-- Up-to-date: /home/toby/ros2OnLaptop_ws/install/image_proc/share/image_proc/cmake/export_crop_decimateExport-noconfig.cmake
