Invoking command in '/home/toby/ros2OnLaptop_ws/build/theora_image_transport': CMAKE_PREFIX_PATH=/home/toby/ros2OnLaptop_ws/install/cv_bridge:/home/toby/ros2OnLaptop_ws/install/vision_opencv:/home/toby/ros2OnLaptop_ws/install/videoRead:/home/toby/ros2OnLaptop_ws/install/turtlebot3:/home/toby/ros2OnLaptop_ws/install/turtlebot3_simulations:/home/toby/ros2OnLaptop_ws/install/turtlebot3_bringup:/home/toby/ros2OnLaptop_ws/install/square_move:/home/toby/ros2OnLaptop_ws/install/turtlebot3_node:/home/toby/ros2OnLaptop_ws/install/turtlebot3_navigation2:/home/toby/ros2OnLaptop_ws/install/turtlebot3_fake_node:/home/toby/ros2OnLaptop_ws/install/turtlebot3_teleop:/home/toby/ros2OnLaptop_ws/install/opencv_tests:/opt/ros/dashing:/home/toby/ros2OnLaptop_ws/install/turtlebot3_msgs:/home/toby/ros2OnLaptop_ws/install/turtlebot3_gazebo:/home/toby/ros2OnLaptop_ws/install/turtlebot3_description:/home/toby/ros2OnLaptop_ws/install/turtlebot3_cartographer:/home/toby/ros2OnLaptop_ws/install/image_transport_plugins:/home/toby/ros2OnLaptop_ws/install/theora_image_transport:/home/toby/ros2OnLaptop_ws/install/image_geometry:/home/toby/ros2OnLaptop_ws/install/hls_lfcd_lds_driver:/home/toby/ros2OnLaptop_ws/install/followIssue:/home/toby/ros2OnLaptop_ws/install/dynamixel_sdk:/home/toby/ros2OnLaptop_ws/install/compressed_image_transport:/home/toby/ros2OnLaptop_ws/install/compressed_depth_image_transport:/home/toby/ros2OnLaptop_ws/install/cpp_pubsub LD_LIBRARY_PATH=/home/toby/ros2OnLaptop_ws/install/cv_bridge/lib:/home/toby/ros2OnLaptop_ws/install/turtlebot3_msgs/lib:/home/toby/ros2OnLaptop_ws/install/theora_image_transport/lib:/home/toby/ros2OnLaptop_ws/install/image_geometry/lib:/home/toby/ros2OnLaptop_ws/install/dynamixel_sdk/lib:/home/toby/ros2OnLaptop_ws/install/compressed_image_transport/lib:/home/toby/ros2OnLaptop_ws/install/compressed_depth_image_transport/lib:/usr/lib/x86_64-linux-gnu/gazebo-9/plugins:/opt/ros/dashing/opt/yaml_cpp_vendor/lib:/opt/ros/dashing/opt/rviz_ogre_vendor/lib:/opt/ros/dashing/lib PYTHONPATH=/home/toby/ros2OnLaptop_ws/install/cv_bridge/lib/python3.6/site-packages:/home/toby/ros2OnLaptop_ws/build/turtlebot3_teleop:/home/toby/ros2OnLaptop_ws/install/turtlebot3_teleop/lib/python3.6/site-packages:/home/toby/ros2OnLaptop_ws/install/turtlebot3_msgs/lib/python3.6/site-packages:/home/toby/ros2OnLaptop_ws/install/theora_image_transport/lib/python3.6/site-packages:/home/toby/ros2OnLaptop_ws/build/opencv_tests:/home/toby/ros2OnLaptop_ws/install/opencv_tests/lib/python3.6/site-packages:/home/toby/ros2OnLaptop_ws/install/image_geometry/lib/python3.6/site-packages:/opt/ros/dashing/lib/python3.6/site-packages /usr/bin/cmake --build /home/toby/ros2OnLaptop_ws/build/theora_image_transport -- -j4 -l4
[  2%] Built target theora_image_transport__cpp
[ 11%] Built target theora_image_transport__rosidl_generator_c
[ 20%] Built target theora_image_transport__rosidl_typesupport_introspection_c
[ 28%] Built target theora_image_transport__rosidl_typesupport_introspection_cpp
[ 37%] Built target theora_image_transport__rosidl_typesupport_fastrtps_cpp
[ 45%] Built target theora_image_transport__rosidl_typesupport_fastrtps_c
[ 54%] Built target theora_image_transport__rosidl_typesupport_cpp
[ 62%] Built target theora_image_transport__rosidl_typesupport_c
[ 62%] Built target theora_image_transport
[ 65%] Built target theora_image_transport__py
[ 71%] Built target ogg_saver
[ 82%] Built target theora_image_transport_component
[ 88%] Built target theora_image_transport__python
[ 94%] Built target theora_image_transport__rosidl_typesupport_fastrtps_c__pyext
[100%] Built target theora_image_transport__rosidl_typesupport_c__pyext
Invoked command in '/home/toby/ros2OnLaptop_ws/build/theora_image_transport' returned '0': CMAKE_PREFIX_PATH=/home/toby/ros2OnLaptop_ws/install/cv_bridge:/home/toby/ros2OnLaptop_ws/install/vision_opencv:/home/toby/ros2OnLaptop_ws/install/videoRead:/home/toby/ros2OnLaptop_ws/install/turtlebot3:/home/toby/ros2OnLaptop_ws/install/turtlebot3_simulations:/home/toby/ros2OnLaptop_ws/install/turtlebot3_bringup:/home/toby/ros2OnLaptop_ws/install/square_move:/home/toby/ros2OnLaptop_ws/install/turtlebot3_node:/home/toby/ros2OnLaptop_ws/install/turtlebot3_navigation2:/home/toby/ros2OnLaptop_ws/install/turtlebot3_fake_node:/home/toby/ros2OnLaptop_ws/install/turtlebot3_teleop:/home/toby/ros2OnLaptop_ws/install/opencv_tests:/opt/ros/dashing:/home/toby/ros2OnLaptop_ws/install/turtlebot3_msgs:/home/toby/ros2OnLaptop_ws/install/turtlebot3_gazebo:/home/toby/ros2OnLaptop_ws/install/turtlebot3_description:/home/toby/ros2OnLaptop_ws/install/turtlebot3_cartographer:/home/toby/ros2OnLaptop_ws/install/image_transport_plugins:/home/toby/ros2OnLaptop_ws/install/theora_image_transport:/home/toby/ros2OnLaptop_ws/install/image_geometry:/home/toby/ros2OnLaptop_ws/install/hls_lfcd_lds_driver:/home/toby/ros2OnLaptop_ws/install/followIssue:/home/toby/ros2OnLaptop_ws/install/dynamixel_sdk:/home/toby/ros2OnLaptop_ws/install/compressed_image_transport:/home/toby/ros2OnLaptop_ws/install/compressed_depth_image_transport:/home/toby/ros2OnLaptop_ws/install/cpp_pubsub LD_LIBRARY_PATH=/home/toby/ros2OnLaptop_ws/install/cv_bridge/lib:/home/toby/ros2OnLaptop_ws/install/turtlebot3_msgs/lib:/home/toby/ros2OnLaptop_ws/install/theora_image_transport/lib:/home/toby/ros2OnLaptop_ws/install/image_geometry/lib:/home/toby/ros2OnLaptop_ws/install/dynamixel_sdk/lib:/home/toby/ros2OnLaptop_ws/install/compressed_image_transport/lib:/home/toby/ros2OnLaptop_ws/install/compressed_depth_image_transport/lib:/usr/lib/x86_64-linux-gnu/gazebo-9/plugins:/opt/ros/dashing/opt/yaml_cpp_vendor/lib:/opt/ros/dashing/opt/rviz_ogre_vendor/lib:/opt/ros/dashing/lib PYTHONPATH=/home/toby/ros2OnLaptop_ws/install/cv_bridge/lib/python3.6/site-packages:/home/toby/ros2OnLaptop_ws/build/turtlebot3_teleop:/home/toby/ros2OnLaptop_ws/install/turtlebot3_teleop/lib/python3.6/site-packages:/home/toby/ros2OnLaptop_ws/install/turtlebot3_msgs/lib/python3.6/site-packages:/home/toby/ros2OnLaptop_ws/install/theora_image_transport/lib/python3.6/site-packages:/home/toby/ros2OnLaptop_ws/build/opencv_tests:/home/toby/ros2OnLaptop_ws/install/opencv_tests/lib/python3.6/site-packages:/home/toby/ros2OnLaptop_ws/install/image_geometry/lib/python3.6/site-packages:/opt/ros/dashing/lib/python3.6/site-packages /usr/bin/cmake --build /home/toby/ros2OnLaptop_ws/build/theora_image_transport -- -j4 -l4
Invoking command in '/home/toby/ros2OnLaptop_ws/build/theora_image_transport': CMAKE_PREFIX_PATH=/home/toby/ros2OnLaptop_ws/install/cv_bridge:/home/toby/ros2OnLaptop_ws/install/vision_opencv:/home/toby/ros2OnLaptop_ws/install/videoRead:/home/toby/ros2OnLaptop_ws/install/turtlebot3:/home/toby/ros2OnLaptop_ws/install/turtlebot3_simulations:/home/toby/ros2OnLaptop_ws/install/turtlebot3_bringup:/home/toby/ros2OnLaptop_ws/install/square_move:/home/toby/ros2OnLaptop_ws/install/turtlebot3_node:/home/toby/ros2OnLaptop_ws/install/turtlebot3_navigation2:/home/toby/ros2OnLaptop_ws/install/turtlebot3_fake_node:/home/toby/ros2OnLaptop_ws/install/turtlebot3_teleop:/home/toby/ros2OnLaptop_ws/install/opencv_tests:/opt/ros/dashing:/home/toby/ros2OnLaptop_ws/install/turtlebot3_msgs:/home/toby/ros2OnLaptop_ws/install/turtlebot3_gazebo:/home/toby/ros2OnLaptop_ws/install/turtlebot3_description:/home/toby/ros2OnLaptop_ws/install/turtlebot3_cartographer:/home/toby/ros2OnLaptop_ws/install/image_transport_plugins:/home/toby/ros2OnLaptop_ws/install/theora_image_transport:/home/toby/ros2OnLaptop_ws/install/image_geometry:/home/toby/ros2OnLaptop_ws/install/hls_lfcd_lds_driver:/home/toby/ros2OnLaptop_ws/install/followIssue:/home/toby/ros2OnLaptop_ws/install/dynamixel_sdk:/home/toby/ros2OnLaptop_ws/install/compressed_image_transport:/home/toby/ros2OnLaptop_ws/install/compressed_depth_image_transport:/home/toby/ros2OnLaptop_ws/install/cpp_pubsub LD_LIBRARY_PATH=/home/toby/ros2OnLaptop_ws/install/cv_bridge/lib:/home/toby/ros2OnLaptop_ws/install/turtlebot3_msgs/lib:/home/toby/ros2OnLaptop_ws/install/theora_image_transport/lib:/home/toby/ros2OnLaptop_ws/install/image_geometry/lib:/home/toby/ros2OnLaptop_ws/install/dynamixel_sdk/lib:/home/toby/ros2OnLaptop_ws/install/compressed_image_transport/lib:/home/toby/ros2OnLaptop_ws/install/compressed_depth_image_transport/lib:/usr/lib/x86_64-linux-gnu/gazebo-9/plugins:/opt/ros/dashing/opt/yaml_cpp_vendor/lib:/opt/ros/dashing/opt/rviz_ogre_vendor/lib:/opt/ros/dashing/lib PYTHONPATH=/home/toby/ros2OnLaptop_ws/install/cv_bridge/lib/python3.6/site-packages:/home/toby/ros2OnLaptop_ws/build/turtlebot3_teleop:/home/toby/ros2OnLaptop_ws/install/turtlebot3_teleop/lib/python3.6/site-packages:/home/toby/ros2OnLaptop_ws/install/turtlebot3_msgs/lib/python3.6/site-packages:/home/toby/ros2OnLaptop_ws/install/theora_image_transport/lib/python3.6/site-packages:/home/toby/ros2OnLaptop_ws/build/opencv_tests:/home/toby/ros2OnLaptop_ws/install/opencv_tests/lib/python3.6/site-packages:/home/toby/ros2OnLaptop_ws/install/image_geometry/lib/python3.6/site-packages:/opt/ros/dashing/lib/python3.6/site-packages /usr/bin/cmake --build /home/toby/ros2OnLaptop_ws/build/theora_image_transport --target install -- -j4 -l4
[  2%] Built target theora_image_transport__cpp
[ 11%] Built target theora_image_transport__rosidl_generator_c
[ 20%] Built target theora_image_transport__rosidl_typesupport_introspection_cpp
[ 28%] Built target theora_image_transport__rosidl_typesupport_introspection_c
[ 37%] Built target theora_image_transport__rosidl_typesupport_fastrtps_cpp
[ 45%] Built target theora_image_transport__rosidl_typesupport_cpp
[ 54%] Built target theora_image_transport__rosidl_typesupport_fastrtps_c
[ 62%] Built target theora_image_transport__rosidl_typesupport_c
[ 62%] Built target theora_image_transport
[ 65%] Built target theora_image_transport__py
[ 77%] Built target theora_image_transport_component
[ 82%] Built target ogg_saver
[ 88%] Built target theora_image_transport__python
[ 94%] Built target theora_image_transport__rosidl_typesupport_c__pyext
[100%] Built target theora_image_transport__rosidl_typesupport_fastrtps_c__pyext
[36mInstall the project...[0m
-- Install configuration: ""
-- Execute custom install script
-- Up-to-date symlink: /home/toby/ros2OnLaptop_ws/install/theora_image_transport/share/ament_index/resource_index/rosidl_interfaces/theora_image_transport
-- Up-to-date symlink: /home/toby/ros2OnLaptop_ws/install/theora_image_transport/include/theora_image_transport/msg/packet.hpp
-- Up-to-date symlink: /home/toby/ros2OnLaptop_ws/install/theora_image_transport/include/theora_image_transport/msg/packet__struct.hpp
-- Up-to-date symlink: /home/toby/ros2OnLaptop_ws/install/theora_image_transport/include/theora_image_transport/msg/packet__traits.hpp
-- Up-to-date symlink: /home/toby/ros2OnLaptop_ws/install/theora_image_transport/include/theora_image_transport/msg/packet.h
-- Up-to-date symlink: /home/toby/ros2OnLaptop_ws/install/theora_image_transport/include/theora_image_transport/msg/packet__functions.h
-- Up-to-date symlink: /home/toby/ros2OnLaptop_ws/install/theora_image_transport/include/theora_image_transport/msg/packet__struct.h
-- Up-to-date symlink: /home/toby/ros2OnLaptop_ws/install/theora_image_transport/include/theora_image_transport/msg/packet__type_support.h
-- Up-to-date symlink: /home/toby/ros2OnLaptop_ws/install/theora_image_transport/include/theora_image_transport/msg/rosidl_generator_c__visibility_control.h
-- Up-to-date symlink: /home/toby/ros2OnLaptop_ws/install/theora_image_transport/share/theora_image_transport/environment/library_path.sh
-- Up-to-date symlink: /home/toby/ros2OnLaptop_ws/install/theora_image_transport/lib/libtheora_image_transport__rosidl_generator_c.so
-- Up-to-date symlink: /home/toby/ros2OnLaptop_ws/install/theora_image_transport/lib/libtheora_image_transport__rosidl_typesupport_c.so
-- Up-to-date symlink: /home/toby/ros2OnLaptop_ws/install/theora_image_transport/lib/libtheora_image_transport__rosidl_typesupport_cpp.so
-- Up-to-date symlink: /home/toby/ros2OnLaptop_ws/install/theora_image_transport/include/theora_image_transport/msg/packet__rosidl_typesupport_introspection_c.h
-- Up-to-date symlink: /home/toby/ros2OnLaptop_ws/install/theora_image_transport/include/theora_image_transport/msg/rosidl_typesupport_introspection_c__visibility_control.h
-- Up-to-date symlink: /home/toby/ros2OnLaptop_ws/install/theora_image_transport/lib/libtheora_image_transport__rosidl_typesupport_introspection_c.so
-- Up-to-date symlink: /home/toby/ros2OnLaptop_ws/install/theora_image_transport/include/theora_image_transport/msg/packet__rosidl_typesupport_introspection_cpp.hpp
-- Up-to-date symlink: /home/toby/ros2OnLaptop_ws/install/theora_image_transport/lib/libtheora_image_transport__rosidl_typesupport_introspection_cpp.so
-- Up-to-date symlink: /home/toby/ros2OnLaptop_ws/install/theora_image_transport/include/theora_image_transport/msg/packet__rosidl_typesupport_fastrtps_c.h
-- Up-to-date symlink: /home/toby/ros2OnLaptop_ws/install/theora_image_transport/include/theora_image_transport/msg/rosidl_typesupport_fastrtps_c__visibility_control.h
-- Up-to-date symlink: /home/toby/ros2OnLaptop_ws/install/theora_image_transport/lib/libtheora_image_transport__rosidl_typesupport_fastrtps_c.so
-- Up-to-date symlink: /home/toby/ros2OnLaptop_ws/install/theora_image_transport/include/theora_image_transport/msg/packet__rosidl_typesupport_fastrtps_cpp.hpp
-- Up-to-date symlink: /home/toby/ros2OnLaptop_ws/install/theora_image_transport/include/theora_image_transport/msg/rosidl_typesupport_fastrtps_cpp__visibility_control.h
-- Up-to-date symlink: /home/toby/ros2OnLaptop_ws/install/theora_image_transport/lib/libtheora_image_transport__rosidl_typesupport_fastrtps_cpp.so
-- Up-to-date symlink: /home/toby/ros2OnLaptop_ws/install/theora_image_transport/share/theora_image_transport/environment/pythonpath.sh
-- Up-to-date symlink: /home/toby/ros2OnLaptop_ws/install/theora_image_transport/lib/python3.6/site-packages/theora_image_transport/__init__.py
-- Up-to-date symlink: /home/toby/ros2OnLaptop_ws/install/theora_image_transport/lib/python3.6/site-packages/theora_image_transport/msg/__init__.py
-- Up-to-date symlink: /home/toby/ros2OnLaptop_ws/install/theora_image_transport/lib/python3.6/site-packages/theora_image_transport/msg/_packet.py
-- Up-to-date symlink: /home/toby/ros2OnLaptop_ws/install/theora_image_transport/lib/python3.6/site-packages/theora_image_transport/theora_image_transport_s__rosidl_typesupport_c.cpython-36m-x86_64-linux-gnu.so
-- Up-to-date symlink: /home/toby/ros2OnLaptop_ws/install/theora_image_transport/lib/python3.6/site-packages/theora_image_transport/theora_image_transport_s__rosidl_typesupport_fastrtps_c.cpython-36m-x86_64-linux-gnu.so
-- Up-to-date symlink: /home/toby/ros2OnLaptop_ws/install/theora_image_transport/lib/libtheora_image_transport__python.so
-- Up-to-date symlink: /home/toby/ros2OnLaptop_ws/install/theora_image_transport/share/theora_image_transport/msg/Packet.idl
-- Up-to-date symlink: /home/toby/ros2OnLaptop_ws/install/theora_image_transport/share/theora_image_transport/msg/Packet.msg
-- Up-to-date symlink: /home/toby/ros2OnLaptop_ws/install/theora_image_transport/lib/theora_image_transport/libtheora_image_transport_component.so
-- Up-to-date symlink: /home/toby/ros2OnLaptop_ws/install/theora_image_transport/bin/ogg_saver
-- Up-to-date symlink: /home/toby/ros2OnLaptop_ws/install/theora_image_transport/include/theora_image_transport/theora_publisher.h
-- Up-to-date symlink: /home/toby/ros2OnLaptop_ws/install/theora_image_transport/include/theora_image_transport/theora_subscriber.h
-- Up-to-date symlink: /home/toby/ros2OnLaptop_ws/install/theora_image_transport/share/theora_image_transport//theora_plugins.xml
-- Up-to-date symlink: /home/toby/ros2OnLaptop_ws/install/theora_image_transport/share/ament_index/resource_index/package_run_dependencies/theora_image_transport
-- Up-to-date symlink: /home/toby/ros2OnLaptop_ws/install/theora_image_transport/share/ament_index/resource_index/parent_prefix_path/theora_image_transport
-- Up-to-date symlink: /home/toby/ros2OnLaptop_ws/install/theora_image_transport/share/theora_image_transport/environment/ament_prefix_path.sh
-- Up-to-date symlink: /home/toby/ros2OnLaptop_ws/install/theora_image_transport/share/theora_image_transport/environment/path.sh
-- Up-to-date symlink: /home/toby/ros2OnLaptop_ws/install/theora_image_transport/share/theora_image_transport/local_setup.bash
-- Up-to-date symlink: /home/toby/ros2OnLaptop_ws/install/theora_image_transport/share/theora_image_transport/local_setup.sh
-- Up-to-date symlink: /home/toby/ros2OnLaptop_ws/install/theora_image_transport/share/theora_image_transport/local_setup.zsh
-- Up-to-date symlink: /home/toby/ros2OnLaptop_ws/install/theora_image_transport/share/ament_index/resource_index/packages/theora_image_transport
-- Up-to-date symlink: /home/toby/ros2OnLaptop_ws/install/theora_image_transport/share/ament_index/resource_index/image_transport__pluginlib__plugin/theora_image_transport
-- Up-to-date symlink: /home/toby/ros2OnLaptop_ws/install/theora_image_transport/share/theora_image_transport/cmake/rosidl_cmake-extras.cmake
-- Up-to-date symlink: /home/toby/ros2OnLaptop_ws/install/theora_image_transport/share/theora_image_transport/cmake/ament_cmake_export_dependencies-extras.cmake
-- Up-to-date symlink: /home/toby/ros2OnLaptop_ws/install/theora_image_transport/share/theora_image_transport/cmake/ament_cmake_export_include_directories-extras.cmake
-- Up-to-date symlink: /home/toby/ros2OnLaptop_ws/install/theora_image_transport/share/theora_image_transport/cmake/ament_cmake_export_libraries-extras.cmake
-- Up-to-date symlink: /home/toby/ros2OnLaptop_ws/install/theora_image_transport/share/theora_image_transport/cmake/theora_image_transportConfig.cmake
-- Up-to-date symlink: /home/toby/ros2OnLaptop_ws/install/theora_image_transport/share/theora_image_transport/cmake/theora_image_transportConfig-version.cmake
-- Up-to-date symlink: /home/toby/ros2OnLaptop_ws/install/theora_image_transport/share/theora_image_transport/package.xml
Invoked command in '/home/toby/ros2OnLaptop_ws/build/theora_image_transport' returned '0': CMAKE_PREFIX_PATH=/home/toby/ros2OnLaptop_ws/install/cv_bridge:/home/toby/ros2OnLaptop_ws/install/vision_opencv:/home/toby/ros2OnLaptop_ws/install/videoRead:/home/toby/ros2OnLaptop_ws/install/turtlebot3:/home/toby/ros2OnLaptop_ws/install/turtlebot3_simulations:/home/toby/ros2OnLaptop_ws/install/turtlebot3_bringup:/home/toby/ros2OnLaptop_ws/install/square_move:/home/toby/ros2OnLaptop_ws/install/turtlebot3_node:/home/toby/ros2OnLaptop_ws/install/turtlebot3_navigation2:/home/toby/ros2OnLaptop_ws/install/turtlebot3_fake_node:/home/toby/ros2OnLaptop_ws/install/turtlebot3_teleop:/home/toby/ros2OnLaptop_ws/install/opencv_tests:/opt/ros/dashing:/home/toby/ros2OnLaptop_ws/install/turtlebot3_msgs:/home/toby/ros2OnLaptop_ws/install/turtlebot3_gazebo:/home/toby/ros2OnLaptop_ws/install/turtlebot3_description:/home/toby/ros2OnLaptop_ws/install/turtlebot3_cartographer:/home/toby/ros2OnLaptop_ws/install/image_transport_plugins:/home/toby/ros2OnLaptop_ws/install/theora_image_transport:/home/toby/ros2OnLaptop_ws/install/image_geometry:/home/toby/ros2OnLaptop_ws/install/hls_lfcd_lds_driver:/home/toby/ros2OnLaptop_ws/install/followIssue:/home/toby/ros2OnLaptop_ws/install/dynamixel_sdk:/home/toby/ros2OnLaptop_ws/install/compressed_image_transport:/home/toby/ros2OnLaptop_ws/install/compressed_depth_image_transport:/home/toby/ros2OnLaptop_ws/install/cpp_pubsub LD_LIBRARY_PATH=/home/toby/ros2OnLaptop_ws/install/cv_bridge/lib:/home/toby/ros2OnLaptop_ws/install/turtlebot3_msgs/lib:/home/toby/ros2OnLaptop_ws/install/theora_image_transport/lib:/home/toby/ros2OnLaptop_ws/install/image_geometry/lib:/home/toby/ros2OnLaptop_ws/install/dynamixel_sdk/lib:/home/toby/ros2OnLaptop_ws/install/compressed_image_transport/lib:/home/toby/ros2OnLaptop_ws/install/compressed_depth_image_transport/lib:/usr/lib/x86_64-linux-gnu/gazebo-9/plugins:/opt/ros/dashing/opt/yaml_cpp_vendor/lib:/opt/ros/dashing/opt/rviz_ogre_vendor/lib:/opt/ros/dashing/lib PYTHONPATH=/home/toby/ros2OnLaptop_ws/install/cv_bridge/lib/python3.6/site-packages:/home/toby/ros2OnLaptop_ws/build/turtlebot3_teleop:/home/toby/ros2OnLaptop_ws/install/turtlebot3_teleop/lib/python3.6/site-packages:/home/toby/ros2OnLaptop_ws/install/turtlebot3_msgs/lib/python3.6/site-packages:/home/toby/ros2OnLaptop_ws/install/theora_image_transport/lib/python3.6/site-packages:/home/toby/ros2OnLaptop_ws/build/opencv_tests:/home/toby/ros2OnLaptop_ws/install/opencv_tests/lib/python3.6/site-packages:/home/toby/ros2OnLaptop_ws/install/image_geometry/lib/python3.6/site-packages:/opt/ros/dashing/lib/python3.6/site-packages /usr/bin/cmake --build /home/toby/ros2OnLaptop_ws/build/theora_image_transport --target install -- -j4 -l4
