-- Found ament_cmake: 0.7.3 (/opt/ros/dashing/share/ament_cmake/cmake)
-- Using PYTHON_EXECUTABLE: /usr/bin/python3
-- Override CMake install command with custom implementation using symlinks instead of copying resources
-- Found rclcpp: 0.7.11 (/opt/ros/dashing/share/rclcpp/cmake)
-- Found rosidl_adapter: 0.7.7 (/opt/ros/dashing/share/rosidl_adapter/cmake)
-- Found rmw_implementation_cmake: 0.7.2 (/opt/ros/dashing/share/rmw_implementation_cmake/cmake)
-- Found OpenCV: /usr (found version "3.2.0") 
-- Found cv_bridge: 2.1.2 (/opt/ros/dashing/share/cv_bridge/cmake)
-- Found image_transport: 2.1.1 (/opt/ros/dashing/share/image_transport/cmake)
-- Found tinyxml2_vendor:  (/opt/ros/dashing/share/tinyxml2_vendor/cmake)
-- Found poco_vendor:  (/opt/ros/dashing/share/poco_vendor/cmake)
-- Found ament_lint_auto: 0.7.11 (/opt/ros/dashing/share/ament_lint_auto/cmake)
WARNING: Package name "videoRead" does not follow the naming conventions. It should start with a lower case letter and only contain lower case letters, digits, underscores, and dashes.
-- Added test 'copyright' to check for copyright in CMake / C / C++ / Python code
-- Added test 'cppcheck' to perform static code analysis on C / C++ code
-- Configured cppcheck include dirs: 
-- Added test 'cpplint' to check C / C++ code against the Google style
-- Added test 'lint_cmake' to check CMake code style
-- Added test 'uncrustify' to check C / C++ code style
-- Added test 'xmllint' to check XML markup files
-- Configuring done
-- Generating done
-- Build files have been written to: /home/toby/ros2OnLaptop_ws/build/videoRead
[35m[1mScanning dependencies of target VideoRead[0m
[ 50%] [32mBuilding CXX object CMakeFiles/VideoRead.dir/src/VideoRead.cpp.o[0m
[100%] [32m[1mLinking CXX executable VideoRead[0m
[100%] Built target VideoRead
[100%] Built target VideoRead
[36mInstall the project...[0m
-- Install configuration: ""
-- Execute custom install script
-- Up-to-date symlink: /home/toby/ros2OnLaptop_ws/install/videoRead/share/ament_index/resource_index/package_run_dependencies/videoRead
-- Up-to-date symlink: /home/toby/ros2OnLaptop_ws/install/videoRead/share/ament_index/resource_index/parent_prefix_path/videoRead
-- Up-to-date symlink: /home/toby/ros2OnLaptop_ws/install/videoRead/share/videoRead/environment/ament_prefix_path.sh
-- Up-to-date symlink: /home/toby/ros2OnLaptop_ws/install/videoRead/share/videoRead/environment/path.sh
-- Up-to-date symlink: /home/toby/ros2OnLaptop_ws/install/videoRead/share/videoRead/local_setup.bash
-- Up-to-date symlink: /home/toby/ros2OnLaptop_ws/install/videoRead/share/videoRead/local_setup.sh
-- Up-to-date symlink: /home/toby/ros2OnLaptop_ws/install/videoRead/share/videoRead/local_setup.zsh
-- Up-to-date symlink: /home/toby/ros2OnLaptop_ws/install/videoRead/share/ament_index/resource_index/packages/videoRead
-- Up-to-date symlink: /home/toby/ros2OnLaptop_ws/install/videoRead/share/videoRead/cmake/videoReadConfig.cmake
-- Up-to-date symlink: /home/toby/ros2OnLaptop_ws/install/videoRead/share/videoRead/cmake/videoReadConfig-version.cmake
-- Up-to-date symlink: /home/toby/ros2OnLaptop_ws/install/videoRead/share/videoRead/package.xml
-- Up-to-date symlink: /home/toby/ros2OnLaptop_ws/install/videoRead/lib/videoRead/VideoRead
