Invoking command in '/home/toby/ThirdYearProject/ros2TurtleBot3_ws/build/turtlebot3_teleop': PYTHONPATH=/home/toby/ThirdYearProject/ros2TurtleBot3_ws/install/turtlebot3_teleop/lib/python3.6/site-packages:${PYTHONPATH} /usr/bin/python3 setup.py develop --prefix /home/toby/ThirdYearProject/ros2TurtleBot3_ws/install/turtlebot3_teleop --editable --build-directory /home/toby/ThirdYearProject/ros2TurtleBot3_ws/build/turtlebot3_teleop/build --no-deps install_data --install-dir /home/toby/ThirdYearProject/ros2TurtleBot3_ws/install/turtlebot3_teleop
running develop
running egg_info
creating turtlebot3_teleop.egg-info
writing turtlebot3_teleop.egg-info/PKG-INFO
writing dependency_links to turtlebot3_teleop.egg-info/dependency_links.txt
writing entry points to turtlebot3_teleop.egg-info/entry_points.txt
writing requirements to turtlebot3_teleop.egg-info/requires.txt
writing top-level names to turtlebot3_teleop.egg-info/top_level.txt
writing manifest file 'turtlebot3_teleop.egg-info/SOURCES.txt'
reading manifest file 'turtlebot3_teleop.egg-info/SOURCES.txt'
writing manifest file 'turtlebot3_teleop.egg-info/SOURCES.txt'
running build_ext
Creating /home/toby/ThirdYearProject/ros2TurtleBot3_ws/install/turtlebot3_teleop/lib/python3.6/site-packages/site.py
Creating /home/toby/ThirdYearProject/ros2TurtleBot3_ws/install/turtlebot3_teleop/lib/python3.6/site-packages/turtlebot3-teleop.egg-link (link to .)
Installing teleop_keyboard script to /home/toby/ThirdYearProject/ros2TurtleBot3_ws/install/turtlebot3_teleop/lib/turtlebot3_teleop

Installed /home/toby/ThirdYearProject/ros2TurtleBot3_ws/build/turtlebot3_teleop
running install_data
creating /home/toby/ThirdYearProject/ros2TurtleBot3_ws/install/turtlebot3_teleop/share/ament_index
creating /home/toby/ThirdYearProject/ros2TurtleBot3_ws/install/turtlebot3_teleop/share/ament_index/resource_index
creating /home/toby/ThirdYearProject/ros2TurtleBot3_ws/install/turtlebot3_teleop/share/ament_index/resource_index/packages
copying resource/turtlebot3_teleop -> /home/toby/ThirdYearProject/ros2TurtleBot3_ws/install/turtlebot3_teleop/share/ament_index/resource_index/packages
copying package.xml -> /home/toby/ThirdYearProject/ros2TurtleBot3_ws/install/turtlebot3_teleop/share/turtlebot3_teleop
Invoked command in '/home/toby/ThirdYearProject/ros2TurtleBot3_ws/build/turtlebot3_teleop' returned '0': PYTHONPATH=/home/toby/ThirdYearProject/ros2TurtleBot3_ws/install/turtlebot3_teleop/lib/python3.6/site-packages:${PYTHONPATH} /usr/bin/python3 setup.py develop --prefix /home/toby/ThirdYearProject/ros2TurtleBot3_ws/install/turtlebot3_teleop --editable --build-directory /home/toby/ThirdYearProject/ros2TurtleBot3_ws/build/turtlebot3_teleop/build --no-deps install_data --install-dir /home/toby/ThirdYearProject/ros2TurtleBot3_ws/install/turtlebot3_teleop
