Invoking command in '/home/toby/ros2OnLaptop_ws/build/turtlebot3_description': CMAKE_PREFIX_PATH=/home/toby/ros2OnLaptop_ws/install/vision_opencv:/home/toby/ros2OnLaptop_ws/install/videoRead:/home/toby/ros2OnLaptop_ws/install/turtlebot3:/home/toby/ros2OnLaptop_ws/install/turtlebot3_simulations:/home/toby/ros2OnLaptop_ws/install/turtlebot3_bringup:/home/toby/ros2OnLaptop_ws/install/square_move:/home/toby/ros2OnLaptop_ws/install/turtlebot3_node:/home/toby/ros2OnLaptop_ws/install/turtlebot3_navigation2:/home/toby/ros2OnLaptop_ws/install/turtlebot3_fake_node:/home/toby/ros2OnLaptop_ws/install/turtlebot3_teleop:/home/toby/ros2OnLaptop_ws/install/opencv_tests:/opt/ros/dashing:/home/toby/ros2OnLaptop_ws/install/turtlebot3_msgs:/home/toby/ros2OnLaptop_ws/install/turtlebot3_gazebo:/home/toby/ros2OnLaptop_ws/install/turtlebot3_description:/home/toby/ros2OnLaptop_ws/install/turtlebot3_cartographer:/home/toby/ros2OnLaptop_ws/install/image_transport_plugins:/home/toby/ros2OnLaptop_ws/install/theora_image_transport:/home/toby/ros2OnLaptop_ws/install/image_geometry:/home/toby/ros2OnLaptop_ws/install/hls_lfcd_lds_driver:/home/toby/ros2OnLaptop_ws/install/followIssue:/home/toby/ros2OnLaptop_ws/install/dynamixel_sdk:/home/toby/ros2OnLaptop_ws/install/compressed_image_transport:/home/toby/ros2OnLaptop_ws/install/compressed_depth_image_transport:/home/toby/ros2OnLaptop_ws/install/cv_bridge:/home/toby/ros2OnLaptop_ws/install/cpp_pubsub /usr/bin/cmake --build /home/toby/ros2OnLaptop_ws/build/turtlebot3_description -- -j4 -l4
-- Found ament_cmake: 0.7.3 (/opt/ros/dashing/share/ament_cmake/cmake)
-- Using PYTHON_EXECUTABLE: /usr/bin/python3
-- Override CMake install command with custom implementation using symlinks instead of copying resources
-- Found urdf: 2.2.0 (/opt/ros/dashing/share/urdf/cmake)
-- Configuring done
-- Generating done
-- Build files have been written to: /home/toby/ros2OnLaptop_ws/build/turtlebot3_description
Invoked command in '/home/toby/ros2OnLaptop_ws/build/turtlebot3_description' returned '0': CMAKE_PREFIX_PATH=/home/toby/ros2OnLaptop_ws/install/vision_opencv:/home/toby/ros2OnLaptop_ws/install/videoRead:/home/toby/ros2OnLaptop_ws/install/turtlebot3:/home/toby/ros2OnLaptop_ws/install/turtlebot3_simulations:/home/toby/ros2OnLaptop_ws/install/turtlebot3_bringup:/home/toby/ros2OnLaptop_ws/install/square_move:/home/toby/ros2OnLaptop_ws/install/turtlebot3_node:/home/toby/ros2OnLaptop_ws/install/turtlebot3_navigation2:/home/toby/ros2OnLaptop_ws/install/turtlebot3_fake_node:/home/toby/ros2OnLaptop_ws/install/turtlebot3_teleop:/home/toby/ros2OnLaptop_ws/install/opencv_tests:/opt/ros/dashing:/home/toby/ros2OnLaptop_ws/install/turtlebot3_msgs:/home/toby/ros2OnLaptop_ws/install/turtlebot3_gazebo:/home/toby/ros2OnLaptop_ws/install/turtlebot3_description:/home/toby/ros2OnLaptop_ws/install/turtlebot3_cartographer:/home/toby/ros2OnLaptop_ws/install/image_transport_plugins:/home/toby/ros2OnLaptop_ws/install/theora_image_transport:/home/toby/ros2OnLaptop_ws/install/image_geometry:/home/toby/ros2OnLaptop_ws/install/hls_lfcd_lds_driver:/home/toby/ros2OnLaptop_ws/install/followIssue:/home/toby/ros2OnLaptop_ws/install/dynamixel_sdk:/home/toby/ros2OnLaptop_ws/install/compressed_image_transport:/home/toby/ros2OnLaptop_ws/install/compressed_depth_image_transport:/home/toby/ros2OnLaptop_ws/install/cv_bridge:/home/toby/ros2OnLaptop_ws/install/cpp_pubsub /usr/bin/cmake --build /home/toby/ros2OnLaptop_ws/build/turtlebot3_description -- -j4 -l4
Invoking command in '/home/toby/ros2OnLaptop_ws/build/turtlebot3_description': CMAKE_PREFIX_PATH=/home/toby/ros2OnLaptop_ws/install/vision_opencv:/home/toby/ros2OnLaptop_ws/install/videoRead:/home/toby/ros2OnLaptop_ws/install/turtlebot3:/home/toby/ros2OnLaptop_ws/install/turtlebot3_simulations:/home/toby/ros2OnLaptop_ws/install/turtlebot3_bringup:/home/toby/ros2OnLaptop_ws/install/square_move:/home/toby/ros2OnLaptop_ws/install/turtlebot3_node:/home/toby/ros2OnLaptop_ws/install/turtlebot3_navigation2:/home/toby/ros2OnLaptop_ws/install/turtlebot3_fake_node:/home/toby/ros2OnLaptop_ws/install/turtlebot3_teleop:/home/toby/ros2OnLaptop_ws/install/opencv_tests:/opt/ros/dashing:/home/toby/ros2OnLaptop_ws/install/turtlebot3_msgs:/home/toby/ros2OnLaptop_ws/install/turtlebot3_gazebo:/home/toby/ros2OnLaptop_ws/install/turtlebot3_description:/home/toby/ros2OnLaptop_ws/install/turtlebot3_cartographer:/home/toby/ros2OnLaptop_ws/install/image_transport_plugins:/home/toby/ros2OnLaptop_ws/install/theora_image_transport:/home/toby/ros2OnLaptop_ws/install/image_geometry:/home/toby/ros2OnLaptop_ws/install/hls_lfcd_lds_driver:/home/toby/ros2OnLaptop_ws/install/followIssue:/home/toby/ros2OnLaptop_ws/install/dynamixel_sdk:/home/toby/ros2OnLaptop_ws/install/compressed_image_transport:/home/toby/ros2OnLaptop_ws/install/compressed_depth_image_transport:/home/toby/ros2OnLaptop_ws/install/cv_bridge:/home/toby/ros2OnLaptop_ws/install/cpp_pubsub /usr/bin/cmake --build /home/toby/ros2OnLaptop_ws/build/turtlebot3_description --target install -- -j4 -l4
[36mInstall the project...[0m
-- Install configuration: ""
-- Execute custom install script
-- Up-to-date symlink: /home/toby/ros2OnLaptop_ws/install/turtlebot3_description/share/turtlebot3_description/meshes/bases/burger_base.stl
-- Up-to-date symlink: /home/toby/ros2OnLaptop_ws/install/turtlebot3_description/share/turtlebot3_description/meshes/bases/waffle_base.stl
-- Up-to-date symlink: /home/toby/ros2OnLaptop_ws/install/turtlebot3_description/share/turtlebot3_description/meshes/bases/waffle_pi_base.stl
-- Up-to-date symlink: /home/toby/ros2OnLaptop_ws/install/turtlebot3_description/share/turtlebot3_description/meshes/sensors/astra.dae
-- Up-to-date symlink: /home/toby/ros2OnLaptop_ws/install/turtlebot3_description/share/turtlebot3_description/meshes/sensors/astra.jpg
-- Up-to-date symlink: /home/toby/ros2OnLaptop_ws/install/turtlebot3_description/share/turtlebot3_description/meshes/sensors/lds.stl
-- Up-to-date symlink: /home/toby/ros2OnLaptop_ws/install/turtlebot3_description/share/turtlebot3_description/meshes/sensors/r200.dae
-- Up-to-date symlink: /home/toby/ros2OnLaptop_ws/install/turtlebot3_description/share/turtlebot3_description/meshes/sensors/r200.jpg
-- Up-to-date symlink: /home/toby/ros2OnLaptop_ws/install/turtlebot3_description/share/turtlebot3_description/meshes/wheels/left_tire.stl
-- Up-to-date symlink: /home/toby/ros2OnLaptop_ws/install/turtlebot3_description/share/turtlebot3_description/meshes/wheels/right_tire.stl
-- Up-to-date symlink: /home/toby/ros2OnLaptop_ws/install/turtlebot3_description/share/turtlebot3_description/rviz/model.rviz
-- Up-to-date symlink: /home/toby/ros2OnLaptop_ws/install/turtlebot3_description/share/turtlebot3_description/urdf/common_properties.urdf
-- Up-to-date symlink: /home/toby/ros2OnLaptop_ws/install/turtlebot3_description/share/turtlebot3_description/urdf/turtlebot3_burger.urdf
-- Up-to-date symlink: /home/toby/ros2OnLaptop_ws/install/turtlebot3_description/share/turtlebot3_description/urdf/turtlebot3_waffle.urdf
-- Up-to-date symlink: /home/toby/ros2OnLaptop_ws/install/turtlebot3_description/share/turtlebot3_description/urdf/turtlebot3_waffle_pi.urdf
-- Up-to-date symlink: /home/toby/ros2OnLaptop_ws/install/turtlebot3_description/share/ament_index/resource_index/package_run_dependencies/turtlebot3_description
-- Up-to-date symlink: /home/toby/ros2OnLaptop_ws/install/turtlebot3_description/share/ament_index/resource_index/parent_prefix_path/turtlebot3_description
-- Up-to-date symlink: /home/toby/ros2OnLaptop_ws/install/turtlebot3_description/share/turtlebot3_description/environment/ament_prefix_path.sh
-- Up-to-date symlink: /home/toby/ros2OnLaptop_ws/install/turtlebot3_description/share/turtlebot3_description/environment/path.sh
-- Up-to-date symlink: /home/toby/ros2OnLaptop_ws/install/turtlebot3_description/share/turtlebot3_description/local_setup.bash
-- Up-to-date symlink: /home/toby/ros2OnLaptop_ws/install/turtlebot3_description/share/turtlebot3_description/local_setup.sh
-- Up-to-date symlink: /home/toby/ros2OnLaptop_ws/install/turtlebot3_description/share/turtlebot3_description/local_setup.zsh
-- Up-to-date symlink: /home/toby/ros2OnLaptop_ws/install/turtlebot3_description/share/ament_index/resource_index/packages/turtlebot3_description
-- Up-to-date symlink: /home/toby/ros2OnLaptop_ws/install/turtlebot3_description/share/turtlebot3_description/cmake/turtlebot3_descriptionConfig.cmake
-- Up-to-date symlink: /home/toby/ros2OnLaptop_ws/install/turtlebot3_description/share/turtlebot3_description/cmake/turtlebot3_descriptionConfig-version.cmake
-- Up-to-date symlink: /home/toby/ros2OnLaptop_ws/install/turtlebot3_description/share/turtlebot3_description/package.xml
Invoked command in '/home/toby/ros2OnLaptop_ws/build/turtlebot3_description' returned '0': CMAKE_PREFIX_PATH=/home/toby/ros2OnLaptop_ws/install/vision_opencv:/home/toby/ros2OnLaptop_ws/install/videoRead:/home/toby/ros2OnLaptop_ws/install/turtlebot3:/home/toby/ros2OnLaptop_ws/install/turtlebot3_simulations:/home/toby/ros2OnLaptop_ws/install/turtlebot3_bringup:/home/toby/ros2OnLaptop_ws/install/square_move:/home/toby/ros2OnLaptop_ws/install/turtlebot3_node:/home/toby/ros2OnLaptop_ws/install/turtlebot3_navigation2:/home/toby/ros2OnLaptop_ws/install/turtlebot3_fake_node:/home/toby/ros2OnLaptop_ws/install/turtlebot3_teleop:/home/toby/ros2OnLaptop_ws/install/opencv_tests:/opt/ros/dashing:/home/toby/ros2OnLaptop_ws/install/turtlebot3_msgs:/home/toby/ros2OnLaptop_ws/install/turtlebot3_gazebo:/home/toby/ros2OnLaptop_ws/install/turtlebot3_description:/home/toby/ros2OnLaptop_ws/install/turtlebot3_cartographer:/home/toby/ros2OnLaptop_ws/install/image_transport_plugins:/home/toby/ros2OnLaptop_ws/install/theora_image_transport:/home/toby/ros2OnLaptop_ws/install/image_geometry:/home/toby/ros2OnLaptop_ws/install/hls_lfcd_lds_driver:/home/toby/ros2OnLaptop_ws/install/followIssue:/home/toby/ros2OnLaptop_ws/install/dynamixel_sdk:/home/toby/ros2OnLaptop_ws/install/compressed_image_transport:/home/toby/ros2OnLaptop_ws/install/compressed_depth_image_transport:/home/toby/ros2OnLaptop_ws/install/cv_bridge:/home/toby/ros2OnLaptop_ws/install/cpp_pubsub /usr/bin/cmake --build /home/toby/ros2OnLaptop_ws/build/turtlebot3_description --target install -- -j4 -l4
