[35m[1mScanning dependencies of target VideoRead[0m
[ 50%] [32mBuilding CXX object CMakeFiles/VideoRead.dir/src/VideoRead.cpp.o[0m
[01m[K/home/toby/ros2OnLaptop_ws/src/videoRead/src/VideoRead.cpp:[m[K In function ‘[01m[Kint main(int, char**)[m[K’:
[01m[K/home/toby/ros2OnLaptop_ws/src/videoRead/src/VideoRead.cpp:37:75:[m[K [01;31m[Kerror: [m[Kno matching function for call to ‘[01m[Kimshow(char, char, char, char)[m[K’
     vw = VideoWriter("Test.avi",VideoWriter::fourcc(imshow('M','J','P','G'[01;31m[K)[m[K,24,Size(640,480),true);
                                                                           [01;31m[K^[m[K
In file included from [01m[K/home/toby/ros2OnLaptop_ws/src/videoRead/src/VideoRead.cpp:7:0[m[K:
[01m[K/usr/include/opencv2/highgui.hpp:389:19:[m[K [01;36m[Knote: [m[Kcandidate: void cv::imshow(const cv::String&, cv::InputArray)
 CV_EXPORTS_W void [01;36m[Kimshow[m[K(const String& winname, InputArray mat);
                   [01;36m[K^~~~~~[m[K
[01m[K/usr/include/opencv2/highgui.hpp:389:19:[m[K [01;36m[Knote: [m[K  candidate expects 2 arguments, 4 provided
[01m[K/usr/include/opencv2/highgui.hpp:569:17:[m[K [01;36m[Knote: [m[Kcandidate: void cv::imshow(const cv::String&, const cv::ogl::Texture2D&)
 CV_EXPORTS void [01;36m[Kimshow[m[K(const String& winname, const ogl::Texture2D& tex);
                 [01;36m[K^~~~~~[m[K
[01m[K/usr/include/opencv2/highgui.hpp:569:17:[m[K [01;36m[Knote: [m[K  candidate expects 2 arguments, 4 provided
CMakeFiles/VideoRead.dir/build.make:62: recipe for target 'CMakeFiles/VideoRead.dir/src/VideoRead.cpp.o' failed
make[2]: *** [CMakeFiles/VideoRead.dir/src/VideoRead.cpp.o] Error 1
CMakeFiles/Makefile2:67: recipe for target 'CMakeFiles/VideoRead.dir/all' failed
make[1]: *** [CMakeFiles/VideoRead.dir/all] Error 2
Makefile:140: recipe for target 'all' failed
make: *** [all] Error 2
