Invoking command in '/home/toby/ros2OnLaptop_ws/build/videoRead': CMAKE_PREFIX_PATH=/opt/ros/dashing /usr/bin/cmake --build /home/toby/ros2OnLaptop_ws/build/videoRead -- -j4 -l4
[35m[1mScanning dependencies of target VideoRead[0m
[ 50%] [32mBuilding CXX object CMakeFiles/VideoRead.dir/src/VideoRead.cpp.o[0m
[01m[K/home/toby/ros2OnLaptop_ws/src/videoRead/src/VideoRead.cpp:[m[K In function ‘[01m[Kvoid displayImage(const ConstSharedPtr&)[m[K’:
[01m[K/home/toby/ros2OnLaptop_ws/src/videoRead/src/VideoRead.cpp:17:5:[m[K [01;31m[Kerror: [m[Kexpected ‘[01m[K;[m[K’ before ‘[01m[K}[m[K’ token
     [01;31m[K}[m[K catch (cv_bridge::Exception& e)
     [01;31m[K^[m[K
In file included from [01m[K/opt/ros/dashing/include/rclcpp/service.hpp:33:0[m[K,
                 from [01m[K/opt/ros/dashing/include/rclcpp/callback_group.hpp:25[m[K,
                 from [01m[K/opt/ros/dashing/include/rclcpp/any_executable.hpp:20[m[K,
                 from [01m[K/opt/ros/dashing/include/rclcpp/memory_strategy.hpp:24[m[K,
                 from [01m[K/opt/ros/dashing/include/rclcpp/memory_strategies.hpp:18[m[K,
                 from [01m[K/opt/ros/dashing/include/rclcpp/executor.hpp:33[m[K,
                 from [01m[K/opt/ros/dashing/include/rclcpp/executors/multi_threaded_executor.hpp:24[m[K,
                 from [01m[K/opt/ros/dashing/include/rclcpp/executors.hpp:21[m[K,
                 from [01m[K/opt/ros/dashing/include/rclcpp/rclcpp.hpp:144[m[K,
                 from [01m[K/home/toby/ros2OnLaptop_ws/src/videoRead/src/VideoRead.cpp:2[m[K:
[01m[K/home/toby/ros2OnLaptop_ws/src/videoRead/src/VideoRead.cpp:19:21:[m[K [01;31m[Kerror: [m[Kinvalid use of ‘[01m[Kthis[m[K’ in non-member function
         RCLCPP_INFO([01;31m[Kt[m[Khis->get_logger(),"cv_bridge exception: %s", e.what());
                     [01;31m[K^[m[K
[01m[K/opt/ros/dashing/include/rclcpp/logging.hpp:215:86:[m[K [01;36m[Knote: [m[Kin definition of macro ‘[01m[KRCLCPP_INFO[m[K’
       ::std::is_same<typename std::remove_reference<typename std::remove_cv<decltype([01;36m[Klogger[m[K)>::type>::type, \
                                                                                      [01;36m[K^~~~~~[m[K
[01m[K/home/toby/ros2OnLaptop_ws/src/videoRead/src/VideoRead.cpp:19:21:[m[K [01;31m[Kerror: [m[Kinvalid use of ‘[01m[Kthis[m[K’ in non-member function
         RCLCPP_INFO([01;31m[Kt[m[Khis->get_logger(),"cv_bridge exception: %s", e.what());
                     [01;31m[K^[m[K
[01m[K/opt/ros/dashing/include/rclcpp/logging.hpp:215:86:[m[K [01;36m[Knote: [m[Kin definition of macro ‘[01m[KRCLCPP_INFO[m[K’
       ::std::is_same<typename std::remove_reference<typename std::remove_cv<decltype([01;36m[Klogger[m[K)>::type>::type, \
                                                                                      [01;36m[K^~~~~~[m[K
[01m[K/opt/ros/dashing/include/rclcpp/logging.hpp:215:93:[m[K [01;31m[Kerror: [m[Ktemplate argument 1 is invalid
       ::std::is_same<typename std::remove_reference<typename std::remove_cv<decltype(logger)[01;31m[K>[m[K::type>::type, \
                                                                                             [01;31m[K^[m[K
[01m[K/home/toby/ros2OnLaptop_ws/src/videoRead/src/VideoRead.cpp:19:9:[m[K [01;36m[Knote: [m[Kin expansion of macro ‘[01m[KRCLCPP_INFO[m[K’
         [01;36m[KRCLCPP_INFO[m[K(this->get_logger(),"cv_bridge exception: %s", e.what());
         [01;36m[K^~~~~~~~~~~[m[K
[01m[K/opt/ros/dashing/include/rclcpp/logging.hpp:215:100:[m[K [01;31m[Kerror: [m[Ktemplate argument 1 is invalid
       ::std::is_same<typename std::remove_reference<typename std::remove_cv<decltype(logger)>::type[01;31m[K>[m[K::type, \
                                                                                                    [01;31m[K^[m[K
[01m[K/home/toby/ros2OnLaptop_ws/src/videoRead/src/VideoRead.cpp:19:9:[m[K [01;36m[Knote: [m[Kin expansion of macro ‘[01m[KRCLCPP_INFO[m[K’
         [01;36m[KRCLCPP_INFO[m[K(this->get_logger(),"cv_bridge exception: %s", e.what());
         [01;36m[K^~~~~~~~~~~[m[K
[01m[K/opt/ros/dashing/include/rclcpp/logging.hpp:216:32:[m[K [01;31m[Kerror: [m[Ktemplate argument 1 is invalid
       typename ::rclcpp::Logger[01;31m[K>[m[K::value, \
                                [01;31m[K^[m[K
[01m[K/home/toby/ros2OnLaptop_ws/src/videoRead/src/VideoRead.cpp:19:9:[m[K [01;36m[Knote: [m[Kin expansion of macro ‘[01m[KRCLCPP_INFO[m[K’
         [01;36m[KRCLCPP_INFO[m[K(this->get_logger(),"cv_bridge exception: %s", e.what());
         [01;36m[K^~~~~~~~~~~[m[K
In file included from [01m[K/opt/ros/dashing/include/rclcpp/client.hpp:39:0[m[K,
                 from [01m[K/opt/ros/dashing/include/rclcpp/callback_group.hpp:23[m[K,
                 from [01m[K/opt/ros/dashing/include/rclcpp/any_executable.hpp:20[m[K,
                 from [01m[K/opt/ros/dashing/include/rclcpp/memory_strategy.hpp:24[m[K,
                 from [01m[K/opt/ros/dashing/include/rclcpp/memory_strategies.hpp:18[m[K,
                 from [01m[K/opt/ros/dashing/include/rclcpp/executor.hpp:33[m[K,
                 from [01m[K/opt/ros/dashing/include/rclcpp/executors/multi_threaded_executor.hpp:24[m[K,
                 from [01m[K/opt/ros/dashing/include/rclcpp/executors.hpp:21[m[K,
                 from [01m[K/opt/ros/dashing/include/rclcpp/rclcpp.hpp:144[m[K,
                 from [01m[K/home/toby/ros2OnLaptop_ws/src/videoRead/src/VideoRead.cpp:2[m[K:
[01m[K/home/toby/ros2OnLaptop_ws/src/videoRead/src/VideoRead.cpp:19:21:[m[K [01;31m[Kerror: [m[Kinvalid use of ‘[01m[Kthis[m[K’ in non-member function
         RCLCPP_INFO([01;31m[Kt[m[Khis->get_logger(),"cv_bridge exception: %s", e.what());
                     [01;31m[K^[m[K
[01m[K/opt/ros/dashing/include/rcutils/logging_macros.h:70:47:[m[K [01;36m[Knote: [m[Kin definition of macro ‘[01m[KRCUTILS_LOG_COND_NAMED[m[K’
     if (rcutils_logging_logger_is_enabled_for([01;36m[Kname[m[K, severity)) { \
                                               [01;36m[K^~~~[m[K
[01m[K/opt/ros/dashing/include/rclcpp/logging.hpp:218:5:[m[K [01;36m[Knote: [m[Kin expansion of macro ‘[01m[KRCUTILS_LOG_INFO_NAMED[m[K’
     [01;36m[KRCUTILS_LOG_INFO_NAMED[m[K( \
     [01;36m[K^~~~~~~~~~~~~~~~~~~~~~[m[K
[01m[K/home/toby/ros2OnLaptop_ws/src/videoRead/src/VideoRead.cpp:19:9:[m[K [01;36m[Knote: [m[Kin expansion of macro ‘[01m[KRCLCPP_INFO[m[K’
         [01;36m[KRCLCPP_INFO[m[K(this->get_logger(),"cv_bridge exception: %s", e.what());
         [01;36m[K^~~~~~~~~~~[m[K
[01m[K/home/toby/ros2OnLaptop_ws/src/videoRead/src/VideoRead.cpp:19:21:[m[K [01;31m[Kerror: [m[Kinvalid use of ‘[01m[Kthis[m[K’ in non-member function
         RCLCPP_INFO([01;31m[Kt[m[Khis->get_logger(),"cv_bridge exception: %s", e.what());
                     [01;31m[K^[m[K
[01m[K/opt/ros/dashing/include/rcutils/logging_macros.h:72:58:[m[K [01;36m[Knote: [m[Kin definition of macro ‘[01m[KRCUTILS_LOG_COND_NAMED[m[K’
       rcutils_log(&__rcutils_logging_location, severity, [01;36m[Kname[m[K, __VA_ARGS__); \
                                                          [01;36m[K^~~~[m[K
[01m[K/opt/ros/dashing/include/rclcpp/logging.hpp:218:5:[m[K [01;36m[Knote: [m[Kin expansion of macro ‘[01m[KRCUTILS_LOG_INFO_NAMED[m[K’
     [01;36m[KRCUTILS_LOG_INFO_NAMED[m[K( \
     [01;36m[K^~~~~~~~~~~~~~~~~~~~~~[m[K
[01m[K/home/toby/ros2OnLaptop_ws/src/videoRead/src/VideoRead.cpp:19:9:[m[K [01;36m[Knote: [m[Kin expansion of macro ‘[01m[KRCLCPP_INFO[m[K’
         [01;36m[KRCLCPP_INFO[m[K(this->get_logger(),"cv_bridge exception: %s", e.what());
         [01;36m[K^~~~~~~~~~~[m[K
[01m[K/home/toby/ros2OnLaptop_ws/src/videoRead/src/VideoRead.cpp:[m[K In function ‘[01m[Kint main(int, char**)[m[K’:
[01m[K/home/toby/ros2OnLaptop_ws/src/videoRead/src/VideoRead.cpp:32:51:[m[K [01;31m[Kerror: [m[Kno matching function for call to ‘[01m[Kimage_transport::ImageTransport::ImageTransport(std::__shared_ptr<rclcpp::Node, (__gnu_cxx::_Lock_policy)2>::element_type*)[m[K’
     image_transport::ImageTransport it(node_.get()[01;31m[K)[m[K;
                                                   [01;31m[K^[m[K
In file included from [01m[K/home/toby/ros2OnLaptop_ws/src/videoRead/src/VideoRead.cpp:3:0[m[K:
[01m[K/opt/ros/dashing/include/image_transport/image_transport.h:116:12:[m[K [01;36m[Knote: [m[Kcandidate: image_transport::ImageTransport::ImageTransport(rclcpp::Node::SharedPtr)
   explicit [01;36m[KImageTransport[m[K(rclcpp::Node::SharedPtr node);
            [01;36m[K^~~~~~~~~~~~~~[m[K
[01m[K/opt/ros/dashing/include/image_transport/image_transport.h:116:12:[m[K [01;36m[Knote: [m[K  no known conversion for argument 1 from ‘[01m[Kstd::__shared_ptr<rclcpp::Node, (__gnu_cxx::_Lock_policy)2>::element_type* {aka rclcpp::Node*}[m[K’ to ‘[01m[Krclcpp::Node::SharedPtr {aka std::shared_ptr<rclcpp::Node>}[m[K’
[01m[K/home/toby/ros2OnLaptop_ws/src/videoRead/src/VideoRead.cpp:34:18:[m[K [01;31m[Kerror: [m[Kno matching function for call to ‘[01m[Kspin()[m[K’
     rclcpp::spin([01;31m[K)[m[K;
                  [01;31m[K^[m[K
In file included from [01m[K/opt/ros/dashing/include/rclcpp/rclcpp.hpp:144:0[m[K,
                 from [01m[K/home/toby/ros2OnLaptop_ws/src/videoRead/src/VideoRead.cpp:2[m[K:
[01m[K/opt/ros/dashing/include/rclcpp/executors.hpp:44:1:[m[K [01;36m[Knote: [m[Kcandidate: void rclcpp::spin(rclcpp::node_interfaces::NodeBaseInterface::SharedPtr)
 [01;36m[Kspin[m[K(rclcpp::node_interfaces::NodeBaseInterface::SharedPtr node_ptr);
 [01;36m[K^~~~[m[K
[01m[K/opt/ros/dashing/include/rclcpp/executors.hpp:44:1:[m[K [01;36m[Knote: [m[K  candidate expects 1 argument, 0 provided
[01m[K/opt/ros/dashing/include/rclcpp/executors.hpp:48:1:[m[K [01;36m[Knote: [m[Kcandidate: void rclcpp::spin(rclcpp::Node::SharedPtr)
 [01;36m[Kspin[m[K(rclcpp::Node::SharedPtr node_ptr);
 [01;36m[K^~~~[m[K
[01m[K/opt/ros/dashing/include/rclcpp/executors.hpp:48:1:[m[K [01;36m[Knote: [m[K  candidate expects 1 argument, 0 provided
CMakeFiles/VideoRead.dir/build.make:62: recipe for target 'CMakeFiles/VideoRead.dir/src/VideoRead.cpp.o' failed
make[2]: *** [CMakeFiles/VideoRead.dir/src/VideoRead.cpp.o] Error 1
CMakeFiles/Makefile2:67: recipe for target 'CMakeFiles/VideoRead.dir/all' failed
make[1]: *** [CMakeFiles/VideoRead.dir/all] Error 2
Makefile:140: recipe for target 'all' failed
make: *** [all] Error 2
Invoked command in '/home/toby/ros2OnLaptop_ws/build/videoRead' returned '2': CMAKE_PREFIX_PATH=/opt/ros/dashing /usr/bin/cmake --build /home/toby/ros2OnLaptop_ws/build/videoRead -- -j4 -l4
