Invoking command in '/home/toby/ThirdYearProject/ros2TurtleBot3_ws/build/turtlebot3_msgs': CMAKE_PREFIX_PATH=${CMAKE_PREFIX_PATH}:/home/toby/turtlebot3_ws/install/turtlebot3_teleop:/opt/ros/dashing /usr/bin/cmake /home/toby/ThirdYearProject/ros2TurtleBot3_ws/src/turtlebot3/turtlebot3_msgs -DAMENT_CMAKE_SYMLINK_INSTALL=1 -DCMAKE_INSTALL_PREFIX=/home/toby/ThirdYearProject/ros2TurtleBot3_ws/install/turtlebot3_msgs
-- The C compiler identification is GNU 7.4.0
-- The CXX compiler identification is GNU 7.4.0
-- Check for working C compiler: /usr/bin/cc
-- Check for working C compiler: /usr/bin/cc -- works
-- Detecting C compiler ABI info
-- Detecting C compiler ABI info - done
-- Detecting C compile features
-- Detecting C compile features - done
-- Check for working CXX compiler: /usr/bin/c++
-- Check for working CXX compiler: /usr/bin/c++ -- works
-- Detecting CXX compiler ABI info
-- Detecting CXX compiler ABI info - done
-- Detecting CXX compile features
-- Detecting CXX compile features - done
-- Found action_msgs: 0.7.4 (/opt/ros/dashing/share/action_msgs/cmake)
-- Found PythonInterp: /usr/bin/python3 (found suitable version "3.6.8", minimum required is "3") 
-- Using PYTHON_EXECUTABLE: /usr/bin/python3
-- Override CMake install command with custom implementation using symlinks instead of copying resources
-- Found rosidl_adapter: 0.7.7 (/opt/ros/dashing/share/rosidl_adapter/cmake)
-- Found ament_cmake: 0.7.3 (/opt/ros/dashing/share/ament_cmake/cmake)
-- Found rosidl_default_generators: 0.7.0 (/opt/ros/dashing/share/rosidl_default_generators/cmake)
-- Found OpenSSL: /usr/lib/x86_64-linux-gnu/libcrypto.so (found version "1.1.1") 
-- Found FastRTPS: /opt/ros/dashing/include  
-- Found std_msgs: 0.7.0 (/opt/ros/dashing/share/std_msgs/cmake)
-- Found PythonInterp: /usr/bin/python3 (found version "3.6.8") 
-- Found ament_cmake_cppcheck: 0.7.11 (/opt/ros/dashing/share/ament_cmake_cppcheck/cmake)
-- Found ament_cmake_cpplint: 0.7.11 (/opt/ros/dashing/share/ament_cmake_cpplint/cmake)
-- Found ament_cmake_uncrustify: 0.7.11 (/opt/ros/dashing/share/ament_cmake_uncrustify/cmake)
-- Using single matching rosidl_typesupport_c: rosidl_typesupport_fastrtps_c
-- Using single matching rosidl_typesupport_cpp: rosidl_typesupport_fastrtps_cpp
-- Found rmw_implementation_cmake: 0.7.2 (/opt/ros/dashing/share/rmw_implementation_cmake/cmake)
-- Found PythonInterp: /usr/bin/python3 (found suitable version "3.6.8", minimum required is "3.5") 
-- Found python_cmake_module: 0.7.9 (/opt/ros/dashing/share/python_cmake_module/cmake)
-- Found PythonLibs: /usr/lib/x86_64-linux-gnu/libpython3.6m.so (found suitable version "3.6.8", minimum required is "3.5") 
-- Using PYTHON_EXECUTABLE: /usr/bin/python3
-- Using PYTHON_INCLUDE_DIRS: /usr/include/python3.6m
-- Using PYTHON_LIBRARIES: /usr/lib/x86_64-linux-gnu/libpython3.6m.so
-- Found PythonExtra: .so  
-- Found ament_cmake_flake8: 0.7.11 (/opt/ros/dashing/share/ament_cmake_flake8/cmake)
-- Found ament_cmake_pep257: 0.7.11 (/opt/ros/dashing/share/ament_cmake_pep257/cmake)
-- Configuring done
-- Generating done
-- Build files have been written to: /home/toby/ThirdYearProject/ros2TurtleBot3_ws/build/turtlebot3_msgs
Invoked command in '/home/toby/ThirdYearProject/ros2TurtleBot3_ws/build/turtlebot3_msgs' returned '0': CMAKE_PREFIX_PATH=${CMAKE_PREFIX_PATH}:/home/toby/turtlebot3_ws/install/turtlebot3_teleop:/opt/ros/dashing /usr/bin/cmake /home/toby/ThirdYearProject/ros2TurtleBot3_ws/src/turtlebot3/turtlebot3_msgs -DAMENT_CMAKE_SYMLINK_INSTALL=1 -DCMAKE_INSTALL_PREFIX=/home/toby/ThirdYearProject/ros2TurtleBot3_ws/install/turtlebot3_msgs
Invoking command in '/home/toby/ThirdYearProject/ros2TurtleBot3_ws/build/turtlebot3_msgs': CMAKE_PREFIX_PATH=${CMAKE_PREFIX_PATH}:/home/toby/turtlebot3_ws/install/turtlebot3_teleop:/opt/ros/dashing /usr/bin/cmake --build /home/toby/ThirdYearProject/ros2TurtleBot3_ws/build/turtlebot3_msgs -- -j4 -l4
[  1%] [34m[1mGenerating C code for ROS interfaces[0m
[35m[1mScanning dependencies of target turtlebot3_msgs__cpp[0m
[  3%] [34m[1mGenerating C++ code for ROS interfaces[0m
[  3%] Built target turtlebot3_msgs__cpp
[  4%] [34m[1mGenerating C++ type support for eProsima Fast-RTPS[0m
[  6%] [34m[1mGenerating C++ introspection for ROS interfaces[0m
[35m[1mScanning dependencies of target turtlebot3_msgs__rosidl_generator_c[0m
[  8%] [32mBuilding C object CMakeFiles/turtlebot3_msgs__rosidl_generator_c.dir/rosidl_generator_c/turtlebot3_msgs/msg/sensor_state__functions.c.o[0m
[  9%] [32mBuilding C object CMakeFiles/turtlebot3_msgs__rosidl_generator_c.dir/rosidl_generator_c/turtlebot3_msgs/msg/sound__functions.c.o[0m
[ 11%] [32mBuilding C object CMakeFiles/turtlebot3_msgs__rosidl_generator_c.dir/rosidl_generator_c/turtlebot3_msgs/msg/version_info__functions.c.o[0m
[ 13%] [32mBuilding C object CMakeFiles/turtlebot3_msgs__rosidl_generator_c.dir/rosidl_generator_c/turtlebot3_msgs/srv/sound__functions.c.o[0m
[ 14%] [32mBuilding C object CMakeFiles/turtlebot3_msgs__rosidl_generator_c.dir/rosidl_generator_c/turtlebot3_msgs/action/patrol__functions.c.o[0m
[ 16%] [32m[1mLinking C shared library libturtlebot3_msgs__rosidl_generator_c.so[0m
[ 16%] Built target turtlebot3_msgs__rosidl_generator_c
[ 18%] [34m[1mGenerating C introspection for ROS interfaces[0m
[35m[1mScanning dependencies of target turtlebot3_msgs__rosidl_typesupport_fastrtps_cpp[0m
[35m[1mScanning dependencies of target turtlebot3_msgs__rosidl_typesupport_introspection_cpp[0m
[ 19%] [32mBuilding CXX object CMakeFiles/turtlebot3_msgs__rosidl_typesupport_introspection_cpp.dir/rosidl_typesupport_introspection_cpp/turtlebot3_msgs/msg/sensor_state__type_support.cpp.o[0m
[ 21%] [32mBuilding CXX object CMakeFiles/turtlebot3_msgs__rosidl_typesupport_fastrtps_cpp.dir/rosidl_typesupport_fastrtps_cpp/turtlebot3_msgs/msg/dds_fastrtps/sound__type_support.cpp.o[0m
[ 22%] [32mBuilding CXX object CMakeFiles/turtlebot3_msgs__rosidl_typesupport_fastrtps_cpp.dir/rosidl_typesupport_fastrtps_cpp/turtlebot3_msgs/msg/dds_fastrtps/sensor_state__type_support.cpp.o[0m
[ 24%] [32mBuilding CXX object CMakeFiles/turtlebot3_msgs__rosidl_typesupport_introspection_cpp.dir/rosidl_typesupport_introspection_cpp/turtlebot3_msgs/msg/sound__type_support.cpp.o[0m
[35m[1mScanning dependencies of target turtlebot3_msgs__rosidl_typesupport_introspection_c[0m
[ 26%] [32mBuilding C object CMakeFiles/turtlebot3_msgs__rosidl_typesupport_introspection_c.dir/rosidl_typesupport_introspection_c/turtlebot3_msgs/msg/sensor_state__type_support.c.o[0m
[ 27%] [32mBuilding C object CMakeFiles/turtlebot3_msgs__rosidl_typesupport_introspection_c.dir/rosidl_typesupport_introspection_c/turtlebot3_msgs/msg/version_info__type_support.c.o[0m
[ 29%] [32mBuilding C object CMakeFiles/turtlebot3_msgs__rosidl_typesupport_introspection_c.dir/rosidl_typesupport_introspection_c/turtlebot3_msgs/msg/sound__type_support.c.o[0m
[ 31%] [32mBuilding C object CMakeFiles/turtlebot3_msgs__rosidl_typesupport_introspection_c.dir/rosidl_typesupport_introspection_c/turtlebot3_msgs/srv/sound__type_support.c.o[0m
[ 32%] [32mBuilding CXX object CMakeFiles/turtlebot3_msgs__rosidl_typesupport_fastrtps_cpp.dir/rosidl_typesupport_fastrtps_cpp/turtlebot3_msgs/msg/dds_fastrtps/version_info__type_support.cpp.o[0m
[ 34%] [32mBuilding C object CMakeFiles/turtlebot3_msgs__rosidl_typesupport_introspection_c.dir/rosidl_typesupport_introspection_c/turtlebot3_msgs/action/patrol__type_support.c.o[0m
[ 36%] [32mBuilding CXX object CMakeFiles/turtlebot3_msgs__rosidl_typesupport_fastrtps_cpp.dir/rosidl_typesupport_fastrtps_cpp/turtlebot3_msgs/srv/dds_fastrtps/sound__type_support.cpp.o[0m
[ 37%] [32m[1mLinking C shared library libturtlebot3_msgs__rosidl_typesupport_introspection_c.so[0m
[ 39%] [32mBuilding CXX object CMakeFiles/turtlebot3_msgs__rosidl_typesupport_introspection_cpp.dir/rosidl_typesupport_introspection_cpp/turtlebot3_msgs/msg/version_info__type_support.cpp.o[0m
[ 39%] Built target turtlebot3_msgs__rosidl_typesupport_introspection_c
[ 40%] [32mBuilding CXX object CMakeFiles/turtlebot3_msgs__rosidl_typesupport_introspection_cpp.dir/rosidl_typesupport_introspection_cpp/turtlebot3_msgs/srv/sound__type_support.cpp.o[0m
[ 42%] [32mBuilding CXX object CMakeFiles/turtlebot3_msgs__rosidl_typesupport_introspection_cpp.dir/rosidl_typesupport_introspection_cpp/turtlebot3_msgs/action/patrol__type_support.cpp.o[0m
[ 44%] [32mBuilding CXX object CMakeFiles/turtlebot3_msgs__rosidl_typesupport_fastrtps_cpp.dir/rosidl_typesupport_fastrtps_cpp/turtlebot3_msgs/action/dds_fastrtps/patrol__type_support.cpp.o[0m
[ 45%] [32m[1mLinking CXX shared library libturtlebot3_msgs__rosidl_typesupport_introspection_cpp.so[0m
[ 45%] Built target turtlebot3_msgs__rosidl_typesupport_introspection_cpp
[ 47%] [32m[1mLinking CXX shared library libturtlebot3_msgs__rosidl_typesupport_fastrtps_cpp.so[0m
[ 47%] Built target turtlebot3_msgs__rosidl_typesupport_fastrtps_cpp
[ 49%] [34m[1mGenerating C type support for eProsima Fast-RTPS[0m
[ 50%] [34m[1mGenerating C++ type support dispatch for ROS interfaces[0m
[35m[1mScanning dependencies of target turtlebot3_msgs__rosidl_typesupport_cpp[0m
[ 52%] [32mBuilding CXX object CMakeFiles/turtlebot3_msgs__rosidl_typesupport_cpp.dir/rosidl_typesupport_cpp/turtlebot3_msgs/msg/sound__type_support.cpp.o[0m
[ 54%] [32mBuilding CXX object CMakeFiles/turtlebot3_msgs__rosidl_typesupport_cpp.dir/rosidl_typesupport_cpp/turtlebot3_msgs/msg/sensor_state__type_support.cpp.o[0m
[ 55%] [32mBuilding CXX object CMakeFiles/turtlebot3_msgs__rosidl_typesupport_cpp.dir/rosidl_typesupport_cpp/turtlebot3_msgs/msg/version_info__type_support.cpp.o[0m
[35m[1mScanning dependencies of target turtlebot3_msgs__rosidl_typesupport_fastrtps_c[0m
[ 57%] [32mBuilding CXX object CMakeFiles/turtlebot3_msgs__rosidl_typesupport_fastrtps_c.dir/rosidl_typesupport_fastrtps_c/turtlebot3_msgs/msg/sensor_state__type_support_c.cpp.o[0m
[ 59%] [32mBuilding CXX object CMakeFiles/turtlebot3_msgs__rosidl_typesupport_fastrtps_c.dir/rosidl_typesupport_fastrtps_c/turtlebot3_msgs/msg/sound__type_support_c.cpp.o[0m
[ 60%] [32mBuilding CXX object CMakeFiles/turtlebot3_msgs__rosidl_typesupport_cpp.dir/rosidl_typesupport_cpp/turtlebot3_msgs/srv/sound__type_support.cpp.o[0m
[ 62%] [32mBuilding CXX object CMakeFiles/turtlebot3_msgs__rosidl_typesupport_cpp.dir/rosidl_typesupport_cpp/turtlebot3_msgs/action/patrol__type_support.cpp.o[0m
[ 63%] [32mBuilding CXX object CMakeFiles/turtlebot3_msgs__rosidl_typesupport_fastrtps_c.dir/rosidl_typesupport_fastrtps_c/turtlebot3_msgs/msg/version_info__type_support_c.cpp.o[0m
[ 65%] [32mBuilding CXX object CMakeFiles/turtlebot3_msgs__rosidl_typesupport_fastrtps_c.dir/rosidl_typesupport_fastrtps_c/turtlebot3_msgs/srv/sound__type_support_c.cpp.o[0m
[ 67%] [32mBuilding CXX object CMakeFiles/turtlebot3_msgs__rosidl_typesupport_fastrtps_c.dir/rosidl_typesupport_fastrtps_c/turtlebot3_msgs/action/patrol__type_support_c.cpp.o[0m
[ 68%] [32m[1mLinking CXX shared library libturtlebot3_msgs__rosidl_typesupport_cpp.so[0m
[ 68%] Built target turtlebot3_msgs__rosidl_typesupport_cpp
[ 70%] [32m[1mLinking CXX shared library libturtlebot3_msgs__rosidl_typesupport_fastrtps_c.so[0m
[ 70%] Built target turtlebot3_msgs__rosidl_typesupport_fastrtps_c
[ 72%] [34m[1mGenerating C type support dispatch for ROS interfaces[0m
[35m[1mScanning dependencies of target turtlebot3_msgs__rosidl_typesupport_c[0m
[ 77%] [32mBuilding CXX object CMakeFiles/turtlebot3_msgs__rosidl_typesupport_c.dir/rosidl_typesupport_c/turtlebot3_msgs/msg/sensor_state__type_support.cpp.o[0m
[ 77%] [32mBuilding CXX object CMakeFiles/turtlebot3_msgs__rosidl_typesupport_c.dir/rosidl_typesupport_c/turtlebot3_msgs/msg/version_info__type_support.cpp.o[0m
[ 77%] [32mBuilding CXX object CMakeFiles/turtlebot3_msgs__rosidl_typesupport_c.dir/rosidl_typesupport_c/turtlebot3_msgs/msg/sound__type_support.cpp.o[0m
[ 78%] [32mBuilding CXX object CMakeFiles/turtlebot3_msgs__rosidl_typesupport_c.dir/rosidl_typesupport_c/turtlebot3_msgs/srv/sound__type_support.cpp.o[0m
[ 80%] [32mBuilding CXX object CMakeFiles/turtlebot3_msgs__rosidl_typesupport_c.dir/rosidl_typesupport_c/turtlebot3_msgs/action/patrol__type_support.cpp.o[0m
[ 81%] [32m[1mLinking CXX shared library libturtlebot3_msgs__rosidl_typesupport_c.so[0m
[ 81%] Built target turtlebot3_msgs__rosidl_typesupport_c
[35m[1mScanning dependencies of target turtlebot3_msgs[0m
[ 81%] Built target turtlebot3_msgs
[35m[1mScanning dependencies of target turtlebot3_msgs__py[0m
[ 83%] [34m[1mGenerating Python code for ROS interfaces[0m
[ 83%] Built target turtlebot3_msgs__py
[35m[1mScanning dependencies of target turtlebot3_msgs__python[0m
[ 88%] [32mBuilding C object CMakeFiles/turtlebot3_msgs__python.dir/rosidl_generator_py/turtlebot3_msgs/msg/_sensor_state_s.c.o[0m
[ 88%] [32mBuilding C object CMakeFiles/turtlebot3_msgs__python.dir/rosidl_generator_py/turtlebot3_msgs/msg/_version_info_s.c.o[0m
[ 88%] [32mBuilding C object CMakeFiles/turtlebot3_msgs__python.dir/rosidl_generator_py/turtlebot3_msgs/msg/_sound_s.c.o[0m
[ 90%] [32mBuilding C object CMakeFiles/turtlebot3_msgs__python.dir/rosidl_generator_py/turtlebot3_msgs/srv/_sound_s.c.o[0m
[ 91%] [32mBuilding C object CMakeFiles/turtlebot3_msgs__python.dir/rosidl_generator_py/turtlebot3_msgs/action/_patrol_s.c.o[0m
[ 93%] [32m[1mLinking C shared library rosidl_generator_py/turtlebot3_msgs/libturtlebot3_msgs__python.so[0m
[ 93%] Built target turtlebot3_msgs__python
[35m[1mScanning dependencies of target turtlebot3_msgs__rosidl_typesupport_fastrtps_c__pyext[0m
[35m[1mScanning dependencies of target turtlebot3_msgs__rosidl_typesupport_c__pyext[0m
[ 96%] [32mBuilding C object CMakeFiles/turtlebot3_msgs__rosidl_typesupport_c__pyext.dir/rosidl_generator_py/turtlebot3_msgs/_turtlebot3_msgs_s.ep.rosidl_typesupport_c.c.o[0m
[ 96%] [32mBuilding C object CMakeFiles/turtlebot3_msgs__rosidl_typesupport_fastrtps_c__pyext.dir/rosidl_generator_py/turtlebot3_msgs/_turtlebot3_msgs_s.ep.rosidl_typesupport_fastrtps_c.c.o[0m
[100%] [32m[1mLinking C shared library rosidl_generator_py/turtlebot3_msgs/turtlebot3_msgs_s__rosidl_typesupport_fastrtps_c.cpython-36m-x86_64-linux-gnu.so[0m
[100%] [32m[1mLinking C shared library rosidl_generator_py/turtlebot3_msgs/turtlebot3_msgs_s__rosidl_typesupport_c.cpython-36m-x86_64-linux-gnu.so[0m
[100%] Built target turtlebot3_msgs__rosidl_typesupport_c__pyext
[100%] Built target turtlebot3_msgs__rosidl_typesupport_fastrtps_c__pyext
Invoked command in '/home/toby/ThirdYearProject/ros2TurtleBot3_ws/build/turtlebot3_msgs' returned '0': CMAKE_PREFIX_PATH=${CMAKE_PREFIX_PATH}:/home/toby/turtlebot3_ws/install/turtlebot3_teleop:/opt/ros/dashing /usr/bin/cmake --build /home/toby/ThirdYearProject/ros2TurtleBot3_ws/build/turtlebot3_msgs -- -j4 -l4
Invoking command in '/home/toby/ThirdYearProject/ros2TurtleBot3_ws/build/turtlebot3_msgs': CMAKE_PREFIX_PATH=${CMAKE_PREFIX_PATH}:/home/toby/turtlebot3_ws/install/turtlebot3_teleop:/opt/ros/dashing /usr/bin/cmake --build /home/toby/ThirdYearProject/ros2TurtleBot3_ws/build/turtlebot3_msgs --target install -- -j4 -l4
[  1%] Built target turtlebot3_msgs__cpp
[ 13%] Built target turtlebot3_msgs__rosidl_generator_c
[ 24%] Built target turtlebot3_msgs__rosidl_typesupport_introspection_cpp
[ 36%] Built target turtlebot3_msgs__rosidl_typesupport_fastrtps_cpp
[ 47%] Built target turtlebot3_msgs__rosidl_typesupport_introspection_c
[ 70%] Built target turtlebot3_msgs__rosidl_typesupport_fastrtps_c
[ 70%] Built target turtlebot3_msgs__rosidl_typesupport_cpp
[ 81%] Built target turtlebot3_msgs__rosidl_typesupport_c
[ 81%] Built target turtlebot3_msgs
[ 83%] Built target turtlebot3_msgs__py
[ 93%] Built target turtlebot3_msgs__python
[100%] Built target turtlebot3_msgs__rosidl_typesupport_c__pyext
[100%] Built target turtlebot3_msgs__rosidl_typesupport_fastrtps_c__pyext
[36mInstall the project...[0m
-- Install configuration: ""
-- Execute custom install script
-- Symlinking: /home/toby/ThirdYearProject/ros2TurtleBot3_ws/install/turtlebot3_msgs/share/ament_index/resource_index/rosidl_interfaces/turtlebot3_msgs
-- Symlinking: /home/toby/ThirdYearProject/ros2TurtleBot3_ws/install/turtlebot3_msgs/include/turtlebot3_msgs/action/patrol.hpp
-- Symlinking: /home/toby/ThirdYearProject/ros2TurtleBot3_ws/install/turtlebot3_msgs/include/turtlebot3_msgs/action/patrol__struct.hpp
-- Symlinking: /home/toby/ThirdYearProject/ros2TurtleBot3_ws/install/turtlebot3_msgs/include/turtlebot3_msgs/action/patrol__traits.hpp
-- Symlinking: /home/toby/ThirdYearProject/ros2TurtleBot3_ws/install/turtlebot3_msgs/include/turtlebot3_msgs/msg/sensor_state.hpp
-- Symlinking: /home/toby/ThirdYearProject/ros2TurtleBot3_ws/install/turtlebot3_msgs/include/turtlebot3_msgs/msg/sensor_state__struct.hpp
-- Symlinking: /home/toby/ThirdYearProject/ros2TurtleBot3_ws/install/turtlebot3_msgs/include/turtlebot3_msgs/msg/sensor_state__traits.hpp
-- Symlinking: /home/toby/ThirdYearProject/ros2TurtleBot3_ws/install/turtlebot3_msgs/include/turtlebot3_msgs/msg/sound.hpp
-- Symlinking: /home/toby/ThirdYearProject/ros2TurtleBot3_ws/install/turtlebot3_msgs/include/turtlebot3_msgs/msg/sound__struct.hpp
-- Symlinking: /home/toby/ThirdYearProject/ros2TurtleBot3_ws/install/turtlebot3_msgs/include/turtlebot3_msgs/msg/sound__traits.hpp
-- Symlinking: /home/toby/ThirdYearProject/ros2TurtleBot3_ws/install/turtlebot3_msgs/include/turtlebot3_msgs/msg/version_info.hpp
-- Symlinking: /home/toby/ThirdYearProject/ros2TurtleBot3_ws/install/turtlebot3_msgs/include/turtlebot3_msgs/msg/version_info__struct.hpp
-- Symlinking: /home/toby/ThirdYearProject/ros2TurtleBot3_ws/install/turtlebot3_msgs/include/turtlebot3_msgs/msg/version_info__traits.hpp
-- Symlinking: /home/toby/ThirdYearProject/ros2TurtleBot3_ws/install/turtlebot3_msgs/include/turtlebot3_msgs/srv/sound.hpp
-- Symlinking: /home/toby/ThirdYearProject/ros2TurtleBot3_ws/install/turtlebot3_msgs/include/turtlebot3_msgs/srv/sound__struct.hpp
-- Symlinking: /home/toby/ThirdYearProject/ros2TurtleBot3_ws/install/turtlebot3_msgs/include/turtlebot3_msgs/srv/sound__traits.hpp
-- Symlinking: /home/toby/ThirdYearProject/ros2TurtleBot3_ws/install/turtlebot3_msgs/include/turtlebot3_msgs/action/patrol.h
-- Symlinking: /home/toby/ThirdYearProject/ros2TurtleBot3_ws/install/turtlebot3_msgs/include/turtlebot3_msgs/action/patrol__functions.h
-- Symlinking: /home/toby/ThirdYearProject/ros2TurtleBot3_ws/install/turtlebot3_msgs/include/turtlebot3_msgs/action/patrol__struct.h
-- Symlinking: /home/toby/ThirdYearProject/ros2TurtleBot3_ws/install/turtlebot3_msgs/include/turtlebot3_msgs/action/patrol__type_support.h
-- Symlinking: /home/toby/ThirdYearProject/ros2TurtleBot3_ws/install/turtlebot3_msgs/include/turtlebot3_msgs/msg/rosidl_generator_c__visibility_control.h
-- Symlinking: /home/toby/ThirdYearProject/ros2TurtleBot3_ws/install/turtlebot3_msgs/include/turtlebot3_msgs/msg/sensor_state.h
-- Symlinking: /home/toby/ThirdYearProject/ros2TurtleBot3_ws/install/turtlebot3_msgs/include/turtlebot3_msgs/msg/sensor_state__functions.h
-- Symlinking: /home/toby/ThirdYearProject/ros2TurtleBot3_ws/install/turtlebot3_msgs/include/turtlebot3_msgs/msg/sensor_state__struct.h
-- Symlinking: /home/toby/ThirdYearProject/ros2TurtleBot3_ws/install/turtlebot3_msgs/include/turtlebot3_msgs/msg/sensor_state__type_support.h
-- Symlinking: /home/toby/ThirdYearProject/ros2TurtleBot3_ws/install/turtlebot3_msgs/include/turtlebot3_msgs/msg/sound.h
-- Symlinking: /home/toby/ThirdYearProject/ros2TurtleBot3_ws/install/turtlebot3_msgs/include/turtlebot3_msgs/msg/sound__functions.h
-- Symlinking: /home/toby/ThirdYearProject/ros2TurtleBot3_ws/install/turtlebot3_msgs/include/turtlebot3_msgs/msg/sound__struct.h
-- Symlinking: /home/toby/ThirdYearProject/ros2TurtleBot3_ws/install/turtlebot3_msgs/include/turtlebot3_msgs/msg/sound__type_support.h
-- Symlinking: /home/toby/ThirdYearProject/ros2TurtleBot3_ws/install/turtlebot3_msgs/include/turtlebot3_msgs/msg/version_info.h
-- Symlinking: /home/toby/ThirdYearProject/ros2TurtleBot3_ws/install/turtlebot3_msgs/include/turtlebot3_msgs/msg/version_info__functions.h
-- Symlinking: /home/toby/ThirdYearProject/ros2TurtleBot3_ws/install/turtlebot3_msgs/include/turtlebot3_msgs/msg/version_info__struct.h
-- Symlinking: /home/toby/ThirdYearProject/ros2TurtleBot3_ws/install/turtlebot3_msgs/include/turtlebot3_msgs/msg/version_info__type_support.h
-- Symlinking: /home/toby/ThirdYearProject/ros2TurtleBot3_ws/install/turtlebot3_msgs/include/turtlebot3_msgs/srv/sound.h
-- Symlinking: /home/toby/ThirdYearProject/ros2TurtleBot3_ws/install/turtlebot3_msgs/include/turtlebot3_msgs/srv/sound__functions.h
-- Symlinking: /home/toby/ThirdYearProject/ros2TurtleBot3_ws/install/turtlebot3_msgs/include/turtlebot3_msgs/srv/sound__struct.h
-- Symlinking: /home/toby/ThirdYearProject/ros2TurtleBot3_ws/install/turtlebot3_msgs/include/turtlebot3_msgs/srv/sound__type_support.h
-- Symlinking: /home/toby/ThirdYearProject/ros2TurtleBot3_ws/install/turtlebot3_msgs/share/turtlebot3_msgs/environment/library_path.sh
-- Symlinking: /home/toby/ThirdYearProject/ros2TurtleBot3_ws/install/turtlebot3_msgs/lib/libturtlebot3_msgs__rosidl_generator_c.so
-- Symlinking: /home/toby/ThirdYearProject/ros2TurtleBot3_ws/install/turtlebot3_msgs/lib/libturtlebot3_msgs__rosidl_typesupport_c.so
-- Symlinking: /home/toby/ThirdYearProject/ros2TurtleBot3_ws/install/turtlebot3_msgs/lib/libturtlebot3_msgs__rosidl_typesupport_cpp.so
-- Symlinking: /home/toby/ThirdYearProject/ros2TurtleBot3_ws/install/turtlebot3_msgs/include/turtlebot3_msgs/action/patrol__rosidl_typesupport_introspection_c.h
-- Symlinking: /home/toby/ThirdYearProject/ros2TurtleBot3_ws/install/turtlebot3_msgs/include/turtlebot3_msgs/msg/rosidl_typesupport_introspection_c__visibility_control.h
-- Symlinking: /home/toby/ThirdYearProject/ros2TurtleBot3_ws/install/turtlebot3_msgs/include/turtlebot3_msgs/msg/sensor_state__rosidl_typesupport_introspection_c.h
-- Symlinking: /home/toby/ThirdYearProject/ros2TurtleBot3_ws/install/turtlebot3_msgs/include/turtlebot3_msgs/msg/sound__rosidl_typesupport_introspection_c.h
-- Symlinking: /home/toby/ThirdYearProject/ros2TurtleBot3_ws/install/turtlebot3_msgs/include/turtlebot3_msgs/msg/version_info__rosidl_typesupport_introspection_c.h
-- Symlinking: /home/toby/ThirdYearProject/ros2TurtleBot3_ws/install/turtlebot3_msgs/include/turtlebot3_msgs/srv/sound__rosidl_typesupport_introspection_c.h
-- Symlinking: /home/toby/ThirdYearProject/ros2TurtleBot3_ws/install/turtlebot3_msgs/lib/libturtlebot3_msgs__rosidl_typesupport_introspection_c.so
-- Symlinking: /home/toby/ThirdYearProject/ros2TurtleBot3_ws/install/turtlebot3_msgs/include/turtlebot3_msgs/action/patrol__rosidl_typesupport_introspection_cpp.hpp
-- Symlinking: /home/toby/ThirdYearProject/ros2TurtleBot3_ws/install/turtlebot3_msgs/include/turtlebot3_msgs/msg/sensor_state__rosidl_typesupport_introspection_cpp.hpp
-- Symlinking: /home/toby/ThirdYearProject/ros2TurtleBot3_ws/install/turtlebot3_msgs/include/turtlebot3_msgs/msg/sound__rosidl_typesupport_introspection_cpp.hpp
-- Symlinking: /home/toby/ThirdYearProject/ros2TurtleBot3_ws/install/turtlebot3_msgs/include/turtlebot3_msgs/msg/version_info__rosidl_typesupport_introspection_cpp.hpp
-- Symlinking: /home/toby/ThirdYearProject/ros2TurtleBot3_ws/install/turtlebot3_msgs/include/turtlebot3_msgs/srv/sound__rosidl_typesupport_introspection_cpp.hpp
-- Symlinking: /home/toby/ThirdYearProject/ros2TurtleBot3_ws/install/turtlebot3_msgs/lib/libturtlebot3_msgs__rosidl_typesupport_introspection_cpp.so
-- Symlinking: /home/toby/ThirdYearProject/ros2TurtleBot3_ws/install/turtlebot3_msgs/include/turtlebot3_msgs/action/patrol__rosidl_typesupport_fastrtps_c.h
-- Symlinking: /home/toby/ThirdYearProject/ros2TurtleBot3_ws/install/turtlebot3_msgs/include/turtlebot3_msgs/msg/rosidl_typesupport_fastrtps_c__visibility_control.h
-- Symlinking: /home/toby/ThirdYearProject/ros2TurtleBot3_ws/install/turtlebot3_msgs/include/turtlebot3_msgs/msg/sensor_state__rosidl_typesupport_fastrtps_c.h
-- Symlinking: /home/toby/ThirdYearProject/ros2TurtleBot3_ws/install/turtlebot3_msgs/include/turtlebot3_msgs/msg/sound__rosidl_typesupport_fastrtps_c.h
-- Symlinking: /home/toby/ThirdYearProject/ros2TurtleBot3_ws/install/turtlebot3_msgs/include/turtlebot3_msgs/msg/version_info__rosidl_typesupport_fastrtps_c.h
-- Symlinking: /home/toby/ThirdYearProject/ros2TurtleBot3_ws/install/turtlebot3_msgs/include/turtlebot3_msgs/srv/sound__rosidl_typesupport_fastrtps_c.h
-- Symlinking: /home/toby/ThirdYearProject/ros2TurtleBot3_ws/install/turtlebot3_msgs/lib/libturtlebot3_msgs__rosidl_typesupport_fastrtps_c.so
-- Symlinking: /home/toby/ThirdYearProject/ros2TurtleBot3_ws/install/turtlebot3_msgs/include/turtlebot3_msgs/action/patrol__rosidl_typesupport_fastrtps_cpp.hpp
-- Symlinking: /home/toby/ThirdYearProject/ros2TurtleBot3_ws/install/turtlebot3_msgs/include/turtlebot3_msgs/msg/rosidl_typesupport_fastrtps_cpp__visibility_control.h
-- Symlinking: /home/toby/ThirdYearProject/ros2TurtleBot3_ws/install/turtlebot3_msgs/include/turtlebot3_msgs/msg/sensor_state__rosidl_typesupport_fastrtps_cpp.hpp
-- Symlinking: /home/toby/ThirdYearProject/ros2TurtleBot3_ws/install/turtlebot3_msgs/include/turtlebot3_msgs/msg/sound__rosidl_typesupport_fastrtps_cpp.hpp
-- Symlinking: /home/toby/ThirdYearProject/ros2TurtleBot3_ws/install/turtlebot3_msgs/include/turtlebot3_msgs/msg/version_info__rosidl_typesupport_fastrtps_cpp.hpp
-- Symlinking: /home/toby/ThirdYearProject/ros2TurtleBot3_ws/install/turtlebot3_msgs/include/turtlebot3_msgs/srv/sound__rosidl_typesupport_fastrtps_cpp.hpp
-- Symlinking: /home/toby/ThirdYearProject/ros2TurtleBot3_ws/install/turtlebot3_msgs/lib/libturtlebot3_msgs__rosidl_typesupport_fastrtps_cpp.so
-- Symlinking: /home/toby/ThirdYearProject/ros2TurtleBot3_ws/install/turtlebot3_msgs/share/turtlebot3_msgs/environment/pythonpath.sh
-- Symlinking: /home/toby/ThirdYearProject/ros2TurtleBot3_ws/install/turtlebot3_msgs/lib/python3.6/site-packages/turtlebot3_msgs/__init__.py
-- Symlinking: /home/toby/ThirdYearProject/ros2TurtleBot3_ws/install/turtlebot3_msgs/lib/python3.6/site-packages/turtlebot3_msgs/msg/__init__.py
-- Symlinking: /home/toby/ThirdYearProject/ros2TurtleBot3_ws/install/turtlebot3_msgs/lib/python3.6/site-packages/turtlebot3_msgs/msg/_sensor_state.py
-- Symlinking: /home/toby/ThirdYearProject/ros2TurtleBot3_ws/install/turtlebot3_msgs/lib/python3.6/site-packages/turtlebot3_msgs/msg/_sound.py
-- Symlinking: /home/toby/ThirdYearProject/ros2TurtleBot3_ws/install/turtlebot3_msgs/lib/python3.6/site-packages/turtlebot3_msgs/msg/_version_info.py
-- Symlinking: /home/toby/ThirdYearProject/ros2TurtleBot3_ws/install/turtlebot3_msgs/lib/python3.6/site-packages/turtlebot3_msgs/srv/__init__.py
-- Symlinking: /home/toby/ThirdYearProject/ros2TurtleBot3_ws/install/turtlebot3_msgs/lib/python3.6/site-packages/turtlebot3_msgs/srv/_sound.py
-- Symlinking: /home/toby/ThirdYearProject/ros2TurtleBot3_ws/install/turtlebot3_msgs/lib/python3.6/site-packages/turtlebot3_msgs/action/__init__.py
-- Symlinking: /home/toby/ThirdYearProject/ros2TurtleBot3_ws/install/turtlebot3_msgs/lib/python3.6/site-packages/turtlebot3_msgs/action/_patrol.py
-- Symlinking: /home/toby/ThirdYearProject/ros2TurtleBot3_ws/install/turtlebot3_msgs/lib/python3.6/site-packages/turtlebot3_msgs/turtlebot3_msgs_s__rosidl_typesupport_c.cpython-36m-x86_64-linux-gnu.so
-- Symlinking: /home/toby/ThirdYearProject/ros2TurtleBot3_ws/install/turtlebot3_msgs/lib/python3.6/site-packages/turtlebot3_msgs/turtlebot3_msgs_s__rosidl_typesupport_fastrtps_c.cpython-36m-x86_64-linux-gnu.so
-- Symlinking: /home/toby/ThirdYearProject/ros2TurtleBot3_ws/install/turtlebot3_msgs/lib/libturtlebot3_msgs__python.so
-- Symlinking: /home/toby/ThirdYearProject/ros2TurtleBot3_ws/install/turtlebot3_msgs/share/turtlebot3_msgs/msg/SensorState.idl
-- Symlinking: /home/toby/ThirdYearProject/ros2TurtleBot3_ws/install/turtlebot3_msgs/share/turtlebot3_msgs/msg/Sound.idl
-- Symlinking: /home/toby/ThirdYearProject/ros2TurtleBot3_ws/install/turtlebot3_msgs/share/turtlebot3_msgs/msg/VersionInfo.idl
-- Symlinking: /home/toby/ThirdYearProject/ros2TurtleBot3_ws/install/turtlebot3_msgs/share/turtlebot3_msgs/srv/Sound.idl
-- Symlinking: /home/toby/ThirdYearProject/ros2TurtleBot3_ws/install/turtlebot3_msgs/share/turtlebot3_msgs/action/Patrol.idl
-- Symlinking: /home/toby/ThirdYearProject/ros2TurtleBot3_ws/install/turtlebot3_msgs/share/turtlebot3_msgs/msg/SensorState.msg
-- Symlinking: /home/toby/ThirdYearProject/ros2TurtleBot3_ws/install/turtlebot3_msgs/share/turtlebot3_msgs/msg/Sound.msg
-- Symlinking: /home/toby/ThirdYearProject/ros2TurtleBot3_ws/install/turtlebot3_msgs/share/turtlebot3_msgs/msg/VersionInfo.msg
-- Symlinking: /home/toby/ThirdYearProject/ros2TurtleBot3_ws/install/turtlebot3_msgs/share/turtlebot3_msgs/srv/Sound.srv
-- Symlinking: /home/toby/ThirdYearProject/ros2TurtleBot3_ws/install/turtlebot3_msgs/share/turtlebot3_msgs/srv/Sound_Request.msg
-- Symlinking: /home/toby/ThirdYearProject/ros2TurtleBot3_ws/install/turtlebot3_msgs/share/turtlebot3_msgs/srv/Sound_Response.msg
-- Symlinking: /home/toby/ThirdYearProject/ros2TurtleBot3_ws/install/turtlebot3_msgs/share/turtlebot3_msgs/action/Patrol.action
-- Symlinking: /home/toby/ThirdYearProject/ros2TurtleBot3_ws/install/turtlebot3_msgs/share/ament_index/resource_index/package_run_dependencies/turtlebot3_msgs
-- Symlinking: /home/toby/ThirdYearProject/ros2TurtleBot3_ws/install/turtlebot3_msgs/share/ament_index/resource_index/parent_prefix_path/turtlebot3_msgs
-- Symlinking: /home/toby/ThirdYearProject/ros2TurtleBot3_ws/install/turtlebot3_msgs/share/turtlebot3_msgs/environment/ament_prefix_path.sh
-- Symlinking: /home/toby/ThirdYearProject/ros2TurtleBot3_ws/install/turtlebot3_msgs/share/turtlebot3_msgs/environment/path.sh
-- Symlinking: /home/toby/ThirdYearProject/ros2TurtleBot3_ws/install/turtlebot3_msgs/share/turtlebot3_msgs/local_setup.bash
-- Symlinking: /home/toby/ThirdYearProject/ros2TurtleBot3_ws/install/turtlebot3_msgs/share/turtlebot3_msgs/local_setup.sh
-- Symlinking: /home/toby/ThirdYearProject/ros2TurtleBot3_ws/install/turtlebot3_msgs/share/turtlebot3_msgs/local_setup.zsh
-- Symlinking: /home/toby/ThirdYearProject/ros2TurtleBot3_ws/install/turtlebot3_msgs/share/ament_index/resource_index/packages/turtlebot3_msgs
-- Symlinking: /home/toby/ThirdYearProject/ros2TurtleBot3_ws/install/turtlebot3_msgs/share/turtlebot3_msgs/cmake/rosidl_cmake-extras.cmake
-- Symlinking: /home/toby/ThirdYearProject/ros2TurtleBot3_ws/install/turtlebot3_msgs/share/turtlebot3_msgs/cmake/ament_cmake_export_dependencies-extras.cmake
-- Symlinking: /home/toby/ThirdYearProject/ros2TurtleBot3_ws/install/turtlebot3_msgs/share/turtlebot3_msgs/cmake/ament_cmake_export_include_directories-extras.cmake
-- Symlinking: /home/toby/ThirdYearProject/ros2TurtleBot3_ws/install/turtlebot3_msgs/share/turtlebot3_msgs/cmake/ament_cmake_export_libraries-extras.cmake
-- Symlinking: /home/toby/ThirdYearProject/ros2TurtleBot3_ws/install/turtlebot3_msgs/share/turtlebot3_msgs/cmake/turtlebot3_msgsConfig.cmake
-- Symlinking: /home/toby/ThirdYearProject/ros2TurtleBot3_ws/install/turtlebot3_msgs/share/turtlebot3_msgs/cmake/turtlebot3_msgsConfig-version.cmake
-- Symlinking: /home/toby/ThirdYearProject/ros2TurtleBot3_ws/install/turtlebot3_msgs/share/turtlebot3_msgs/package.xml
Compiling '/home/toby/ThirdYearProject/ros2TurtleBot3_ws/install/turtlebot3_msgs/lib/python3.6/site-packages/turtlebot3_msgs/__init__.py'...
Invoked command in '/home/toby/ThirdYearProject/ros2TurtleBot3_ws/build/turtlebot3_msgs' returned '0': CMAKE_PREFIX_PATH=${CMAKE_PREFIX_PATH}:/home/toby/turtlebot3_ws/install/turtlebot3_teleop:/opt/ros/dashing /usr/bin/cmake --build /home/toby/ThirdYearProject/ros2TurtleBot3_ws/build/turtlebot3_msgs --target install -- -j4 -l4
