Invoking command in '/home/toby/ros2OnLaptop_ws/build/videoRead': CMAKE_PREFIX_PATH=/opt/ros/dashing /usr/bin/cmake /home/toby/ros2OnLaptop_ws/src/videoRead -DAMENT_CMAKE_SYMLINK_INSTALL=1 -DCMAKE_INSTALL_PREFIX=/home/toby/ros2OnLaptop_ws/install/videoRead
-- The C compiler identification is GNU 7.4.0
-- The CXX compiler identification is GNU 7.4.0
-- Check for working C compiler: /usr/bin/cc
-- Check for working C compiler: /usr/bin/cc -- works
-- Detecting C compiler ABI info
-- Detecting C compiler ABI info - done
-- Detecting C compile features
-- Detecting C compile features - done
-- Check for working CXX compiler: /usr/bin/c++
-- Check for working CXX compiler: /usr/bin/c++ -- works
-- Detecting CXX compiler ABI info
-- Detecting CXX compiler ABI info - done
-- Detecting CXX compile features
-- Detecting CXX compile features - done
-- Found ament_cmake: 0.7.3 (/opt/ros/dashing/share/ament_cmake/cmake)
-- Found PythonInterp: /usr/bin/python3 (found suitable version "3.6.9", minimum required is "3") 
-- Using PYTHON_EXECUTABLE: /usr/bin/python3
-- Override CMake install command with custom implementation using symlinks instead of copying resources
-- Found rclcpp: 0.7.11 (/opt/ros/dashing/share/rclcpp/cmake)
-- Found rosidl_adapter: 0.7.7 (/opt/ros/dashing/share/rosidl_adapter/cmake)
-- Found rmw_implementation_cmake: 0.7.2 (/opt/ros/dashing/share/rmw_implementation_cmake/cmake)
-- Looking for pthread.h
-- Looking for pthread.h - found
-- Looking for pthread_create
-- Looking for pthread_create - not found
-- Looking for pthread_create in pthreads
-- Looking for pthread_create in pthreads - not found
-- Looking for pthread_create in pthread
-- Looking for pthread_create in pthread - found
-- Found Threads: TRUE  
-- Found OpenCV: /usr (found version "3.2.0") 
-- Found cv_bridge: 2.1.2 (/opt/ros/dashing/share/cv_bridge/cmake)
-- Found image_transport: 2.1.1 (/opt/ros/dashing/share/image_transport/cmake)
-- Found tinyxml2_vendor:  (/opt/ros/dashing/share/tinyxml2_vendor/cmake)
-- Found TinyXML2: /usr/lib/x86_64-linux-gnu/libtinyxml2.so  
-- Found poco_vendor:  (/opt/ros/dashing/share/poco_vendor/cmake)
-- Found ament_lint_auto: 0.7.11 (/opt/ros/dashing/share/ament_lint_auto/cmake)
WARNING: Package name "videoRead" does not follow the naming conventions. It should start with a lower case letter and only contain lower case letters, digits, underscores, and dashes.
-- Added test 'copyright' to check for copyright in CMake / C / C++ / Python code
-- Added test 'cppcheck' to perform static code analysis on C / C++ code
-- Configured cppcheck include dirs: 
-- Added test 'cpplint' to check C / C++ code against the Google style
-- Added test 'lint_cmake' to check CMake code style
-- Added test 'uncrustify' to check C / C++ code style
-- Added test 'xmllint' to check XML markup files
-- Configuring done
-- Generating done
-- Build files have been written to: /home/toby/ros2OnLaptop_ws/build/videoRead
Invoked command in '/home/toby/ros2OnLaptop_ws/build/videoRead' returned '0': CMAKE_PREFIX_PATH=/opt/ros/dashing /usr/bin/cmake /home/toby/ros2OnLaptop_ws/src/videoRead -DAMENT_CMAKE_SYMLINK_INSTALL=1 -DCMAKE_INSTALL_PREFIX=/home/toby/ros2OnLaptop_ws/install/videoRead
Invoking command in '/home/toby/ros2OnLaptop_ws/build/videoRead': CMAKE_PREFIX_PATH=/opt/ros/dashing /usr/bin/cmake --build /home/toby/ros2OnLaptop_ws/build/videoRead -- -j4 -l4
[35m[1mScanning dependencies of target VideoRead[0m
[ 50%] [32mBuilding CXX object CMakeFiles/VideoRead.dir/src/VideoRead.cpp.o[0m
[01m[K/home/toby/ros2OnLaptop_ws/src/videoRead/src/VideoRead.cpp:6:9:[m[K [01;31m[Kfatal error: [m[Ksensor_msgs/image_encodings.h: No such file or directory
 #include[01;31m[K<sensor_msgs/image_encodings.h>[m[K
         [01;31m[K^~~~~~~~~~~~~~~~~~~~~~~~~~~~~~~[m[K
compilation terminated.
CMakeFiles/VideoRead.dir/build.make:62: recipe for target 'CMakeFiles/VideoRead.dir/src/VideoRead.cpp.o' failed
make[2]: *** [CMakeFiles/VideoRead.dir/src/VideoRead.cpp.o] Error 1
CMakeFiles/Makefile2:67: recipe for target 'CMakeFiles/VideoRead.dir/all' failed
Makefile:140: recipe for target 'all' failed
make[1]: *** [CMakeFiles/VideoRead.dir/all] Error 2
make: *** [all] Error 2
Invoked command in '/home/toby/ros2OnLaptop_ws/build/videoRead' returned '2': CMAKE_PREFIX_PATH=/opt/ros/dashing /usr/bin/cmake --build /home/toby/ros2OnLaptop_ws/build/videoRead -- -j4 -l4
