[35m[1mScanning dependencies of target goToRed[0m
[ 50%] [32mBuilding CXX object CMakeFiles/goToRed.dir/src/goToRed.cpp.o[0m
[01m[K/home/toby/ros2OnLaptop_ws/src/followIssue/src/goToRed.cpp:[m[K In function ‘[01m[Kvoid pointToObject(double, double, double, double)[m[K’:
[01m[K/home/toby/ros2OnLaptop_ws/src/followIssue/src/goToRed.cpp:41:12:[m[K [01;35m[Kwarning: [m[Kunused variable ‘[01m[KrelY[m[K’ [[01;35m[K-Wunused-variable[m[K]
     double [01;35m[KrelY[m[K = y - (imSizeH/2.0);
            [01;35m[K^~~~[m[K
[01m[K/home/toby/ros2OnLaptop_ws/src/followIssue/src/goToRed.cpp:[m[K In function ‘[01m[Kvoid displayImage(const ConstSharedPtr&)[m[K’:
[01m[K/home/toby/ros2OnLaptop_ws/src/followIssue/src/goToRed.cpp:93:16:[m[K [01;35m[Kwarning: [m[Kunused variable ‘[01m[Kradius[m[K’ [[01;35m[K-Wunused-variable[m[K]
         double [01;35m[Kradius[m[K = 0;
                [01;35m[K^~~~~~[m[K
[100%] [32m[1mLinking CXX executable goToRed[0m
[100%] Built target goToRed
[100%] Built target goToRed
[36mInstall the project...[0m
-- Install configuration: ""
-- Execute custom install script
-- Up-to-date symlink: /home/toby/ros2OnLaptop_ws/install/followIssue/share/ament_index/resource_index/package_run_dependencies/followIssue
-- Up-to-date symlink: /home/toby/ros2OnLaptop_ws/install/followIssue/share/ament_index/resource_index/parent_prefix_path/followIssue
-- Up-to-date symlink: /home/toby/ros2OnLaptop_ws/install/followIssue/share/followIssue/environment/ament_prefix_path.sh
-- Up-to-date symlink: /home/toby/ros2OnLaptop_ws/install/followIssue/share/followIssue/environment/path.sh
-- Up-to-date symlink: /home/toby/ros2OnLaptop_ws/install/followIssue/share/followIssue/local_setup.bash
-- Up-to-date symlink: /home/toby/ros2OnLaptop_ws/install/followIssue/share/followIssue/local_setup.sh
-- Up-to-date symlink: /home/toby/ros2OnLaptop_ws/install/followIssue/share/followIssue/local_setup.zsh
-- Up-to-date symlink: /home/toby/ros2OnLaptop_ws/install/followIssue/share/ament_index/resource_index/packages/followIssue
-- Up-to-date symlink: /home/toby/ros2OnLaptop_ws/install/followIssue/share/followIssue/cmake/followIssueConfig.cmake
-- Up-to-date symlink: /home/toby/ros2OnLaptop_ws/install/followIssue/share/followIssue/cmake/followIssueConfig-version.cmake
-- Up-to-date symlink: /home/toby/ros2OnLaptop_ws/install/followIssue/share/followIssue/package.xml
-- Installing: /home/toby/ros2OnLaptop_ws/install/followIssue/lib/followIssue/goToRed
-- Set runtime path of "/home/toby/ros2OnLaptop_ws/install/followIssue/lib/followIssue/goToRed" to ""
