Invoking command in '/home/toby/ros2OnLaptop_ws/build/turtlebot3_node': AMENT_PREFIX_PATH=/home/toby/ros2OnLaptop_ws/install/turtlebot3_msgs:/home/toby/ros2OnLaptop_ws/install/dynamixel_sdk:${AMENT_PREFIX_PATH} CMAKE_PREFIX_PATH=/home/toby/ThirdYearProject/ros2TurtleBot3_ws/install/turtlebot3_teleop:/home/toby/turtlebot3_ws/install/turtlebot3_teleop:/opt/ros/dashing:/home/toby/ros2OnLaptop_ws/install/turtlebot3_msgs:/home/toby/ros2OnLaptop_ws/install/dynamixel_sdk:${CMAKE_PREFIX_PATH} LD_LIBRARY_PATH=/home/toby/ros2OnLaptop_ws/install/turtlebot3_msgs/lib:/home/toby/ros2OnLaptop_ws/install/dynamixel_sdk/lib:${LD_LIBRARY_PATH} PYTHONPATH=/home/toby/ros2OnLaptop_ws/install/turtlebot3_msgs/lib/python3.6/site-packages:${PYTHONPATH} /usr/bin/cmake --build /home/toby/ros2OnLaptop_ws/build/turtlebot3_node -- -j4 -l4
[ 85%] Built target turtlebot3_node_lib
[100%] Built target turtlebot3_ros
Invoked command in '/home/toby/ros2OnLaptop_ws/build/turtlebot3_node' returned '0': AMENT_PREFIX_PATH=/home/toby/ros2OnLaptop_ws/install/turtlebot3_msgs:/home/toby/ros2OnLaptop_ws/install/dynamixel_sdk:${AMENT_PREFIX_PATH} CMAKE_PREFIX_PATH=/home/toby/ThirdYearProject/ros2TurtleBot3_ws/install/turtlebot3_teleop:/home/toby/turtlebot3_ws/install/turtlebot3_teleop:/opt/ros/dashing:/home/toby/ros2OnLaptop_ws/install/turtlebot3_msgs:/home/toby/ros2OnLaptop_ws/install/dynamixel_sdk:${CMAKE_PREFIX_PATH} LD_LIBRARY_PATH=/home/toby/ros2OnLaptop_ws/install/turtlebot3_msgs/lib:/home/toby/ros2OnLaptop_ws/install/dynamixel_sdk/lib:${LD_LIBRARY_PATH} PYTHONPATH=/home/toby/ros2OnLaptop_ws/install/turtlebot3_msgs/lib/python3.6/site-packages:${PYTHONPATH} /usr/bin/cmake --build /home/toby/ros2OnLaptop_ws/build/turtlebot3_node -- -j4 -l4
Invoking command in '/home/toby/ros2OnLaptop_ws/build/turtlebot3_node': AMENT_PREFIX_PATH=/home/toby/ros2OnLaptop_ws/install/turtlebot3_msgs:/home/toby/ros2OnLaptop_ws/install/dynamixel_sdk:${AMENT_PREFIX_PATH} CMAKE_PREFIX_PATH=/home/toby/ThirdYearProject/ros2TurtleBot3_ws/install/turtlebot3_teleop:/home/toby/turtlebot3_ws/install/turtlebot3_teleop:/opt/ros/dashing:/home/toby/ros2OnLaptop_ws/install/turtlebot3_msgs:/home/toby/ros2OnLaptop_ws/install/dynamixel_sdk:${CMAKE_PREFIX_PATH} LD_LIBRARY_PATH=/home/toby/ros2OnLaptop_ws/install/turtlebot3_msgs/lib:/home/toby/ros2OnLaptop_ws/install/dynamixel_sdk/lib:${LD_LIBRARY_PATH} PYTHONPATH=/home/toby/ros2OnLaptop_ws/install/turtlebot3_msgs/lib/python3.6/site-packages:${PYTHONPATH} /usr/bin/cmake --build /home/toby/ros2OnLaptop_ws/build/turtlebot3_node --target install -- -j4 -l4
[ 85%] Built target turtlebot3_node_lib
[100%] Built target turtlebot3_ros
[36mInstall the project...[0m
-- Install configuration: ""
-- Execute custom install script
-- Up-to-date symlink: /home/toby/ros2OnLaptop_ws/install/turtlebot3_node/share/turtlebot3_node/param/burger.yaml
-- Up-to-date symlink: /home/toby/ros2OnLaptop_ws/install/turtlebot3_node/share/turtlebot3_node/param/waffle.yaml
-- Up-to-date symlink: /home/toby/ros2OnLaptop_ws/install/turtlebot3_node/share/turtlebot3_node/param/waffle_pi.yaml
-- Up-to-date symlink: /home/toby/ros2OnLaptop_ws/install/turtlebot3_node/lib/turtlebot3_node/turtlebot3_ros
-- Up-to-date symlink: /home/toby/ros2OnLaptop_ws/install/turtlebot3_node/share/ament_index/resource_index/package_run_dependencies/turtlebot3_node
-- Up-to-date symlink: /home/toby/ros2OnLaptop_ws/install/turtlebot3_node/share/ament_index/resource_index/parent_prefix_path/turtlebot3_node
-- Up-to-date symlink: /home/toby/ros2OnLaptop_ws/install/turtlebot3_node/share/turtlebot3_node/environment/ament_prefix_path.sh
-- Up-to-date symlink: /home/toby/ros2OnLaptop_ws/install/turtlebot3_node/share/turtlebot3_node/environment/path.sh
-- Up-to-date symlink: /home/toby/ros2OnLaptop_ws/install/turtlebot3_node/share/turtlebot3_node/local_setup.bash
-- Up-to-date symlink: /home/toby/ros2OnLaptop_ws/install/turtlebot3_node/share/turtlebot3_node/local_setup.sh
-- Up-to-date symlink: /home/toby/ros2OnLaptop_ws/install/turtlebot3_node/share/turtlebot3_node/local_setup.zsh
-- Up-to-date symlink: /home/toby/ros2OnLaptop_ws/install/turtlebot3_node/share/ament_index/resource_index/packages/turtlebot3_node
-- Up-to-date symlink: /home/toby/ros2OnLaptop_ws/install/turtlebot3_node/share/turtlebot3_node/cmake/ament_cmake_export_include_directories-extras.cmake
-- Up-to-date symlink: /home/toby/ros2OnLaptop_ws/install/turtlebot3_node/share/turtlebot3_node/cmake/turtlebot3_nodeConfig.cmake
-- Up-to-date symlink: /home/toby/ros2OnLaptop_ws/install/turtlebot3_node/share/turtlebot3_node/cmake/turtlebot3_nodeConfig-version.cmake
-- Up-to-date symlink: /home/toby/ros2OnLaptop_ws/install/turtlebot3_node/share/turtlebot3_node/package.xml
Invoked command in '/home/toby/ros2OnLaptop_ws/build/turtlebot3_node' returned '0': AMENT_PREFIX_PATH=/home/toby/ros2OnLaptop_ws/install/turtlebot3_msgs:/home/toby/ros2OnLaptop_ws/install/dynamixel_sdk:${AMENT_PREFIX_PATH} CMAKE_PREFIX_PATH=/home/toby/ThirdYearProject/ros2TurtleBot3_ws/install/turtlebot3_teleop:/home/toby/turtlebot3_ws/install/turtlebot3_teleop:/opt/ros/dashing:/home/toby/ros2OnLaptop_ws/install/turtlebot3_msgs:/home/toby/ros2OnLaptop_ws/install/dynamixel_sdk:${CMAKE_PREFIX_PATH} LD_LIBRARY_PATH=/home/toby/ros2OnLaptop_ws/install/turtlebot3_msgs/lib:/home/toby/ros2OnLaptop_ws/install/dynamixel_sdk/lib:${LD_LIBRARY_PATH} PYTHONPATH=/home/toby/ros2OnLaptop_ws/install/turtlebot3_msgs/lib/python3.6/site-packages:${PYTHONPATH} /usr/bin/cmake --build /home/toby/ros2OnLaptop_ws/build/turtlebot3_node --target install -- -j4 -l4
