[0.274s] DEBUG:colcon:Command line arguments: ['/usr/bin/colcon', 'build', '--symlink-install', '--packages-select', 'videoRead']
[0.275s] DEBUG:colcon:Parsed command line arguments: Namespace(ament_cmake_args=None, base_paths='.', build_base='build', catkin_cmake_args=None, catkin_skip_building_tests=False, cmake_args=None, cmake_clean_cache=False, cmake_clean_first=False, cmake_force_configure=False, cmake_target=None, cmake_target_skip_unavailable=False, continue_on_error=False, event_handlers=None, executor='parallel', ignore_user_meta=False, install_base='install', log_base=None, log_level=None, main=<bound method BuildVerb.main of <colcon_core.verb.build.BuildVerb object at 0x7f84e22ebeb8>>, merge_install=False, metas='./colcon.meta', packages_above=None, packages_above_depth=None, packages_end=None, packages_ignore=None, packages_ignore_regex=None, packages_select=['videoRead'], packages_select_build_failed=False, packages_select_by_dep=None, packages_select_regex=None, packages_select_test_failures=False, packages_skip=None, packages_skip_build_finished=False, packages_skip_by_dep=None, packages_skip_regex=None, packages_skip_test_passed=False, packages_skip_up_to=None, packages_start=None, packages_up_to=None, parallel_workers=4, paths=None, symlink_install=True, test_result_base=None, verb_extension=<colcon_core.verb.build.BuildVerb object at 0x7f84e22ebeb8>, verb_name='build', verb_parser=<colcon_defaults.argument_parser.defaults.DefaultArgumentsDecorator object at 0x7f84e22f6128>)
[0.338s] Level 1:colcon.colcon_core.package_discovery:discover_packages(colcon_meta) check parameters
[0.339s] Level 1:colcon.colcon_core.package_discovery:discover_packages(recursive) check parameters
[0.339s] Level 1:colcon.colcon_core.package_discovery:discover_packages(ignore) check parameters
[0.339s] Level 1:colcon.colcon_core.package_discovery:discover_packages(path) check parameters
[0.339s] Level 1:colcon.colcon_core.package_discovery:discover_packages(recursive) discover
[0.340s] INFO:colcon.colcon_core.package_discovery:Crawling recursively for packages in '/home/toby/ros2OnLaptop_ws'
[0.340s] Level 1:colcon.colcon_core.package_identification:_identify(/home/toby/ros2OnLaptop_ws) by extensions ['ignore', 'ignore_ament_install']
[0.340s] Level 1:colcon.colcon_core.package_identification:_identify(/home/toby/ros2OnLaptop_ws) by extension 'ignore'
[0.340s] Level 1:colcon.colcon_core.package_identification:_identify(/home/toby/ros2OnLaptop_ws) by extension 'ignore_ament_install'
[0.340s] Level 1:colcon.colcon_core.package_identification:_identify(/home/toby/ros2OnLaptop_ws) by extensions ['colcon_pkg']
[0.340s] Level 1:colcon.colcon_core.package_identification:_identify(/home/toby/ros2OnLaptop_ws) by extension 'colcon_pkg'
[0.340s] Level 1:colcon.colcon_core.package_identification:_identify(/home/toby/ros2OnLaptop_ws) by extensions ['colcon_meta']
[0.340s] Level 1:colcon.colcon_core.package_identification:_identify(/home/toby/ros2OnLaptop_ws) by extension 'colcon_meta'
[0.341s] Level 1:colcon.colcon_core.package_identification:_identify(/home/toby/ros2OnLaptop_ws) by extensions ['ros']
[0.341s] Level 1:colcon.colcon_core.package_identification:_identify(/home/toby/ros2OnLaptop_ws) by extension 'ros'
[0.360s] Level 1:colcon.colcon_core.package_identification:_identify(/home/toby/ros2OnLaptop_ws) by extensions ['cmake', 'python']
[0.360s] Level 1:colcon.colcon_core.package_identification:_identify(/home/toby/ros2OnLaptop_ws) by extension 'cmake'
[0.360s] Level 1:colcon.colcon_core.package_identification:_identify(/home/toby/ros2OnLaptop_ws) by extension 'python'
[0.360s] Level 1:colcon.colcon_core.package_identification:_identify(/home/toby/ros2OnLaptop_ws) by extensions ['python_setup_py']
[0.360s] Level 1:colcon.colcon_core.package_identification:_identify(/home/toby/ros2OnLaptop_ws) by extension 'python_setup_py'
[0.361s] Level 1:colcon.colcon_core.package_identification:_identify(/home/toby/ros2OnLaptop_ws/build) by extensions ['ignore', 'ignore_ament_install']
[0.361s] Level 1:colcon.colcon_core.package_identification:_identify(/home/toby/ros2OnLaptop_ws/build) by extension 'ignore'
[0.361s] Level 1:colcon.colcon_core.package_identification:_identify(/home/toby/ros2OnLaptop_ws/build) ignored
[0.362s] Level 1:colcon.colcon_core.package_identification:_identify(/home/toby/ros2OnLaptop_ws/install) by extensions ['ignore', 'ignore_ament_install']
[0.362s] Level 1:colcon.colcon_core.package_identification:_identify(/home/toby/ros2OnLaptop_ws/install) by extension 'ignore'
[0.362s] Level 1:colcon.colcon_core.package_identification:_identify(/home/toby/ros2OnLaptop_ws/install) ignored
[0.362s] Level 1:colcon.colcon_core.package_identification:_identify(/home/toby/ros2OnLaptop_ws/log) by extensions ['ignore', 'ignore_ament_install']
[0.362s] Level 1:colcon.colcon_core.package_identification:_identify(/home/toby/ros2OnLaptop_ws/log) by extension 'ignore'
[0.363s] Level 1:colcon.colcon_core.package_identification:_identify(/home/toby/ros2OnLaptop_ws/log) ignored
[0.363s] Level 1:colcon.colcon_core.package_identification:_identify(/home/toby/ros2OnLaptop_ws/src) by extensions ['ignore', 'ignore_ament_install']
[0.363s] Level 1:colcon.colcon_core.package_identification:_identify(/home/toby/ros2OnLaptop_ws/src) by extension 'ignore'
[0.363s] Level 1:colcon.colcon_core.package_identification:_identify(/home/toby/ros2OnLaptop_ws/src) by extension 'ignore_ament_install'
[0.363s] Level 1:colcon.colcon_core.package_identification:_identify(/home/toby/ros2OnLaptop_ws/src) by extensions ['colcon_pkg']
[0.363s] Level 1:colcon.colcon_core.package_identification:_identify(/home/toby/ros2OnLaptop_ws/src) by extension 'colcon_pkg'
[0.363s] Level 1:colcon.colcon_core.package_identification:_identify(/home/toby/ros2OnLaptop_ws/src) by extensions ['colcon_meta']
[0.363s] Level 1:colcon.colcon_core.package_identification:_identify(/home/toby/ros2OnLaptop_ws/src) by extension 'colcon_meta'
[0.363s] Level 1:colcon.colcon_core.package_identification:_identify(/home/toby/ros2OnLaptop_ws/src) by extensions ['ros']
[0.364s] Level 1:colcon.colcon_core.package_identification:_identify(/home/toby/ros2OnLaptop_ws/src) by extension 'ros'
[0.364s] Level 1:colcon.colcon_core.package_identification:_identify(/home/toby/ros2OnLaptop_ws/src) by extensions ['cmake', 'python']
[0.364s] Level 1:colcon.colcon_core.package_identification:_identify(/home/toby/ros2OnLaptop_ws/src) by extension 'cmake'
[0.364s] Level 1:colcon.colcon_core.package_identification:_identify(/home/toby/ros2OnLaptop_ws/src) by extension 'python'
[0.364s] Level 1:colcon.colcon_core.package_identification:_identify(/home/toby/ros2OnLaptop_ws/src) by extensions ['python_setup_py']
[0.364s] Level 1:colcon.colcon_core.package_identification:_identify(/home/toby/ros2OnLaptop_ws/src) by extension 'python_setup_py'
[0.364s] Level 1:colcon.colcon_core.package_identification:_identify(/home/toby/ros2OnLaptop_ws/src/DynamixelSDK) by extensions ['ignore', 'ignore_ament_install']
[0.364s] Level 1:colcon.colcon_core.package_identification:_identify(/home/toby/ros2OnLaptop_ws/src/DynamixelSDK) by extension 'ignore'
[0.365s] Level 1:colcon.colcon_core.package_identification:_identify(/home/toby/ros2OnLaptop_ws/src/DynamixelSDK) by extension 'ignore_ament_install'
[0.365s] Level 1:colcon.colcon_core.package_identification:_identify(/home/toby/ros2OnLaptop_ws/src/DynamixelSDK) by extensions ['colcon_pkg']
[0.365s] Level 1:colcon.colcon_core.package_identification:_identify(/home/toby/ros2OnLaptop_ws/src/DynamixelSDK) by extension 'colcon_pkg'
[0.365s] Level 1:colcon.colcon_core.package_identification:_identify(/home/toby/ros2OnLaptop_ws/src/DynamixelSDK) by extensions ['colcon_meta']
[0.365s] Level 1:colcon.colcon_core.package_identification:_identify(/home/toby/ros2OnLaptop_ws/src/DynamixelSDK) by extension 'colcon_meta'
[0.365s] Level 1:colcon.colcon_core.package_identification:_identify(/home/toby/ros2OnLaptop_ws/src/DynamixelSDK) by extensions ['ros']
[0.365s] Level 1:colcon.colcon_core.package_identification:_identify(/home/toby/ros2OnLaptop_ws/src/DynamixelSDK) by extension 'ros'
[0.365s] Level 1:colcon.colcon_core.package_identification:_identify(/home/toby/ros2OnLaptop_ws/src/DynamixelSDK) by extensions ['cmake', 'python']
[0.365s] Level 1:colcon.colcon_core.package_identification:_identify(/home/toby/ros2OnLaptop_ws/src/DynamixelSDK) by extension 'cmake'
[0.365s] Level 1:colcon.colcon_core.package_identification:_identify(/home/toby/ros2OnLaptop_ws/src/DynamixelSDK) by extension 'python'
[0.366s] Level 1:colcon.colcon_core.package_identification:_identify(/home/toby/ros2OnLaptop_ws/src/DynamixelSDK) by extensions ['python_setup_py']
[0.366s] Level 1:colcon.colcon_core.package_identification:_identify(/home/toby/ros2OnLaptop_ws/src/DynamixelSDK) by extension 'python_setup_py'
[0.366s] Level 1:colcon.colcon_core.package_identification:_identify(/home/toby/ros2OnLaptop_ws/src/DynamixelSDK/dynamixel_sdk) by extensions ['ignore', 'ignore_ament_install']
[0.366s] Level 1:colcon.colcon_core.package_identification:_identify(/home/toby/ros2OnLaptop_ws/src/DynamixelSDK/dynamixel_sdk) by extension 'ignore'
[0.366s] Level 1:colcon.colcon_core.package_identification:_identify(/home/toby/ros2OnLaptop_ws/src/DynamixelSDK/dynamixel_sdk) by extension 'ignore_ament_install'
[0.366s] Level 1:colcon.colcon_core.package_identification:_identify(/home/toby/ros2OnLaptop_ws/src/DynamixelSDK/dynamixel_sdk) by extensions ['colcon_pkg']
[0.366s] Level 1:colcon.colcon_core.package_identification:_identify(/home/toby/ros2OnLaptop_ws/src/DynamixelSDK/dynamixel_sdk) by extension 'colcon_pkg'
[0.366s] Level 1:colcon.colcon_core.package_identification:_identify(/home/toby/ros2OnLaptop_ws/src/DynamixelSDK/dynamixel_sdk) by extensions ['colcon_meta']
[0.366s] Level 1:colcon.colcon_core.package_identification:_identify(/home/toby/ros2OnLaptop_ws/src/DynamixelSDK/dynamixel_sdk) by extension 'colcon_meta'
[0.367s] Level 1:colcon.colcon_core.package_identification:_identify(/home/toby/ros2OnLaptop_ws/src/DynamixelSDK/dynamixel_sdk) by extensions ['ros']
[0.367s] Level 1:colcon.colcon_core.package_identification:_identify(/home/toby/ros2OnLaptop_ws/src/DynamixelSDK/dynamixel_sdk) by extension 'ros'
[0.371s] DEBUG:colcon.colcon_core.package_identification:Package '/home/toby/ros2OnLaptop_ws/src/DynamixelSDK/dynamixel_sdk' with type 'ros.ament_cmake' and name 'dynamixel_sdk'
[0.371s] Level 1:colcon.colcon_core.package_identification:_identify(/home/toby/ros2OnLaptop_ws/src/cpp_pubsub) by extensions ['ignore', 'ignore_ament_install']
[0.371s] Level 1:colcon.colcon_core.package_identification:_identify(/home/toby/ros2OnLaptop_ws/src/cpp_pubsub) by extension 'ignore'
[0.371s] Level 1:colcon.colcon_core.package_identification:_identify(/home/toby/ros2OnLaptop_ws/src/cpp_pubsub) by extension 'ignore_ament_install'
[0.371s] Level 1:colcon.colcon_core.package_identification:_identify(/home/toby/ros2OnLaptop_ws/src/cpp_pubsub) by extensions ['colcon_pkg']
[0.372s] Level 1:colcon.colcon_core.package_identification:_identify(/home/toby/ros2OnLaptop_ws/src/cpp_pubsub) by extension 'colcon_pkg'
[0.372s] Level 1:colcon.colcon_core.package_identification:_identify(/home/toby/ros2OnLaptop_ws/src/cpp_pubsub) by extensions ['colcon_meta']
[0.372s] Level 1:colcon.colcon_core.package_identification:_identify(/home/toby/ros2OnLaptop_ws/src/cpp_pubsub) by extension 'colcon_meta'
[0.372s] Level 1:colcon.colcon_core.package_identification:_identify(/home/toby/ros2OnLaptop_ws/src/cpp_pubsub) by extensions ['ros']
[0.372s] Level 1:colcon.colcon_core.package_identification:_identify(/home/toby/ros2OnLaptop_ws/src/cpp_pubsub) by extension 'ros'
[0.373s] DEBUG:colcon.colcon_core.package_identification:Package '/home/toby/ros2OnLaptop_ws/src/cpp_pubsub' with type 'ros.ament_cmake' and name 'cpp_pubsub'
[0.373s] Level 1:colcon.colcon_core.package_identification:_identify(/home/toby/ros2OnLaptop_ws/src/hls_lfcd_lds_driver) by extensions ['ignore', 'ignore_ament_install']
[0.373s] Level 1:colcon.colcon_core.package_identification:_identify(/home/toby/ros2OnLaptop_ws/src/hls_lfcd_lds_driver) by extension 'ignore'
[0.373s] Level 1:colcon.colcon_core.package_identification:_identify(/home/toby/ros2OnLaptop_ws/src/hls_lfcd_lds_driver) by extension 'ignore_ament_install'
[0.373s] Level 1:colcon.colcon_core.package_identification:_identify(/home/toby/ros2OnLaptop_ws/src/hls_lfcd_lds_driver) by extensions ['colcon_pkg']
[0.373s] Level 1:colcon.colcon_core.package_identification:_identify(/home/toby/ros2OnLaptop_ws/src/hls_lfcd_lds_driver) by extension 'colcon_pkg'
[0.374s] Level 1:colcon.colcon_core.package_identification:_identify(/home/toby/ros2OnLaptop_ws/src/hls_lfcd_lds_driver) by extensions ['colcon_meta']
[0.374s] Level 1:colcon.colcon_core.package_identification:_identify(/home/toby/ros2OnLaptop_ws/src/hls_lfcd_lds_driver) by extension 'colcon_meta'
[0.374s] Level 1:colcon.colcon_core.package_identification:_identify(/home/toby/ros2OnLaptop_ws/src/hls_lfcd_lds_driver) by extensions ['ros']
[0.374s] Level 1:colcon.colcon_core.package_identification:_identify(/home/toby/ros2OnLaptop_ws/src/hls_lfcd_lds_driver) by extension 'ros'
[0.375s] DEBUG:colcon.colcon_core.package_identification:Package '/home/toby/ros2OnLaptop_ws/src/hls_lfcd_lds_driver' with type 'ros.ament_cmake' and name 'hls_lfcd_lds_driver'
[0.375s] Level 1:colcon.colcon_core.package_identification:_identify(/home/toby/ros2OnLaptop_ws/src/image_transport_plugins) by extensions ['ignore', 'ignore_ament_install']
[0.376s] Level 1:colcon.colcon_core.package_identification:_identify(/home/toby/ros2OnLaptop_ws/src/image_transport_plugins) by extension 'ignore'
[0.376s] Level 1:colcon.colcon_core.package_identification:_identify(/home/toby/ros2OnLaptop_ws/src/image_transport_plugins) by extension 'ignore_ament_install'
[0.376s] Level 1:colcon.colcon_core.package_identification:_identify(/home/toby/ros2OnLaptop_ws/src/image_transport_plugins) by extensions ['colcon_pkg']
[0.376s] Level 1:colcon.colcon_core.package_identification:_identify(/home/toby/ros2OnLaptop_ws/src/image_transport_plugins) by extension 'colcon_pkg'
[0.376s] Level 1:colcon.colcon_core.package_identification:_identify(/home/toby/ros2OnLaptop_ws/src/image_transport_plugins) by extensions ['colcon_meta']
[0.376s] Level 1:colcon.colcon_core.package_identification:_identify(/home/toby/ros2OnLaptop_ws/src/image_transport_plugins) by extension 'colcon_meta'
[0.376s] Level 1:colcon.colcon_core.package_identification:_identify(/home/toby/ros2OnLaptop_ws/src/image_transport_plugins) by extensions ['ros']
[0.376s] Level 1:colcon.colcon_core.package_identification:_identify(/home/toby/ros2OnLaptop_ws/src/image_transport_plugins) by extension 'ros'
[0.377s] Level 1:colcon.colcon_core.package_identification:_identify(/home/toby/ros2OnLaptop_ws/src/image_transport_plugins) by extensions ['cmake', 'python']
[0.377s] Level 1:colcon.colcon_core.package_identification:_identify(/home/toby/ros2OnLaptop_ws/src/image_transport_plugins) by extension 'cmake'
[0.377s] Level 1:colcon.colcon_core.package_identification:_identify(/home/toby/ros2OnLaptop_ws/src/image_transport_plugins) by extension 'python'
[0.377s] Level 1:colcon.colcon_core.package_identification:_identify(/home/toby/ros2OnLaptop_ws/src/image_transport_plugins) by extensions ['python_setup_py']
[0.377s] Level 1:colcon.colcon_core.package_identification:_identify(/home/toby/ros2OnLaptop_ws/src/image_transport_plugins) by extension 'python_setup_py'
[0.377s] Level 1:colcon.colcon_core.package_identification:_identify(/home/toby/ros2OnLaptop_ws/src/image_transport_plugins/compressed_depth_image_transport) by extensions ['ignore', 'ignore_ament_install']
[0.377s] Level 1:colcon.colcon_core.package_identification:_identify(/home/toby/ros2OnLaptop_ws/src/image_transport_plugins/compressed_depth_image_transport) by extension 'ignore'
[0.377s] Level 1:colcon.colcon_core.package_identification:_identify(/home/toby/ros2OnLaptop_ws/src/image_transport_plugins/compressed_depth_image_transport) by extension 'ignore_ament_install'
[0.378s] Level 1:colcon.colcon_core.package_identification:_identify(/home/toby/ros2OnLaptop_ws/src/image_transport_plugins/compressed_depth_image_transport) by extensions ['colcon_pkg']
[0.378s] Level 1:colcon.colcon_core.package_identification:_identify(/home/toby/ros2OnLaptop_ws/src/image_transport_plugins/compressed_depth_image_transport) by extension 'colcon_pkg'
[0.378s] Level 1:colcon.colcon_core.package_identification:_identify(/home/toby/ros2OnLaptop_ws/src/image_transport_plugins/compressed_depth_image_transport) by extensions ['colcon_meta']
[0.378s] Level 1:colcon.colcon_core.package_identification:_identify(/home/toby/ros2OnLaptop_ws/src/image_transport_plugins/compressed_depth_image_transport) by extension 'colcon_meta'
[0.378s] Level 1:colcon.colcon_core.package_identification:_identify(/home/toby/ros2OnLaptop_ws/src/image_transport_plugins/compressed_depth_image_transport) by extensions ['ros']
[0.378s] Level 1:colcon.colcon_core.package_identification:_identify(/home/toby/ros2OnLaptop_ws/src/image_transport_plugins/compressed_depth_image_transport) by extension 'ros'
[0.379s] DEBUG:colcon.colcon_core.package_identification:Package '/home/toby/ros2OnLaptop_ws/src/image_transport_plugins/compressed_depth_image_transport' with type 'ros.ament_cmake' and name 'compressed_depth_image_transport'
[0.379s] Level 1:colcon.colcon_core.package_identification:_identify(/home/toby/ros2OnLaptop_ws/src/image_transport_plugins/compressed_image_transport) by extensions ['ignore', 'ignore_ament_install']
[0.380s] Level 1:colcon.colcon_core.package_identification:_identify(/home/toby/ros2OnLaptop_ws/src/image_transport_plugins/compressed_image_transport) by extension 'ignore'
[0.380s] Level 1:colcon.colcon_core.package_identification:_identify(/home/toby/ros2OnLaptop_ws/src/image_transport_plugins/compressed_image_transport) by extension 'ignore_ament_install'
[0.380s] Level 1:colcon.colcon_core.package_identification:_identify(/home/toby/ros2OnLaptop_ws/src/image_transport_plugins/compressed_image_transport) by extensions ['colcon_pkg']
[0.380s] Level 1:colcon.colcon_core.package_identification:_identify(/home/toby/ros2OnLaptop_ws/src/image_transport_plugins/compressed_image_transport) by extension 'colcon_pkg'
[0.380s] Level 1:colcon.colcon_core.package_identification:_identify(/home/toby/ros2OnLaptop_ws/src/image_transport_plugins/compressed_image_transport) by extensions ['colcon_meta']
[0.380s] Level 1:colcon.colcon_core.package_identification:_identify(/home/toby/ros2OnLaptop_ws/src/image_transport_plugins/compressed_image_transport) by extension 'colcon_meta'
[0.380s] Level 1:colcon.colcon_core.package_identification:_identify(/home/toby/ros2OnLaptop_ws/src/image_transport_plugins/compressed_image_transport) by extensions ['ros']
[0.380s] Level 1:colcon.colcon_core.package_identification:_identify(/home/toby/ros2OnLaptop_ws/src/image_transport_plugins/compressed_image_transport) by extension 'ros'
[0.381s] DEBUG:colcon.colcon_core.package_identification:Package '/home/toby/ros2OnLaptop_ws/src/image_transport_plugins/compressed_image_transport' with type 'ros.ament_cmake' and name 'compressed_image_transport'
[0.382s] Level 1:colcon.colcon_core.package_identification:_identify(/home/toby/ros2OnLaptop_ws/src/image_transport_plugins/image_transport_plugins) by extensions ['ignore', 'ignore_ament_install']
[0.382s] Level 1:colcon.colcon_core.package_identification:_identify(/home/toby/ros2OnLaptop_ws/src/image_transport_plugins/image_transport_plugins) by extension 'ignore'
[0.382s] Level 1:colcon.colcon_core.package_identification:_identify(/home/toby/ros2OnLaptop_ws/src/image_transport_plugins/image_transport_plugins) by extension 'ignore_ament_install'
[0.382s] Level 1:colcon.colcon_core.package_identification:_identify(/home/toby/ros2OnLaptop_ws/src/image_transport_plugins/image_transport_plugins) by extensions ['colcon_pkg']
[0.382s] Level 1:colcon.colcon_core.package_identification:_identify(/home/toby/ros2OnLaptop_ws/src/image_transport_plugins/image_transport_plugins) by extension 'colcon_pkg'
[0.382s] Level 1:colcon.colcon_core.package_identification:_identify(/home/toby/ros2OnLaptop_ws/src/image_transport_plugins/image_transport_plugins) by extensions ['colcon_meta']
[0.382s] Level 1:colcon.colcon_core.package_identification:_identify(/home/toby/ros2OnLaptop_ws/src/image_transport_plugins/image_transport_plugins) by extension 'colcon_meta'
[0.382s] Level 1:colcon.colcon_core.package_identification:_identify(/home/toby/ros2OnLaptop_ws/src/image_transport_plugins/image_transport_plugins) by extensions ['ros']
[0.383s] Level 1:colcon.colcon_core.package_identification:_identify(/home/toby/ros2OnLaptop_ws/src/image_transport_plugins/image_transport_plugins) by extension 'ros'
[0.383s] DEBUG:colcon.colcon_core.package_identification:Package '/home/toby/ros2OnLaptop_ws/src/image_transport_plugins/image_transport_plugins' with type 'ros.ament_cmake' and name 'image_transport_plugins'
[0.384s] Level 1:colcon.colcon_core.package_identification:_identify(/home/toby/ros2OnLaptop_ws/src/image_transport_plugins/theora_image_transport) by extensions ['ignore', 'ignore_ament_install']
[0.384s] Level 1:colcon.colcon_core.package_identification:_identify(/home/toby/ros2OnLaptop_ws/src/image_transport_plugins/theora_image_transport) by extension 'ignore'
[0.384s] Level 1:colcon.colcon_core.package_identification:_identify(/home/toby/ros2OnLaptop_ws/src/image_transport_plugins/theora_image_transport) by extension 'ignore_ament_install'
[0.384s] Level 1:colcon.colcon_core.package_identification:_identify(/home/toby/ros2OnLaptop_ws/src/image_transport_plugins/theora_image_transport) by extensions ['colcon_pkg']
[0.384s] Level 1:colcon.colcon_core.package_identification:_identify(/home/toby/ros2OnLaptop_ws/src/image_transport_plugins/theora_image_transport) by extension 'colcon_pkg'
[0.384s] Level 1:colcon.colcon_core.package_identification:_identify(/home/toby/ros2OnLaptop_ws/src/image_transport_plugins/theora_image_transport) by extensions ['colcon_meta']
[0.384s] Level 1:colcon.colcon_core.package_identification:_identify(/home/toby/ros2OnLaptop_ws/src/image_transport_plugins/theora_image_transport) by extension 'colcon_meta'
[0.384s] Level 1:colcon.colcon_core.package_identification:_identify(/home/toby/ros2OnLaptop_ws/src/image_transport_plugins/theora_image_transport) by extensions ['ros']
[0.385s] Level 1:colcon.colcon_core.package_identification:_identify(/home/toby/ros2OnLaptop_ws/src/image_transport_plugins/theora_image_transport) by extension 'ros'
[0.387s] DEBUG:colcon.colcon_core.package_identification:Package '/home/toby/ros2OnLaptop_ws/src/image_transport_plugins/theora_image_transport' with type 'ros.ament_cmake' and name 'theora_image_transport'
[0.387s] Level 1:colcon.colcon_core.package_identification:_identify(/home/toby/ros2OnLaptop_ws/src/square_move) by extensions ['ignore', 'ignore_ament_install']
[0.387s] Level 1:colcon.colcon_core.package_identification:_identify(/home/toby/ros2OnLaptop_ws/src/square_move) by extension 'ignore'
[0.387s] Level 1:colcon.colcon_core.package_identification:_identify(/home/toby/ros2OnLaptop_ws/src/square_move) by extension 'ignore_ament_install'
[0.387s] Level 1:colcon.colcon_core.package_identification:_identify(/home/toby/ros2OnLaptop_ws/src/square_move) by extensions ['colcon_pkg']
[0.387s] Level 1:colcon.colcon_core.package_identification:_identify(/home/toby/ros2OnLaptop_ws/src/square_move) by extension 'colcon_pkg'
[0.387s] Level 1:colcon.colcon_core.package_identification:_identify(/home/toby/ros2OnLaptop_ws/src/square_move) by extensions ['colcon_meta']
[0.387s] Level 1:colcon.colcon_core.package_identification:_identify(/home/toby/ros2OnLaptop_ws/src/square_move) by extension 'colcon_meta'
[0.388s] Level 1:colcon.colcon_core.package_identification:_identify(/home/toby/ros2OnLaptop_ws/src/square_move) by extensions ['ros']
[0.388s] Level 1:colcon.colcon_core.package_identification:_identify(/home/toby/ros2OnLaptop_ws/src/square_move) by extension 'ros'
[0.388s] DEBUG:colcon.colcon_core.package_identification:Package '/home/toby/ros2OnLaptop_ws/src/square_move' with type 'ros.ament_cmake' and name 'square_move'
[0.389s] Level 1:colcon.colcon_core.package_identification:_identify(/home/toby/ros2OnLaptop_ws/src/turtlebot3) by extensions ['ignore', 'ignore_ament_install']
[0.389s] Level 1:colcon.colcon_core.package_identification:_identify(/home/toby/ros2OnLaptop_ws/src/turtlebot3) by extension 'ignore'
[0.389s] Level 1:colcon.colcon_core.package_identification:_identify(/home/toby/ros2OnLaptop_ws/src/turtlebot3) by extension 'ignore_ament_install'
[0.389s] Level 1:colcon.colcon_core.package_identification:_identify(/home/toby/ros2OnLaptop_ws/src/turtlebot3) by extensions ['colcon_pkg']
[0.389s] Level 1:colcon.colcon_core.package_identification:_identify(/home/toby/ros2OnLaptop_ws/src/turtlebot3) by extension 'colcon_pkg'
[0.389s] Level 1:colcon.colcon_core.package_identification:_identify(/home/toby/ros2OnLaptop_ws/src/turtlebot3) by extensions ['colcon_meta']
[0.389s] Level 1:colcon.colcon_core.package_identification:_identify(/home/toby/ros2OnLaptop_ws/src/turtlebot3) by extension 'colcon_meta'
[0.389s] Level 1:colcon.colcon_core.package_identification:_identify(/home/toby/ros2OnLaptop_ws/src/turtlebot3) by extensions ['ros']
[0.389s] Level 1:colcon.colcon_core.package_identification:_identify(/home/toby/ros2OnLaptop_ws/src/turtlebot3) by extension 'ros'
[0.390s] Level 1:colcon.colcon_core.package_identification:_identify(/home/toby/ros2OnLaptop_ws/src/turtlebot3) by extensions ['cmake', 'python']
[0.390s] Level 1:colcon.colcon_core.package_identification:_identify(/home/toby/ros2OnLaptop_ws/src/turtlebot3) by extension 'cmake'
[0.390s] Level 1:colcon.colcon_core.package_identification:_identify(/home/toby/ros2OnLaptop_ws/src/turtlebot3) by extension 'python'
[0.390s] Level 1:colcon.colcon_core.package_identification:_identify(/home/toby/ros2OnLaptop_ws/src/turtlebot3) by extensions ['python_setup_py']
[0.390s] Level 1:colcon.colcon_core.package_identification:_identify(/home/toby/ros2OnLaptop_ws/src/turtlebot3) by extension 'python_setup_py'
[0.390s] Level 1:colcon.colcon_core.package_identification:_identify(/home/toby/ros2OnLaptop_ws/src/turtlebot3/turtlebot3) by extensions ['ignore', 'ignore_ament_install']
[0.390s] Level 1:colcon.colcon_core.package_identification:_identify(/home/toby/ros2OnLaptop_ws/src/turtlebot3/turtlebot3) by extension 'ignore'
[0.390s] Level 1:colcon.colcon_core.package_identification:_identify(/home/toby/ros2OnLaptop_ws/src/turtlebot3/turtlebot3) by extension 'ignore_ament_install'
[0.391s] Level 1:colcon.colcon_core.package_identification:_identify(/home/toby/ros2OnLaptop_ws/src/turtlebot3/turtlebot3) by extensions ['colcon_pkg']
[0.391s] Level 1:colcon.colcon_core.package_identification:_identify(/home/toby/ros2OnLaptop_ws/src/turtlebot3/turtlebot3) by extension 'colcon_pkg'
[0.391s] Level 1:colcon.colcon_core.package_identification:_identify(/home/toby/ros2OnLaptop_ws/src/turtlebot3/turtlebot3) by extensions ['colcon_meta']
[0.391s] Level 1:colcon.colcon_core.package_identification:_identify(/home/toby/ros2OnLaptop_ws/src/turtlebot3/turtlebot3) by extension 'colcon_meta'
[0.391s] Level 1:colcon.colcon_core.package_identification:_identify(/home/toby/ros2OnLaptop_ws/src/turtlebot3/turtlebot3) by extensions ['ros']
[0.391s] Level 1:colcon.colcon_core.package_identification:_identify(/home/toby/ros2OnLaptop_ws/src/turtlebot3/turtlebot3) by extension 'ros'
[0.392s] DEBUG:colcon.colcon_core.package_identification:Package '/home/toby/ros2OnLaptop_ws/src/turtlebot3/turtlebot3' with type 'ros.ament_cmake' and name 'turtlebot3'
[0.392s] Level 1:colcon.colcon_core.package_identification:_identify(/home/toby/ros2OnLaptop_ws/src/turtlebot3/turtlebot3_bringup) by extensions ['ignore', 'ignore_ament_install']
[0.393s] Level 1:colcon.colcon_core.package_identification:_identify(/home/toby/ros2OnLaptop_ws/src/turtlebot3/turtlebot3_bringup) by extension 'ignore'
[0.393s] Level 1:colcon.colcon_core.package_identification:_identify(/home/toby/ros2OnLaptop_ws/src/turtlebot3/turtlebot3_bringup) by extension 'ignore_ament_install'
[0.393s] Level 1:colcon.colcon_core.package_identification:_identify(/home/toby/ros2OnLaptop_ws/src/turtlebot3/turtlebot3_bringup) by extensions ['colcon_pkg']
[0.393s] Level 1:colcon.colcon_core.package_identification:_identify(/home/toby/ros2OnLaptop_ws/src/turtlebot3/turtlebot3_bringup) by extension 'colcon_pkg'
[0.393s] Level 1:colcon.colcon_core.package_identification:_identify(/home/toby/ros2OnLaptop_ws/src/turtlebot3/turtlebot3_bringup) by extensions ['colcon_meta']
[0.393s] Level 1:colcon.colcon_core.package_identification:_identify(/home/toby/ros2OnLaptop_ws/src/turtlebot3/turtlebot3_bringup) by extension 'colcon_meta'
[0.393s] Level 1:colcon.colcon_core.package_identification:_identify(/home/toby/ros2OnLaptop_ws/src/turtlebot3/turtlebot3_bringup) by extensions ['ros']
[0.393s] Level 1:colcon.colcon_core.package_identification:_identify(/home/toby/ros2OnLaptop_ws/src/turtlebot3/turtlebot3_bringup) by extension 'ros'
[0.394s] DEBUG:colcon.colcon_core.package_identification:Package '/home/toby/ros2OnLaptop_ws/src/turtlebot3/turtlebot3_bringup' with type 'ros.ament_cmake' and name 'turtlebot3_bringup'
[0.395s] Level 1:colcon.colcon_core.package_identification:_identify(/home/toby/ros2OnLaptop_ws/src/turtlebot3/turtlebot3_cartographer) by extensions ['ignore', 'ignore_ament_install']
[0.395s] Level 1:colcon.colcon_core.package_identification:_identify(/home/toby/ros2OnLaptop_ws/src/turtlebot3/turtlebot3_cartographer) by extension 'ignore'
[0.395s] Level 1:colcon.colcon_core.package_identification:_identify(/home/toby/ros2OnLaptop_ws/src/turtlebot3/turtlebot3_cartographer) by extension 'ignore_ament_install'
[0.395s] Level 1:colcon.colcon_core.package_identification:_identify(/home/toby/ros2OnLaptop_ws/src/turtlebot3/turtlebot3_cartographer) by extensions ['colcon_pkg']
[0.395s] Level 1:colcon.colcon_core.package_identification:_identify(/home/toby/ros2OnLaptop_ws/src/turtlebot3/turtlebot3_cartographer) by extension 'colcon_pkg'
[0.395s] Level 1:colcon.colcon_core.package_identification:_identify(/home/toby/ros2OnLaptop_ws/src/turtlebot3/turtlebot3_cartographer) by extensions ['colcon_meta']
[0.395s] Level 1:colcon.colcon_core.package_identification:_identify(/home/toby/ros2OnLaptop_ws/src/turtlebot3/turtlebot3_cartographer) by extension 'colcon_meta'
[0.395s] Level 1:colcon.colcon_core.package_identification:_identify(/home/toby/ros2OnLaptop_ws/src/turtlebot3/turtlebot3_cartographer) by extensions ['ros']
[0.395s] Level 1:colcon.colcon_core.package_identification:_identify(/home/toby/ros2OnLaptop_ws/src/turtlebot3/turtlebot3_cartographer) by extension 'ros'
[0.396s] DEBUG:colcon.colcon_core.package_identification:Package '/home/toby/ros2OnLaptop_ws/src/turtlebot3/turtlebot3_cartographer' with type 'ros.ament_cmake' and name 'turtlebot3_cartographer'
[0.397s] Level 1:colcon.colcon_core.package_identification:_identify(/home/toby/ros2OnLaptop_ws/src/turtlebot3/turtlebot3_description) by extensions ['ignore', 'ignore_ament_install']
[0.397s] Level 1:colcon.colcon_core.package_identification:_identify(/home/toby/ros2OnLaptop_ws/src/turtlebot3/turtlebot3_description) by extension 'ignore'
[0.397s] Level 1:colcon.colcon_core.package_identification:_identify(/home/toby/ros2OnLaptop_ws/src/turtlebot3/turtlebot3_description) by extension 'ignore_ament_install'
[0.397s] Level 1:colcon.colcon_core.package_identification:_identify(/home/toby/ros2OnLaptop_ws/src/turtlebot3/turtlebot3_description) by extensions ['colcon_pkg']
[0.397s] Level 1:colcon.colcon_core.package_identification:_identify(/home/toby/ros2OnLaptop_ws/src/turtlebot3/turtlebot3_description) by extension 'colcon_pkg'
[0.397s] Level 1:colcon.colcon_core.package_identification:_identify(/home/toby/ros2OnLaptop_ws/src/turtlebot3/turtlebot3_description) by extensions ['colcon_meta']
[0.397s] Level 1:colcon.colcon_core.package_identification:_identify(/home/toby/ros2OnLaptop_ws/src/turtlebot3/turtlebot3_description) by extension 'colcon_meta'
[0.397s] Level 1:colcon.colcon_core.package_identification:_identify(/home/toby/ros2OnLaptop_ws/src/turtlebot3/turtlebot3_description) by extensions ['ros']
[0.397s] Level 1:colcon.colcon_core.package_identification:_identify(/home/toby/ros2OnLaptop_ws/src/turtlebot3/turtlebot3_description) by extension 'ros'
[0.399s] DEBUG:colcon.colcon_core.package_identification:Package '/home/toby/ros2OnLaptop_ws/src/turtlebot3/turtlebot3_description' with type 'ros.ament_cmake' and name 'turtlebot3_description'
[0.399s] Level 1:colcon.colcon_core.package_identification:_identify(/home/toby/ros2OnLaptop_ws/src/turtlebot3/turtlebot3_navigation2) by extensions ['ignore', 'ignore_ament_install']
[0.399s] Level 1:colcon.colcon_core.package_identification:_identify(/home/toby/ros2OnLaptop_ws/src/turtlebot3/turtlebot3_navigation2) by extension 'ignore'
[0.399s] Level 1:colcon.colcon_core.package_identification:_identify(/home/toby/ros2OnLaptop_ws/src/turtlebot3/turtlebot3_navigation2) by extension 'ignore_ament_install'
[0.399s] Level 1:colcon.colcon_core.package_identification:_identify(/home/toby/ros2OnLaptop_ws/src/turtlebot3/turtlebot3_navigation2) by extensions ['colcon_pkg']
[0.399s] Level 1:colcon.colcon_core.package_identification:_identify(/home/toby/ros2OnLaptop_ws/src/turtlebot3/turtlebot3_navigation2) by extension 'colcon_pkg'
[0.399s] Level 1:colcon.colcon_core.package_identification:_identify(/home/toby/ros2OnLaptop_ws/src/turtlebot3/turtlebot3_navigation2) by extensions ['colcon_meta']
[0.399s] Level 1:colcon.colcon_core.package_identification:_identify(/home/toby/ros2OnLaptop_ws/src/turtlebot3/turtlebot3_navigation2) by extension 'colcon_meta'
[0.400s] Level 1:colcon.colcon_core.package_identification:_identify(/home/toby/ros2OnLaptop_ws/src/turtlebot3/turtlebot3_navigation2) by extensions ['ros']
[0.400s] Level 1:colcon.colcon_core.package_identification:_identify(/home/toby/ros2OnLaptop_ws/src/turtlebot3/turtlebot3_navigation2) by extension 'ros'
[0.401s] DEBUG:colcon.colcon_core.package_identification:Package '/home/toby/ros2OnLaptop_ws/src/turtlebot3/turtlebot3_navigation2' with type 'ros.ament_cmake' and name 'turtlebot3_navigation2'
[0.401s] Level 1:colcon.colcon_core.package_identification:_identify(/home/toby/ros2OnLaptop_ws/src/turtlebot3/turtlebot3_node) by extensions ['ignore', 'ignore_ament_install']
[0.401s] Level 1:colcon.colcon_core.package_identification:_identify(/home/toby/ros2OnLaptop_ws/src/turtlebot3/turtlebot3_node) by extension 'ignore'
[0.401s] Level 1:colcon.colcon_core.package_identification:_identify(/home/toby/ros2OnLaptop_ws/src/turtlebot3/turtlebot3_node) by extension 'ignore_ament_install'
[0.401s] Level 1:colcon.colcon_core.package_identification:_identify(/home/toby/ros2OnLaptop_ws/src/turtlebot3/turtlebot3_node) by extensions ['colcon_pkg']
[0.401s] Level 1:colcon.colcon_core.package_identification:_identify(/home/toby/ros2OnLaptop_ws/src/turtlebot3/turtlebot3_node) by extension 'colcon_pkg'
[0.401s] Level 1:colcon.colcon_core.package_identification:_identify(/home/toby/ros2OnLaptop_ws/src/turtlebot3/turtlebot3_node) by extensions ['colcon_meta']
[0.401s] Level 1:colcon.colcon_core.package_identification:_identify(/home/toby/ros2OnLaptop_ws/src/turtlebot3/turtlebot3_node) by extension 'colcon_meta'
[0.402s] Level 1:colcon.colcon_core.package_identification:_identify(/home/toby/ros2OnLaptop_ws/src/turtlebot3/turtlebot3_node) by extensions ['ros']
[0.402s] Level 1:colcon.colcon_core.package_identification:_identify(/home/toby/ros2OnLaptop_ws/src/turtlebot3/turtlebot3_node) by extension 'ros'
[0.405s] DEBUG:colcon.colcon_core.package_identification:Package '/home/toby/ros2OnLaptop_ws/src/turtlebot3/turtlebot3_node' with type 'ros.ament_cmake' and name 'turtlebot3_node'
[0.405s] Level 1:colcon.colcon_core.package_identification:_identify(/home/toby/ros2OnLaptop_ws/src/turtlebot3/turtlebot3_teleop) by extensions ['ignore', 'ignore_ament_install']
[0.405s] Level 1:colcon.colcon_core.package_identification:_identify(/home/toby/ros2OnLaptop_ws/src/turtlebot3/turtlebot3_teleop) by extension 'ignore'
[0.405s] Level 1:colcon.colcon_core.package_identification:_identify(/home/toby/ros2OnLaptop_ws/src/turtlebot3/turtlebot3_teleop) by extension 'ignore_ament_install'
[0.405s] Level 1:colcon.colcon_core.package_identification:_identify(/home/toby/ros2OnLaptop_ws/src/turtlebot3/turtlebot3_teleop) by extensions ['colcon_pkg']
[0.405s] Level 1:colcon.colcon_core.package_identification:_identify(/home/toby/ros2OnLaptop_ws/src/turtlebot3/turtlebot3_teleop) by extension 'colcon_pkg'
[0.405s] Level 1:colcon.colcon_core.package_identification:_identify(/home/toby/ros2OnLaptop_ws/src/turtlebot3/turtlebot3_teleop) by extensions ['colcon_meta']
[0.406s] Level 1:colcon.colcon_core.package_identification:_identify(/home/toby/ros2OnLaptop_ws/src/turtlebot3/turtlebot3_teleop) by extension 'colcon_meta'
[0.406s] Level 1:colcon.colcon_core.package_identification:_identify(/home/toby/ros2OnLaptop_ws/src/turtlebot3/turtlebot3_teleop) by extensions ['ros']
[0.406s] Level 1:colcon.colcon_core.package_identification:_identify(/home/toby/ros2OnLaptop_ws/src/turtlebot3/turtlebot3_teleop) by extension 'ros'
[0.407s] DEBUG:colcon.colcon_core.package_identification:Package '/home/toby/ros2OnLaptop_ws/src/turtlebot3/turtlebot3_teleop' with type 'ros.ament_python' and name 'turtlebot3_teleop'
[0.407s] Level 1:colcon.colcon_core.package_identification:_identify(/home/toby/ros2OnLaptop_ws/src/turtlebot3_msgs) by extensions ['ignore', 'ignore_ament_install']
[0.407s] Level 1:colcon.colcon_core.package_identification:_identify(/home/toby/ros2OnLaptop_ws/src/turtlebot3_msgs) by extension 'ignore'
[0.407s] Level 1:colcon.colcon_core.package_identification:_identify(/home/toby/ros2OnLaptop_ws/src/turtlebot3_msgs) by extension 'ignore_ament_install'
[0.407s] Level 1:colcon.colcon_core.package_identification:_identify(/home/toby/ros2OnLaptop_ws/src/turtlebot3_msgs) by extensions ['colcon_pkg']
[0.407s] Level 1:colcon.colcon_core.package_identification:_identify(/home/toby/ros2OnLaptop_ws/src/turtlebot3_msgs) by extension 'colcon_pkg'
[0.408s] Level 1:colcon.colcon_core.package_identification:_identify(/home/toby/ros2OnLaptop_ws/src/turtlebot3_msgs) by extensions ['colcon_meta']
[0.408s] Level 1:colcon.colcon_core.package_identification:_identify(/home/toby/ros2OnLaptop_ws/src/turtlebot3_msgs) by extension 'colcon_meta'
[0.408s] Level 1:colcon.colcon_core.package_identification:_identify(/home/toby/ros2OnLaptop_ws/src/turtlebot3_msgs) by extensions ['ros']
[0.408s] Level 1:colcon.colcon_core.package_identification:_identify(/home/toby/ros2OnLaptop_ws/src/turtlebot3_msgs) by extension 'ros'
[0.409s] DEBUG:colcon.colcon_core.package_identification:Package '/home/toby/ros2OnLaptop_ws/src/turtlebot3_msgs' with type 'ros.ament_cmake' and name 'turtlebot3_msgs'
[0.410s] Level 1:colcon.colcon_core.package_identification:_identify(/home/toby/ros2OnLaptop_ws/src/videoRead) by extensions ['ignore', 'ignore_ament_install']
[0.410s] Level 1:colcon.colcon_core.package_identification:_identify(/home/toby/ros2OnLaptop_ws/src/videoRead) by extension 'ignore'
[0.410s] Level 1:colcon.colcon_core.package_identification:_identify(/home/toby/ros2OnLaptop_ws/src/videoRead) by extension 'ignore_ament_install'
[0.410s] Level 1:colcon.colcon_core.package_identification:_identify(/home/toby/ros2OnLaptop_ws/src/videoRead) by extensions ['colcon_pkg']
[0.410s] Level 1:colcon.colcon_core.package_identification:_identify(/home/toby/ros2OnLaptop_ws/src/videoRead) by extension 'colcon_pkg'
[0.410s] Level 1:colcon.colcon_core.package_identification:_identify(/home/toby/ros2OnLaptop_ws/src/videoRead) by extensions ['colcon_meta']
[0.410s] Level 1:colcon.colcon_core.package_identification:_identify(/home/toby/ros2OnLaptop_ws/src/videoRead) by extension 'colcon_meta'
[0.410s] Level 1:colcon.colcon_core.package_identification:_identify(/home/toby/ros2OnLaptop_ws/src/videoRead) by extensions ['ros']
[0.410s] Level 1:colcon.colcon_core.package_identification:_identify(/home/toby/ros2OnLaptop_ws/src/videoRead) by extension 'ros'
[0.411s] DEBUG:colcon.colcon_core.package_identification:Package '/home/toby/ros2OnLaptop_ws/src/videoRead' with type 'ros.ament_cmake' and name 'videoRead'
[0.412s] Level 1:colcon.colcon_core.package_identification:_identify(/home/toby/ros2OnLaptop_ws/src/vision_opencv) by extensions ['ignore', 'ignore_ament_install']
[0.412s] Level 1:colcon.colcon_core.package_identification:_identify(/home/toby/ros2OnLaptop_ws/src/vision_opencv) by extension 'ignore'
[0.412s] Level 1:colcon.colcon_core.package_identification:_identify(/home/toby/ros2OnLaptop_ws/src/vision_opencv) by extension 'ignore_ament_install'
[0.412s] Level 1:colcon.colcon_core.package_identification:_identify(/home/toby/ros2OnLaptop_ws/src/vision_opencv) by extensions ['colcon_pkg']
[0.412s] Level 1:colcon.colcon_core.package_identification:_identify(/home/toby/ros2OnLaptop_ws/src/vision_opencv) by extension 'colcon_pkg'
[0.412s] Level 1:colcon.colcon_core.package_identification:_identify(/home/toby/ros2OnLaptop_ws/src/vision_opencv) by extensions ['colcon_meta']
[0.412s] Level 1:colcon.colcon_core.package_identification:_identify(/home/toby/ros2OnLaptop_ws/src/vision_opencv) by extension 'colcon_meta'
[0.412s] Level 1:colcon.colcon_core.package_identification:_identify(/home/toby/ros2OnLaptop_ws/src/vision_opencv) by extensions ['ros']
[0.413s] Level 1:colcon.colcon_core.package_identification:_identify(/home/toby/ros2OnLaptop_ws/src/vision_opencv) by extension 'ros'
[0.413s] Level 1:colcon.colcon_core.package_identification:_identify(/home/toby/ros2OnLaptop_ws/src/vision_opencv) by extensions ['cmake', 'python']
[0.413s] Level 1:colcon.colcon_core.package_identification:_identify(/home/toby/ros2OnLaptop_ws/src/vision_opencv) by extension 'cmake'
[0.413s] Level 1:colcon.colcon_core.package_identification:_identify(/home/toby/ros2OnLaptop_ws/src/vision_opencv) by extension 'python'
[0.413s] Level 1:colcon.colcon_core.package_identification:_identify(/home/toby/ros2OnLaptop_ws/src/vision_opencv) by extensions ['python_setup_py']
[0.413s] Level 1:colcon.colcon_core.package_identification:_identify(/home/toby/ros2OnLaptop_ws/src/vision_opencv) by extension 'python_setup_py'
[0.413s] Level 1:colcon.colcon_core.package_identification:_identify(/home/toby/ros2OnLaptop_ws/src/vision_opencv/cv_bridge) by extensions ['ignore', 'ignore_ament_install']
[0.413s] Level 1:colcon.colcon_core.package_identification:_identify(/home/toby/ros2OnLaptop_ws/src/vision_opencv/cv_bridge) by extension 'ignore'
[0.414s] Level 1:colcon.colcon_core.package_identification:_identify(/home/toby/ros2OnLaptop_ws/src/vision_opencv/cv_bridge) by extension 'ignore_ament_install'
[0.414s] Level 1:colcon.colcon_core.package_identification:_identify(/home/toby/ros2OnLaptop_ws/src/vision_opencv/cv_bridge) by extensions ['colcon_pkg']
[0.414s] Level 1:colcon.colcon_core.package_identification:_identify(/home/toby/ros2OnLaptop_ws/src/vision_opencv/cv_bridge) by extension 'colcon_pkg'
[0.414s] Level 1:colcon.colcon_core.package_identification:_identify(/home/toby/ros2OnLaptop_ws/src/vision_opencv/cv_bridge) by extensions ['colcon_meta']
[0.414s] Level 1:colcon.colcon_core.package_identification:_identify(/home/toby/ros2OnLaptop_ws/src/vision_opencv/cv_bridge) by extension 'colcon_meta'
[0.414s] Level 1:colcon.colcon_core.package_identification:_identify(/home/toby/ros2OnLaptop_ws/src/vision_opencv/cv_bridge) by extensions ['ros']
[0.414s] Level 1:colcon.colcon_core.package_identification:_identify(/home/toby/ros2OnLaptop_ws/src/vision_opencv/cv_bridge) by extension 'ros'
[0.416s] DEBUG:colcon.colcon_core.package_identification:Package '/home/toby/ros2OnLaptop_ws/src/vision_opencv/cv_bridge' with type 'ros.ament_cmake' and name 'cv_bridge'
[0.416s] Level 1:colcon.colcon_core.package_identification:_identify(/home/toby/ros2OnLaptop_ws/src/vision_opencv/image_geometry) by extensions ['ignore', 'ignore_ament_install']
[0.416s] Level 1:colcon.colcon_core.package_identification:_identify(/home/toby/ros2OnLaptop_ws/src/vision_opencv/image_geometry) by extension 'ignore'
[0.416s] Level 1:colcon.colcon_core.package_identification:_identify(/home/toby/ros2OnLaptop_ws/src/vision_opencv/image_geometry) by extension 'ignore_ament_install'
[0.416s] Level 1:colcon.colcon_core.package_identification:_identify(/home/toby/ros2OnLaptop_ws/src/vision_opencv/image_geometry) by extensions ['colcon_pkg']
[0.417s] Level 1:colcon.colcon_core.package_identification:_identify(/home/toby/ros2OnLaptop_ws/src/vision_opencv/image_geometry) by extension 'colcon_pkg'
[0.417s] Level 1:colcon.colcon_core.package_identification:_identify(/home/toby/ros2OnLaptop_ws/src/vision_opencv/image_geometry) by extensions ['colcon_meta']
[0.417s] Level 1:colcon.colcon_core.package_identification:_identify(/home/toby/ros2OnLaptop_ws/src/vision_opencv/image_geometry) by extension 'colcon_meta'
[0.417s] Level 1:colcon.colcon_core.package_identification:_identify(/home/toby/ros2OnLaptop_ws/src/vision_opencv/image_geometry) by extensions ['ros']
[0.417s] Level 1:colcon.colcon_core.package_identification:_identify(/home/toby/ros2OnLaptop_ws/src/vision_opencv/image_geometry) by extension 'ros'
[0.418s] DEBUG:colcon.colcon_core.package_identification:Package '/home/toby/ros2OnLaptop_ws/src/vision_opencv/image_geometry' with type 'ros.ament_cmake' and name 'image_geometry'
[0.418s] Level 1:colcon.colcon_core.package_identification:_identify(/home/toby/ros2OnLaptop_ws/src/vision_opencv/opencv_tests) by extensions ['ignore', 'ignore_ament_install']
[0.419s] Level 1:colcon.colcon_core.package_identification:_identify(/home/toby/ros2OnLaptop_ws/src/vision_opencv/opencv_tests) by extension 'ignore'
[0.419s] Level 1:colcon.colcon_core.package_identification:_identify(/home/toby/ros2OnLaptop_ws/src/vision_opencv/opencv_tests) by extension 'ignore_ament_install'
[0.419s] Level 1:colcon.colcon_core.package_identification:_identify(/home/toby/ros2OnLaptop_ws/src/vision_opencv/opencv_tests) by extensions ['colcon_pkg']
[0.419s] Level 1:colcon.colcon_core.package_identification:_identify(/home/toby/ros2OnLaptop_ws/src/vision_opencv/opencv_tests) by extension 'colcon_pkg'
[0.419s] Level 1:colcon.colcon_core.package_identification:_identify(/home/toby/ros2OnLaptop_ws/src/vision_opencv/opencv_tests) by extensions ['colcon_meta']
[0.419s] Level 1:colcon.colcon_core.package_identification:_identify(/home/toby/ros2OnLaptop_ws/src/vision_opencv/opencv_tests) by extension 'colcon_meta'
[0.419s] Level 1:colcon.colcon_core.package_identification:_identify(/home/toby/ros2OnLaptop_ws/src/vision_opencv/opencv_tests) by extensions ['ros']
[0.419s] Level 1:colcon.colcon_core.package_identification:_identify(/home/toby/ros2OnLaptop_ws/src/vision_opencv/opencv_tests) by extension 'ros'
[0.420s] DEBUG:colcon.colcon_core.package_identification:Package '/home/toby/ros2OnLaptop_ws/src/vision_opencv/opencv_tests' with type 'ros.ament_python' and name 'opencv_tests'
[0.421s] Level 1:colcon.colcon_core.package_identification:_identify(/home/toby/ros2OnLaptop_ws/src/vision_opencv/vision_opencv) by extensions ['ignore', 'ignore_ament_install']
[0.421s] Level 1:colcon.colcon_core.package_identification:_identify(/home/toby/ros2OnLaptop_ws/src/vision_opencv/vision_opencv) by extension 'ignore'
[0.421s] Level 1:colcon.colcon_core.package_identification:_identify(/home/toby/ros2OnLaptop_ws/src/vision_opencv/vision_opencv) by extension 'ignore_ament_install'
[0.421s] Level 1:colcon.colcon_core.package_identification:_identify(/home/toby/ros2OnLaptop_ws/src/vision_opencv/vision_opencv) by extensions ['colcon_pkg']
[0.421s] Level 1:colcon.colcon_core.package_identification:_identify(/home/toby/ros2OnLaptop_ws/src/vision_opencv/vision_opencv) by extension 'colcon_pkg'
[0.421s] Level 1:colcon.colcon_core.package_identification:_identify(/home/toby/ros2OnLaptop_ws/src/vision_opencv/vision_opencv) by extensions ['colcon_meta']
[0.421s] Level 1:colcon.colcon_core.package_identification:_identify(/home/toby/ros2OnLaptop_ws/src/vision_opencv/vision_opencv) by extension 'colcon_meta'
[0.421s] Level 1:colcon.colcon_core.package_identification:_identify(/home/toby/ros2OnLaptop_ws/src/vision_opencv/vision_opencv) by extensions ['ros']
[0.421s] Level 1:colcon.colcon_core.package_identification:_identify(/home/toby/ros2OnLaptop_ws/src/vision_opencv/vision_opencv) by extension 'ros'
[0.423s] DEBUG:colcon.colcon_core.package_identification:Package '/home/toby/ros2OnLaptop_ws/src/vision_opencv/vision_opencv' with type 'ros.ament_cmake' and name 'vision_opencv'
[0.423s] Level 1:colcon.colcon_core.package_discovery:discover_packages(recursive) using defaults
[0.428s] Level 1:colcon.colcon_core.package_augmentation.check_dependency_constraint:turtlebot3_node depends on turtlebot3_msgs which has version 2.2.0: constraints {}
[0.428s] Level 1:colcon.colcon_core.package_augmentation.check_dependency_constraint:turtlebot3_node depends on dynamixel_sdk which has version 3.7.20: constraints {}
[0.428s] Level 1:colcon.colcon_core.package_augmentation.check_dependency_constraint:turtlebot3_bringup depends on turtlebot3_description which has version 2.0.1: constraints {}
[0.428s] Level 1:colcon.colcon_core.package_augmentation.check_dependency_constraint:turtlebot3_bringup depends on turtlebot3_node which has version 2.0.1: constraints {}
[0.428s] Level 1:colcon.colcon_core.package_augmentation.check_dependency_constraint:turtlebot3_bringup depends on hls_lfcd_lds_driver which has version 2.0.0: constraints {}
[0.429s] Level 1:colcon.colcon_core.package_augmentation.check_dependency_constraint:opencv_tests depends on cv_bridge which has version 2.1.3: constraints {}
[0.429s] Level 1:colcon.colcon_core.package_augmentation.check_dependency_constraint:theora_image_transport depends on cv_bridge which has version 2.1.3: constraints {}
[0.429s] Level 1:colcon.colcon_core.package_augmentation.check_dependency_constraint:image_transport_plugins depends on compressed_image_transport which has version 2.2.1: constraints {}
[0.429s] Level 1:colcon.colcon_core.package_augmentation.check_dependency_constraint:image_transport_plugins depends on theora_image_transport which has version 2.2.1: constraints {}
[0.429s] Level 1:colcon.colcon_core.package_augmentation.check_dependency_constraint:image_transport_plugins depends on compressed_depth_image_transport which has version 2.2.1: constraints {}
[0.429s] Level 1:colcon.colcon_core.package_augmentation.check_dependency_constraint:compressed_depth_image_transport depends on cv_bridge which has version 2.1.3: constraints {}
[0.429s] Level 1:colcon.colcon_core.package_augmentation.check_dependency_constraint:compressed_image_transport depends on cv_bridge which has version 2.1.3: constraints {}
[0.429s] Level 1:colcon.colcon_core.package_augmentation.check_dependency_constraint:square_move depends on turtlebot3_node which has version 2.0.1: constraints {}
[0.429s] Level 1:colcon.colcon_core.package_augmentation.check_dependency_constraint:turtlebot3 depends on turtlebot3_description which has version 2.0.1: constraints {}
[0.430s] Level 1:colcon.colcon_core.package_augmentation.check_dependency_constraint:turtlebot3 depends on turtlebot3_teleop which has version 2.0.1: constraints {}
[0.430s] Level 1:colcon.colcon_core.package_augmentation.check_dependency_constraint:turtlebot3 depends on turtlebot3_node which has version 2.0.1: constraints {}
[0.430s] Level 1:colcon.colcon_core.package_augmentation.check_dependency_constraint:turtlebot3 depends on turtlebot3_navigation2 which has version 2.0.1: constraints {}
[0.430s] Level 1:colcon.colcon_core.package_augmentation.check_dependency_constraint:turtlebot3 depends on turtlebot3_cartographer which has version 2.0.1: constraints {}
[0.430s] Level 1:colcon.colcon_core.package_augmentation.check_dependency_constraint:turtlebot3 depends on turtlebot3_bringup which has version 2.0.1: constraints {}
[0.430s] Level 1:colcon.colcon_core.package_augmentation.check_dependency_constraint:vision_opencv depends on cv_bridge which has version 2.1.3: constraints {}
[0.430s] Level 1:colcon.colcon_core.package_augmentation.check_dependency_constraint:vision_opencv depends on image_geometry which has version 2.1.3: constraints {}
[0.433s] INFO:colcon.colcon_core.package_selection:Skipping not selected package 'cpp_pubsub' in '/home/toby/ros2OnLaptop_ws/src/cpp_pubsub'
[0.433s] INFO:colcon.colcon_core.package_selection:Skipping not selected package 'cv_bridge' in '/home/toby/ros2OnLaptop_ws/src/vision_opencv/cv_bridge'
[0.433s] INFO:colcon.colcon_core.package_selection:Skipping not selected package 'dynamixel_sdk' in '/home/toby/ros2OnLaptop_ws/src/DynamixelSDK/dynamixel_sdk'
[0.433s] INFO:colcon.colcon_core.package_selection:Skipping not selected package 'hls_lfcd_lds_driver' in '/home/toby/ros2OnLaptop_ws/src/hls_lfcd_lds_driver'
[0.433s] INFO:colcon.colcon_core.package_selection:Skipping not selected package 'image_geometry' in '/home/toby/ros2OnLaptop_ws/src/vision_opencv/image_geometry'
[0.434s] INFO:colcon.colcon_core.package_selection:Skipping not selected package 'turtlebot3_cartographer' in '/home/toby/ros2OnLaptop_ws/src/turtlebot3/turtlebot3_cartographer'
[0.434s] INFO:colcon.colcon_core.package_selection:Skipping not selected package 'turtlebot3_description' in '/home/toby/ros2OnLaptop_ws/src/turtlebot3/turtlebot3_description'
[0.434s] INFO:colcon.colcon_core.package_selection:Skipping not selected package 'turtlebot3_msgs' in '/home/toby/ros2OnLaptop_ws/src/turtlebot3_msgs'
[0.434s] INFO:colcon.colcon_core.package_selection:Skipping not selected package 'turtlebot3_navigation2' in '/home/toby/ros2OnLaptop_ws/src/turtlebot3/turtlebot3_navigation2'
[0.434s] INFO:colcon.colcon_core.package_selection:Skipping not selected package 'turtlebot3_teleop' in '/home/toby/ros2OnLaptop_ws/src/turtlebot3/turtlebot3_teleop'
[0.434s] INFO:colcon.colcon_core.package_selection:Skipping not selected package 'compressed_depth_image_transport' in '/home/toby/ros2OnLaptop_ws/src/image_transport_plugins/compressed_depth_image_transport'
[0.434s] INFO:colcon.colcon_core.package_selection:Skipping not selected package 'compressed_image_transport' in '/home/toby/ros2OnLaptop_ws/src/image_transport_plugins/compressed_image_transport'
[0.434s] INFO:colcon.colcon_core.package_selection:Skipping not selected package 'opencv_tests' in '/home/toby/ros2OnLaptop_ws/src/vision_opencv/opencv_tests'
[0.434s] INFO:colcon.colcon_core.package_selection:Skipping not selected package 'theora_image_transport' in '/home/toby/ros2OnLaptop_ws/src/image_transport_plugins/theora_image_transport'
[0.434s] INFO:colcon.colcon_core.package_selection:Skipping not selected package 'turtlebot3_node' in '/home/toby/ros2OnLaptop_ws/src/turtlebot3/turtlebot3_node'
[0.434s] INFO:colcon.colcon_core.package_selection:Skipping not selected package 'vision_opencv' in '/home/toby/ros2OnLaptop_ws/src/vision_opencv/vision_opencv'
[0.434s] INFO:colcon.colcon_core.package_selection:Skipping not selected package 'image_transport_plugins' in '/home/toby/ros2OnLaptop_ws/src/image_transport_plugins/image_transport_plugins'
[0.434s] INFO:colcon.colcon_core.package_selection:Skipping not selected package 'square_move' in '/home/toby/ros2OnLaptop_ws/src/square_move'
[0.434s] INFO:colcon.colcon_core.package_selection:Skipping not selected package 'turtlebot3_bringup' in '/home/toby/ros2OnLaptop_ws/src/turtlebot3/turtlebot3_bringup'
[0.434s] INFO:colcon.colcon_core.package_selection:Skipping not selected package 'turtlebot3' in '/home/toby/ros2OnLaptop_ws/src/turtlebot3/turtlebot3'
[0.440s] Level 5:colcon.colcon_core.verb:set package 'videoRead' build argument 'cmake_args' from command line to 'None'
[0.441s] Level 5:colcon.colcon_core.verb:set package 'videoRead' build argument 'cmake_target' from command line to 'None'
[0.441s] Level 5:colcon.colcon_core.verb:set package 'videoRead' build argument 'cmake_target_skip_unavailable' from command line to 'False'
[0.441s] Level 5:colcon.colcon_core.verb:set package 'videoRead' build argument 'cmake_clean_cache' from command line to 'False'
[0.441s] Level 5:colcon.colcon_core.verb:set package 'videoRead' build argument 'cmake_clean_first' from command line to 'False'
[0.442s] Level 5:colcon.colcon_core.verb:set package 'videoRead' build argument 'cmake_force_configure' from command line to 'False'
[0.442s] Level 5:colcon.colcon_core.verb:set package 'videoRead' build argument 'ament_cmake_args' from command line to 'None'
[0.442s] Level 5:colcon.colcon_core.verb:set package 'videoRead' build argument 'catkin_cmake_args' from command line to 'None'
[0.442s] Level 5:colcon.colcon_core.verb:set package 'videoRead' build argument 'catkin_skip_building_tests' from command line to 'False'
[0.442s] DEBUG:colcon.colcon_core.verb:Building package 'videoRead' with the following arguments: {'ament_cmake_args': None, 'build_base': '/home/toby/ros2OnLaptop_ws/build/videoRead', 'catkin_cmake_args': None, 'catkin_skip_building_tests': False, 'cmake_args': None, 'cmake_clean_cache': False, 'cmake_clean_first': False, 'cmake_force_configure': False, 'cmake_target': None, 'cmake_target_skip_unavailable': False, 'install_base': '/home/toby/ros2OnLaptop_ws/install/videoRead', 'merge_install': False, 'path': '/home/toby/ros2OnLaptop_ws/src/videoRead', 'symlink_install': True, 'test_result_base': None}
[0.445s] INFO:colcon.colcon_core.executor:Executing jobs using 'parallel' executor
[0.451s] DEBUG:colcon.colcon_parallel_executor.executor.parallel:run_until_complete
[0.452s] INFO:colcon.colcon_ros.task.ament_cmake.build:Building ROS package in '/home/toby/ros2OnLaptop_ws/src/videoRead' with build type 'ament_cmake'
[0.461s] INFO:colcon.colcon_core.plugin_system:Skipping extension 'colcon_core.shell.bat': Not used on non-Windows systems
[0.461s] INFO:colcon.colcon_cmake.task.cmake.build:Building CMake package in '/home/toby/ros2OnLaptop_ws/src/videoRead'
[0.489s] INFO:colcon.colcon_core.shell:Skip shell extension 'powershell' for command environment: Not usable outside of PowerShell
[0.489s] DEBUG:colcon.colcon_core.shell:Skip shell extension 'dsv' for command environment
[0.495s] DEBUG:colcon.colcon_core.shell:Ignoring prefix path '/opt/ros/dashing'
[0.517s] DEBUG:colcon.colcon_core.event_handler.log_command:Invoking command in '/home/toby/ros2OnLaptop_ws/build/videoRead': CMAKE_PREFIX_PATH=/opt/ros/dashing /usr/bin/cmake --build /home/toby/ros2OnLaptop_ws/build/videoRead -- -j4 -l4
[3.723s] DEBUG:colcon.colcon_core.event_handler.log_command:Invoked command in '/home/toby/ros2OnLaptop_ws/build/videoRead' returned '2': CMAKE_PREFIX_PATH=/opt/ros/dashing /usr/bin/cmake --build /home/toby/ros2OnLaptop_ws/build/videoRead -- -j4 -l4
[3.732s] DEBUG:colcon.colcon_parallel_executor.executor.parallel:closing loop
[3.733s] DEBUG:colcon.colcon_parallel_executor.executor.parallel:loop closed
[3.733s] DEBUG:colcon.colcon_parallel_executor.executor.parallel:run_until_complete finished with '2'
[3.733s] DEBUG:colcon.colcon_core.event_reactor:joining thread
[3.753s] INFO:colcon.colcon_core.plugin_system:Skipping extension 'colcon_notification.desktop_notification.terminal_notifier': Not used on non-Darwin systems
[3.753s] INFO:colcon.colcon_core.plugin_system:Skipping extension 'colcon_notification.desktop_notification.win32': Not used on non-Windows systems
[3.753s] INFO:colcon.colcon_notification.desktop_notification:Sending desktop notification using 'notify2'
[3.921s] DEBUG:colcon.colcon_core.event_reactor:joined thread
[3.924s] INFO:colcon.colcon_core.shell:Creating prefix script '/home/toby/ros2OnLaptop_ws/install/local_setup.ps1'
[3.929s] INFO:colcon.colcon_core.shell:Creating prefix util module '/home/toby/ros2OnLaptop_ws/install/_local_setup_util_ps1.py'
[3.933s] INFO:colcon.colcon_core.shell:Creating prefix chain script '/home/toby/ros2OnLaptop_ws/install/setup.ps1'
[3.938s] INFO:colcon.colcon_core.shell:Creating prefix script '/home/toby/ros2OnLaptop_ws/install/local_setup.sh'
[3.939s] INFO:colcon.colcon_core.shell:Creating prefix util module '/home/toby/ros2OnLaptop_ws/install/_local_setup_util_sh.py'
[3.940s] INFO:colcon.colcon_core.shell:Creating prefix chain script '/home/toby/ros2OnLaptop_ws/install/setup.sh'
[3.944s] INFO:colcon.colcon_core.shell:Creating prefix script '/home/toby/ros2OnLaptop_ws/install/local_setup.bash'
[3.945s] INFO:colcon.colcon_core.shell:Creating prefix chain script '/home/toby/ros2OnLaptop_ws/install/setup.bash'
[3.949s] INFO:colcon.colcon_core.shell:Creating prefix script '/home/toby/ros2OnLaptop_ws/install/local_setup.zsh'
[3.950s] INFO:colcon.colcon_core.shell:Creating prefix chain script '/home/toby/ros2OnLaptop_ws/install/setup.zsh'
