Invoking command in '/home/portia/ThirdYearProject/ros2TurtleBot3_ws/build/cpp_pubsub': CMAKE_PREFIX_PATH=${CMAKE_PREFIX_PATH}:/home/portia/turtlebot3_ws/install/turtlebot3_teleop:/opt/ros/dashing /usr/bin/cmake /home/portia/ThirdYearProject/ros2TurtleBot3_ws/src/cpp_pubsub -DAMENT_CMAKE_SYMLINK_INSTALL=1 -DCMAKE_INSTALL_PREFIX=/home/portia/ThirdYearProject/ros2TurtleBot3_ws/install/cpp_pubsub
-- The C compiler identification is GNU 7.4.0
-- The CXX compiler identification is GNU 7.4.0
-- Check for working C compiler: /usr/bin/cc
-- Check for working C compiler: /usr/bin/cc -- works
-- Detecting C compiler ABI info
-- Detecting C compiler ABI info - done
-- Detecting C compile features
-- Detecting C compile features - done
-- Check for working CXX compiler: /usr/bin/c++
-- Check for working CXX compiler: /usr/bin/c++ -- works
-- Detecting CXX compiler ABI info
-- Detecting CXX compiler ABI info - done
-- Detecting CXX compile features
-- Detecting CXX compile features - done
-- Found ament_cmake: 0.7.3 (/opt/ros/dashing/share/ament_cmake/cmake)
-- Found PythonInterp: /usr/bin/python3 (found suitable version "3.6.8", minimum required is "3") 
-- Using PYTHON_EXECUTABLE: /usr/bin/python3
-- Override CMake install command with custom implementation using symlinks instead of copying resources
-- Found rclcpp: 0.7.11 (/opt/ros/dashing/share/rclcpp/cmake)
-- Found rosidl_adapter: 0.7.7 (/opt/ros/dashing/share/rosidl_adapter/cmake)
-- Found rmw_implementation_cmake: 0.7.2 (/opt/ros/dashing/share/rmw_implementation_cmake/cmake)
-- Looking for pthread.h
-- Looking for pthread.h - found
-- Looking for pthread_create
-- Looking for pthread_create - not found
-- Looking for pthread_create in pthreads
-- Looking for pthread_create in pthreads - not found
-- Looking for pthread_create in pthread
-- Looking for pthread_create in pthread - found
-- Found Threads: TRUE  
-- Found std_msgs: 0.7.0 (/opt/ros/dashing/share/std_msgs/cmake)
-- Found ament_lint_auto: 0.7.11 (/opt/ros/dashing/share/ament_lint_auto/cmake)
-- Added test 'copyright' to check for copyright in CMake / C / C++ / Python code
-- Added test 'cppcheck' to perform static code analysis on C / C++ code
-- Configured cppcheck include dirs: 
-- Added test 'cpplint' to check C / C++ code against the Google style
-- Added test 'lint_cmake' to check CMake code style
-- Added test 'uncrustify' to check C / C++ code style
-- Added test 'xmllint' to check XML markup files
-- Configuring done
-- Generating done
-- Build files have been written to: /home/portia/ThirdYearProject/ros2TurtleBot3_ws/build/cpp_pubsub
Invoked command in '/home/portia/ThirdYearProject/ros2TurtleBot3_ws/build/cpp_pubsub' returned '0': CMAKE_PREFIX_PATH=${CMAKE_PREFIX_PATH}:/home/portia/turtlebot3_ws/install/turtlebot3_teleop:/opt/ros/dashing /usr/bin/cmake /home/portia/ThirdYearProject/ros2TurtleBot3_ws/src/cpp_pubsub -DAMENT_CMAKE_SYMLINK_INSTALL=1 -DCMAKE_INSTALL_PREFIX=/home/portia/ThirdYearProject/ros2TurtleBot3_ws/install/cpp_pubsub
Invoking command in '/home/portia/ThirdYearProject/ros2TurtleBot3_ws/build/cpp_pubsub': CMAKE_PREFIX_PATH=${CMAKE_PREFIX_PATH}:/home/portia/turtlebot3_ws/install/turtlebot3_teleop:/opt/ros/dashing /usr/bin/cmake --build /home/portia/ThirdYearProject/ros2TurtleBot3_ws/build/cpp_pubsub -- -j4 -l4
[35m[1mScanning dependencies of target listener[0m
[35m[1mScanning dependencies of target talker[0m
[ 50%] [32mBuilding CXX object CMakeFiles/listener.dir/src/subscriber_member_function.cpp.o[0m
[ 50%] [32mBuilding CXX object CMakeFiles/talker.dir/src/publisher_member_function.cpp.o[0m
[ 75%] [32m[1mLinking CXX executable talker[0m
[100%] [32m[1mLinking CXX executable listener[0m
[100%] Built target talker
[100%] Built target listener
Invoked command in '/home/portia/ThirdYearProject/ros2TurtleBot3_ws/build/cpp_pubsub' returned '0': CMAKE_PREFIX_PATH=${CMAKE_PREFIX_PATH}:/home/portia/turtlebot3_ws/install/turtlebot3_teleop:/opt/ros/dashing /usr/bin/cmake --build /home/portia/ThirdYearProject/ros2TurtleBot3_ws/build/cpp_pubsub -- -j4 -l4
Invoking command in '/home/portia/ThirdYearProject/ros2TurtleBot3_ws/build/cpp_pubsub': CMAKE_PREFIX_PATH=${CMAKE_PREFIX_PATH}:/home/portia/turtlebot3_ws/install/turtlebot3_teleop:/opt/ros/dashing /usr/bin/cmake --build /home/portia/ThirdYearProject/ros2TurtleBot3_ws/build/cpp_pubsub --target install -- -j4 -l4
[100%] Built target listener
[100%] Built target talker
[36mInstall the project...[0m
-- Install configuration: ""
-- Execute custom install script
-- Symlinking: /home/portia/ThirdYearProject/ros2TurtleBot3_ws/install/cpp_pubsub/share/ament_index/resource_index/package_run_dependencies/cpp_pubsub
-- Symlinking: /home/portia/ThirdYearProject/ros2TurtleBot3_ws/install/cpp_pubsub/share/ament_index/resource_index/parent_prefix_path/cpp_pubsub
-- Symlinking: /home/portia/ThirdYearProject/ros2TurtleBot3_ws/install/cpp_pubsub/share/cpp_pubsub/environment/ament_prefix_path.sh
-- Symlinking: /home/portia/ThirdYearProject/ros2TurtleBot3_ws/install/cpp_pubsub/share/cpp_pubsub/environment/path.sh
-- Symlinking: /home/portia/ThirdYearProject/ros2TurtleBot3_ws/install/cpp_pubsub/share/cpp_pubsub/local_setup.bash
-- Symlinking: /home/portia/ThirdYearProject/ros2TurtleBot3_ws/install/cpp_pubsub/share/cpp_pubsub/local_setup.sh
-- Symlinking: /home/portia/ThirdYearProject/ros2TurtleBot3_ws/install/cpp_pubsub/share/cpp_pubsub/local_setup.zsh
-- Symlinking: /home/portia/ThirdYearProject/ros2TurtleBot3_ws/install/cpp_pubsub/share/ament_index/resource_index/packages/cpp_pubsub
-- Symlinking: /home/portia/ThirdYearProject/ros2TurtleBot3_ws/install/cpp_pubsub/share/cpp_pubsub/cmake/cpp_pubsubConfig.cmake
-- Symlinking: /home/portia/ThirdYearProject/ros2TurtleBot3_ws/install/cpp_pubsub/share/cpp_pubsub/cmake/cpp_pubsubConfig-version.cmake
-- Symlinking: /home/portia/ThirdYearProject/ros2TurtleBot3_ws/install/cpp_pubsub/share/cpp_pubsub/package.xml
-- Symlinking: /home/portia/ThirdYearProject/ros2TurtleBot3_ws/install/cpp_pubsub/lib/cpp_pubsub/talker
-- Symlinking: /home/portia/ThirdYearProject/ros2TurtleBot3_ws/install/cpp_pubsub/lib/cpp_pubsub/listener
Invoked command in '/home/portia/ThirdYearProject/ros2TurtleBot3_ws/build/cpp_pubsub' returned '0': CMAKE_PREFIX_PATH=${CMAKE_PREFIX_PATH}:/home/portia/turtlebot3_ws/install/turtlebot3_teleop:/opt/ros/dashing /usr/bin/cmake --build /home/portia/ThirdYearProject/ros2TurtleBot3_ws/build/cpp_pubsub --target install -- -j4 -l4
