Invoking command in '/home/toby/ros2OnLaptop_ws/build/square_move': AMENT_PREFIX_PATH=/home/toby/ros2OnLaptop_ws/install/turtlebot3_node:/home/toby/ros2OnLaptop_ws/install/turtlebot3_msgs:/home/toby/ros2OnLaptop_ws/install/dynamixel_sdk:${AMENT_PREFIX_PATH} CMAKE_PREFIX_PATH=/home/toby/ros2OnLaptop_ws/install/turtlebot3_node:/home/toby/ThirdYearProject/ros2TurtleBot3_ws/install/turtlebot3_teleop:/home/toby/turtlebot3_ws/install/turtlebot3_teleop:/opt/ros/dashing:/home/toby/ros2OnLaptop_ws/install/turtlebot3_msgs:/home/toby/ros2OnLaptop_ws/install/dynamixel_sdk:${CMAKE_PREFIX_PATH} LD_LIBRARY_PATH=/home/toby/ros2OnLaptop_ws/install/turtlebot3_msgs/lib:/home/toby/ros2OnLaptop_ws/install/dynamixel_sdk/lib:${LD_LIBRARY_PATH} PYTHONPATH=/home/toby/ros2OnLaptop_ws/install/turtlebot3_msgs/lib/python3.6/site-packages:${PYTHONPATH} /usr/bin/cmake /home/toby/ros2OnLaptop_ws/src/square_move -DAMENT_CMAKE_SYMLINK_INSTALL=1 -DCMAKE_INSTALL_PREFIX=/home/toby/ros2OnLaptop_ws/install/square_move
-- The C compiler identification is GNU 7.4.0
-- The CXX compiler identification is GNU 7.4.0
-- Check for working C compiler: /usr/bin/cc
-- Check for working C compiler: /usr/bin/cc -- works
-- Detecting C compiler ABI info
-- Detecting C compiler ABI info - done
-- Detecting C compile features
-- Detecting C compile features - done
-- Check for working CXX compiler: /usr/bin/c++
-- Check for working CXX compiler: /usr/bin/c++ -- works
-- Detecting CXX compiler ABI info
-- Detecting CXX compiler ABI info - done
-- Detecting CXX compile features
-- Detecting CXX compile features - done
-- Found ament_cmake: 0.7.3 (/opt/ros/dashing/share/ament_cmake/cmake)
-- Found PythonInterp: /usr/bin/python3 (found suitable version "3.6.9", minimum required is "3") 
-- Using PYTHON_EXECUTABLE: /usr/bin/python3
-- Override CMake install command with custom implementation using symlinks instead of copying resources
-- Found rclcpp: 0.7.11 (/opt/ros/dashing/share/rclcpp/cmake)
-- Found rosidl_adapter: 0.7.7 (/opt/ros/dashing/share/rosidl_adapter/cmake)
-- Found rmw_implementation_cmake: 0.7.2 (/opt/ros/dashing/share/rmw_implementation_cmake/cmake)
-- Looking for pthread.h
-- Looking for pthread.h - found
-- Looking for pthread_create
-- Looking for pthread_create - not found
-- Looking for pthread_create in pthreads
-- Looking for pthread_create in pthreads - not found
-- Looking for pthread_create in pthread
-- Looking for pthread_create in pthread - found
-- Found Threads: TRUE  
-- Found std_msgs: 0.7.0 (/opt/ros/dashing/share/std_msgs/cmake)
-- Found geometry_msgs: 0.7.0 (/opt/ros/dashing/share/geometry_msgs/cmake)
-- Found ament_lint_auto: 0.7.11 (/opt/ros/dashing/share/ament_lint_auto/cmake)
-- Added test 'copyright' to check for copyright in CMake / C / C++ / Python code
-- Added test 'cppcheck' to perform static code analysis on C / C++ code
-- Configured cppcheck include dirs: $<BUILD_INTERFACE:/home/toby/ros2OnLaptop_ws/src/square_move/include>
-- Added test 'cpplint' to check C / C++ code against the Google style
-- Added test 'lint_cmake' to check CMake code style
-- Added test 'uncrustify' to check C / C++ code style
-- Added test 'xmllint' to check XML markup files
-- Configuring done
-- Generating done
-- Build files have been written to: /home/toby/ros2OnLaptop_ws/build/square_move
Invoked command in '/home/toby/ros2OnLaptop_ws/build/square_move' returned '0': AMENT_PREFIX_PATH=/home/toby/ros2OnLaptop_ws/install/turtlebot3_node:/home/toby/ros2OnLaptop_ws/install/turtlebot3_msgs:/home/toby/ros2OnLaptop_ws/install/dynamixel_sdk:${AMENT_PREFIX_PATH} CMAKE_PREFIX_PATH=/home/toby/ros2OnLaptop_ws/install/turtlebot3_node:/home/toby/ThirdYearProject/ros2TurtleBot3_ws/install/turtlebot3_teleop:/home/toby/turtlebot3_ws/install/turtlebot3_teleop:/opt/ros/dashing:/home/toby/ros2OnLaptop_ws/install/turtlebot3_msgs:/home/toby/ros2OnLaptop_ws/install/dynamixel_sdk:${CMAKE_PREFIX_PATH} LD_LIBRARY_PATH=/home/toby/ros2OnLaptop_ws/install/turtlebot3_msgs/lib:/home/toby/ros2OnLaptop_ws/install/dynamixel_sdk/lib:${LD_LIBRARY_PATH} PYTHONPATH=/home/toby/ros2OnLaptop_ws/install/turtlebot3_msgs/lib/python3.6/site-packages:${PYTHONPATH} /usr/bin/cmake /home/toby/ros2OnLaptop_ws/src/square_move -DAMENT_CMAKE_SYMLINK_INSTALL=1 -DCMAKE_INSTALL_PREFIX=/home/toby/ros2OnLaptop_ws/install/square_move
Invoking command in '/home/toby/ros2OnLaptop_ws/build/square_move': AMENT_PREFIX_PATH=/home/toby/ros2OnLaptop_ws/install/turtlebot3_node:/home/toby/ros2OnLaptop_ws/install/turtlebot3_msgs:/home/toby/ros2OnLaptop_ws/install/dynamixel_sdk:${AMENT_PREFIX_PATH} CMAKE_PREFIX_PATH=/home/toby/ros2OnLaptop_ws/install/turtlebot3_node:/home/toby/ThirdYearProject/ros2TurtleBot3_ws/install/turtlebot3_teleop:/home/toby/turtlebot3_ws/install/turtlebot3_teleop:/opt/ros/dashing:/home/toby/ros2OnLaptop_ws/install/turtlebot3_msgs:/home/toby/ros2OnLaptop_ws/install/dynamixel_sdk:${CMAKE_PREFIX_PATH} LD_LIBRARY_PATH=/home/toby/ros2OnLaptop_ws/install/turtlebot3_msgs/lib:/home/toby/ros2OnLaptop_ws/install/dynamixel_sdk/lib:${LD_LIBRARY_PATH} PYTHONPATH=/home/toby/ros2OnLaptop_ws/install/turtlebot3_msgs/lib/python3.6/site-packages:${PYTHONPATH} /usr/bin/cmake --build /home/toby/ros2OnLaptop_ws/build/square_move -- -j4 -l4
[35m[1mScanning dependencies of target mover[0m
[ 50%] [32mBuilding CXX object CMakeFiles/mover.dir/src/mover.cpp.o[0m
[100%] [32m[1mLinking CXX executable mover[0m
[100%] Built target mover
Invoked command in '/home/toby/ros2OnLaptop_ws/build/square_move' returned '0': AMENT_PREFIX_PATH=/home/toby/ros2OnLaptop_ws/install/turtlebot3_node:/home/toby/ros2OnLaptop_ws/install/turtlebot3_msgs:/home/toby/ros2OnLaptop_ws/install/dynamixel_sdk:${AMENT_PREFIX_PATH} CMAKE_PREFIX_PATH=/home/toby/ros2OnLaptop_ws/install/turtlebot3_node:/home/toby/ThirdYearProject/ros2TurtleBot3_ws/install/turtlebot3_teleop:/home/toby/turtlebot3_ws/install/turtlebot3_teleop:/opt/ros/dashing:/home/toby/ros2OnLaptop_ws/install/turtlebot3_msgs:/home/toby/ros2OnLaptop_ws/install/dynamixel_sdk:${CMAKE_PREFIX_PATH} LD_LIBRARY_PATH=/home/toby/ros2OnLaptop_ws/install/turtlebot3_msgs/lib:/home/toby/ros2OnLaptop_ws/install/dynamixel_sdk/lib:${LD_LIBRARY_PATH} PYTHONPATH=/home/toby/ros2OnLaptop_ws/install/turtlebot3_msgs/lib/python3.6/site-packages:${PYTHONPATH} /usr/bin/cmake --build /home/toby/ros2OnLaptop_ws/build/square_move -- -j4 -l4
Invoking command in '/home/toby/ros2OnLaptop_ws/build/square_move': AMENT_PREFIX_PATH=/home/toby/ros2OnLaptop_ws/install/turtlebot3_node:/home/toby/ros2OnLaptop_ws/install/turtlebot3_msgs:/home/toby/ros2OnLaptop_ws/install/dynamixel_sdk:${AMENT_PREFIX_PATH} CMAKE_PREFIX_PATH=/home/toby/ros2OnLaptop_ws/install/turtlebot3_node:/home/toby/ThirdYearProject/ros2TurtleBot3_ws/install/turtlebot3_teleop:/home/toby/turtlebot3_ws/install/turtlebot3_teleop:/opt/ros/dashing:/home/toby/ros2OnLaptop_ws/install/turtlebot3_msgs:/home/toby/ros2OnLaptop_ws/install/dynamixel_sdk:${CMAKE_PREFIX_PATH} LD_LIBRARY_PATH=/home/toby/ros2OnLaptop_ws/install/turtlebot3_msgs/lib:/home/toby/ros2OnLaptop_ws/install/dynamixel_sdk/lib:${LD_LIBRARY_PATH} PYTHONPATH=/home/toby/ros2OnLaptop_ws/install/turtlebot3_msgs/lib/python3.6/site-packages:${PYTHONPATH} /usr/bin/cmake --build /home/toby/ros2OnLaptop_ws/build/square_move --target install -- -j4 -l4
[100%] Built target mover
[36mInstall the project...[0m
-- Install configuration: ""
-- Execute custom install script
-- Symlinking: /home/toby/ros2OnLaptop_ws/install/square_move/share/ament_index/resource_index/package_run_dependencies/square_move
-- Symlinking: /home/toby/ros2OnLaptop_ws/install/square_move/share/ament_index/resource_index/parent_prefix_path/square_move
-- Up-to-date symlink: /home/toby/ros2OnLaptop_ws/install/square_move/share/square_move/environment/ament_prefix_path.sh
-- Up-to-date symlink: /home/toby/ros2OnLaptop_ws/install/square_move/share/square_move/environment/path.sh
-- Symlinking: /home/toby/ros2OnLaptop_ws/install/square_move/share/square_move/local_setup.bash
-- Symlinking: /home/toby/ros2OnLaptop_ws/install/square_move/share/square_move/local_setup.sh
-- Symlinking: /home/toby/ros2OnLaptop_ws/install/square_move/share/square_move/local_setup.zsh
-- Symlinking: /home/toby/ros2OnLaptop_ws/install/square_move/share/ament_index/resource_index/packages/square_move
-- Symlinking: /home/toby/ros2OnLaptop_ws/install/square_move/share/square_move/cmake/square_moveConfig.cmake
-- Symlinking: /home/toby/ros2OnLaptop_ws/install/square_move/share/square_move/cmake/square_moveConfig-version.cmake
-- Symlinking: /home/toby/ros2OnLaptop_ws/install/square_move/share/square_move/package.xml
-- Installing: /home/toby/ros2OnLaptop_ws/install/square_move/lib/square_move/mover
-- Set runtime path of "/home/toby/ros2OnLaptop_ws/install/square_move/lib/square_move/mover" to ""
Invoked command in '/home/toby/ros2OnLaptop_ws/build/square_move' returned '0': AMENT_PREFIX_PATH=/home/toby/ros2OnLaptop_ws/install/turtlebot3_node:/home/toby/ros2OnLaptop_ws/install/turtlebot3_msgs:/home/toby/ros2OnLaptop_ws/install/dynamixel_sdk:${AMENT_PREFIX_PATH} CMAKE_PREFIX_PATH=/home/toby/ros2OnLaptop_ws/install/turtlebot3_node:/home/toby/ThirdYearProject/ros2TurtleBot3_ws/install/turtlebot3_teleop:/home/toby/turtlebot3_ws/install/turtlebot3_teleop:/opt/ros/dashing:/home/toby/ros2OnLaptop_ws/install/turtlebot3_msgs:/home/toby/ros2OnLaptop_ws/install/dynamixel_sdk:${CMAKE_PREFIX_PATH} LD_LIBRARY_PATH=/home/toby/ros2OnLaptop_ws/install/turtlebot3_msgs/lib:/home/toby/ros2OnLaptop_ws/install/dynamixel_sdk/lib:${LD_LIBRARY_PATH} PYTHONPATH=/home/toby/ros2OnLaptop_ws/install/turtlebot3_msgs/lib/python3.6/site-packages:${PYTHONPATH} /usr/bin/cmake --build /home/toby/ros2OnLaptop_ws/build/square_move --target install -- -j4 -l4
